[0.117s] Invoking command in '/home/darsh/ros3/ROS2_pick_and_place_UR5/build/ur5_gripper_moveit_config': CMAKE_PREFIX_PATH=/home/darsh/ros3/ROS2_pick_and_place_UR5/install/ur5_gripper_description:/home/darsh/ros3/ROS2_pick_and_place_UR5/install/robotiq_description:/home/darsh/ros3/ROS2_pick_and_place_UR5/install/ur5_gripper_moveit_config:/home/darsh/ros3/ROS2_pick_and_place_UR5/install/pnp_msgs:/home/darsh/ros3/ROS2_pick_and_place_UR5/install/moveit_ur5_msgs:/home/darsh/UR3_ROS2_PICK_AND_PLACE/install/ur_system_tests:/home/darsh/UR3_ROS2_PICK_AND_PLACE/install/ur_interfaces:/home/darsh/UR3_ROS2_PICK_AND_PLACE/install/ur_gazebo:/home/darsh/UR3_ROS2_PICK_AND_PLACE/install/movit_config:/home/darsh/UR3_ROS2_PICK_AND_PLACE/install/moveit_config:/home/darsh/UR3_ROS2_PICK_AND_PLACE/install/ur_description:/home/darsh/UR3_ROS2_PICK_AND_PLACE/install/robotiq_2f_85_gripper_visualization:/opt/ros/jazzy/opt/gz_sim_vendor:/opt/ros/jazzy/opt/gz_sensors_vendor:/opt/ros/jazzy/opt/gz_physics_vendor:/opt/ros/jazzy/opt/sdformat_vendor:/opt/ros/jazzy/opt/gz_gui_vendor:/opt/ros/jazzy/opt/gz_transport_vendor:/opt/ros/jazzy/opt/gz_rendering_vendor:/opt/ros/jazzy/opt/gz_plugin_vendor:/opt/ros/jazzy/opt/gz_fuel_tools_vendor:/opt/ros/jazzy/opt/gz_msgs_vendor:/opt/ros/jazzy/opt/gz_common_vendor:/opt/ros/jazzy/opt/gz_math_vendor:/opt/ros/jazzy/opt/gz_utils_vendor:/opt/ros/jazzy/opt/gz_tools_vendor:/opt/ros/jazzy/opt/gz_ogre_next_vendor:/opt/ros/jazzy/opt/gz_dartsim_vendor:/opt/ros/jazzy/opt/gz_cmake_vendor:/opt/ros/jazzy /usr/bin/cmake /home/darsh/ros3/ROS2_pick_and_place_UR5/ur5_gripper_moveit_config -DCMAKE_INSTALL_PREFIX=/home/darsh/ros3/ROS2_pick_and_place_UR5/install/ur5_gripper_moveit_config
[0.280s] -- The C compiler identification is GNU 13.3.0
[0.867s] -- The CXX compiler identification is GNU 13.3.0
[1.879s] -- Detecting C compiler ABI info
[2.907s] -- Detecting C compiler ABI info - done
[2.952s] -- Check for working C compiler: /usr/bin/cc - skipped
[2.953s] -- Detecting C compile features
[2.955s] -- Detecting C compile features - done
[3.351s] -- Detecting CXX compiler ABI info
[4.479s] -- Detecting CXX compiler ABI info - done
[4.523s] -- Check for working CXX compiler: /usr/bin/c++ - skipped
[4.524s] -- Detecting CXX compile features
[4.526s] -- Detecting CXX compile features - done
[4.544s] -- Found ament_cmake: 2.5.3 (/opt/ros/jazzy/share/ament_cmake/cmake)
[5.207s] -- Found Python3: /usr/bin/python3 (found version "3.12.3") found components: Interpreter 
[5.735s] -- Found robotiq_description: 0.0.0 (/home/darsh/ros3/ROS2_pick_and_place_UR5/install/robotiq_description/share/robotiq_description/cmake)
[5.750s] -- Found urdf: 2.10.0 (/opt/ros/jazzy/share/urdf/cmake)
[6.771s] -- Found TinyXML2 via Config file: /usr/lib/x86_64-linux-gnu/cmake/tinyxml2
[6.840s] -- Found xacro: 2.0.11 (/opt/ros/jazzy/share/xacro/cmake)
[6.843s] -- Found ur5_gripper_description: 0.0.0 (/home/darsh/ros3/ROS2_pick_and_place_UR5/install/ur5_gripper_description/share/ur5_gripper_description/cmake)
[6.858s] -- Found ament_lint_auto: 0.17.1 (/opt/ros/jazzy/share/ament_lint_auto/cmake)
[7.183s] -- Configuring done (7.1s)
[7.188s] -- Generating done (0.0s)
[7.190s] -- Build files have been written to: /home/darsh/ros3/ROS2_pick_and_place_UR5/build/ur5_gripper_moveit_config
[7.199s] Invoked command in '/home/darsh/ros3/ROS2_pick_and_place_UR5/build/ur5_gripper_moveit_config' returned '0': CMAKE_PREFIX_PATH=/home/darsh/ros3/ROS2_pick_and_place_UR5/install/ur5_gripper_description:/home/darsh/ros3/ROS2_pick_and_place_UR5/install/robotiq_description:/home/darsh/ros3/ROS2_pick_and_place_UR5/install/ur5_gripper_moveit_config:/home/darsh/ros3/ROS2_pick_and_place_UR5/install/pnp_msgs:/home/darsh/ros3/ROS2_pick_and_place_UR5/install/moveit_ur5_msgs:/home/darsh/UR3_ROS2_PICK_AND_PLACE/install/ur_system_tests:/home/darsh/UR3_ROS2_PICK_AND_PLACE/install/ur_interfaces:/home/darsh/UR3_ROS2_PICK_AND_PLACE/install/ur_gazebo:/home/darsh/UR3_ROS2_PICK_AND_PLACE/install/movit_config:/home/darsh/UR3_ROS2_PICK_AND_PLACE/install/moveit_config:/home/darsh/UR3_ROS2_PICK_AND_PLACE/install/ur_description:/home/darsh/UR3_ROS2_PICK_AND_PLACE/install/robotiq_2f_85_gripper_visualization:/opt/ros/jazzy/opt/gz_sim_vendor:/opt/ros/jazzy/opt/gz_sensors_vendor:/opt/ros/jazzy/opt/gz_physics_vendor:/opt/ros/jazzy/opt/sdformat_vendor:/opt/ros/jazzy/opt/gz_gui_vendor:/opt/ros/jazzy/opt/gz_transport_vendor:/opt/ros/jazzy/opt/gz_rendering_vendor:/opt/ros/jazzy/opt/gz_plugin_vendor:/opt/ros/jazzy/opt/gz_fuel_tools_vendor:/opt/ros/jazzy/opt/gz_msgs_vendor:/opt/ros/jazzy/opt/gz_common_vendor:/opt/ros/jazzy/opt/gz_math_vendor:/opt/ros/jazzy/opt/gz_utils_vendor:/opt/ros/jazzy/opt/gz_tools_vendor:/opt/ros/jazzy/opt/gz_ogre_next_vendor:/opt/ros/jazzy/opt/gz_dartsim_vendor:/opt/ros/jazzy/opt/gz_cmake_vendor:/opt/ros/jazzy /usr/bin/cmake /home/darsh/ros3/ROS2_pick_and_place_UR5/ur5_gripper_moveit_config -DCMAKE_INSTALL_PREFIX=/home/darsh/ros3/ROS2_pick_and_place_UR5/install/ur5_gripper_moveit_config
[7.200s] Invoking command in '/home/darsh/ros3/ROS2_pick_and_place_UR5/build/ur5_gripper_moveit_config': CMAKE_PREFIX_PATH=/home/darsh/ros3/ROS2_pick_and_place_UR5/install/ur5_gripper_description:/home/darsh/ros3/ROS2_pick_and_place_UR5/install/robotiq_description:/home/darsh/ros3/ROS2_pick_and_place_UR5/install/ur5_gripper_moveit_config:/home/darsh/ros3/ROS2_pick_and_place_UR5/install/pnp_msgs:/home/darsh/ros3/ROS2_pick_and_place_UR5/install/moveit_ur5_msgs:/home/darsh/UR3_ROS2_PICK_AND_PLACE/install/ur_system_tests:/home/darsh/UR3_ROS2_PICK_AND_PLACE/install/ur_interfaces:/home/darsh/UR3_ROS2_PICK_AND_PLACE/install/ur_gazebo:/home/darsh/UR3_ROS2_PICK_AND_PLACE/install/movit_config:/home/darsh/UR3_ROS2_PICK_AND_PLACE/install/moveit_config:/home/darsh/UR3_ROS2_PICK_AND_PLACE/install/ur_description:/home/darsh/UR3_ROS2_PICK_AND_PLACE/install/robotiq_2f_85_gripper_visualization:/opt/ros/jazzy/opt/gz_sim_vendor:/opt/ros/jazzy/opt/gz_sensors_vendor:/opt/ros/jazzy/opt/gz_physics_vendor:/opt/ros/jazzy/opt/sdformat_vendor:/opt/ros/jazzy/opt/gz_gui_vendor:/opt/ros/jazzy/opt/gz_transport_vendor:/opt/ros/jazzy/opt/gz_rendering_vendor:/opt/ros/jazzy/opt/gz_plugin_vendor:/opt/ros/jazzy/opt/gz_fuel_tools_vendor:/opt/ros/jazzy/opt/gz_msgs_vendor:/opt/ros/jazzy/opt/gz_common_vendor:/opt/ros/jazzy/opt/gz_math_vendor:/opt/ros/jazzy/opt/gz_utils_vendor:/opt/ros/jazzy/opt/gz_tools_vendor:/opt/ros/jazzy/opt/gz_ogre_next_vendor:/opt/ros/jazzy/opt/gz_dartsim_vendor:/opt/ros/jazzy/opt/gz_cmake_vendor:/opt/ros/jazzy /usr/bin/cmake --build /home/darsh/ros3/ROS2_pick_and_place_UR5/build/ur5_gripper_moveit_config -- -j16 -l16
[7.244s] Invoked command in '/home/darsh/ros3/ROS2_pick_and_place_UR5/build/ur5_gripper_moveit_config' returned '0': CMAKE_PREFIX_PATH=/home/darsh/ros3/ROS2_pick_and_place_UR5/install/ur5_gripper_description:/home/darsh/ros3/ROS2_pick_and_place_UR5/install/robotiq_description:/home/darsh/ros3/ROS2_pick_and_place_UR5/install/ur5_gripper_moveit_config:/home/darsh/ros3/ROS2_pick_and_place_UR5/install/pnp_msgs:/home/darsh/ros3/ROS2_pick_and_place_UR5/install/moveit_ur5_msgs:/home/darsh/UR3_ROS2_PICK_AND_PLACE/install/ur_system_tests:/home/darsh/UR3_ROS2_PICK_AND_PLACE/install/ur_interfaces:/home/darsh/UR3_ROS2_PICK_AND_PLACE/install/ur_gazebo:/home/darsh/UR3_ROS2_PICK_AND_PLACE/install/movit_config:/home/darsh/UR3_ROS2_PICK_AND_PLACE/install/moveit_config:/home/darsh/UR3_ROS2_PICK_AND_PLACE/install/ur_description:/home/darsh/UR3_ROS2_PICK_AND_PLACE/install/robotiq_2f_85_gripper_visualization:/opt/ros/jazzy/opt/gz_sim_vendor:/opt/ros/jazzy/opt/gz_sensors_vendor:/opt/ros/jazzy/opt/gz_physics_vendor:/opt/ros/jazzy/opt/sdformat_vendor:/opt/ros/jazzy/opt/gz_gui_vendor:/opt/ros/jazzy/opt/gz_transport_vendor:/opt/ros/jazzy/opt/gz_rendering_vendor:/opt/ros/jazzy/opt/gz_plugin_vendor:/opt/ros/jazzy/opt/gz_fuel_tools_vendor:/opt/ros/jazzy/opt/gz_msgs_vendor:/opt/ros/jazzy/opt/gz_common_vendor:/opt/ros/jazzy/opt/gz_math_vendor:/opt/ros/jazzy/opt/gz_utils_vendor:/opt/ros/jazzy/opt/gz_tools_vendor:/opt/ros/jazzy/opt/gz_ogre_next_vendor:/opt/ros/jazzy/opt/gz_dartsim_vendor:/opt/ros/jazzy/opt/gz_cmake_vendor:/opt/ros/jazzy /usr/bin/cmake --build /home/darsh/ros3/ROS2_pick_and_place_UR5/build/ur5_gripper_moveit_config -- -j16 -l16
[7.245s] Invoking command in '/home/darsh/ros3/ROS2_pick_and_place_UR5/build/ur5_gripper_moveit_config': CMAKE_PREFIX_PATH=/home/darsh/ros3/ROS2_pick_and_place_UR5/install/ur5_gripper_description:/home/darsh/ros3/ROS2_pick_and_place_UR5/install/robotiq_description:/home/darsh/ros3/ROS2_pick_and_place_UR5/install/ur5_gripper_moveit_config:/home/darsh/ros3/ROS2_pick_and_place_UR5/install/pnp_msgs:/home/darsh/ros3/ROS2_pick_and_place_UR5/install/moveit_ur5_msgs:/home/darsh/UR3_ROS2_PICK_AND_PLACE/install/ur_system_tests:/home/darsh/UR3_ROS2_PICK_AND_PLACE/install/ur_interfaces:/home/darsh/UR3_ROS2_PICK_AND_PLACE/install/ur_gazebo:/home/darsh/UR3_ROS2_PICK_AND_PLACE/install/movit_config:/home/darsh/UR3_ROS2_PICK_AND_PLACE/install/moveit_config:/home/darsh/UR3_ROS2_PICK_AND_PLACE/install/ur_description:/home/darsh/UR3_ROS2_PICK_AND_PLACE/install/robotiq_2f_85_gripper_visualization:/opt/ros/jazzy/opt/gz_sim_vendor:/opt/ros/jazzy/opt/gz_sensors_vendor:/opt/ros/jazzy/opt/gz_physics_vendor:/opt/ros/jazzy/opt/sdformat_vendor:/opt/ros/jazzy/opt/gz_gui_vendor:/opt/ros/jazzy/opt/gz_transport_vendor:/opt/ros/jazzy/opt/gz_rendering_vendor:/opt/ros/jazzy/opt/gz_plugin_vendor:/opt/ros/jazzy/opt/gz_fuel_tools_vendor:/opt/ros/jazzy/opt/gz_msgs_vendor:/opt/ros/jazzy/opt/gz_common_vendor:/opt/ros/jazzy/opt/gz_math_vendor:/opt/ros/jazzy/opt/gz_utils_vendor:/opt/ros/jazzy/opt/gz_tools_vendor:/opt/ros/jazzy/opt/gz_ogre_next_vendor:/opt/ros/jazzy/opt/gz_dartsim_vendor:/opt/ros/jazzy/opt/gz_cmake_vendor:/opt/ros/jazzy /usr/bin/cmake --install /home/darsh/ros3/ROS2_pick_and_place_UR5/build/ur5_gripper_moveit_config
[7.253s] -- Install configuration: ""
[7.254s] -- Installing: /home/darsh/ros3/ROS2_pick_and_place_UR5/install/ur5_gripper_moveit_config/share/ur5_gripper_moveit_config/config
[7.254s] -- Installing: /home/darsh/ros3/ROS2_pick_and_place_UR5/install/ur5_gripper_moveit_config/share/ur5_gripper_moveit_config/config/kinematics.yaml
[7.255s] -- Installing: /home/darsh/ros3/ROS2_pick_and_place_UR5/install/ur5_gripper_moveit_config/share/ur5_gripper_moveit_config/config/ur_servo.yaml
[7.255s] -- Installing: /home/darsh/ros3/ROS2_pick_and_place_UR5/install/ur5_gripper_moveit_config/share/ur5_gripper_moveit_config/config/controllers.yaml
[7.255s] -- Installing: /home/darsh/ros3/ROS2_pick_and_place_UR5/install/ur5_gripper_moveit_config/share/ur5_gripper_moveit_config/config/ompl_planning.yaml
[7.255s] -- Installing: /home/darsh/ros3/ROS2_pick_and_place_UR5/install/ur5_gripper_moveit_config/share/ur5_gripper_moveit_config/launch
[7.255s] -- Installing: /home/darsh/ros3/ROS2_pick_and_place_UR5/install/ur5_gripper_moveit_config/share/ur5_gripper_moveit_config/launch/ur5_gripper_moveit.launch.py
[7.256s] -- Installing: /home/darsh/ros3/ROS2_pick_and_place_UR5/install/ur5_gripper_moveit_config/share/ur5_gripper_moveit_config/rviz
[7.256s] -- Installing: /home/darsh/ros3/ROS2_pick_and_place_UR5/install/ur5_gripper_moveit_config/share/ur5_gripper_moveit_config/rviz/view_robot.rviz
[7.256s] -- Installing: /home/darsh/ros3/ROS2_pick_and_place_UR5/install/ur5_gripper_moveit_config/share/ur5_gripper_moveit_config/srdf
[7.256s] -- Installing: /home/darsh/ros3/ROS2_pick_and_place_UR5/install/ur5_gripper_moveit_config/share/ur5_gripper_moveit_config/srdf/ur_gripper_macro.srdf.xacro
[7.257s] -- Installing: /home/darsh/ros3/ROS2_pick_and_place_UR5/install/ur5_gripper_moveit_config/share/ur5_gripper_moveit_config/srdf/ur_gripper.srdf.xacro
[7.257s] -- Installing: /home/darsh/ros3/ROS2_pick_and_place_UR5/install/ur5_gripper_moveit_config/share/ament_index/resource_index/package_run_dependencies/ur5_gripper_moveit_config
[7.257s] -- Installing: /home/darsh/ros3/ROS2_pick_and_place_UR5/install/ur5_gripper_moveit_config/share/ament_index/resource_index/parent_prefix_path/ur5_gripper_moveit_config
[7.257s] -- Installing: /home/darsh/ros3/ROS2_pick_and_place_UR5/install/ur5_gripper_moveit_config/share/ur5_gripper_moveit_config/environment/ament_prefix_path.sh
[7.257s] -- Installing: /home/darsh/ros3/ROS2_pick_and_place_UR5/install/ur5_gripper_moveit_config/share/ur5_gripper_moveit_config/environment/ament_prefix_path.dsv
[7.258s] -- Installing: /home/darsh/ros3/ROS2_pick_and_place_UR5/install/ur5_gripper_moveit_config/share/ur5_gripper_moveit_config/environment/path.sh
[7.258s] -- Installing: /home/darsh/ros3/ROS2_pick_and_place_UR5/install/ur5_gripper_moveit_config/share/ur5_gripper_moveit_config/environment/path.dsv
[7.258s] -- Installing: /home/darsh/ros3/ROS2_pick_and_place_UR5/install/ur5_gripper_moveit_config/share/ur5_gripper_moveit_config/local_setup.bash
[7.258s] -- Installing: /home/darsh/ros3/ROS2_pick_and_place_UR5/install/ur5_gripper_moveit_config/share/ur5_gripper_moveit_config/local_setup.sh
[7.258s] -- Installing: /home/darsh/ros3/ROS2_pick_and_place_UR5/install/ur5_gripper_moveit_config/share/ur5_gripper_moveit_config/local_setup.zsh
[7.259s] -- Installing: /home/darsh/ros3/ROS2_pick_and_place_UR5/install/ur5_gripper_moveit_config/share/ur5_gripper_moveit_config/local_setup.dsv
[7.259s] -- Installing: /home/darsh/ros3/ROS2_pick_and_place_UR5/install/ur5_gripper_moveit_config/share/ur5_gripper_moveit_config/package.dsv
[7.259s] -- Installing: /home/darsh/ros3/ROS2_pick_and_place_UR5/install/ur5_gripper_moveit_config/share/ament_index/resource_index/packages/ur5_gripper_moveit_config
[7.259s] -- Installing: /home/darsh/ros3/ROS2_pick_and_place_UR5/install/ur5_gripper_moveit_config/share/ur5_gripper_moveit_config/cmake/ur5_gripper_moveit_configConfig.cmake
[7.260s] -- Installing: /home/darsh/ros3/ROS2_pick_and_place_UR5/install/ur5_gripper_moveit_config/share/ur5_gripper_moveit_config/cmake/ur5_gripper_moveit_configConfig-version.cmake
[7.260s] -- Installing: /home/darsh/ros3/ROS2_pick_and_place_UR5/install/ur5_gripper_moveit_config/share/ur5_gripper_moveit_config/package.xml
[7.261s] Invoked command in '/home/darsh/ros3/ROS2_pick_and_place_UR5/build/ur5_gripper_moveit_config' returned '0': CMAKE_PREFIX_PATH=/home/darsh/ros3/ROS2_pick_and_place_UR5/install/ur5_gripper_description:/home/darsh/ros3/ROS2_pick_and_place_UR5/install/robotiq_description:/home/darsh/ros3/ROS2_pick_and_place_UR5/install/ur5_gripper_moveit_config:/home/darsh/ros3/ROS2_pick_and_place_UR5/install/pnp_msgs:/home/darsh/ros3/ROS2_pick_and_place_UR5/install/moveit_ur5_msgs:/home/darsh/UR3_ROS2_PICK_AND_PLACE/install/ur_system_tests:/home/darsh/UR3_ROS2_PICK_AND_PLACE/install/ur_interfaces:/home/darsh/UR3_ROS2_PICK_AND_PLACE/install/ur_gazebo:/home/darsh/UR3_ROS2_PICK_AND_PLACE/install/movit_config:/home/darsh/UR3_ROS2_PICK_AND_PLACE/install/moveit_config:/home/darsh/UR3_ROS2_PICK_AND_PLACE/install/ur_description:/home/darsh/UR3_ROS2_PICK_AND_PLACE/install/robotiq_2f_85_gripper_visualization:/opt/ros/jazzy/opt/gz_sim_vendor:/opt/ros/jazzy/opt/gz_sensors_vendor:/opt/ros/jazzy/opt/gz_physics_vendor:/opt/ros/jazzy/opt/sdformat_vendor:/opt/ros/jazzy/opt/gz_gui_vendor:/opt/ros/jazzy/opt/gz_transport_vendor:/opt/ros/jazzy/opt/gz_rendering_vendor:/opt/ros/jazzy/opt/gz_plugin_vendor:/opt/ros/jazzy/opt/gz_fuel_tools_vendor:/opt/ros/jazzy/opt/gz_msgs_vendor:/opt/ros/jazzy/opt/gz_common_vendor:/opt/ros/jazzy/opt/gz_math_vendor:/opt/ros/jazzy/opt/gz_utils_vendor:/opt/ros/jazzy/opt/gz_tools_vendor:/opt/ros/jazzy/opt/gz_ogre_next_vendor:/opt/ros/jazzy/opt/gz_dartsim_vendor:/opt/ros/jazzy/opt/gz_cmake_vendor:/opt/ros/jazzy /usr/bin/cmake --install /home/darsh/ros3/ROS2_pick_and_place_UR5/build/ur5_gripper_moveit_config
