[0.014s] Invoking command in '/home/darsh/ros3/ROS2_pick_and_place_UR5/build/robotiq_description': CMAKE_PREFIX_PATH=${CMAKE_PREFIX_PATH}:/opt/ros/jazzy /usr/bin/cmake /home/darsh/ros3/ROS2_pick_and_place_UR5/robotiq_description -DCMAKE_INSTALL_PREFIX=/home/darsh/ros3/ROS2_pick_and_place_UR5/install/robotiq_description
[0.140s] -- The C compiler identification is GNU 13.3.0
[0.750s] -- The CXX compiler identification is GNU 13.3.0
[1.553s] -- Detecting C compiler ABI info
[1.804s] -- Detecting C compiler ABI info - done
[1.816s] -- Check for working C compiler: /usr/bin/cc - skipped
[1.816s] -- Detecting C compile features
[1.817s] -- Detecting C compile features - done
[1.912s] -- Detecting CXX compiler ABI info
[2.287s] -- Detecting CXX compiler ABI info - done
[2.311s] -- Check for working CXX compiler: /usr/bin/c++ - skipped
[2.312s] -- Detecting CXX compile features
[2.313s] -- Detecting CXX compile features - done
[2.321s] -- Found ament_cmake: 2.5.3 (/opt/ros/jazzy/share/ament_cmake/cmake)
[2.557s] -- Found Python3: /usr/bin/python3 (found version "3.12.3") found components: Interpreter 
[2.711s] -- Found ament_lint_auto: 0.17.1 (/opt/ros/jazzy/share/ament_lint_auto/cmake)
[2.850s] -- Added test 'copyright' to check source files copyright and LICENSE
[2.854s] -- Added test 'lint_cmake' to check CMake code style
[2.857s] -- Added test 'xmllint' to check XML markup files
[2.860s] -- Configuring done (2.8s)
[2.866s] -- Generating done (0.0s)
[2.869s] -- Build files have been written to: /home/darsh/ros3/ROS2_pick_and_place_UR5/build/robotiq_description
[2.876s] Invoked command in '/home/darsh/ros3/ROS2_pick_and_place_UR5/build/robotiq_description' returned '0': CMAKE_PREFIX_PATH=${CMAKE_PREFIX_PATH}:/opt/ros/jazzy /usr/bin/cmake /home/darsh/ros3/ROS2_pick_and_place_UR5/robotiq_description -DCMAKE_INSTALL_PREFIX=/home/darsh/ros3/ROS2_pick_and_place_UR5/install/robotiq_description
[2.877s] Invoking command in '/home/darsh/ros3/ROS2_pick_and_place_UR5/build/robotiq_description': CMAKE_PREFIX_PATH=${CMAKE_PREFIX_PATH}:/opt/ros/jazzy /usr/bin/cmake --build /home/darsh/ros3/ROS2_pick_and_place_UR5/build/robotiq_description -- -j16 -l16
[2.918s] Invoked command in '/home/darsh/ros3/ROS2_pick_and_place_UR5/build/robotiq_description' returned '0': CMAKE_PREFIX_PATH=${CMAKE_PREFIX_PATH}:/opt/ros/jazzy /usr/bin/cmake --build /home/darsh/ros3/ROS2_pick_and_place_UR5/build/robotiq_description -- -j16 -l16
[2.930s] Invoking command in '/home/darsh/ros3/ROS2_pick_and_place_UR5/build/robotiq_description': CMAKE_PREFIX_PATH=${CMAKE_PREFIX_PATH}:/opt/ros/jazzy /usr/bin/cmake --install /home/darsh/ros3/ROS2_pick_and_place_UR5/build/robotiq_description
[2.939s] -- Install configuration: ""
[2.939s] -- Installing: /home/darsh/ros3/ROS2_pick_and_place_UR5/install/robotiq_description/share/robotiq_description/urdf
[2.940s] -- Installing: /home/darsh/ros3/ROS2_pick_and_place_UR5/install/robotiq_description/share/robotiq_description/urdf/robotiq_85_gripper.urdf.xacro
[2.940s] -- Installing: /home/darsh/ros3/ROS2_pick_and_place_UR5/install/robotiq_description/share/robotiq_description/urdf/robotiq_85_gripper.xacro
[2.940s] -- Installing: /home/darsh/ros3/ROS2_pick_and_place_UR5/install/robotiq_description/share/robotiq_description/urdf/robotiq_85_gripper_sim_base.urdf.xacro
[2.940s] -- Installing: /home/darsh/ros3/ROS2_pick_and_place_UR5/install/robotiq_description/share/robotiq_description/urdf/robotiq_85_gripper.transmission.xacro
[2.941s] -- Installing: /home/darsh/ros3/ROS2_pick_and_place_UR5/install/robotiq_description/share/robotiq_description/meshes
[2.941s] -- Installing: /home/darsh/ros3/ROS2_pick_and_place_UR5/install/robotiq_description/share/robotiq_description/meshes/collision
[2.941s] -- Installing: /home/darsh/ros3/ROS2_pick_and_place_UR5/install/robotiq_description/share/robotiq_description/meshes/collision/robotiq_85_finger_link.stl
[2.941s] -- Installing: /home/darsh/ros3/ROS2_pick_and_place_UR5/install/robotiq_description/share/robotiq_description/meshes/collision/robotiq_85_knuckle_link.stl
[2.941s] -- Installing: /home/darsh/ros3/ROS2_pick_and_place_UR5/install/robotiq_description/share/robotiq_description/meshes/collision/robotiq_85_inner_knuckle_link.stl
[2.942s] -- Installing: /home/darsh/ros3/ROS2_pick_and_place_UR5/install/robotiq_description/share/robotiq_description/meshes/collision/robotiq_85_finger_tip_link.stl
[2.942s] -- Installing: /home/darsh/ros3/ROS2_pick_and_place_UR5/install/robotiq_description/share/robotiq_description/meshes/collision/robotiq_85_base_link.stl
[2.943s] -- Installing: /home/darsh/ros3/ROS2_pick_and_place_UR5/install/robotiq_description/share/robotiq_description/meshes/robotiq_85_coupler.stl
[2.944s] -- Installing: /home/darsh/ros3/ROS2_pick_and_place_UR5/install/robotiq_description/share/robotiq_description/meshes/visual
[2.944s] -- Installing: /home/darsh/ros3/ROS2_pick_and_place_UR5/install/robotiq_description/share/robotiq_description/meshes/visual/robotiq_85_finger_link.dae
[2.944s] -- Installing: /home/darsh/ros3/ROS2_pick_and_place_UR5/install/robotiq_description/share/robotiq_description/meshes/visual/robotiq_85_inner_knuckle_link.dae
[2.945s] -- Installing: /home/darsh/ros3/ROS2_pick_and_place_UR5/install/robotiq_description/share/robotiq_description/meshes/visual/robotiq_85_finger_tip_link.dae
[2.945s] -- Installing: /home/darsh/ros3/ROS2_pick_and_place_UR5/install/robotiq_description/share/robotiq_description/meshes/visual/robotiq_85_base_link.dae
[2.948s] -- Installing: /home/darsh/ros3/ROS2_pick_and_place_UR5/install/robotiq_description/share/robotiq_description/meshes/visual/robotiq_85_knuckle_link.dae
[2.948s] -- Installing: /home/darsh/ros3/ROS2_pick_and_place_UR5/install/robotiq_description/share/ament_index/resource_index/package_run_dependencies/robotiq_description
[2.949s] -- Installing: /home/darsh/ros3/ROS2_pick_and_place_UR5/install/robotiq_description/share/ament_index/resource_index/parent_prefix_path/robotiq_description
[2.949s] -- Installing: /home/darsh/ros3/ROS2_pick_and_place_UR5/install/robotiq_description/share/robotiq_description/environment/ament_prefix_path.sh
[2.950s] -- Installing: /home/darsh/ros3/ROS2_pick_and_place_UR5/install/robotiq_description/share/robotiq_description/environment/ament_prefix_path.dsv
[2.950s] -- Installing: /home/darsh/ros3/ROS2_pick_and_place_UR5/install/robotiq_description/share/robotiq_description/environment/path.sh
[2.951s] -- Installing: /home/darsh/ros3/ROS2_pick_and_place_UR5/install/robotiq_description/share/robotiq_description/environment/path.dsv
[2.951s] -- Installing: /home/darsh/ros3/ROS2_pick_and_place_UR5/install/robotiq_description/share/robotiq_description/local_setup.bash
[2.951s] -- Installing: /home/darsh/ros3/ROS2_pick_and_place_UR5/install/robotiq_description/share/robotiq_description/local_setup.sh
[2.951s] -- Installing: /home/darsh/ros3/ROS2_pick_and_place_UR5/install/robotiq_description/share/robotiq_description/local_setup.zsh
[2.952s] -- Installing: /home/darsh/ros3/ROS2_pick_and_place_UR5/install/robotiq_description/share/robotiq_description/local_setup.dsv
[2.952s] -- Installing: /home/darsh/ros3/ROS2_pick_and_place_UR5/install/robotiq_description/share/robotiq_description/package.dsv
[2.952s] -- Installing: /home/darsh/ros3/ROS2_pick_and_place_UR5/install/robotiq_description/share/ament_index/resource_index/packages/robotiq_description
[2.952s] -- Installing: /home/darsh/ros3/ROS2_pick_and_place_UR5/install/robotiq_description/share/robotiq_description/cmake/robotiq_descriptionConfig.cmake
[2.952s] -- Installing: /home/darsh/ros3/ROS2_pick_and_place_UR5/install/robotiq_description/share/robotiq_description/cmake/robotiq_descriptionConfig-version.cmake
[2.952s] -- Installing: /home/darsh/ros3/ROS2_pick_and_place_UR5/install/robotiq_description/share/robotiq_description/package.xml
[2.954s] Invoked command in '/home/darsh/ros3/ROS2_pick_and_place_UR5/build/robotiq_description' returned '0': CMAKE_PREFIX_PATH=${CMAKE_PREFIX_PATH}:/opt/ros/jazzy /usr/bin/cmake --install /home/darsh/ros3/ROS2_pick_and_place_UR5/build/robotiq_description
