[0.057s] Invoking command in '/home/darsh/ros3/ROS2_pick_and_place_UR5/build/ur5_gripper_description': CMAKE_PREFIX_PATH=/home/darsh/ros3/ROS2_pick_and_place_UR5/install/robotiq_description:/home/darsh/ros3/ROS2_pick_and_place_UR5/install/ur5_gripper_moveit_config:/home/darsh/ros3/ROS2_pick_and_place_UR5/install/ur5_gripper_description:/home/darsh/ros3/ROS2_pick_and_place_UR5/install/pnp_msgs:/home/darsh/ros3/ROS2_pick_and_place_UR5/install/moveit_ur5_msgs:/home/darsh/UR3_ROS2_PICK_AND_PLACE/install/ur_system_tests:/home/darsh/UR3_ROS2_PICK_AND_PLACE/install/ur_interfaces:/home/darsh/UR3_ROS2_PICK_AND_PLACE/install/ur_gazebo:/home/darsh/UR3_ROS2_PICK_AND_PLACE/install/movit_config:/home/darsh/UR3_ROS2_PICK_AND_PLACE/install/moveit_config:/home/darsh/UR3_ROS2_PICK_AND_PLACE/install/ur_description:/home/darsh/UR3_ROS2_PICK_AND_PLACE/install/robotiq_2f_85_gripper_visualization:/opt/ros/jazzy/opt/gz_sim_vendor:/opt/ros/jazzy/opt/gz_sensors_vendor:/opt/ros/jazzy/opt/gz_physics_vendor:/opt/ros/jazzy/opt/sdformat_vendor:/opt/ros/jazzy/opt/gz_gui_vendor:/opt/ros/jazzy/opt/gz_transport_vendor:/opt/ros/jazzy/opt/gz_rendering_vendor:/opt/ros/jazzy/opt/gz_plugin_vendor:/opt/ros/jazzy/opt/gz_fuel_tools_vendor:/opt/ros/jazzy/opt/gz_msgs_vendor:/opt/ros/jazzy/opt/gz_common_vendor:/opt/ros/jazzy/opt/gz_math_vendor:/opt/ros/jazzy/opt/gz_utils_vendor:/opt/ros/jazzy/opt/gz_tools_vendor:/opt/ros/jazzy/opt/gz_ogre_next_vendor:/opt/ros/jazzy/opt/gz_dartsim_vendor:/opt/ros/jazzy/opt/gz_cmake_vendor:/opt/ros/jazzy /usr/bin/cmake /home/darsh/ros3/ROS2_pick_and_place_UR5/ur5_gripper_description -DCMAKE_INSTALL_PREFIX=/home/darsh/ros3/ROS2_pick_and_place_UR5/install/ur5_gripper_description
[0.206s] -- The C compiler identification is GNU 13.3.0
[1.004s] -- The CXX compiler identification is GNU 13.3.0
[1.570s] -- Detecting C compiler ABI info
[1.824s] -- Detecting C compiler ABI info - done
[1.837s] -- Check for working C compiler: /usr/bin/cc - skipped
[1.838s] -- Detecting C compile features
[1.838s] -- Detecting C compile features - done
[1.966s] -- Detecting CXX compiler ABI info
[2.401s] -- Detecting CXX compiler ABI info - done
[2.416s] -- Check for working CXX compiler: /usr/bin/c++ - skipped
[2.417s] -- Detecting CXX compile features
[2.417s] -- Detecting CXX compile features - done
[2.422s] -- Found ament_cmake: 2.5.3 (/opt/ros/jazzy/share/ament_cmake/cmake)
[2.637s] -- Found Python3: /usr/bin/python3 (found version "3.12.3") found components: Interpreter 
[2.838s] -- Found ament_cmake_pytest: 2.5.3 (/opt/ros/jazzy/share/ament_cmake_pytest/cmake)
[2.972s] -- Configuring done (2.9s)
[2.977s] -- Generating done (0.0s)
[2.980s] -- Build files have been written to: /home/darsh/ros3/ROS2_pick_and_place_UR5/build/ur5_gripper_description
[2.987s] Invoked command in '/home/darsh/ros3/ROS2_pick_and_place_UR5/build/ur5_gripper_description' returned '0': CMAKE_PREFIX_PATH=/home/darsh/ros3/ROS2_pick_and_place_UR5/install/robotiq_description:/home/darsh/ros3/ROS2_pick_and_place_UR5/install/ur5_gripper_moveit_config:/home/darsh/ros3/ROS2_pick_and_place_UR5/install/ur5_gripper_description:/home/darsh/ros3/ROS2_pick_and_place_UR5/install/pnp_msgs:/home/darsh/ros3/ROS2_pick_and_place_UR5/install/moveit_ur5_msgs:/home/darsh/UR3_ROS2_PICK_AND_PLACE/install/ur_system_tests:/home/darsh/UR3_ROS2_PICK_AND_PLACE/install/ur_interfaces:/home/darsh/UR3_ROS2_PICK_AND_PLACE/install/ur_gazebo:/home/darsh/UR3_ROS2_PICK_AND_PLACE/install/movit_config:/home/darsh/UR3_ROS2_PICK_AND_PLACE/install/moveit_config:/home/darsh/UR3_ROS2_PICK_AND_PLACE/install/ur_description:/home/darsh/UR3_ROS2_PICK_AND_PLACE/install/robotiq_2f_85_gripper_visualization:/opt/ros/jazzy/opt/gz_sim_vendor:/opt/ros/jazzy/opt/gz_sensors_vendor:/opt/ros/jazzy/opt/gz_physics_vendor:/opt/ros/jazzy/opt/sdformat_vendor:/opt/ros/jazzy/opt/gz_gui_vendor:/opt/ros/jazzy/opt/gz_transport_vendor:/opt/ros/jazzy/opt/gz_rendering_vendor:/opt/ros/jazzy/opt/gz_plugin_vendor:/opt/ros/jazzy/opt/gz_fuel_tools_vendor:/opt/ros/jazzy/opt/gz_msgs_vendor:/opt/ros/jazzy/opt/gz_common_vendor:/opt/ros/jazzy/opt/gz_math_vendor:/opt/ros/jazzy/opt/gz_utils_vendor:/opt/ros/jazzy/opt/gz_tools_vendor:/opt/ros/jazzy/opt/gz_ogre_next_vendor:/opt/ros/jazzy/opt/gz_dartsim_vendor:/opt/ros/jazzy/opt/gz_cmake_vendor:/opt/ros/jazzy /usr/bin/cmake /home/darsh/ros3/ROS2_pick_and_place_UR5/ur5_gripper_description -DCMAKE_INSTALL_PREFIX=/home/darsh/ros3/ROS2_pick_and_place_UR5/install/ur5_gripper_description
[2.989s] Invoking command in '/home/darsh/ros3/ROS2_pick_and_place_UR5/build/ur5_gripper_description': CMAKE_PREFIX_PATH=/home/darsh/ros3/ROS2_pick_and_place_UR5/install/robotiq_description:/home/darsh/ros3/ROS2_pick_and_place_UR5/install/ur5_gripper_moveit_config:/home/darsh/ros3/ROS2_pick_and_place_UR5/install/ur5_gripper_description:/home/darsh/ros3/ROS2_pick_and_place_UR5/install/pnp_msgs:/home/darsh/ros3/ROS2_pick_and_place_UR5/install/moveit_ur5_msgs:/home/darsh/UR3_ROS2_PICK_AND_PLACE/install/ur_system_tests:/home/darsh/UR3_ROS2_PICK_AND_PLACE/install/ur_interfaces:/home/darsh/UR3_ROS2_PICK_AND_PLACE/install/ur_gazebo:/home/darsh/UR3_ROS2_PICK_AND_PLACE/install/movit_config:/home/darsh/UR3_ROS2_PICK_AND_PLACE/install/moveit_config:/home/darsh/UR3_ROS2_PICK_AND_PLACE/install/ur_description:/home/darsh/UR3_ROS2_PICK_AND_PLACE/install/robotiq_2f_85_gripper_visualization:/opt/ros/jazzy/opt/gz_sim_vendor:/opt/ros/jazzy/opt/gz_sensors_vendor:/opt/ros/jazzy/opt/gz_physics_vendor:/opt/ros/jazzy/opt/sdformat_vendor:/opt/ros/jazzy/opt/gz_gui_vendor:/opt/ros/jazzy/opt/gz_transport_vendor:/opt/ros/jazzy/opt/gz_rendering_vendor:/opt/ros/jazzy/opt/gz_plugin_vendor:/opt/ros/jazzy/opt/gz_fuel_tools_vendor:/opt/ros/jazzy/opt/gz_msgs_vendor:/opt/ros/jazzy/opt/gz_common_vendor:/opt/ros/jazzy/opt/gz_math_vendor:/opt/ros/jazzy/opt/gz_utils_vendor:/opt/ros/jazzy/opt/gz_tools_vendor:/opt/ros/jazzy/opt/gz_ogre_next_vendor:/opt/ros/jazzy/opt/gz_dartsim_vendor:/opt/ros/jazzy/opt/gz_cmake_vendor:/opt/ros/jazzy /usr/bin/cmake --build /home/darsh/ros3/ROS2_pick_and_place_UR5/build/ur5_gripper_description -- -j16 -l16
[3.035s] Invoked command in '/home/darsh/ros3/ROS2_pick_and_place_UR5/build/ur5_gripper_description' returned '0': CMAKE_PREFIX_PATH=/home/darsh/ros3/ROS2_pick_and_place_UR5/install/robotiq_description:/home/darsh/ros3/ROS2_pick_and_place_UR5/install/ur5_gripper_moveit_config:/home/darsh/ros3/ROS2_pick_and_place_UR5/install/ur5_gripper_description:/home/darsh/ros3/ROS2_pick_and_place_UR5/install/pnp_msgs:/home/darsh/ros3/ROS2_pick_and_place_UR5/install/moveit_ur5_msgs:/home/darsh/UR3_ROS2_PICK_AND_PLACE/install/ur_system_tests:/home/darsh/UR3_ROS2_PICK_AND_PLACE/install/ur_interfaces:/home/darsh/UR3_ROS2_PICK_AND_PLACE/install/ur_gazebo:/home/darsh/UR3_ROS2_PICK_AND_PLACE/install/movit_config:/home/darsh/UR3_ROS2_PICK_AND_PLACE/install/moveit_config:/home/darsh/UR3_ROS2_PICK_AND_PLACE/install/ur_description:/home/darsh/UR3_ROS2_PICK_AND_PLACE/install/robotiq_2f_85_gripper_visualization:/opt/ros/jazzy/opt/gz_sim_vendor:/opt/ros/jazzy/opt/gz_sensors_vendor:/opt/ros/jazzy/opt/gz_physics_vendor:/opt/ros/jazzy/opt/sdformat_vendor:/opt/ros/jazzy/opt/gz_gui_vendor:/opt/ros/jazzy/opt/gz_transport_vendor:/opt/ros/jazzy/opt/gz_rendering_vendor:/opt/ros/jazzy/opt/gz_plugin_vendor:/opt/ros/jazzy/opt/gz_fuel_tools_vendor:/opt/ros/jazzy/opt/gz_msgs_vendor:/opt/ros/jazzy/opt/gz_common_vendor:/opt/ros/jazzy/opt/gz_math_vendor:/opt/ros/jazzy/opt/gz_utils_vendor:/opt/ros/jazzy/opt/gz_tools_vendor:/opt/ros/jazzy/opt/gz_ogre_next_vendor:/opt/ros/jazzy/opt/gz_dartsim_vendor:/opt/ros/jazzy/opt/gz_cmake_vendor:/opt/ros/jazzy /usr/bin/cmake --build /home/darsh/ros3/ROS2_pick_and_place_UR5/build/ur5_gripper_description -- -j16 -l16
[3.037s] Invoking command in '/home/darsh/ros3/ROS2_pick_and_place_UR5/build/ur5_gripper_description': CMAKE_PREFIX_PATH=/home/darsh/ros3/ROS2_pick_and_place_UR5/install/robotiq_description:/home/darsh/ros3/ROS2_pick_and_place_UR5/install/ur5_gripper_moveit_config:/home/darsh/ros3/ROS2_pick_and_place_UR5/install/ur5_gripper_description:/home/darsh/ros3/ROS2_pick_and_place_UR5/install/pnp_msgs:/home/darsh/ros3/ROS2_pick_and_place_UR5/install/moveit_ur5_msgs:/home/darsh/UR3_ROS2_PICK_AND_PLACE/install/ur_system_tests:/home/darsh/UR3_ROS2_PICK_AND_PLACE/install/ur_interfaces:/home/darsh/UR3_ROS2_PICK_AND_PLACE/install/ur_gazebo:/home/darsh/UR3_ROS2_PICK_AND_PLACE/install/movit_config:/home/darsh/UR3_ROS2_PICK_AND_PLACE/install/moveit_config:/home/darsh/UR3_ROS2_PICK_AND_PLACE/install/ur_description:/home/darsh/UR3_ROS2_PICK_AND_PLACE/install/robotiq_2f_85_gripper_visualization:/opt/ros/jazzy/opt/gz_sim_vendor:/opt/ros/jazzy/opt/gz_sensors_vendor:/opt/ros/jazzy/opt/gz_physics_vendor:/opt/ros/jazzy/opt/sdformat_vendor:/opt/ros/jazzy/opt/gz_gui_vendor:/opt/ros/jazzy/opt/gz_transport_vendor:/opt/ros/jazzy/opt/gz_rendering_vendor:/opt/ros/jazzy/opt/gz_plugin_vendor:/opt/ros/jazzy/opt/gz_fuel_tools_vendor:/opt/ros/jazzy/opt/gz_msgs_vendor:/opt/ros/jazzy/opt/gz_common_vendor:/opt/ros/jazzy/opt/gz_math_vendor:/opt/ros/jazzy/opt/gz_utils_vendor:/opt/ros/jazzy/opt/gz_tools_vendor:/opt/ros/jazzy/opt/gz_ogre_next_vendor:/opt/ros/jazzy/opt/gz_dartsim_vendor:/opt/ros/jazzy/opt/gz_cmake_vendor:/opt/ros/jazzy /usr/bin/cmake --install /home/darsh/ros3/ROS2_pick_and_place_UR5/build/ur5_gripper_description
[3.046s] -- Install configuration: ""
[3.047s] -- Installing: /home/darsh/ros3/ROS2_pick_and_place_UR5/install/ur5_gripper_description/share/ur5_gripper_description/config
[3.048s] -- Installing: /home/darsh/ros3/ROS2_pick_and_place_UR5/install/ur5_gripper_description/share/ur5_gripper_description/config/initial_positions.yaml
[3.049s] -- Installing: /home/darsh/ros3/ROS2_pick_and_place_UR5/install/ur5_gripper_description/share/ur5_gripper_description/config/ur5
[3.051s] -- Installing: /home/darsh/ros3/ROS2_pick_and_place_UR5/install/ur5_gripper_description/share/ur5_gripper_description/config/ur5/visual_parameters.yaml
[3.052s] -- Installing: /home/darsh/ros3/ROS2_pick_and_place_UR5/install/ur5_gripper_description/share/ur5_gripper_description/config/ur5/physical_parameters.yaml
[3.055s] -- Installing: /home/darsh/ros3/ROS2_pick_and_place_UR5/install/ur5_gripper_description/share/ur5_gripper_description/config/ur5/joint_limits.yaml
[3.056s] -- Installing: /home/darsh/ros3/ROS2_pick_and_place_UR5/install/ur5_gripper_description/share/ur5_gripper_description/config/ur5/default_kinematics.yaml
[3.056s] -- Installing: /home/darsh/ros3/ROS2_pick_and_place_UR5/install/ur5_gripper_description/share/ur5_gripper_description/config/ur10e
[3.057s] -- Installing: /home/darsh/ros3/ROS2_pick_and_place_UR5/install/ur5_gripper_description/share/ur5_gripper_description/config/ur10e/visual_parameters.yaml
[3.058s] -- Installing: /home/darsh/ros3/ROS2_pick_and_place_UR5/install/ur5_gripper_description/share/ur5_gripper_description/config/ur10e/physical_parameters.yaml
[3.059s] -- Installing: /home/darsh/ros3/ROS2_pick_and_place_UR5/install/ur5_gripper_description/share/ur5_gripper_description/config/ur10e/joint_limits.yaml
[3.059s] -- Installing: /home/darsh/ros3/ROS2_pick_and_place_UR5/install/ur5_gripper_description/share/ur5_gripper_description/config/ur10e/default_kinematics.yaml
[3.060s] -- Installing: /home/darsh/ros3/ROS2_pick_and_place_UR5/install/ur5_gripper_description/share/ur5_gripper_description/config/ur5e
[3.061s] -- Installing: /home/darsh/ros3/ROS2_pick_and_place_UR5/install/ur5_gripper_description/share/ur5_gripper_description/config/ur5e/visual_parameters.yaml
[3.061s] -- Installing: /home/darsh/ros3/ROS2_pick_and_place_UR5/install/ur5_gripper_description/share/ur5_gripper_description/config/ur5e/physical_parameters.yaml
[3.062s] -- Installing: /home/darsh/ros3/ROS2_pick_and_place_UR5/install/ur5_gripper_description/share/ur5_gripper_description/config/ur5e/joint_limits.yaml
[3.063s] -- Installing: /home/darsh/ros3/ROS2_pick_and_place_UR5/install/ur5_gripper_description/share/ur5_gripper_description/config/ur5e/default_kinematics.yaml
[3.063s] -- Installing: /home/darsh/ros3/ROS2_pick_and_place_UR5/install/ur5_gripper_description/share/ur5_gripper_description/config/ur3
[3.064s] -- Installing: /home/darsh/ros3/ROS2_pick_and_place_UR5/install/ur5_gripper_description/share/ur5_gripper_description/config/ur3/visual_parameters.yaml
[3.065s] -- Installing: /home/darsh/ros3/ROS2_pick_and_place_UR5/install/ur5_gripper_description/share/ur5_gripper_description/config/ur3/physical_parameters.yaml
[3.065s] -- Installing: /home/darsh/ros3/ROS2_pick_and_place_UR5/install/ur5_gripper_description/share/ur5_gripper_description/config/ur3/joint_limits.yaml
[3.066s] -- Installing: /home/darsh/ros3/ROS2_pick_and_place_UR5/install/ur5_gripper_description/share/ur5_gripper_description/config/ur3/default_kinematics.yaml
[3.066s] -- Installing: /home/darsh/ros3/ROS2_pick_and_place_UR5/install/ur5_gripper_description/share/ur5_gripper_description/config/ur3e
[3.067s] -- Installing: /home/darsh/ros3/ROS2_pick_and_place_UR5/install/ur5_gripper_description/share/ur5_gripper_description/config/ur3e/visual_parameters.yaml
[3.067s] -- Installing: /home/darsh/ros3/ROS2_pick_and_place_UR5/install/ur5_gripper_description/share/ur5_gripper_description/config/ur3e/physical_parameters.yaml
[3.067s] -- Installing: /home/darsh/ros3/ROS2_pick_and_place_UR5/install/ur5_gripper_description/share/ur5_gripper_description/config/ur3e/joint_limits.yaml
[3.068s] -- Installing: /home/darsh/ros3/ROS2_pick_and_place_UR5/install/ur5_gripper_description/share/ur5_gripper_description/config/ur3e/default_kinematics.yaml
[3.068s] -- Installing: /home/darsh/ros3/ROS2_pick_and_place_UR5/install/ur5_gripper_description/share/ur5_gripper_description/config/ur10
[3.069s] -- Installing: /home/darsh/ros3/ROS2_pick_and_place_UR5/install/ur5_gripper_description/share/ur5_gripper_description/config/ur10/visual_parameters.yaml
[3.069s] -- Installing: /home/darsh/ros3/ROS2_pick_and_place_UR5/install/ur5_gripper_description/share/ur5_gripper_description/config/ur10/physical_parameters.yaml
[3.070s] -- Installing: /home/darsh/ros3/ROS2_pick_and_place_UR5/install/ur5_gripper_description/share/ur5_gripper_description/config/ur10/joint_limits.yaml
[3.070s] -- Installing: /home/darsh/ros3/ROS2_pick_and_place_UR5/install/ur5_gripper_description/share/ur5_gripper_description/config/ur10/default_kinematics.yaml
[3.071s] -- Installing: /home/darsh/ros3/ROS2_pick_and_place_UR5/install/ur5_gripper_description/share/ur5_gripper_description/config/ur16e
[3.071s] -- Installing: /home/darsh/ros3/ROS2_pick_and_place_UR5/install/ur5_gripper_description/share/ur5_gripper_description/config/ur16e/visual_parameters.yaml
[3.072s] -- Installing: /home/darsh/ros3/ROS2_pick_and_place_UR5/install/ur5_gripper_description/share/ur5_gripper_description/config/ur16e/physical_parameters.yaml
[3.072s] -- Installing: /home/darsh/ros3/ROS2_pick_and_place_UR5/install/ur5_gripper_description/share/ur5_gripper_description/config/ur16e/joint_limits.yaml
[3.072s] -- Installing: /home/darsh/ros3/ROS2_pick_and_place_UR5/install/ur5_gripper_description/share/ur5_gripper_description/config/ur16e/default_kinematics.yaml
[3.073s] -- Installing: /home/darsh/ros3/ROS2_pick_and_place_UR5/install/ur5_gripper_description/share/ur5_gripper_description/launch
[3.073s] -- Installing: /home/darsh/ros3/ROS2_pick_and_place_UR5/install/ur5_gripper_description/share/ur5_gripper_description/launch/view_ur.launch.py
[3.073s] -- Installing: /home/darsh/ros3/ROS2_pick_and_place_UR5/install/ur5_gripper_description/share/ur5_gripper_description/meshes
[3.074s] -- Installing: /home/darsh/ros3/ROS2_pick_and_place_UR5/install/ur5_gripper_description/share/ur5_gripper_description/meshes/ur5
[3.074s] -- Installing: /home/darsh/ros3/ROS2_pick_and_place_UR5/install/ur5_gripper_description/share/ur5_gripper_description/meshes/ur5/collision
[3.074s] -- Installing: /home/darsh/ros3/ROS2_pick_and_place_UR5/install/ur5_gripper_description/share/ur5_gripper_description/meshes/ur5/collision/forearm.stl
[3.074s] -- Installing: /home/darsh/ros3/ROS2_pick_and_place_UR5/install/ur5_gripper_description/share/ur5_gripper_description/meshes/ur5/collision/upperarm.stl
[3.074s] -- Installing: /home/darsh/ros3/ROS2_pick_and_place_UR5/install/ur5_gripper_description/share/ur5_gripper_description/meshes/ur5/collision/base.stl
[3.075s] -- Installing: /home/darsh/ros3/ROS2_pick_and_place_UR5/install/ur5_gripper_description/share/ur5_gripper_description/meshes/ur5/collision/shoulder.stl
[3.075s] -- Installing: /home/darsh/ros3/ROS2_pick_and_place_UR5/install/ur5_gripper_description/share/ur5_gripper_description/meshes/ur5/collision/wrist3.stl
[3.075s] -- Installing: /home/darsh/ros3/ROS2_pick_and_place_UR5/install/ur5_gripper_description/share/ur5_gripper_description/meshes/ur5/collision/wrist1.stl
[3.075s] -- Installing: /home/darsh/ros3/ROS2_pick_and_place_UR5/install/ur5_gripper_description/share/ur5_gripper_description/meshes/ur5/collision/wrist2.stl
[3.075s] -- Installing: /home/darsh/ros3/ROS2_pick_and_place_UR5/install/ur5_gripper_description/share/ur5_gripper_description/meshes/ur5/visual
[3.075s] -- Installing: /home/darsh/ros3/ROS2_pick_and_place_UR5/install/ur5_gripper_description/share/ur5_gripper_description/meshes/ur5/visual/wrist3.dae
[3.076s] -- Installing: /home/darsh/ros3/ROS2_pick_and_place_UR5/install/ur5_gripper_description/share/ur5_gripper_description/meshes/ur5/visual/shoulder.dae
[3.076s] -- Installing: /home/darsh/ros3/ROS2_pick_and_place_UR5/install/ur5_gripper_description/share/ur5_gripper_description/meshes/ur5/visual/upperarm.dae
[3.079s] -- Installing: /home/darsh/ros3/ROS2_pick_and_place_UR5/install/ur5_gripper_description/share/ur5_gripper_description/meshes/ur5/visual/forearm.dae
[3.081s] -- Installing: /home/darsh/ros3/ROS2_pick_and_place_UR5/install/ur5_gripper_description/share/ur5_gripper_description/meshes/ur5/visual/base.dae
[3.081s] -- Installing: /home/darsh/ros3/ROS2_pick_and_place_UR5/install/ur5_gripper_description/share/ur5_gripper_description/meshes/ur5/visual/wrist1.dae
[3.083s] -- Installing: /home/darsh/ros3/ROS2_pick_and_place_UR5/install/ur5_gripper_description/share/ur5_gripper_description/meshes/ur5/visual/wrist2.dae
[3.084s] -- Installing: /home/darsh/ros3/ROS2_pick_and_place_UR5/install/ur5_gripper_description/share/ur5_gripper_description/meshes/ur10e
[3.084s] -- Installing: /home/darsh/ros3/ROS2_pick_and_place_UR5/install/ur5_gripper_description/share/ur5_gripper_description/meshes/ur10e/collision
[3.085s] -- Installing: /home/darsh/ros3/ROS2_pick_and_place_UR5/install/ur5_gripper_description/share/ur5_gripper_description/meshes/ur10e/collision/forearm.stl
[3.085s] -- Installing: /home/darsh/ros3/ROS2_pick_and_place_UR5/install/ur5_gripper_description/share/ur5_gripper_description/meshes/ur10e/collision/upperarm.stl
[3.085s] -- Installing: /home/darsh/ros3/ROS2_pick_and_place_UR5/install/ur5_gripper_description/share/ur5_gripper_description/meshes/ur10e/collision/base.stl
[3.086s] -- Installing: /home/darsh/ros3/ROS2_pick_and_place_UR5/install/ur5_gripper_description/share/ur5_gripper_description/meshes/ur10e/collision/shoulder.stl
[3.086s] -- Installing: /home/darsh/ros3/ROS2_pick_and_place_UR5/install/ur5_gripper_description/share/ur5_gripper_description/meshes/ur10e/collision/wrist3.stl
[3.086s] -- Installing: /home/darsh/ros3/ROS2_pick_and_place_UR5/install/ur5_gripper_description/share/ur5_gripper_description/meshes/ur10e/collision/wrist1.stl
[3.086s] -- Installing: /home/darsh/ros3/ROS2_pick_and_place_UR5/install/ur5_gripper_description/share/ur5_gripper_description/meshes/ur10e/collision/wrist2.stl
[3.086s] -- Installing: /home/darsh/ros3/ROS2_pick_and_place_UR5/install/ur5_gripper_description/share/ur5_gripper_description/meshes/ur10e/visual
[3.087s] -- Installing: /home/darsh/ros3/ROS2_pick_and_place_UR5/install/ur5_gripper_description/share/ur5_gripper_description/meshes/ur10e/visual/wrist3.dae
[3.087s] -- Installing: /home/darsh/ros3/ROS2_pick_and_place_UR5/install/ur5_gripper_description/share/ur5_gripper_description/meshes/ur10e/visual/shoulder.dae
[3.090s] -- Installing: /home/darsh/ros3/ROS2_pick_and_place_UR5/install/ur5_gripper_description/share/ur5_gripper_description/meshes/ur10e/visual/upperarm.dae
[3.095s] -- Installing: /home/darsh/ros3/ROS2_pick_and_place_UR5/install/ur5_gripper_description/share/ur5_gripper_description/meshes/ur10e/visual/forearm.dae
[3.097s] -- Installing: /home/darsh/ros3/ROS2_pick_and_place_UR5/install/ur5_gripper_description/share/ur5_gripper_description/meshes/ur10e/visual/base.dae
[3.097s] -- Installing: /home/darsh/ros3/ROS2_pick_and_place_UR5/install/ur5_gripper_description/share/ur5_gripper_description/meshes/ur10e/visual/wrist1.dae
[3.099s] -- Installing: /home/darsh/ros3/ROS2_pick_and_place_UR5/install/ur5_gripper_description/share/ur5_gripper_description/meshes/ur10e/visual/wrist2.dae
[3.101s] -- Installing: /home/darsh/ros3/ROS2_pick_and_place_UR5/install/ur5_gripper_description/share/ur5_gripper_description/meshes/ur5e
[3.102s] -- Installing: /home/darsh/ros3/ROS2_pick_and_place_UR5/install/ur5_gripper_description/share/ur5_gripper_description/meshes/ur5e/collision
[3.102s] -- Installing: /home/darsh/ros3/ROS2_pick_and_place_UR5/install/ur5_gripper_description/share/ur5_gripper_description/meshes/ur5e/collision/forearm.stl
[3.102s] -- Installing: /home/darsh/ros3/ROS2_pick_and_place_UR5/install/ur5_gripper_description/share/ur5_gripper_description/meshes/ur5e/collision/upperarm.stl
[3.103s] -- Installing: /home/darsh/ros3/ROS2_pick_and_place_UR5/install/ur5_gripper_description/share/ur5_gripper_description/meshes/ur5e/collision/base.stl
[3.103s] -- Installing: /home/darsh/ros3/ROS2_pick_and_place_UR5/install/ur5_gripper_description/share/ur5_gripper_description/meshes/ur5e/collision/shoulder.stl
[3.104s] -- Installing: /home/darsh/ros3/ROS2_pick_and_place_UR5/install/ur5_gripper_description/share/ur5_gripper_description/meshes/ur5e/collision/wrist3.stl
[3.104s] -- Installing: /home/darsh/ros3/ROS2_pick_and_place_UR5/install/ur5_gripper_description/share/ur5_gripper_description/meshes/ur5e/collision/wrist1.stl
[3.104s] -- Installing: /home/darsh/ros3/ROS2_pick_and_place_UR5/install/ur5_gripper_description/share/ur5_gripper_description/meshes/ur5e/collision/wrist2.stl
[3.104s] -- Installing: /home/darsh/ros3/ROS2_pick_and_place_UR5/install/ur5_gripper_description/share/ur5_gripper_description/meshes/ur5e/visual
[3.104s] -- Installing: /home/darsh/ros3/ROS2_pick_and_place_UR5/install/ur5_gripper_description/share/ur5_gripper_description/meshes/ur5e/visual/wrist3.dae
[3.104s] -- Installing: /home/darsh/ros3/ROS2_pick_and_place_UR5/install/ur5_gripper_description/share/ur5_gripper_description/meshes/ur5e/visual/shoulder.dae
[3.107s] -- Installing: /home/darsh/ros3/ROS2_pick_and_place_UR5/install/ur5_gripper_description/share/ur5_gripper_description/meshes/ur5e/visual/upperarm.dae
[3.112s] -- Installing: /home/darsh/ros3/ROS2_pick_and_place_UR5/install/ur5_gripper_description/share/ur5_gripper_description/meshes/ur5e/visual/forearm.dae
[3.114s] -- Installing: /home/darsh/ros3/ROS2_pick_and_place_UR5/install/ur5_gripper_description/share/ur5_gripper_description/meshes/ur5e/visual/base.dae
[3.115s] -- Installing: /home/darsh/ros3/ROS2_pick_and_place_UR5/install/ur5_gripper_description/share/ur5_gripper_description/meshes/ur5e/visual/wrist1.dae
[3.118s] -- Installing: /home/darsh/ros3/ROS2_pick_and_place_UR5/install/ur5_gripper_description/share/ur5_gripper_description/meshes/ur5e/visual/wrist2.dae
[3.121s] -- Installing: /home/darsh/ros3/ROS2_pick_and_place_UR5/install/ur5_gripper_description/share/ur5_gripper_description/meshes/ur3
[3.121s] -- Installing: /home/darsh/ros3/ROS2_pick_and_place_UR5/install/ur5_gripper_description/share/ur5_gripper_description/meshes/ur3/collision
[3.122s] -- Installing: /home/darsh/ros3/ROS2_pick_and_place_UR5/install/ur5_gripper_description/share/ur5_gripper_description/meshes/ur3/collision/forearm.stl
[3.122s] -- Installing: /home/darsh/ros3/ROS2_pick_and_place_UR5/install/ur5_gripper_description/share/ur5_gripper_description/meshes/ur3/collision/upperarm.stl
[3.124s] -- Installing: /home/darsh/ros3/ROS2_pick_and_place_UR5/install/ur5_gripper_description/share/ur5_gripper_description/meshes/ur3/collision/base.stl
[3.124s] -- Installing: /home/darsh/ros3/ROS2_pick_and_place_UR5/install/ur5_gripper_description/share/ur5_gripper_description/meshes/ur3/collision/shoulder.stl
[3.125s] -- Installing: /home/darsh/ros3/ROS2_pick_and_place_UR5/install/ur5_gripper_description/share/ur5_gripper_description/meshes/ur3/collision/wrist3.stl
[3.125s] -- Installing: /home/darsh/ros3/ROS2_pick_and_place_UR5/install/ur5_gripper_description/share/ur5_gripper_description/meshes/ur3/collision/wrist1.stl
[3.126s] -- Installing: /home/darsh/ros3/ROS2_pick_and_place_UR5/install/ur5_gripper_description/share/ur5_gripper_description/meshes/ur3/collision/wrist2.stl
[3.126s] -- Installing: /home/darsh/ros3/ROS2_pick_and_place_UR5/install/ur5_gripper_description/share/ur5_gripper_description/meshes/ur3/visual
[3.127s] -- Installing: /home/darsh/ros3/ROS2_pick_and_place_UR5/install/ur5_gripper_description/share/ur5_gripper_description/meshes/ur3/visual/wrist3.dae
[3.127s] -- Installing: /home/darsh/ros3/ROS2_pick_and_place_UR5/install/ur5_gripper_description/share/ur5_gripper_description/meshes/ur3/visual/shoulder.dae
[3.130s] -- Installing: /home/darsh/ros3/ROS2_pick_and_place_UR5/install/ur5_gripper_description/share/ur5_gripper_description/meshes/ur3/visual/upperarm.dae
[3.133s] -- Installing: /home/darsh/ros3/ROS2_pick_and_place_UR5/install/ur5_gripper_description/share/ur5_gripper_description/meshes/ur3/visual/forearm.dae
[3.135s] -- Installing: /home/darsh/ros3/ROS2_pick_and_place_UR5/install/ur5_gripper_description/share/ur5_gripper_description/meshes/ur3/visual/base.dae
[3.135s] -- Installing: /home/darsh/ros3/ROS2_pick_and_place_UR5/install/ur5_gripper_description/share/ur5_gripper_description/meshes/ur3/visual/wrist1.dae
[3.136s] -- Installing: /home/darsh/ros3/ROS2_pick_and_place_UR5/install/ur5_gripper_description/share/ur5_gripper_description/meshes/ur3/visual/wrist2.dae
[3.138s] -- Installing: /home/darsh/ros3/ROS2_pick_and_place_UR5/install/ur5_gripper_description/share/ur5_gripper_description/meshes/ur3e
[3.139s] -- Installing: /home/darsh/ros3/ROS2_pick_and_place_UR5/install/ur5_gripper_description/share/ur5_gripper_description/meshes/ur3e/collision
[3.139s] -- Installing: /home/darsh/ros3/ROS2_pick_and_place_UR5/install/ur5_gripper_description/share/ur5_gripper_description/meshes/ur3e/collision/forearm.stl
[3.139s] -- Installing: /home/darsh/ros3/ROS2_pick_and_place_UR5/install/ur5_gripper_description/share/ur5_gripper_description/meshes/ur3e/collision/upperarm.stl
[3.140s] -- Installing: /home/darsh/ros3/ROS2_pick_and_place_UR5/install/ur5_gripper_description/share/ur5_gripper_description/meshes/ur3e/collision/base.stl
[3.140s] -- Installing: /home/darsh/ros3/ROS2_pick_and_place_UR5/install/ur5_gripper_description/share/ur5_gripper_description/meshes/ur3e/collision/shoulder.stl
[3.141s] -- Installing: /home/darsh/ros3/ROS2_pick_and_place_UR5/install/ur5_gripper_description/share/ur5_gripper_description/meshes/ur3e/collision/wrist3.stl
[3.141s] -- Installing: /home/darsh/ros3/ROS2_pick_and_place_UR5/install/ur5_gripper_description/share/ur5_gripper_description/meshes/ur3e/collision/wrist1.stl
[3.141s] -- Installing: /home/darsh/ros3/ROS2_pick_and_place_UR5/install/ur5_gripper_description/share/ur5_gripper_description/meshes/ur3e/collision/wrist2.stl
[3.141s] -- Installing: /home/darsh/ros3/ROS2_pick_and_place_UR5/install/ur5_gripper_description/share/ur5_gripper_description/meshes/ur3e/visual
[3.141s] -- Installing: /home/darsh/ros3/ROS2_pick_and_place_UR5/install/ur5_gripper_description/share/ur5_gripper_description/meshes/ur3e/visual/wrist3.dae
[3.142s] -- Installing: /home/darsh/ros3/ROS2_pick_and_place_UR5/install/ur5_gripper_description/share/ur5_gripper_description/meshes/ur3e/visual/shoulder.dae
[3.144s] -- Installing: /home/darsh/ros3/ROS2_pick_and_place_UR5/install/ur5_gripper_description/share/ur5_gripper_description/meshes/ur3e/visual/upperarm.dae
[3.149s] -- Installing: /home/darsh/ros3/ROS2_pick_and_place_UR5/install/ur5_gripper_description/share/ur5_gripper_description/meshes/ur3e/visual/forearm.dae
[3.151s] -- Installing: /home/darsh/ros3/ROS2_pick_and_place_UR5/install/ur5_gripper_description/share/ur5_gripper_description/meshes/ur3e/visual/base.dae
[3.152s] -- Installing: /home/darsh/ros3/ROS2_pick_and_place_UR5/install/ur5_gripper_description/share/ur5_gripper_description/meshes/ur3e/visual/wrist1.dae
[3.154s] -- Installing: /home/darsh/ros3/ROS2_pick_and_place_UR5/install/ur5_gripper_description/share/ur5_gripper_description/meshes/ur3e/visual/wrist2.dae
[3.156s] -- Installing: /home/darsh/ros3/ROS2_pick_and_place_UR5/install/ur5_gripper_description/share/ur5_gripper_description/meshes/robotiq_85_coupler.stl
[3.157s] -- Installing: /home/darsh/ros3/ROS2_pick_and_place_UR5/install/ur5_gripper_description/share/ur5_gripper_description/meshes/ur10
[3.157s] -- Installing: /home/darsh/ros3/ROS2_pick_and_place_UR5/install/ur5_gripper_description/share/ur5_gripper_description/meshes/ur10/collision
[3.158s] -- Installing: /home/darsh/ros3/ROS2_pick_and_place_UR5/install/ur5_gripper_description/share/ur5_gripper_description/meshes/ur10/collision/forearm.stl
[3.158s] -- Installing: /home/darsh/ros3/ROS2_pick_and_place_UR5/install/ur5_gripper_description/share/ur5_gripper_description/meshes/ur10/collision/upperarm.stl
[3.158s] -- Installing: /home/darsh/ros3/ROS2_pick_and_place_UR5/install/ur5_gripper_description/share/ur5_gripper_description/meshes/ur10/collision/base.stl
[3.159s] -- Installing: /home/darsh/ros3/ROS2_pick_and_place_UR5/install/ur5_gripper_description/share/ur5_gripper_description/meshes/ur10/collision/shoulder.stl
[3.159s] -- Installing: /home/darsh/ros3/ROS2_pick_and_place_UR5/install/ur5_gripper_description/share/ur5_gripper_description/meshes/ur10/collision/wrist3.stl
[3.159s] -- Installing: /home/darsh/ros3/ROS2_pick_and_place_UR5/install/ur5_gripper_description/share/ur5_gripper_description/meshes/ur10/collision/wrist1.stl
[3.160s] -- Installing: /home/darsh/ros3/ROS2_pick_and_place_UR5/install/ur5_gripper_description/share/ur5_gripper_description/meshes/ur10/collision/wrist2.stl
[3.160s] -- Installing: /home/darsh/ros3/ROS2_pick_and_place_UR5/install/ur5_gripper_description/share/ur5_gripper_description/meshes/ur10/visual
[3.160s] -- Installing: /home/darsh/ros3/ROS2_pick_and_place_UR5/install/ur5_gripper_description/share/ur5_gripper_description/meshes/ur10/visual/wrist3.dae
[3.160s] -- Installing: /home/darsh/ros3/ROS2_pick_and_place_UR5/install/ur5_gripper_description/share/ur5_gripper_description/meshes/ur10/visual/shoulder.dae
[3.167s] -- Installing: /home/darsh/ros3/ROS2_pick_and_place_UR5/install/ur5_gripper_description/share/ur5_gripper_description/meshes/ur10/visual/upperarm.dae
[3.173s] -- Installing: /home/darsh/ros3/ROS2_pick_and_place_UR5/install/ur5_gripper_description/share/ur5_gripper_description/meshes/ur10/visual/forearm.dae
[3.179s] -- Installing: /home/darsh/ros3/ROS2_pick_and_place_UR5/install/ur5_gripper_description/share/ur5_gripper_description/meshes/ur10/visual/base.dae
[3.180s] -- Installing: /home/darsh/ros3/ROS2_pick_and_place_UR5/install/ur5_gripper_description/share/ur5_gripper_description/meshes/ur10/visual/wrist1.dae
[3.187s] -- Installing: /home/darsh/ros3/ROS2_pick_and_place_UR5/install/ur5_gripper_description/share/ur5_gripper_description/meshes/ur10/visual/wrist2.dae
[3.192s] -- Installing: /home/darsh/ros3/ROS2_pick_and_place_UR5/install/ur5_gripper_description/share/ur5_gripper_description/meshes/ur16e
[3.193s] -- Installing: /home/darsh/ros3/ROS2_pick_and_place_UR5/install/ur5_gripper_description/share/ur5_gripper_description/meshes/ur16e/collision
[3.193s] -- Installing: /home/darsh/ros3/ROS2_pick_and_place_UR5/install/ur5_gripper_description/share/ur5_gripper_description/meshes/ur16e/collision/forearm.stl
[3.194s] -- Installing: /home/darsh/ros3/ROS2_pick_and_place_UR5/install/ur5_gripper_description/share/ur5_gripper_description/meshes/ur16e/collision/upperarm.stl
[3.194s] -- Installing: /home/darsh/ros3/ROS2_pick_and_place_UR5/install/ur5_gripper_description/share/ur5_gripper_description/meshes/ur16e/visual
[3.194s] -- Installing: /home/darsh/ros3/ROS2_pick_and_place_UR5/install/ur5_gripper_description/share/ur5_gripper_description/meshes/ur16e/visual/upperarm.dae
[3.201s] -- Installing: /home/darsh/ros3/ROS2_pick_and_place_UR5/install/ur5_gripper_description/share/ur5_gripper_description/meshes/ur16e/visual/forearm.dae
[3.208s] -- Installing: /home/darsh/ros3/ROS2_pick_and_place_UR5/install/ur5_gripper_description/share/ur5_gripper_description/rviz
[3.208s] -- Installing: /home/darsh/ros3/ROS2_pick_and_place_UR5/install/ur5_gripper_description/share/ur5_gripper_description/rviz/view_robot.rviz
[3.209s] -- Installing: /home/darsh/ros3/ROS2_pick_and_place_UR5/install/ur5_gripper_description/share/ur5_gripper_description/urdf
[3.209s] -- Installing: /home/darsh/ros3/ROS2_pick_and_place_UR5/install/ur5_gripper_description/share/ur5_gripper_description/urdf/inc
[3.210s] -- Installing: /home/darsh/ros3/ROS2_pick_and_place_UR5/install/ur5_gripper_description/share/ur5_gripper_description/urdf/inc/ur_common.xacro
[3.210s] -- Installing: /home/darsh/ros3/ROS2_pick_and_place_UR5/install/ur5_gripper_description/share/ur5_gripper_description/urdf/inc/ur_transmissions.xacro
[3.210s] -- Installing: /home/darsh/ros3/ROS2_pick_and_place_UR5/install/ur5_gripper_description/share/ur5_gripper_description/urdf/ur.ros2_control.xacro
[3.210s] -- Installing: /home/darsh/ros3/ROS2_pick_and_place_UR5/install/ur5_gripper_description/share/ur5_gripper_description/urdf/ur_macro.xacro
[3.210s] -- Installing: /home/darsh/ros3/ROS2_pick_and_place_UR5/install/ur5_gripper_description/share/ur5_gripper_description/urdf/ur5_robotiq85_gripper.urdf.xacro
[3.211s] -- Installing: /home/darsh/ros3/ROS2_pick_and_place_UR5/install/ur5_gripper_description/share/ur5_gripper_description/urdf/ur.urdf.xacro
[3.211s] -- Installing: /home/darsh/ros3/ROS2_pick_and_place_UR5/install/ur5_gripper_description/share/ament_index/resource_index/package_run_dependencies/ur5_gripper_description
[3.211s] -- Installing: /home/darsh/ros3/ROS2_pick_and_place_UR5/install/ur5_gripper_description/share/ament_index/resource_index/parent_prefix_path/ur5_gripper_description
[3.212s] -- Installing: /home/darsh/ros3/ROS2_pick_and_place_UR5/install/ur5_gripper_description/share/ur5_gripper_description/environment/ament_prefix_path.sh
[3.212s] -- Installing: /home/darsh/ros3/ROS2_pick_and_place_UR5/install/ur5_gripper_description/share/ur5_gripper_description/environment/ament_prefix_path.dsv
[3.213s] -- Installing: /home/darsh/ros3/ROS2_pick_and_place_UR5/install/ur5_gripper_description/share/ur5_gripper_description/environment/path.sh
[3.213s] -- Installing: /home/darsh/ros3/ROS2_pick_and_place_UR5/install/ur5_gripper_description/share/ur5_gripper_description/environment/path.dsv
[3.214s] -- Installing: /home/darsh/ros3/ROS2_pick_and_place_UR5/install/ur5_gripper_description/share/ur5_gripper_description/local_setup.bash
[3.214s] -- Installing: /home/darsh/ros3/ROS2_pick_and_place_UR5/install/ur5_gripper_description/share/ur5_gripper_description/local_setup.sh
[3.214s] -- Installing: /home/darsh/ros3/ROS2_pick_and_place_UR5/install/ur5_gripper_description/share/ur5_gripper_description/local_setup.zsh
[3.215s] -- Installing: /home/darsh/ros3/ROS2_pick_and_place_UR5/install/ur5_gripper_description/share/ur5_gripper_description/local_setup.dsv
[3.215s] -- Installing: /home/darsh/ros3/ROS2_pick_and_place_UR5/install/ur5_gripper_description/share/ur5_gripper_description/package.dsv
[3.215s] -- Installing: /home/darsh/ros3/ROS2_pick_and_place_UR5/install/ur5_gripper_description/share/ament_index/resource_index/packages/ur5_gripper_description
[3.215s] -- Installing: /home/darsh/ros3/ROS2_pick_and_place_UR5/install/ur5_gripper_description/share/ur5_gripper_description/cmake/ur5_gripper_descriptionConfig.cmake
[3.215s] -- Installing: /home/darsh/ros3/ROS2_pick_and_place_UR5/install/ur5_gripper_description/share/ur5_gripper_description/cmake/ur5_gripper_descriptionConfig-version.cmake
[3.215s] -- Installing: /home/darsh/ros3/ROS2_pick_and_place_UR5/install/ur5_gripper_description/share/ur5_gripper_description/package.xml
[3.218s] Invoked command in '/home/darsh/ros3/ROS2_pick_and_place_UR5/build/ur5_gripper_description' returned '0': CMAKE_PREFIX_PATH=/home/darsh/ros3/ROS2_pick_and_place_UR5/install/robotiq_description:/home/darsh/ros3/ROS2_pick_and_place_UR5/install/ur5_gripper_moveit_config:/home/darsh/ros3/ROS2_pick_and_place_UR5/install/ur5_gripper_description:/home/darsh/ros3/ROS2_pick_and_place_UR5/install/pnp_msgs:/home/darsh/ros3/ROS2_pick_and_place_UR5/install/moveit_ur5_msgs:/home/darsh/UR3_ROS2_PICK_AND_PLACE/install/ur_system_tests:/home/darsh/UR3_ROS2_PICK_AND_PLACE/install/ur_interfaces:/home/darsh/UR3_ROS2_PICK_AND_PLACE/install/ur_gazebo:/home/darsh/UR3_ROS2_PICK_AND_PLACE/install/movit_config:/home/darsh/UR3_ROS2_PICK_AND_PLACE/install/moveit_config:/home/darsh/UR3_ROS2_PICK_AND_PLACE/install/ur_description:/home/darsh/UR3_ROS2_PICK_AND_PLACE/install/robotiq_2f_85_gripper_visualization:/opt/ros/jazzy/opt/gz_sim_vendor:/opt/ros/jazzy/opt/gz_sensors_vendor:/opt/ros/jazzy/opt/gz_physics_vendor:/opt/ros/jazzy/opt/sdformat_vendor:/opt/ros/jazzy/opt/gz_gui_vendor:/opt/ros/jazzy/opt/gz_transport_vendor:/opt/ros/jazzy/opt/gz_rendering_vendor:/opt/ros/jazzy/opt/gz_plugin_vendor:/opt/ros/jazzy/opt/gz_fuel_tools_vendor:/opt/ros/jazzy/opt/gz_msgs_vendor:/opt/ros/jazzy/opt/gz_common_vendor:/opt/ros/jazzy/opt/gz_math_vendor:/opt/ros/jazzy/opt/gz_utils_vendor:/opt/ros/jazzy/opt/gz_tools_vendor:/opt/ros/jazzy/opt/gz_ogre_next_vendor:/opt/ros/jazzy/opt/gz_dartsim_vendor:/opt/ros/jazzy/opt/gz_cmake_vendor:/opt/ros/jazzy /usr/bin/cmake --install /home/darsh/ros3/ROS2_pick_and_place_UR5/build/ur5_gripper_description
