[0.021s] Invoking command in '/home/darsh/ros3/build/robotiq_description': CMAKE_PREFIX_PATH=${CMAKE_PREFIX_PATH}:/opt/ros/jazzy /usr/bin/cmake --build /home/darsh/ros3/build/robotiq_description -- -j16 -l16
[0.084s] Invoked command in '/home/darsh/ros3/build/robotiq_description' returned '0': CMAKE_PREFIX_PATH=${CMAKE_PREFIX_PATH}:/opt/ros/jazzy /usr/bin/cmake --build /home/darsh/ros3/build/robotiq_description -- -j16 -l16
[0.106s] Invoking command in '/home/darsh/ros3/build/robotiq_description': CMAKE_PREFIX_PATH=${CMAKE_PREFIX_PATH}:/opt/ros/jazzy /usr/bin/cmake --install /home/darsh/ros3/build/robotiq_description
[0.122s] -- Install configuration: ""
[0.123s] -- Up-to-date: /home/darsh/ros3/install/robotiq_description/share/robotiq_description/urdf
[0.124s] -- Up-to-date: /home/darsh/ros3/install/robotiq_description/share/robotiq_description/urdf/robotiq_85_gripper.urdf.xacro
[0.125s] -- Up-to-date: /home/darsh/ros3/install/robotiq_description/share/robotiq_description/urdf/robotiq_85_gripper.xacro
[0.125s] -- Up-to-date: /home/darsh/ros3/install/robotiq_description/share/robotiq_description/urdf/robotiq_85_gripper_sim_base.urdf.xacro
[0.126s] -- Up-to-date: /home/darsh/ros3/install/robotiq_description/share/robotiq_description/urdf/robotiq_85_gripper.transmission.xacro
[0.126s] -- Up-to-date: /home/darsh/ros3/install/robotiq_description/share/robotiq_description/meshes
[0.126s] -- Up-to-date: /home/darsh/ros3/install/robotiq_description/share/robotiq_description/meshes/collision
[0.127s] -- Up-to-date: /home/darsh/ros3/install/robotiq_description/share/robotiq_description/meshes/collision/robotiq_85_finger_link.stl
[0.127s] -- Up-to-date: /home/darsh/ros3/install/robotiq_description/share/robotiq_description/meshes/collision/robotiq_85_knuckle_link.stl
[0.127s] -- Up-to-date: /home/darsh/ros3/install/robotiq_description/share/robotiq_description/meshes/collision/robotiq_85_inner_knuckle_link.stl
[0.128s] -- Up-to-date: /home/darsh/ros3/install/robotiq_description/share/robotiq_description/meshes/collision/robotiq_85_finger_tip_link.stl
[0.128s] -- Up-to-date: /home/darsh/ros3/install/robotiq_description/share/robotiq_description/meshes/collision/robotiq_85_base_link.stl
[0.129s] -- Up-to-date: /home/darsh/ros3/install/robotiq_description/share/robotiq_description/meshes/robotiq_85_coupler.stl
[0.130s] -- Up-to-date: /home/darsh/ros3/install/robotiq_description/share/robotiq_description/meshes/visual
[0.130s] -- Up-to-date: /home/darsh/ros3/install/robotiq_description/share/robotiq_description/meshes/visual/robotiq_85_finger_link.dae
[0.131s] -- Up-to-date: /home/darsh/ros3/install/robotiq_description/share/robotiq_description/meshes/visual/robotiq_85_inner_knuckle_link.dae
[0.132s] -- Up-to-date: /home/darsh/ros3/install/robotiq_description/share/robotiq_description/meshes/visual/robotiq_85_finger_tip_link.dae
[0.132s] -- Up-to-date: /home/darsh/ros3/install/robotiq_description/share/robotiq_description/meshes/visual/robotiq_85_base_link.dae
[0.133s] -- Up-to-date: /home/darsh/ros3/install/robotiq_description/share/robotiq_description/meshes/visual/robotiq_85_knuckle_link.dae
[0.135s] -- Up-to-date: /home/darsh/ros3/install/robotiq_description/share/ament_index/resource_index/package_run_dependencies/robotiq_description
[0.136s] -- Up-to-date: /home/darsh/ros3/install/robotiq_description/share/ament_index/resource_index/parent_prefix_path/robotiq_description
[0.136s] -- Up-to-date: /home/darsh/ros3/install/robotiq_description/share/robotiq_description/environment/ament_prefix_path.sh
[0.137s] -- Up-to-date: /home/darsh/ros3/install/robotiq_description/share/robotiq_description/environment/ament_prefix_path.dsv
[0.138s] -- Up-to-date: /home/darsh/ros3/install/robotiq_description/share/robotiq_description/environment/path.sh
[0.140s] -- Up-to-date: /home/darsh/ros3/install/robotiq_description/share/robotiq_description/environment/path.dsv
[0.140s] -- Up-to-date: /home/darsh/ros3/install/robotiq_description/share/robotiq_description/local_setup.bash
[0.141s] -- Up-to-date: /home/darsh/ros3/install/robotiq_description/share/robotiq_description/local_setup.sh
[0.141s] -- Up-to-date: /home/darsh/ros3/install/robotiq_description/share/robotiq_description/local_setup.zsh
[0.142s] -- Up-to-date: /home/darsh/ros3/install/robotiq_description/share/robotiq_description/local_setup.dsv
[0.143s] -- Installing: /home/darsh/ros3/install/robotiq_description/share/robotiq_description/package.dsv
[0.143s] -- Up-to-date: /home/darsh/ros3/install/robotiq_description/share/ament_index/resource_index/packages/robotiq_description
[0.144s] -- Up-to-date: /home/darsh/ros3/install/robotiq_description/share/robotiq_description/cmake/robotiq_descriptionConfig.cmake
[0.145s] -- Up-to-date: /home/darsh/ros3/install/robotiq_description/share/robotiq_description/cmake/robotiq_descriptionConfig-version.cmake
[0.145s] -- Up-to-date: /home/darsh/ros3/install/robotiq_description/share/robotiq_description/package.xml
[0.145s] Invoked command in '/home/darsh/ros3/build/robotiq_description' returned '0': CMAKE_PREFIX_PATH=${CMAKE_PREFIX_PATH}:/opt/ros/jazzy /usr/bin/cmake --install /home/darsh/ros3/build/robotiq_description
