[0.023s] Invoking command in '/home/darsh/ros3/build/robotiq_description': CMAKE_PREFIX_PATH=${CMAKE_PREFIX_PATH}:/opt/ros/jazzy /usr/bin/cmake /home/darsh/ros3/ROS2_pick_and_place_UR5/robotiq_description -DCMAKE_INSTALL_PREFIX=/home/darsh/ros3/install/robotiq_description
[0.363s] -- The C compiler identification is GNU 13.3.0
[0.987s] -- The CXX compiler identification is GNU 13.3.0
[1.470s] -- Detecting C compiler ABI info
[1.738s] -- Detecting C compiler ABI info - done
[1.751s] -- Check for working C compiler: /usr/bin/cc - skipped
[1.754s] -- Detecting C compile features
[1.756s] -- Detecting C compile features - done
[1.850s] -- Detecting CXX compiler ABI info
[2.089s] -- Detecting CXX compiler ABI info - done
[2.101s] -- Check for working CXX compiler: /usr/bin/c++ - skipped
[2.101s] -- Detecting CXX compile features
[2.102s] -- Detecting CXX compile features - done
[2.135s] -- Found ament_cmake: 2.5.3 (/opt/ros/jazzy/share/ament_cmake/cmake)
[2.358s] -- Found Python3: /usr/bin/python3 (found version "3.12.3") found components: Interpreter 
[2.636s] -- Found ament_lint_auto: 0.17.1 (/opt/ros/jazzy/share/ament_lint_auto/cmake)
[2.842s] -- Added test 'copyright' to check source files copyright and LICENSE
[2.852s] -- Added test 'lint_cmake' to check CMake code style
[2.860s] -- Added test 'xmllint' to check XML markup files
[2.868s] -- Configuring done (2.8s)
[2.877s] -- Generating done (0.0s)
[2.884s] -- Build files have been written to: /home/darsh/ros3/build/robotiq_description
[2.894s] Invoked command in '/home/darsh/ros3/build/robotiq_description' returned '0': CMAKE_PREFIX_PATH=${CMAKE_PREFIX_PATH}:/opt/ros/jazzy /usr/bin/cmake /home/darsh/ros3/ROS2_pick_and_place_UR5/robotiq_description -DCMAKE_INSTALL_PREFIX=/home/darsh/ros3/install/robotiq_description
[2.898s] Invoking command in '/home/darsh/ros3/build/robotiq_description': CMAKE_PREFIX_PATH=${CMAKE_PREFIX_PATH}:/opt/ros/jazzy /usr/bin/cmake --build /home/darsh/ros3/build/robotiq_description -- -j16 -l16
[2.982s] Invoked command in '/home/darsh/ros3/build/robotiq_description' returned '0': CMAKE_PREFIX_PATH=${CMAKE_PREFIX_PATH}:/opt/ros/jazzy /usr/bin/cmake --build /home/darsh/ros3/build/robotiq_description -- -j16 -l16
[3.009s] Invoking command in '/home/darsh/ros3/build/robotiq_description': CMAKE_PREFIX_PATH=${CMAKE_PREFIX_PATH}:/opt/ros/jazzy /usr/bin/cmake --install /home/darsh/ros3/build/robotiq_description
[3.034s] -- Install configuration: ""
[3.034s] -- Installing: /home/darsh/ros3/install/robotiq_description/share/robotiq_description/urdf
[3.037s] -- Installing: /home/darsh/ros3/install/robotiq_description/share/robotiq_description/urdf/robotiq_85_gripper.urdf.xacro
[3.037s] -- Installing: /home/darsh/ros3/install/robotiq_description/share/robotiq_description/urdf/robotiq_85_gripper.xacro
[3.038s] -- Installing: /home/darsh/ros3/install/robotiq_description/share/robotiq_description/urdf/robotiq_85_gripper_sim_base.urdf.xacro
[3.039s] -- Installing: /home/darsh/ros3/install/robotiq_description/share/robotiq_description/urdf/robotiq_85_gripper.transmission.xacro
[3.041s] -- Installing: /home/darsh/ros3/install/robotiq_description/share/robotiq_description/meshes
[3.042s] -- Installing: /home/darsh/ros3/install/robotiq_description/share/robotiq_description/meshes/collision
[3.043s] -- Installing: /home/darsh/ros3/install/robotiq_description/share/robotiq_description/meshes/collision/robotiq_85_finger_link.stl
[3.043s] -- Installing: /home/darsh/ros3/install/robotiq_description/share/robotiq_description/meshes/collision/robotiq_85_knuckle_link.stl
[3.044s] -- Installing: /home/darsh/ros3/install/robotiq_description/share/robotiq_description/meshes/collision/robotiq_85_inner_knuckle_link.stl
[3.045s] -- Installing: /home/darsh/ros3/install/robotiq_description/share/robotiq_description/meshes/collision/robotiq_85_finger_tip_link.stl
[3.045s] -- Installing: /home/darsh/ros3/install/robotiq_description/share/robotiq_description/meshes/collision/robotiq_85_base_link.stl
[3.046s] -- Installing: /home/darsh/ros3/install/robotiq_description/share/robotiq_description/meshes/robotiq_85_coupler.stl
[3.048s] -- Installing: /home/darsh/ros3/install/robotiq_description/share/robotiq_description/meshes/visual
[3.050s] -- Installing: /home/darsh/ros3/install/robotiq_description/share/robotiq_description/meshes/visual/robotiq_85_finger_link.dae
[3.050s] -- Installing: /home/darsh/ros3/install/robotiq_description/share/robotiq_description/meshes/visual/robotiq_85_inner_knuckle_link.dae
[3.051s] -- Installing: /home/darsh/ros3/install/robotiq_description/share/robotiq_description/meshes/visual/robotiq_85_finger_tip_link.dae
[3.051s] -- Installing: /home/darsh/ros3/install/robotiq_description/share/robotiq_description/meshes/visual/robotiq_85_base_link.dae
[3.058s] -- Installing: /home/darsh/ros3/install/robotiq_description/share/robotiq_description/meshes/visual/robotiq_85_knuckle_link.dae
[3.060s] -- Installing: /home/darsh/ros3/install/robotiq_description/share/ament_index/resource_index/package_run_dependencies/robotiq_description
[3.061s] -- Installing: /home/darsh/ros3/install/robotiq_description/share/ament_index/resource_index/parent_prefix_path/robotiq_description
[3.062s] -- Installing: /home/darsh/ros3/install/robotiq_description/share/robotiq_description/environment/ament_prefix_path.sh
[3.063s] -- Installing: /home/darsh/ros3/install/robotiq_description/share/robotiq_description/environment/ament_prefix_path.dsv
[3.064s] -- Installing: /home/darsh/ros3/install/robotiq_description/share/robotiq_description/environment/path.sh
[3.065s] -- Installing: /home/darsh/ros3/install/robotiq_description/share/robotiq_description/environment/path.dsv
[3.066s] -- Installing: /home/darsh/ros3/install/robotiq_description/share/robotiq_description/local_setup.bash
[3.067s] -- Installing: /home/darsh/ros3/install/robotiq_description/share/robotiq_description/local_setup.sh
[3.068s] -- Installing: /home/darsh/ros3/install/robotiq_description/share/robotiq_description/local_setup.zsh
[3.068s] -- Installing: /home/darsh/ros3/install/robotiq_description/share/robotiq_description/local_setup.dsv
[3.069s] -- Installing: /home/darsh/ros3/install/robotiq_description/share/robotiq_description/package.dsv
[3.070s] -- Installing: /home/darsh/ros3/install/robotiq_description/share/ament_index/resource_index/packages/robotiq_description
[3.071s] -- Installing: /home/darsh/ros3/install/robotiq_description/share/robotiq_description/cmake/robotiq_descriptionConfig.cmake
[3.072s] -- Installing: /home/darsh/ros3/install/robotiq_description/share/robotiq_description/cmake/robotiq_descriptionConfig-version.cmake
[3.072s] -- Installing: /home/darsh/ros3/install/robotiq_description/share/robotiq_description/package.xml
[3.076s] Invoked command in '/home/darsh/ros3/build/robotiq_description' returned '0': CMAKE_PREFIX_PATH=${CMAKE_PREFIX_PATH}:/opt/ros/jazzy /usr/bin/cmake --install /home/darsh/ros3/build/robotiq_description
