[0.205s] Invoking command in '/home/darsh/ros3/build/ur5_gripper_description': AMENT_PREFIX_PATH=/home/darsh/ros3/install/robotiq_description:${AMENT_PREFIX_PATH} CMAKE_PREFIX_PATH=/home/darsh/ros3/install/robotiq_description:/opt/ros/jazzy/opt/gz_sim_vendor:/opt/ros/jazzy/opt/gz_sensors_vendor:/opt/ros/jazzy/opt/gz_physics_vendor:/opt/ros/jazzy/opt/sdformat_vendor:/opt/ros/jazzy/opt/gz_gui_vendor:/opt/ros/jazzy/opt/gz_transport_vendor:/opt/ros/jazzy/opt/gz_rendering_vendor:/opt/ros/jazzy/opt/gz_plugin_vendor:/opt/ros/jazzy/opt/gz_fuel_tools_vendor:/opt/ros/jazzy/opt/gz_msgs_vendor:/opt/ros/jazzy/opt/gz_common_vendor:/opt/ros/jazzy/opt/gz_math_vendor:/opt/ros/jazzy/opt/gz_utils_vendor:/opt/ros/jazzy/opt/gz_tools_vendor:/opt/ros/jazzy/opt/gz_ogre_next_vendor:/opt/ros/jazzy/opt/gz_dartsim_vendor:/opt/ros/jazzy/opt/gz_cmake_vendor:/opt/ros/jazzy /usr/bin/cmake /home/darsh/ros3/ROS2_pick_and_place_UR5/ur5_gripper_description -DCMAKE_INSTALL_PREFIX=/home/darsh/ros3/install/ur5_gripper_description
[0.726s] -- The C compiler identification is GNU 13.3.0
[1.450s] -- The CXX compiler identification is GNU 13.3.0
[1.848s] -- Detecting C compiler ABI info
[2.056s] -- Detecting C compiler ABI info - done
[2.066s] -- Check for working C compiler: /usr/bin/cc - skipped
[2.066s] -- Detecting C compile features
[2.067s] -- Detecting C compile features - done
[2.140s] -- Detecting CXX compiler ABI info
[2.346s] -- Detecting CXX compiler ABI info - done
[2.360s] -- Check for working CXX compiler: /usr/bin/c++ - skipped
[2.360s] -- Detecting CXX compile features
[2.361s] -- Detecting CXX compile features - done
[2.367s] -- Found ament_cmake: 2.5.3 (/opt/ros/jazzy/share/ament_cmake/cmake)
[2.555s] -- Found Python3: /usr/bin/python3 (found version "3.12.3") found components: Interpreter 
[2.680s] -- Found ament_cmake_pytest: 2.5.3 (/opt/ros/jazzy/share/ament_cmake_pytest/cmake)
[2.782s] -- Configuring done (2.6s)
[2.785s] -- Generating done (0.0s)
[2.787s] -- Build files have been written to: /home/darsh/ros3/build/ur5_gripper_description
[2.792s] Invoked command in '/home/darsh/ros3/build/ur5_gripper_description' returned '0': AMENT_PREFIX_PATH=/home/darsh/ros3/install/robotiq_description:${AMENT_PREFIX_PATH} CMAKE_PREFIX_PATH=/home/darsh/ros3/install/robotiq_description:/opt/ros/jazzy/opt/gz_sim_vendor:/opt/ros/jazzy/opt/gz_sensors_vendor:/opt/ros/jazzy/opt/gz_physics_vendor:/opt/ros/jazzy/opt/sdformat_vendor:/opt/ros/jazzy/opt/gz_gui_vendor:/opt/ros/jazzy/opt/gz_transport_vendor:/opt/ros/jazzy/opt/gz_rendering_vendor:/opt/ros/jazzy/opt/gz_plugin_vendor:/opt/ros/jazzy/opt/gz_fuel_tools_vendor:/opt/ros/jazzy/opt/gz_msgs_vendor:/opt/ros/jazzy/opt/gz_common_vendor:/opt/ros/jazzy/opt/gz_math_vendor:/opt/ros/jazzy/opt/gz_utils_vendor:/opt/ros/jazzy/opt/gz_tools_vendor:/opt/ros/jazzy/opt/gz_ogre_next_vendor:/opt/ros/jazzy/opt/gz_dartsim_vendor:/opt/ros/jazzy/opt/gz_cmake_vendor:/opt/ros/jazzy /usr/bin/cmake /home/darsh/ros3/ROS2_pick_and_place_UR5/ur5_gripper_description -DCMAKE_INSTALL_PREFIX=/home/darsh/ros3/install/ur5_gripper_description
[2.795s] Invoking command in '/home/darsh/ros3/build/ur5_gripper_description': AMENT_PREFIX_PATH=/home/darsh/ros3/install/robotiq_description:${AMENT_PREFIX_PATH} CMAKE_PREFIX_PATH=/home/darsh/ros3/install/robotiq_description:/opt/ros/jazzy/opt/gz_sim_vendor:/opt/ros/jazzy/opt/gz_sensors_vendor:/opt/ros/jazzy/opt/gz_physics_vendor:/opt/ros/jazzy/opt/sdformat_vendor:/opt/ros/jazzy/opt/gz_gui_vendor:/opt/ros/jazzy/opt/gz_transport_vendor:/opt/ros/jazzy/opt/gz_rendering_vendor:/opt/ros/jazzy/opt/gz_plugin_vendor:/opt/ros/jazzy/opt/gz_fuel_tools_vendor:/opt/ros/jazzy/opt/gz_msgs_vendor:/opt/ros/jazzy/opt/gz_common_vendor:/opt/ros/jazzy/opt/gz_math_vendor:/opt/ros/jazzy/opt/gz_utils_vendor:/opt/ros/jazzy/opt/gz_tools_vendor:/opt/ros/jazzy/opt/gz_ogre_next_vendor:/opt/ros/jazzy/opt/gz_dartsim_vendor:/opt/ros/jazzy/opt/gz_cmake_vendor:/opt/ros/jazzy /usr/bin/cmake --build /home/darsh/ros3/build/ur5_gripper_description -- -j16 -l16
[2.829s] Invoked command in '/home/darsh/ros3/build/ur5_gripper_description' returned '0': AMENT_PREFIX_PATH=/home/darsh/ros3/install/robotiq_description:${AMENT_PREFIX_PATH} CMAKE_PREFIX_PATH=/home/darsh/ros3/install/robotiq_description:/opt/ros/jazzy/opt/gz_sim_vendor:/opt/ros/jazzy/opt/gz_sensors_vendor:/opt/ros/jazzy/opt/gz_physics_vendor:/opt/ros/jazzy/opt/sdformat_vendor:/opt/ros/jazzy/opt/gz_gui_vendor:/opt/ros/jazzy/opt/gz_transport_vendor:/opt/ros/jazzy/opt/gz_rendering_vendor:/opt/ros/jazzy/opt/gz_plugin_vendor:/opt/ros/jazzy/opt/gz_fuel_tools_vendor:/opt/ros/jazzy/opt/gz_msgs_vendor:/opt/ros/jazzy/opt/gz_common_vendor:/opt/ros/jazzy/opt/gz_math_vendor:/opt/ros/jazzy/opt/gz_utils_vendor:/opt/ros/jazzy/opt/gz_tools_vendor:/opt/ros/jazzy/opt/gz_ogre_next_vendor:/opt/ros/jazzy/opt/gz_dartsim_vendor:/opt/ros/jazzy/opt/gz_cmake_vendor:/opt/ros/jazzy /usr/bin/cmake --build /home/darsh/ros3/build/ur5_gripper_description -- -j16 -l16
[2.830s] Invoking command in '/home/darsh/ros3/build/ur5_gripper_description': AMENT_PREFIX_PATH=/home/darsh/ros3/install/robotiq_description:${AMENT_PREFIX_PATH} CMAKE_PREFIX_PATH=/home/darsh/ros3/install/robotiq_description:/opt/ros/jazzy/opt/gz_sim_vendor:/opt/ros/jazzy/opt/gz_sensors_vendor:/opt/ros/jazzy/opt/gz_physics_vendor:/opt/ros/jazzy/opt/sdformat_vendor:/opt/ros/jazzy/opt/gz_gui_vendor:/opt/ros/jazzy/opt/gz_transport_vendor:/opt/ros/jazzy/opt/gz_rendering_vendor:/opt/ros/jazzy/opt/gz_plugin_vendor:/opt/ros/jazzy/opt/gz_fuel_tools_vendor:/opt/ros/jazzy/opt/gz_msgs_vendor:/opt/ros/jazzy/opt/gz_common_vendor:/opt/ros/jazzy/opt/gz_math_vendor:/opt/ros/jazzy/opt/gz_utils_vendor:/opt/ros/jazzy/opt/gz_tools_vendor:/opt/ros/jazzy/opt/gz_ogre_next_vendor:/opt/ros/jazzy/opt/gz_dartsim_vendor:/opt/ros/jazzy/opt/gz_cmake_vendor:/opt/ros/jazzy /usr/bin/cmake --install /home/darsh/ros3/build/ur5_gripper_description
[2.836s] -- Install configuration: ""
[2.836s] -- Installing: /home/darsh/ros3/install/ur5_gripper_description/share/ur5_gripper_description/config
[2.837s] -- Installing: /home/darsh/ros3/install/ur5_gripper_description/share/ur5_gripper_description/config/initial_positions.yaml
[2.837s] -- Installing: /home/darsh/ros3/install/ur5_gripper_description/share/ur5_gripper_description/config/ur5
[2.837s] -- Installing: /home/darsh/ros3/install/ur5_gripper_description/share/ur5_gripper_description/config/ur5/visual_parameters.yaml
[2.838s] -- Installing: /home/darsh/ros3/install/ur5_gripper_description/share/ur5_gripper_description/config/ur5/physical_parameters.yaml
[2.838s] -- Installing: /home/darsh/ros3/install/ur5_gripper_description/share/ur5_gripper_description/config/ur5/joint_limits.yaml
[2.838s] -- Installing: /home/darsh/ros3/install/ur5_gripper_description/share/ur5_gripper_description/config/ur5/default_kinematics.yaml
[2.838s] -- Installing: /home/darsh/ros3/install/ur5_gripper_description/share/ur5_gripper_description/config/ur10e
[2.838s] -- Installing: /home/darsh/ros3/install/ur5_gripper_description/share/ur5_gripper_description/config/ur10e/visual_parameters.yaml
[2.839s] -- Installing: /home/darsh/ros3/install/ur5_gripper_description/share/ur5_gripper_description/config/ur10e/physical_parameters.yaml
[2.839s] -- Installing: /home/darsh/ros3/install/ur5_gripper_description/share/ur5_gripper_description/config/ur10e/joint_limits.yaml
[2.839s] -- Installing: /home/darsh/ros3/install/ur5_gripper_description/share/ur5_gripper_description/config/ur10e/default_kinematics.yaml
[2.839s] -- Installing: /home/darsh/ros3/install/ur5_gripper_description/share/ur5_gripper_description/config/ur5e
[2.840s] -- Installing: /home/darsh/ros3/install/ur5_gripper_description/share/ur5_gripper_description/config/ur5e/visual_parameters.yaml
[2.840s] -- Installing: /home/darsh/ros3/install/ur5_gripper_description/share/ur5_gripper_description/config/ur5e/physical_parameters.yaml
[2.840s] -- Installing: /home/darsh/ros3/install/ur5_gripper_description/share/ur5_gripper_description/config/ur5e/joint_limits.yaml
[2.840s] -- Installing: /home/darsh/ros3/install/ur5_gripper_description/share/ur5_gripper_description/config/ur5e/default_kinematics.yaml
[2.840s] -- Installing: /home/darsh/ros3/install/ur5_gripper_description/share/ur5_gripper_description/config/ur3
[2.841s] -- Installing: /home/darsh/ros3/install/ur5_gripper_description/share/ur5_gripper_description/config/ur3/visual_parameters.yaml
[2.841s] -- Installing: /home/darsh/ros3/install/ur5_gripper_description/share/ur5_gripper_description/config/ur3/physical_parameters.yaml
[2.841s] -- Installing: /home/darsh/ros3/install/ur5_gripper_description/share/ur5_gripper_description/config/ur3/joint_limits.yaml
[2.842s] -- Installing: /home/darsh/ros3/install/ur5_gripper_description/share/ur5_gripper_description/config/ur3/default_kinematics.yaml
[2.842s] -- Installing: /home/darsh/ros3/install/ur5_gripper_description/share/ur5_gripper_description/config/ur3e
[2.842s] -- Installing: /home/darsh/ros3/install/ur5_gripper_description/share/ur5_gripper_description/config/ur3e/visual_parameters.yaml
[2.842s] -- Installing: /home/darsh/ros3/install/ur5_gripper_description/share/ur5_gripper_description/config/ur3e/physical_parameters.yaml
[2.842s] -- Installing: /home/darsh/ros3/install/ur5_gripper_description/share/ur5_gripper_description/config/ur3e/joint_limits.yaml
[2.842s] -- Installing: /home/darsh/ros3/install/ur5_gripper_description/share/ur5_gripper_description/config/ur3e/default_kinematics.yaml
[2.842s] -- Installing: /home/darsh/ros3/install/ur5_gripper_description/share/ur5_gripper_description/config/ur10
[2.842s] -- Installing: /home/darsh/ros3/install/ur5_gripper_description/share/ur5_gripper_description/config/ur10/visual_parameters.yaml
[2.842s] -- Installing: /home/darsh/ros3/install/ur5_gripper_description/share/ur5_gripper_description/config/ur10/physical_parameters.yaml
[2.842s] -- Installing: /home/darsh/ros3/install/ur5_gripper_description/share/ur5_gripper_description/config/ur10/joint_limits.yaml
[2.843s] -- Installing: /home/darsh/ros3/install/ur5_gripper_description/share/ur5_gripper_description/config/ur10/default_kinematics.yaml
[2.843s] -- Installing: /home/darsh/ros3/install/ur5_gripper_description/share/ur5_gripper_description/config/ur16e
[2.843s] -- Installing: /home/darsh/ros3/install/ur5_gripper_description/share/ur5_gripper_description/config/ur16e/visual_parameters.yaml
[2.843s] -- Installing: /home/darsh/ros3/install/ur5_gripper_description/share/ur5_gripper_description/config/ur16e/physical_parameters.yaml
[2.843s] -- Installing: /home/darsh/ros3/install/ur5_gripper_description/share/ur5_gripper_description/config/ur16e/joint_limits.yaml
[2.843s] -- Installing: /home/darsh/ros3/install/ur5_gripper_description/share/ur5_gripper_description/config/ur16e/default_kinematics.yaml
[2.843s] -- Installing: /home/darsh/ros3/install/ur5_gripper_description/share/ur5_gripper_description/launch
[2.843s] -- Installing: /home/darsh/ros3/install/ur5_gripper_description/share/ur5_gripper_description/launch/view_ur.launch.py
[2.844s] -- Installing: /home/darsh/ros3/install/ur5_gripper_description/share/ur5_gripper_description/meshes
[2.844s] -- Installing: /home/darsh/ros3/install/ur5_gripper_description/share/ur5_gripper_description/meshes/ur5
[2.844s] -- Installing: /home/darsh/ros3/install/ur5_gripper_description/share/ur5_gripper_description/meshes/ur5/collision
[2.844s] -- Installing: /home/darsh/ros3/install/ur5_gripper_description/share/ur5_gripper_description/meshes/ur5/collision/forearm.stl
[2.845s] -- Installing: /home/darsh/ros3/install/ur5_gripper_description/share/ur5_gripper_description/meshes/ur5/collision/upperarm.stl
[2.845s] -- Installing: /home/darsh/ros3/install/ur5_gripper_description/share/ur5_gripper_description/meshes/ur5/collision/base.stl
[2.845s] -- Installing: /home/darsh/ros3/install/ur5_gripper_description/share/ur5_gripper_description/meshes/ur5/collision/shoulder.stl
[2.846s] -- Installing: /home/darsh/ros3/install/ur5_gripper_description/share/ur5_gripper_description/meshes/ur5/collision/wrist3.stl
[2.846s] -- Installing: /home/darsh/ros3/install/ur5_gripper_description/share/ur5_gripper_description/meshes/ur5/collision/wrist1.stl
[2.846s] -- Installing: /home/darsh/ros3/install/ur5_gripper_description/share/ur5_gripper_description/meshes/ur5/collision/wrist2.stl
[2.846s] -- Installing: /home/darsh/ros3/install/ur5_gripper_description/share/ur5_gripper_description/meshes/ur5/visual
[2.847s] -- Installing: /home/darsh/ros3/install/ur5_gripper_description/share/ur5_gripper_description/meshes/ur5/visual/wrist3.dae
[2.847s] -- Installing: /home/darsh/ros3/install/ur5_gripper_description/share/ur5_gripper_description/meshes/ur5/visual/shoulder.dae
[2.847s] -- Installing: /home/darsh/ros3/install/ur5_gripper_description/share/ur5_gripper_description/meshes/ur5/visual/upperarm.dae
[2.848s] -- Installing: /home/darsh/ros3/install/ur5_gripper_description/share/ur5_gripper_description/meshes/ur5/visual/forearm.dae
[2.849s] -- Installing: /home/darsh/ros3/install/ur5_gripper_description/share/ur5_gripper_description/meshes/ur5/visual/base.dae
[2.850s] -- Installing: /home/darsh/ros3/install/ur5_gripper_description/share/ur5_gripper_description/meshes/ur5/visual/wrist1.dae
[2.851s] -- Installing: /home/darsh/ros3/install/ur5_gripper_description/share/ur5_gripper_description/meshes/ur5/visual/wrist2.dae
[2.852s] -- Installing: /home/darsh/ros3/install/ur5_gripper_description/share/ur5_gripper_description/meshes/ur10e
[2.852s] -- Installing: /home/darsh/ros3/install/ur5_gripper_description/share/ur5_gripper_description/meshes/ur10e/collision
[2.853s] -- Installing: /home/darsh/ros3/install/ur5_gripper_description/share/ur5_gripper_description/meshes/ur10e/collision/forearm.stl
[2.853s] -- Installing: /home/darsh/ros3/install/ur5_gripper_description/share/ur5_gripper_description/meshes/ur10e/collision/upperarm.stl
[2.853s] -- Installing: /home/darsh/ros3/install/ur5_gripper_description/share/ur5_gripper_description/meshes/ur10e/collision/base.stl
[2.854s] -- Installing: /home/darsh/ros3/install/ur5_gripper_description/share/ur5_gripper_description/meshes/ur10e/collision/shoulder.stl
[2.854s] -- Installing: /home/darsh/ros3/install/ur5_gripper_description/share/ur5_gripper_description/meshes/ur10e/collision/wrist3.stl
[2.854s] -- Installing: /home/darsh/ros3/install/ur5_gripper_description/share/ur5_gripper_description/meshes/ur10e/collision/wrist1.stl
[2.855s] -- Installing: /home/darsh/ros3/install/ur5_gripper_description/share/ur5_gripper_description/meshes/ur10e/collision/wrist2.stl
[2.855s] -- Installing: /home/darsh/ros3/install/ur5_gripper_description/share/ur5_gripper_description/meshes/ur10e/visual
[2.855s] -- Installing: /home/darsh/ros3/install/ur5_gripper_description/share/ur5_gripper_description/meshes/ur10e/visual/wrist3.dae
[2.855s] -- Installing: /home/darsh/ros3/install/ur5_gripper_description/share/ur5_gripper_description/meshes/ur10e/visual/shoulder.dae
[2.856s] -- Installing: /home/darsh/ros3/install/ur5_gripper_description/share/ur5_gripper_description/meshes/ur10e/visual/upperarm.dae
[2.859s] -- Installing: /home/darsh/ros3/install/ur5_gripper_description/share/ur5_gripper_description/meshes/ur10e/visual/forearm.dae
[2.860s] -- Installing: /home/darsh/ros3/install/ur5_gripper_description/share/ur5_gripper_description/meshes/ur10e/visual/base.dae
[2.860s] -- Installing: /home/darsh/ros3/install/ur5_gripper_description/share/ur5_gripper_description/meshes/ur10e/visual/wrist1.dae
[2.861s] -- Installing: /home/darsh/ros3/install/ur5_gripper_description/share/ur5_gripper_description/meshes/ur10e/visual/wrist2.dae
[2.862s] -- Installing: /home/darsh/ros3/install/ur5_gripper_description/share/ur5_gripper_description/meshes/ur5e
[2.863s] -- Installing: /home/darsh/ros3/install/ur5_gripper_description/share/ur5_gripper_description/meshes/ur5e/collision
[2.863s] -- Installing: /home/darsh/ros3/install/ur5_gripper_description/share/ur5_gripper_description/meshes/ur5e/collision/forearm.stl
[2.863s] -- Installing: /home/darsh/ros3/install/ur5_gripper_description/share/ur5_gripper_description/meshes/ur5e/collision/upperarm.stl
[2.864s] -- Installing: /home/darsh/ros3/install/ur5_gripper_description/share/ur5_gripper_description/meshes/ur5e/collision/base.stl
[2.864s] -- Installing: /home/darsh/ros3/install/ur5_gripper_description/share/ur5_gripper_description/meshes/ur5e/collision/shoulder.stl
[2.864s] -- Installing: /home/darsh/ros3/install/ur5_gripper_description/share/ur5_gripper_description/meshes/ur5e/collision/wrist3.stl
[2.864s] -- Installing: /home/darsh/ros3/install/ur5_gripper_description/share/ur5_gripper_description/meshes/ur5e/collision/wrist1.stl
[2.864s] -- Installing: /home/darsh/ros3/install/ur5_gripper_description/share/ur5_gripper_description/meshes/ur5e/collision/wrist2.stl
[2.864s] -- Installing: /home/darsh/ros3/install/ur5_gripper_description/share/ur5_gripper_description/meshes/ur5e/visual
[2.865s] -- Installing: /home/darsh/ros3/install/ur5_gripper_description/share/ur5_gripper_description/meshes/ur5e/visual/wrist3.dae
[2.865s] -- Installing: /home/darsh/ros3/install/ur5_gripper_description/share/ur5_gripper_description/meshes/ur5e/visual/shoulder.dae
[2.866s] -- Installing: /home/darsh/ros3/install/ur5_gripper_description/share/ur5_gripper_description/meshes/ur5e/visual/upperarm.dae
[2.868s] -- Installing: /home/darsh/ros3/install/ur5_gripper_description/share/ur5_gripper_description/meshes/ur5e/visual/forearm.dae
[2.869s] -- Installing: /home/darsh/ros3/install/ur5_gripper_description/share/ur5_gripper_description/meshes/ur5e/visual/base.dae
[2.869s] -- Installing: /home/darsh/ros3/install/ur5_gripper_description/share/ur5_gripper_description/meshes/ur5e/visual/wrist1.dae
[2.871s] -- Installing: /home/darsh/ros3/install/ur5_gripper_description/share/ur5_gripper_description/meshes/ur5e/visual/wrist2.dae
[2.872s] -- Installing: /home/darsh/ros3/install/ur5_gripper_description/share/ur5_gripper_description/meshes/ur3
[2.872s] -- Installing: /home/darsh/ros3/install/ur5_gripper_description/share/ur5_gripper_description/meshes/ur3/collision
[2.872s] -- Installing: /home/darsh/ros3/install/ur5_gripper_description/share/ur5_gripper_description/meshes/ur3/collision/forearm.stl
[2.873s] -- Installing: /home/darsh/ros3/install/ur5_gripper_description/share/ur5_gripper_description/meshes/ur3/collision/upperarm.stl
[2.873s] -- Installing: /home/darsh/ros3/install/ur5_gripper_description/share/ur5_gripper_description/meshes/ur3/collision/base.stl
[2.873s] -- Installing: /home/darsh/ros3/install/ur5_gripper_description/share/ur5_gripper_description/meshes/ur3/collision/shoulder.stl
[2.874s] -- Installing: /home/darsh/ros3/install/ur5_gripper_description/share/ur5_gripper_description/meshes/ur3/collision/wrist3.stl
[2.874s] -- Installing: /home/darsh/ros3/install/ur5_gripper_description/share/ur5_gripper_description/meshes/ur3/collision/wrist1.stl
[2.875s] -- Installing: /home/darsh/ros3/install/ur5_gripper_description/share/ur5_gripper_description/meshes/ur3/collision/wrist2.stl
[2.875s] -- Installing: /home/darsh/ros3/install/ur5_gripper_description/share/ur5_gripper_description/meshes/ur3/visual
[2.875s] -- Installing: /home/darsh/ros3/install/ur5_gripper_description/share/ur5_gripper_description/meshes/ur3/visual/wrist3.dae
[2.875s] -- Installing: /home/darsh/ros3/install/ur5_gripper_description/share/ur5_gripper_description/meshes/ur3/visual/shoulder.dae
[2.876s] -- Installing: /home/darsh/ros3/install/ur5_gripper_description/share/ur5_gripper_description/meshes/ur3/visual/upperarm.dae
[2.878s] -- Installing: /home/darsh/ros3/install/ur5_gripper_description/share/ur5_gripper_description/meshes/ur3/visual/forearm.dae
[2.878s] -- Installing: /home/darsh/ros3/install/ur5_gripper_description/share/ur5_gripper_description/meshes/ur3/visual/base.dae
[2.879s] -- Installing: /home/darsh/ros3/install/ur5_gripper_description/share/ur5_gripper_description/meshes/ur3/visual/wrist1.dae
[2.880s] -- Installing: /home/darsh/ros3/install/ur5_gripper_description/share/ur5_gripper_description/meshes/ur3/visual/wrist2.dae
[2.880s] -- Installing: /home/darsh/ros3/install/ur5_gripper_description/share/ur5_gripper_description/meshes/ur3e
[2.881s] -- Installing: /home/darsh/ros3/install/ur5_gripper_description/share/ur5_gripper_description/meshes/ur3e/collision
[2.881s] -- Installing: /home/darsh/ros3/install/ur5_gripper_description/share/ur5_gripper_description/meshes/ur3e/collision/forearm.stl
[2.881s] -- Installing: /home/darsh/ros3/install/ur5_gripper_description/share/ur5_gripper_description/meshes/ur3e/collision/upperarm.stl
[2.881s] -- Installing: /home/darsh/ros3/install/ur5_gripper_description/share/ur5_gripper_description/meshes/ur3e/collision/base.stl
[2.882s] -- Installing: /home/darsh/ros3/install/ur5_gripper_description/share/ur5_gripper_description/meshes/ur3e/collision/shoulder.stl
[2.882s] -- Installing: /home/darsh/ros3/install/ur5_gripper_description/share/ur5_gripper_description/meshes/ur3e/collision/wrist3.stl
[2.882s] -- Installing: /home/darsh/ros3/install/ur5_gripper_description/share/ur5_gripper_description/meshes/ur3e/collision/wrist1.stl
[2.882s] -- Installing: /home/darsh/ros3/install/ur5_gripper_description/share/ur5_gripper_description/meshes/ur3e/collision/wrist2.stl
[2.882s] -- Installing: /home/darsh/ros3/install/ur5_gripper_description/share/ur5_gripper_description/meshes/ur3e/visual
[2.883s] -- Installing: /home/darsh/ros3/install/ur5_gripper_description/share/ur5_gripper_description/meshes/ur3e/visual/wrist3.dae
[2.883s] -- Installing: /home/darsh/ros3/install/ur5_gripper_description/share/ur5_gripper_description/meshes/ur3e/visual/shoulder.dae
[2.884s] -- Installing: /home/darsh/ros3/install/ur5_gripper_description/share/ur5_gripper_description/meshes/ur3e/visual/upperarm.dae
[2.887s] -- Installing: /home/darsh/ros3/install/ur5_gripper_description/share/ur5_gripper_description/meshes/ur3e/visual/forearm.dae
[2.888s] -- Installing: /home/darsh/ros3/install/ur5_gripper_description/share/ur5_gripper_description/meshes/ur3e/visual/base.dae
[2.888s] -- Installing: /home/darsh/ros3/install/ur5_gripper_description/share/ur5_gripper_description/meshes/ur3e/visual/wrist1.dae
[2.889s] -- Installing: /home/darsh/ros3/install/ur5_gripper_description/share/ur5_gripper_description/meshes/ur3e/visual/wrist2.dae
[2.891s] -- Installing: /home/darsh/ros3/install/ur5_gripper_description/share/ur5_gripper_description/meshes/robotiq_85_coupler.stl
[2.891s] -- Installing: /home/darsh/ros3/install/ur5_gripper_description/share/ur5_gripper_description/meshes/ur10
[2.891s] -- Installing: /home/darsh/ros3/install/ur5_gripper_description/share/ur5_gripper_description/meshes/ur10/collision
[2.892s] -- Installing: /home/darsh/ros3/install/ur5_gripper_description/share/ur5_gripper_description/meshes/ur10/collision/forearm.stl
[2.892s] -- Installing: /home/darsh/ros3/install/ur5_gripper_description/share/ur5_gripper_description/meshes/ur10/collision/upperarm.stl
[2.892s] -- Installing: /home/darsh/ros3/install/ur5_gripper_description/share/ur5_gripper_description/meshes/ur10/collision/base.stl
[2.892s] -- Installing: /home/darsh/ros3/install/ur5_gripper_description/share/ur5_gripper_description/meshes/ur10/collision/shoulder.stl
[2.893s] -- Installing: /home/darsh/ros3/install/ur5_gripper_description/share/ur5_gripper_description/meshes/ur10/collision/wrist3.stl
[2.893s] -- Installing: /home/darsh/ros3/install/ur5_gripper_description/share/ur5_gripper_description/meshes/ur10/collision/wrist1.stl
[2.893s] -- Installing: /home/darsh/ros3/install/ur5_gripper_description/share/ur5_gripper_description/meshes/ur10/collision/wrist2.stl
[2.893s] -- Installing: /home/darsh/ros3/install/ur5_gripper_description/share/ur5_gripper_description/meshes/ur10/visual
[2.893s] -- Installing: /home/darsh/ros3/install/ur5_gripper_description/share/ur5_gripper_description/meshes/ur10/visual/wrist3.dae
[2.893s] -- Installing: /home/darsh/ros3/install/ur5_gripper_description/share/ur5_gripper_description/meshes/ur10/visual/shoulder.dae
[2.894s] -- Installing: /home/darsh/ros3/install/ur5_gripper_description/share/ur5_gripper_description/meshes/ur10/visual/upperarm.dae
[2.895s] -- Installing: /home/darsh/ros3/install/ur5_gripper_description/share/ur5_gripper_description/meshes/ur10/visual/forearm.dae
[2.897s] -- Installing: /home/darsh/ros3/install/ur5_gripper_description/share/ur5_gripper_description/meshes/ur10/visual/base.dae
[2.897s] -- Installing: /home/darsh/ros3/install/ur5_gripper_description/share/ur5_gripper_description/meshes/ur10/visual/wrist1.dae
[2.899s] -- Installing: /home/darsh/ros3/install/ur5_gripper_description/share/ur5_gripper_description/meshes/ur10/visual/wrist2.dae
[2.901s] -- Installing: /home/darsh/ros3/install/ur5_gripper_description/share/ur5_gripper_description/meshes/ur16e
[2.901s] -- Installing: /home/darsh/ros3/install/ur5_gripper_description/share/ur5_gripper_description/meshes/ur16e/collision
[2.901s] -- Installing: /home/darsh/ros3/install/ur5_gripper_description/share/ur5_gripper_description/meshes/ur16e/collision/forearm.stl
[2.902s] -- Installing: /home/darsh/ros3/install/ur5_gripper_description/share/ur5_gripper_description/meshes/ur16e/collision/upperarm.stl
[2.902s] -- Installing: /home/darsh/ros3/install/ur5_gripper_description/share/ur5_gripper_description/meshes/ur16e/visual
[2.902s] -- Installing: /home/darsh/ros3/install/ur5_gripper_description/share/ur5_gripper_description/meshes/ur16e/visual/upperarm.dae
[2.904s] -- Installing: /home/darsh/ros3/install/ur5_gripper_description/share/ur5_gripper_description/meshes/ur16e/visual/forearm.dae
[2.906s] -- Installing: /home/darsh/ros3/install/ur5_gripper_description/share/ur5_gripper_description/rviz
[2.906s] -- Installing: /home/darsh/ros3/install/ur5_gripper_description/share/ur5_gripper_description/rviz/view_robot.rviz
[2.906s] -- Installing: /home/darsh/ros3/install/ur5_gripper_description/share/ur5_gripper_description/urdf
[2.906s] -- Installing: /home/darsh/ros3/install/ur5_gripper_description/share/ur5_gripper_description/urdf/inc
[2.906s] -- Installing: /home/darsh/ros3/install/ur5_gripper_description/share/ur5_gripper_description/urdf/inc/ur_common.xacro
[2.907s] -- Installing: /home/darsh/ros3/install/ur5_gripper_description/share/ur5_gripper_description/urdf/inc/ur_transmissions.xacro
[2.907s] -- Installing: /home/darsh/ros3/install/ur5_gripper_description/share/ur5_gripper_description/urdf/ur.ros2_control.xacro
[2.907s] -- Installing: /home/darsh/ros3/install/ur5_gripper_description/share/ur5_gripper_description/urdf/ur_macro.xacro
[2.908s] -- Installing: /home/darsh/ros3/install/ur5_gripper_description/share/ur5_gripper_description/urdf/ur5_robotiq85_gripper.urdf.xacro
[2.909s] -- Installing: /home/darsh/ros3/install/ur5_gripper_description/share/ur5_gripper_description/urdf/ur.urdf.xacro
[2.910s] -- Installing: /home/darsh/ros3/install/ur5_gripper_description/share/ament_index/resource_index/package_run_dependencies/ur5_gripper_description
[2.910s] -- Installing: /home/darsh/ros3/install/ur5_gripper_description/share/ament_index/resource_index/parent_prefix_path/ur5_gripper_description
[2.910s] -- Installing: /home/darsh/ros3/install/ur5_gripper_description/share/ur5_gripper_description/environment/ament_prefix_path.sh
[2.911s] -- Installing: /home/darsh/ros3/install/ur5_gripper_description/share/ur5_gripper_description/environment/ament_prefix_path.dsv
[2.911s] -- Installing: /home/darsh/ros3/install/ur5_gripper_description/share/ur5_gripper_description/environment/path.sh
[2.911s] -- Installing: /home/darsh/ros3/install/ur5_gripper_description/share/ur5_gripper_description/environment/path.dsv
[2.912s] -- Installing: /home/darsh/ros3/install/ur5_gripper_description/share/ur5_gripper_description/local_setup.bash
[2.912s] -- Installing: /home/darsh/ros3/install/ur5_gripper_description/share/ur5_gripper_description/local_setup.sh
[2.912s] -- Installing: /home/darsh/ros3/install/ur5_gripper_description/share/ur5_gripper_description/local_setup.zsh
[2.912s] -- Installing: /home/darsh/ros3/install/ur5_gripper_description/share/ur5_gripper_description/local_setup.dsv
[2.912s] -- Installing: /home/darsh/ros3/install/ur5_gripper_description/share/ur5_gripper_description/package.dsv
[2.912s] -- Installing: /home/darsh/ros3/install/ur5_gripper_description/share/ament_index/resource_index/packages/ur5_gripper_description
[2.912s] -- Installing: /home/darsh/ros3/install/ur5_gripper_description/share/ur5_gripper_description/cmake/ur5_gripper_descriptionConfig.cmake
[2.913s] -- Installing: /home/darsh/ros3/install/ur5_gripper_description/share/ur5_gripper_description/cmake/ur5_gripper_descriptionConfig-version.cmake
[2.913s] -- Installing: /home/darsh/ros3/install/ur5_gripper_description/share/ur5_gripper_description/package.xml
[2.915s] Invoked command in '/home/darsh/ros3/build/ur5_gripper_description' returned '0': AMENT_PREFIX_PATH=/home/darsh/ros3/install/robotiq_description:${AMENT_PREFIX_PATH} CMAKE_PREFIX_PATH=/home/darsh/ros3/install/robotiq_description:/opt/ros/jazzy/opt/gz_sim_vendor:/opt/ros/jazzy/opt/gz_sensors_vendor:/opt/ros/jazzy/opt/gz_physics_vendor:/opt/ros/jazzy/opt/sdformat_vendor:/opt/ros/jazzy/opt/gz_gui_vendor:/opt/ros/jazzy/opt/gz_transport_vendor:/opt/ros/jazzy/opt/gz_rendering_vendor:/opt/ros/jazzy/opt/gz_plugin_vendor:/opt/ros/jazzy/opt/gz_fuel_tools_vendor:/opt/ros/jazzy/opt/gz_msgs_vendor:/opt/ros/jazzy/opt/gz_common_vendor:/opt/ros/jazzy/opt/gz_math_vendor:/opt/ros/jazzy/opt/gz_utils_vendor:/opt/ros/jazzy/opt/gz_tools_vendor:/opt/ros/jazzy/opt/gz_ogre_next_vendor:/opt/ros/jazzy/opt/gz_dartsim_vendor:/opt/ros/jazzy/opt/gz_cmake_vendor:/opt/ros/jazzy /usr/bin/cmake --install /home/darsh/ros3/build/ur5_gripper_description
