[0.930s] DEBUG:colcon:Command line arguments: ['/usr/bin/colcon', 'build']
[0.930s] DEBUG:colcon:Parsed command line arguments: Namespace(log_base=None, log_level=None, verb_name='build', build_base='build', install_base='install', merge_install=False, symlink_install=False, test_result_base=None, continue_on_error=False, executor='parallel', parallel_workers=16, event_handlers=None, ignore_user_meta=False, metas=['./colcon.meta'], base_paths=['.'], packages_ignore=None, packages_ignore_regex=None, paths=None, packages_up_to=None, packages_up_to_regex=None, packages_above=None, packages_above_and_dependencies=None, packages_above_depth=None, packages_select_by_dep=None, packages_skip_by_dep=None, packages_skip_up_to=None, packages_select_build_failed=False, packages_skip_build_finished=False, packages_select_test_failures=False, packages_skip_test_passed=False, packages_select=None, packages_skip=None, packages_select_regex=None, packages_skip_regex=None, packages_start=None, packages_end=None, allow_overriding=[], cmake_args=None, cmake_target=None, cmake_target_skip_unavailable=False, cmake_clean_cache=False, cmake_clean_first=False, cmake_force_configure=False, ament_cmake_args=None, catkin_cmake_args=None, catkin_skip_building_tests=False, verb_parser=<colcon_defaults.argument_parser.defaults.DefaultArgumentsDecorator object at 0x7f66b7e6eab0>, verb_extension=<colcon_core.verb.build.BuildVerb object at 0x7f66b7e108f0>, main=<bound method BuildVerb.main of <colcon_core.verb.build.BuildVerb object at 0x7f66b7e108f0>>)
[0.990s] Level 1:colcon.colcon_core.package_discovery:discover_packages(colcon_meta) check parameters
[0.990s] Level 1:colcon.colcon_core.package_discovery:discover_packages(recursive) check parameters
[0.990s] Level 1:colcon.colcon_core.package_discovery:discover_packages(ignore) check parameters
[0.990s] Level 1:colcon.colcon_core.package_discovery:discover_packages(path) check parameters
[0.990s] Level 1:colcon.colcon_core.package_discovery:discover_packages(colcon_meta) discover
[0.990s] Level 1:colcon.colcon_core.package_discovery:discover_packages(recursive) discover
[0.990s] INFO:colcon.colcon_core.package_discovery:Crawling recursively for packages in '/home/darsh/ros3'
[0.991s] Level 1:colcon.colcon_core.package_identification:_identify(.) by extensions ['ignore', 'ignore_ament_install']
[0.991s] Level 1:colcon.colcon_core.package_identification:_identify(.) by extension 'ignore'
[0.991s] Level 1:colcon.colcon_core.package_identification:_identify(.) by extension 'ignore_ament_install'
[0.991s] Level 1:colcon.colcon_core.package_identification:_identify(.) by extensions ['colcon_pkg']
[0.991s] Level 1:colcon.colcon_core.package_identification:_identify(.) by extension 'colcon_pkg'
[0.991s] Level 1:colcon.colcon_core.package_identification:_identify(.) by extensions ['colcon_meta']
[0.991s] Level 1:colcon.colcon_core.package_identification:_identify(.) by extension 'colcon_meta'
[0.991s] Level 1:colcon.colcon_core.package_identification:_identify(.) by extensions ['ros']
[0.991s] Level 1:colcon.colcon_core.package_identification:_identify(.) by extension 'ros'
[1.040s] Level 1:colcon.colcon_core.package_identification:_identify(.) by extensions ['cmake', 'python']
[1.040s] Level 1:colcon.colcon_core.package_identification:_identify(.) by extension 'cmake'
[1.040s] Level 1:colcon.colcon_core.package_identification:_identify(.) by extension 'python'
[1.040s] Level 1:colcon.colcon_core.package_identification:_identify(.) by extensions ['python_setup_py']
[1.040s] Level 1:colcon.colcon_core.package_identification:_identify(.) by extension 'python_setup_py'
[1.040s] Level 1:colcon.colcon_core.package_identification:_identify(ROS2_pick_and_place_UR5) by extensions ['ignore', 'ignore_ament_install']
[1.040s] Level 1:colcon.colcon_core.package_identification:_identify(ROS2_pick_and_place_UR5) by extension 'ignore'
[1.040s] Level 1:colcon.colcon_core.package_identification:_identify(ROS2_pick_and_place_UR5) by extension 'ignore_ament_install'
[1.040s] Level 1:colcon.colcon_core.package_identification:_identify(ROS2_pick_and_place_UR5) by extensions ['colcon_pkg']
[1.040s] Level 1:colcon.colcon_core.package_identification:_identify(ROS2_pick_and_place_UR5) by extension 'colcon_pkg'
[1.040s] Level 1:colcon.colcon_core.package_identification:_identify(ROS2_pick_and_place_UR5) by extensions ['colcon_meta']
[1.041s] Level 1:colcon.colcon_core.package_identification:_identify(ROS2_pick_and_place_UR5) by extension 'colcon_meta'
[1.041s] Level 1:colcon.colcon_core.package_identification:_identify(ROS2_pick_and_place_UR5) by extensions ['ros']
[1.041s] Level 1:colcon.colcon_core.package_identification:_identify(ROS2_pick_and_place_UR5) by extension 'ros'
[1.041s] Level 1:colcon.colcon_core.package_identification:_identify(ROS2_pick_and_place_UR5) by extensions ['cmake', 'python']
[1.041s] Level 1:colcon.colcon_core.package_identification:_identify(ROS2_pick_and_place_UR5) by extension 'cmake'
[1.041s] Level 1:colcon.colcon_core.package_identification:_identify(ROS2_pick_and_place_UR5) by extension 'python'
[1.041s] Level 1:colcon.colcon_core.package_identification:_identify(ROS2_pick_and_place_UR5) by extensions ['python_setup_py']
[1.041s] Level 1:colcon.colcon_core.package_identification:_identify(ROS2_pick_and_place_UR5) by extension 'python_setup_py'
[1.041s] Level 1:colcon.colcon_core.package_identification:_identify(ROS2_pick_and_place_UR5/build) by extensions ['ignore', 'ignore_ament_install']
[1.041s] Level 1:colcon.colcon_core.package_identification:_identify(ROS2_pick_and_place_UR5/build) by extension 'ignore'
[1.041s] Level 1:colcon.colcon_core.package_identification:_identify(ROS2_pick_and_place_UR5/build) ignored
[1.041s] Level 1:colcon.colcon_core.package_identification:_identify(ROS2_pick_and_place_UR5/install) by extensions ['ignore', 'ignore_ament_install']
[1.042s] Level 1:colcon.colcon_core.package_identification:_identify(ROS2_pick_and_place_UR5/install) by extension 'ignore'
[1.042s] Level 1:colcon.colcon_core.package_identification:_identify(ROS2_pick_and_place_UR5/install) ignored
[1.042s] Level 1:colcon.colcon_core.package_identification:_identify(ROS2_pick_and_place_UR5/log) by extensions ['ignore', 'ignore_ament_install']
[1.042s] Level 1:colcon.colcon_core.package_identification:_identify(ROS2_pick_and_place_UR5/log) by extension 'ignore'
[1.042s] Level 1:colcon.colcon_core.package_identification:_identify(ROS2_pick_and_place_UR5/log) ignored
[1.042s] Level 1:colcon.colcon_core.package_identification:_identify(ROS2_pick_and_place_UR5/robotiq_description) by extensions ['ignore', 'ignore_ament_install']
[1.042s] Level 1:colcon.colcon_core.package_identification:_identify(ROS2_pick_and_place_UR5/robotiq_description) by extension 'ignore'
[1.042s] Level 1:colcon.colcon_core.package_identification:_identify(ROS2_pick_and_place_UR5/robotiq_description) by extension 'ignore_ament_install'
[1.042s] Level 1:colcon.colcon_core.package_identification:_identify(ROS2_pick_and_place_UR5/robotiq_description) by extensions ['colcon_pkg']
[1.042s] Level 1:colcon.colcon_core.package_identification:_identify(ROS2_pick_and_place_UR5/robotiq_description) by extension 'colcon_pkg'
[1.042s] Level 1:colcon.colcon_core.package_identification:_identify(ROS2_pick_and_place_UR5/robotiq_description) by extensions ['colcon_meta']
[1.042s] Level 1:colcon.colcon_core.package_identification:_identify(ROS2_pick_and_place_UR5/robotiq_description) by extension 'colcon_meta'
[1.043s] Level 1:colcon.colcon_core.package_identification:_identify(ROS2_pick_and_place_UR5/robotiq_description) by extensions ['ros']
[1.043s] Level 1:colcon.colcon_core.package_identification:_identify(ROS2_pick_and_place_UR5/robotiq_description) by extension 'ros'
[1.049s] DEBUG:colcon.colcon_core.package_identification:Package 'ROS2_pick_and_place_UR5/robotiq_description' with type 'ros.ament_cmake' and name 'robotiq_description'
[1.049s] Level 1:colcon.colcon_core.package_identification:_identify(ROS2_pick_and_place_UR5/ur5_gripper_description) by extensions ['ignore', 'ignore_ament_install']
[1.049s] Level 1:colcon.colcon_core.package_identification:_identify(ROS2_pick_and_place_UR5/ur5_gripper_description) by extension 'ignore'
[1.050s] Level 1:colcon.colcon_core.package_identification:_identify(ROS2_pick_and_place_UR5/ur5_gripper_description) by extension 'ignore_ament_install'
[1.050s] Level 1:colcon.colcon_core.package_identification:_identify(ROS2_pick_and_place_UR5/ur5_gripper_description) by extensions ['colcon_pkg']
[1.050s] Level 1:colcon.colcon_core.package_identification:_identify(ROS2_pick_and_place_UR5/ur5_gripper_description) by extension 'colcon_pkg'
[1.050s] Level 1:colcon.colcon_core.package_identification:_identify(ROS2_pick_and_place_UR5/ur5_gripper_description) by extensions ['colcon_meta']
[1.050s] Level 1:colcon.colcon_core.package_identification:_identify(ROS2_pick_and_place_UR5/ur5_gripper_description) by extension 'colcon_meta'
[1.050s] Level 1:colcon.colcon_core.package_identification:_identify(ROS2_pick_and_place_UR5/ur5_gripper_description) by extensions ['ros']
[1.050s] Level 1:colcon.colcon_core.package_identification:_identify(ROS2_pick_and_place_UR5/ur5_gripper_description) by extension 'ros'
[1.051s] DEBUG:colcon.colcon_core.package_identification:Package 'ROS2_pick_and_place_UR5/ur5_gripper_description' with type 'ros.ament_cmake' and name 'ur5_gripper_description'
[1.051s] Level 1:colcon.colcon_core.package_identification:_identify(ROS2_pick_and_place_UR5/ur5_gripper_moveit_config) by extensions ['ignore', 'ignore_ament_install']
[1.051s] Level 1:colcon.colcon_core.package_identification:_identify(ROS2_pick_and_place_UR5/ur5_gripper_moveit_config) by extension 'ignore'
[1.051s] Level 1:colcon.colcon_core.package_identification:_identify(ROS2_pick_and_place_UR5/ur5_gripper_moveit_config) by extension 'ignore_ament_install'
[1.051s] Level 1:colcon.colcon_core.package_identification:_identify(ROS2_pick_and_place_UR5/ur5_gripper_moveit_config) by extensions ['colcon_pkg']
[1.051s] Level 1:colcon.colcon_core.package_identification:_identify(ROS2_pick_and_place_UR5/ur5_gripper_moveit_config) by extension 'colcon_pkg'
[1.051s] Level 1:colcon.colcon_core.package_identification:_identify(ROS2_pick_and_place_UR5/ur5_gripper_moveit_config) by extensions ['colcon_meta']
[1.051s] Level 1:colcon.colcon_core.package_identification:_identify(ROS2_pick_and_place_UR5/ur5_gripper_moveit_config) by extension 'colcon_meta'
[1.051s] Level 1:colcon.colcon_core.package_identification:_identify(ROS2_pick_and_place_UR5/ur5_gripper_moveit_config) by extensions ['ros']
[1.051s] Level 1:colcon.colcon_core.package_identification:_identify(ROS2_pick_and_place_UR5/ur5_gripper_moveit_config) by extension 'ros'
[1.052s] DEBUG:colcon.colcon_core.package_identification:Package 'ROS2_pick_and_place_UR5/ur5_gripper_moveit_config' with type 'ros.ament_cmake' and name 'ur5_gripper_moveit_config'
[1.052s] Level 1:colcon.colcon_core.package_identification:_identify(build) by extensions ['ignore', 'ignore_ament_install']
[1.052s] Level 1:colcon.colcon_core.package_identification:_identify(build) by extension 'ignore'
[1.052s] Level 1:colcon.colcon_core.package_identification:_identify(build) ignored
[1.053s] Level 1:colcon.colcon_core.package_identification:_identify(install) by extensions ['ignore', 'ignore_ament_install']
[1.053s] Level 1:colcon.colcon_core.package_identification:_identify(install) by extension 'ignore'
[1.053s] Level 1:colcon.colcon_core.package_identification:_identify(install) ignored
[1.053s] Level 1:colcon.colcon_core.package_identification:_identify(log) by extensions ['ignore', 'ignore_ament_install']
[1.053s] Level 1:colcon.colcon_core.package_identification:_identify(log) by extension 'ignore'
[1.053s] Level 1:colcon.colcon_core.package_identification:_identify(log) ignored
[1.053s] Level 1:colcon.colcon_core.package_discovery:discover_packages(recursive) using defaults
[1.053s] Level 1:colcon.colcon_core.package_discovery:discover_packages(ignore) discover
[1.053s] Level 1:colcon.colcon_core.package_discovery:discover_packages(ignore) using defaults
[1.053s] Level 1:colcon.colcon_core.package_discovery:discover_packages(path) discover
[1.053s] Level 1:colcon.colcon_core.package_discovery:discover_packages(path) using defaults
[1.101s] Level 1:colcon.colcon_core.package_discovery:discover_packages(prefix_path) check parameters
[1.101s] Level 1:colcon.colcon_core.package_discovery:discover_packages(prefix_path) discover
[1.108s] DEBUG:colcon.colcon_installed_package_information.package_discovery:Found 432 installed packages in /opt/ros/jazzy
[1.110s] Level 1:colcon.colcon_core.package_discovery:discover_packages(prefix_path) using defaults
[1.180s] Level 5:colcon.colcon_core.verb:set package 'robotiq_description' build argument 'cmake_args' from command line to 'None'
[1.180s] Level 5:colcon.colcon_core.verb:set package 'robotiq_description' build argument 'cmake_target' from command line to 'None'
[1.180s] Level 5:colcon.colcon_core.verb:set package 'robotiq_description' build argument 'cmake_target_skip_unavailable' from command line to 'False'
[1.180s] Level 5:colcon.colcon_core.verb:set package 'robotiq_description' build argument 'cmake_clean_cache' from command line to 'False'
[1.180s] Level 5:colcon.colcon_core.verb:set package 'robotiq_description' build argument 'cmake_clean_first' from command line to 'False'
[1.180s] Level 5:colcon.colcon_core.verb:set package 'robotiq_description' build argument 'cmake_force_configure' from command line to 'False'
[1.180s] Level 5:colcon.colcon_core.verb:set package 'robotiq_description' build argument 'ament_cmake_args' from command line to 'None'
[1.180s] Level 5:colcon.colcon_core.verb:set package 'robotiq_description' build argument 'catkin_cmake_args' from command line to 'None'
[1.180s] Level 5:colcon.colcon_core.verb:set package 'robotiq_description' build argument 'catkin_skip_building_tests' from command line to 'False'
[1.180s] DEBUG:colcon.colcon_core.verb:Building package 'robotiq_description' with the following arguments: {'ament_cmake_args': None, 'build_base': '/home/darsh/ros3/build/robotiq_description', 'catkin_cmake_args': None, 'catkin_skip_building_tests': False, 'cmake_args': None, 'cmake_clean_cache': False, 'cmake_clean_first': False, 'cmake_force_configure': False, 'cmake_target': None, 'cmake_target_skip_unavailable': False, 'install_base': '/home/darsh/ros3/install/robotiq_description', 'merge_install': False, 'path': '/home/darsh/ros3/ROS2_pick_and_place_UR5/robotiq_description', 'symlink_install': False, 'test_result_base': None}
[1.181s] Level 5:colcon.colcon_core.verb:set package 'ur5_gripper_description' build argument 'cmake_args' from command line to 'None'
[1.181s] Level 5:colcon.colcon_core.verb:set package 'ur5_gripper_description' build argument 'cmake_target' from command line to 'None'
[1.181s] Level 5:colcon.colcon_core.verb:set package 'ur5_gripper_description' build argument 'cmake_target_skip_unavailable' from command line to 'False'
[1.181s] Level 5:colcon.colcon_core.verb:set package 'ur5_gripper_description' build argument 'cmake_clean_cache' from command line to 'False'
[1.181s] Level 5:colcon.colcon_core.verb:set package 'ur5_gripper_description' build argument 'cmake_clean_first' from command line to 'False'
[1.181s] Level 5:colcon.colcon_core.verb:set package 'ur5_gripper_description' build argument 'cmake_force_configure' from command line to 'False'
[1.181s] Level 5:colcon.colcon_core.verb:set package 'ur5_gripper_description' build argument 'ament_cmake_args' from command line to 'None'
[1.181s] Level 5:colcon.colcon_core.verb:set package 'ur5_gripper_description' build argument 'catkin_cmake_args' from command line to 'None'
[1.181s] Level 5:colcon.colcon_core.verb:set package 'ur5_gripper_description' build argument 'catkin_skip_building_tests' from command line to 'False'
[1.181s] DEBUG:colcon.colcon_core.verb:Building package 'ur5_gripper_description' with the following arguments: {'ament_cmake_args': None, 'build_base': '/home/darsh/ros3/build/ur5_gripper_description', 'catkin_cmake_args': None, 'catkin_skip_building_tests': False, 'cmake_args': None, 'cmake_clean_cache': False, 'cmake_clean_first': False, 'cmake_force_configure': False, 'cmake_target': None, 'cmake_target_skip_unavailable': False, 'install_base': '/home/darsh/ros3/install/ur5_gripper_description', 'merge_install': False, 'path': '/home/darsh/ros3/ROS2_pick_and_place_UR5/ur5_gripper_description', 'symlink_install': False, 'test_result_base': None}
[1.181s] Level 5:colcon.colcon_core.verb:set package 'ur5_gripper_moveit_config' build argument 'cmake_args' from command line to 'None'
[1.181s] Level 5:colcon.colcon_core.verb:set package 'ur5_gripper_moveit_config' build argument 'cmake_target' from command line to 'None'
[1.181s] Level 5:colcon.colcon_core.verb:set package 'ur5_gripper_moveit_config' build argument 'cmake_target_skip_unavailable' from command line to 'False'
[1.181s] Level 5:colcon.colcon_core.verb:set package 'ur5_gripper_moveit_config' build argument 'cmake_clean_cache' from command line to 'False'
[1.181s] Level 5:colcon.colcon_core.verb:set package 'ur5_gripper_moveit_config' build argument 'cmake_clean_first' from command line to 'False'
[1.181s] Level 5:colcon.colcon_core.verb:set package 'ur5_gripper_moveit_config' build argument 'cmake_force_configure' from command line to 'False'
[1.181s] Level 5:colcon.colcon_core.verb:set package 'ur5_gripper_moveit_config' build argument 'ament_cmake_args' from command line to 'None'
[1.181s] Level 5:colcon.colcon_core.verb:set package 'ur5_gripper_moveit_config' build argument 'catkin_cmake_args' from command line to 'None'
[1.182s] Level 5:colcon.colcon_core.verb:set package 'ur5_gripper_moveit_config' build argument 'catkin_skip_building_tests' from command line to 'False'
[1.182s] DEBUG:colcon.colcon_core.verb:Building package 'ur5_gripper_moveit_config' with the following arguments: {'ament_cmake_args': None, 'build_base': '/home/darsh/ros3/build/ur5_gripper_moveit_config', 'catkin_cmake_args': None, 'catkin_skip_building_tests': False, 'cmake_args': None, 'cmake_clean_cache': False, 'cmake_clean_first': False, 'cmake_force_configure': False, 'cmake_target': None, 'cmake_target_skip_unavailable': False, 'install_base': '/home/darsh/ros3/install/ur5_gripper_moveit_config', 'merge_install': False, 'path': '/home/darsh/ros3/ROS2_pick_and_place_UR5/ur5_gripper_moveit_config', 'symlink_install': False, 'test_result_base': None}
[1.182s] INFO:colcon.colcon_core.executor:Executing jobs using 'parallel' executor
[1.183s] DEBUG:colcon.colcon_parallel_executor.executor.parallel:run_until_complete
[1.183s] INFO:colcon.colcon_ros.task.ament_cmake.build:Building ROS package in '/home/darsh/ros3/ROS2_pick_and_place_UR5/robotiq_description' with build type 'ament_cmake'
[1.183s] INFO:colcon.colcon_cmake.task.cmake.build:Building CMake package in '/home/darsh/ros3/ROS2_pick_and_place_UR5/robotiq_description'
[1.197s] INFO:colcon.colcon_core.plugin_system:Skipping extension 'colcon_core.shell.bat': Not used on non-Windows systems
[1.197s] INFO:colcon.colcon_core.shell:Skip shell extension 'powershell' for command environment: Not usable outside of PowerShell
[1.198s] DEBUG:colcon.colcon_core.shell:Skip shell extension 'dsv' for command environment
[1.207s] DEBUG:colcon.colcon_core.event_handler.log_command:Invoking command in '/home/darsh/ros3/build/robotiq_description': CMAKE_PREFIX_PATH=${CMAKE_PREFIX_PATH}:/opt/ros/jazzy /usr/bin/cmake /home/darsh/ros3/ROS2_pick_and_place_UR5/robotiq_description -DCMAKE_INSTALL_PREFIX=/home/darsh/ros3/install/robotiq_description
[4.078s] DEBUG:colcon.colcon_core.event_handler.log_command:Invoked command in '/home/darsh/ros3/build/robotiq_description' returned '0': CMAKE_PREFIX_PATH=${CMAKE_PREFIX_PATH}:/opt/ros/jazzy /usr/bin/cmake /home/darsh/ros3/ROS2_pick_and_place_UR5/robotiq_description -DCMAKE_INSTALL_PREFIX=/home/darsh/ros3/install/robotiq_description
[4.082s] DEBUG:colcon.colcon_core.event_handler.log_command:Invoking command in '/home/darsh/ros3/build/robotiq_description': CMAKE_PREFIX_PATH=${CMAKE_PREFIX_PATH}:/opt/ros/jazzy /usr/bin/cmake --build /home/darsh/ros3/build/robotiq_description -- -j16 -l16
[4.166s] DEBUG:colcon.colcon_core.event_handler.log_command:Invoked command in '/home/darsh/ros3/build/robotiq_description' returned '0': CMAKE_PREFIX_PATH=${CMAKE_PREFIX_PATH}:/opt/ros/jazzy /usr/bin/cmake --build /home/darsh/ros3/build/robotiq_description -- -j16 -l16
[4.193s] DEBUG:colcon.colcon_core.event_handler.log_command:Invoking command in '/home/darsh/ros3/build/robotiq_description': CMAKE_PREFIX_PATH=${CMAKE_PREFIX_PATH}:/opt/ros/jazzy /usr/bin/cmake --install /home/darsh/ros3/build/robotiq_description
[4.259s] Level 1:colcon.colcon_core.environment:create_environment_scripts_only(robotiq_description)
[4.260s] DEBUG:colcon.colcon_core.event_handler.log_command:Invoked command in '/home/darsh/ros3/build/robotiq_description' returned '0': CMAKE_PREFIX_PATH=${CMAKE_PREFIX_PATH}:/opt/ros/jazzy /usr/bin/cmake --install /home/darsh/ros3/build/robotiq_description
[4.296s] Level 1:colcon.colcon_core.environment:checking '/home/darsh/ros3/install/robotiq_description' for CMake module files
[4.298s] Level 1:colcon.colcon_core.environment:checking '/home/darsh/ros3/install/robotiq_description' for CMake config files
[4.299s] Level 1:colcon.colcon_core.shell:create_environment_hook('robotiq_description', 'cmake_prefix_path')
[4.300s] INFO:colcon.colcon_core.shell:Creating environment hook '/home/darsh/ros3/install/robotiq_description/share/robotiq_description/hook/cmake_prefix_path.ps1'
[4.305s] INFO:colcon.colcon_core.shell:Creating environment descriptor '/home/darsh/ros3/install/robotiq_description/share/robotiq_description/hook/cmake_prefix_path.dsv'
[4.308s] INFO:colcon.colcon_core.shell:Creating environment hook '/home/darsh/ros3/install/robotiq_description/share/robotiq_description/hook/cmake_prefix_path.sh'
[4.312s] Level 1:colcon.colcon_core.environment:checking '/home/darsh/ros3/install/robotiq_description/bin'
[4.312s] Level 1:colcon.colcon_core.environment:checking '/home/darsh/ros3/install/robotiq_description/lib/pkgconfig/robotiq_description.pc'
[4.313s] Level 1:colcon.colcon_core.environment:checking '/home/darsh/ros3/install/robotiq_description/lib/python3.12/site-packages'
[4.314s] Level 1:colcon.colcon_core.environment:checking '/home/darsh/ros3/install/robotiq_description/bin'
[4.315s] INFO:colcon.colcon_core.shell:Creating package script '/home/darsh/ros3/install/robotiq_description/share/robotiq_description/package.ps1'
[4.319s] INFO:colcon.colcon_core.shell:Creating package descriptor '/home/darsh/ros3/install/robotiq_description/share/robotiq_description/package.dsv'
[4.322s] INFO:colcon.colcon_core.shell:Creating package script '/home/darsh/ros3/install/robotiq_description/share/robotiq_description/package.sh'
[4.326s] INFO:colcon.colcon_core.shell:Creating package script '/home/darsh/ros3/install/robotiq_description/share/robotiq_description/package.bash'
[4.331s] INFO:colcon.colcon_core.shell:Creating package script '/home/darsh/ros3/install/robotiq_description/share/robotiq_description/package.zsh'
[4.335s] Level 1:colcon.colcon_core.environment:create_file_with_runtime_dependencies(/home/darsh/ros3/install/robotiq_description/share/colcon-core/packages/robotiq_description)
[4.338s] Level 1:colcon.colcon_core.environment:create_environment_scripts_only(robotiq_description)
[4.338s] Level 1:colcon.colcon_core.environment:checking '/home/darsh/ros3/install/robotiq_description' for CMake module files
[4.340s] Level 1:colcon.colcon_core.environment:checking '/home/darsh/ros3/install/robotiq_description' for CMake config files
[4.341s] Level 1:colcon.colcon_core.shell:create_environment_hook('robotiq_description', 'cmake_prefix_path')
[4.342s] INFO:colcon.colcon_core.shell:Creating environment hook '/home/darsh/ros3/install/robotiq_description/share/robotiq_description/hook/cmake_prefix_path.ps1'
[4.344s] INFO:colcon.colcon_core.shell:Creating environment descriptor '/home/darsh/ros3/install/robotiq_description/share/robotiq_description/hook/cmake_prefix_path.dsv'
[4.345s] INFO:colcon.colcon_core.shell:Creating environment hook '/home/darsh/ros3/install/robotiq_description/share/robotiq_description/hook/cmake_prefix_path.sh'
[4.347s] Level 1:colcon.colcon_core.environment:checking '/home/darsh/ros3/install/robotiq_description/bin'
[4.347s] Level 1:colcon.colcon_core.environment:checking '/home/darsh/ros3/install/robotiq_description/lib/pkgconfig/robotiq_description.pc'
[4.348s] Level 1:colcon.colcon_core.environment:checking '/home/darsh/ros3/install/robotiq_description/lib/python3.12/site-packages'
[4.349s] Level 1:colcon.colcon_core.environment:checking '/home/darsh/ros3/install/robotiq_description/bin'
[4.350s] INFO:colcon.colcon_core.shell:Creating package script '/home/darsh/ros3/install/robotiq_description/share/robotiq_description/package.ps1'
[4.352s] INFO:colcon.colcon_core.shell:Creating package descriptor '/home/darsh/ros3/install/robotiq_description/share/robotiq_description/package.dsv'
[4.353s] INFO:colcon.colcon_core.shell:Creating package script '/home/darsh/ros3/install/robotiq_description/share/robotiq_description/package.sh'
[4.355s] INFO:colcon.colcon_core.shell:Creating package script '/home/darsh/ros3/install/robotiq_description/share/robotiq_description/package.bash'
[4.357s] INFO:colcon.colcon_core.shell:Creating package script '/home/darsh/ros3/install/robotiq_description/share/robotiq_description/package.zsh'
[4.358s] Level 1:colcon.colcon_core.environment:create_file_with_runtime_dependencies(/home/darsh/ros3/install/robotiq_description/share/colcon-core/packages/robotiq_description)
[4.360s] INFO:colcon.colcon_ros.task.ament_cmake.build:Building ROS package in '/home/darsh/ros3/ROS2_pick_and_place_UR5/ur5_gripper_description' with build type 'ament_cmake'
[4.362s] INFO:colcon.colcon_cmake.task.cmake.build:Building CMake package in '/home/darsh/ros3/ROS2_pick_and_place_UR5/ur5_gripper_description'
[4.363s] INFO:colcon.colcon_core.shell:Skip shell extension 'powershell' for command environment: Not usable outside of PowerShell
[4.363s] DEBUG:colcon.colcon_core.shell:Skip shell extension 'dsv' for command environment
[4.570s] DEBUG:colcon.colcon_core.event_handler.log_command:Invoking command in '/home/darsh/ros3/build/ur5_gripper_description': AMENT_PREFIX_PATH=/home/darsh/ros3/install/robotiq_description:${AMENT_PREFIX_PATH} CMAKE_PREFIX_PATH=/home/darsh/ros3/install/robotiq_description:/opt/ros/jazzy/opt/gz_sim_vendor:/opt/ros/jazzy/opt/gz_sensors_vendor:/opt/ros/jazzy/opt/gz_physics_vendor:/opt/ros/jazzy/opt/sdformat_vendor:/opt/ros/jazzy/opt/gz_gui_vendor:/opt/ros/jazzy/opt/gz_transport_vendor:/opt/ros/jazzy/opt/gz_rendering_vendor:/opt/ros/jazzy/opt/gz_plugin_vendor:/opt/ros/jazzy/opt/gz_fuel_tools_vendor:/opt/ros/jazzy/opt/gz_msgs_vendor:/opt/ros/jazzy/opt/gz_common_vendor:/opt/ros/jazzy/opt/gz_math_vendor:/opt/ros/jazzy/opt/gz_utils_vendor:/opt/ros/jazzy/opt/gz_tools_vendor:/opt/ros/jazzy/opt/gz_ogre_next_vendor:/opt/ros/jazzy/opt/gz_dartsim_vendor:/opt/ros/jazzy/opt/gz_cmake_vendor:/opt/ros/jazzy /usr/bin/cmake /home/darsh/ros3/ROS2_pick_and_place_UR5/ur5_gripper_description -DCMAKE_INSTALL_PREFIX=/home/darsh/ros3/install/ur5_gripper_description
[7.157s] DEBUG:colcon.colcon_core.event_handler.log_command:Invoked command in '/home/darsh/ros3/build/ur5_gripper_description' returned '0': AMENT_PREFIX_PATH=/home/darsh/ros3/install/robotiq_description:${AMENT_PREFIX_PATH} CMAKE_PREFIX_PATH=/home/darsh/ros3/install/robotiq_description:/opt/ros/jazzy/opt/gz_sim_vendor:/opt/ros/jazzy/opt/gz_sensors_vendor:/opt/ros/jazzy/opt/gz_physics_vendor:/opt/ros/jazzy/opt/sdformat_vendor:/opt/ros/jazzy/opt/gz_gui_vendor:/opt/ros/jazzy/opt/gz_transport_vendor:/opt/ros/jazzy/opt/gz_rendering_vendor:/opt/ros/jazzy/opt/gz_plugin_vendor:/opt/ros/jazzy/opt/gz_fuel_tools_vendor:/opt/ros/jazzy/opt/gz_msgs_vendor:/opt/ros/jazzy/opt/gz_common_vendor:/opt/ros/jazzy/opt/gz_math_vendor:/opt/ros/jazzy/opt/gz_utils_vendor:/opt/ros/jazzy/opt/gz_tools_vendor:/opt/ros/jazzy/opt/gz_ogre_next_vendor:/opt/ros/jazzy/opt/gz_dartsim_vendor:/opt/ros/jazzy/opt/gz_cmake_vendor:/opt/ros/jazzy /usr/bin/cmake /home/darsh/ros3/ROS2_pick_and_place_UR5/ur5_gripper_description -DCMAKE_INSTALL_PREFIX=/home/darsh/ros3/install/ur5_gripper_description
[7.160s] DEBUG:colcon.colcon_core.event_handler.log_command:Invoking command in '/home/darsh/ros3/build/ur5_gripper_description': AMENT_PREFIX_PATH=/home/darsh/ros3/install/robotiq_description:${AMENT_PREFIX_PATH} CMAKE_PREFIX_PATH=/home/darsh/ros3/install/robotiq_description:/opt/ros/jazzy/opt/gz_sim_vendor:/opt/ros/jazzy/opt/gz_sensors_vendor:/opt/ros/jazzy/opt/gz_physics_vendor:/opt/ros/jazzy/opt/sdformat_vendor:/opt/ros/jazzy/opt/gz_gui_vendor:/opt/ros/jazzy/opt/gz_transport_vendor:/opt/ros/jazzy/opt/gz_rendering_vendor:/opt/ros/jazzy/opt/gz_plugin_vendor:/opt/ros/jazzy/opt/gz_fuel_tools_vendor:/opt/ros/jazzy/opt/gz_msgs_vendor:/opt/ros/jazzy/opt/gz_common_vendor:/opt/ros/jazzy/opt/gz_math_vendor:/opt/ros/jazzy/opt/gz_utils_vendor:/opt/ros/jazzy/opt/gz_tools_vendor:/opt/ros/jazzy/opt/gz_ogre_next_vendor:/opt/ros/jazzy/opt/gz_dartsim_vendor:/opt/ros/jazzy/opt/gz_cmake_vendor:/opt/ros/jazzy /usr/bin/cmake --build /home/darsh/ros3/build/ur5_gripper_description -- -j16 -l16
[7.194s] DEBUG:colcon.colcon_core.event_handler.log_command:Invoked command in '/home/darsh/ros3/build/ur5_gripper_description' returned '0': AMENT_PREFIX_PATH=/home/darsh/ros3/install/robotiq_description:${AMENT_PREFIX_PATH} CMAKE_PREFIX_PATH=/home/darsh/ros3/install/robotiq_description:/opt/ros/jazzy/opt/gz_sim_vendor:/opt/ros/jazzy/opt/gz_sensors_vendor:/opt/ros/jazzy/opt/gz_physics_vendor:/opt/ros/jazzy/opt/sdformat_vendor:/opt/ros/jazzy/opt/gz_gui_vendor:/opt/ros/jazzy/opt/gz_transport_vendor:/opt/ros/jazzy/opt/gz_rendering_vendor:/opt/ros/jazzy/opt/gz_plugin_vendor:/opt/ros/jazzy/opt/gz_fuel_tools_vendor:/opt/ros/jazzy/opt/gz_msgs_vendor:/opt/ros/jazzy/opt/gz_common_vendor:/opt/ros/jazzy/opt/gz_math_vendor:/opt/ros/jazzy/opt/gz_utils_vendor:/opt/ros/jazzy/opt/gz_tools_vendor:/opt/ros/jazzy/opt/gz_ogre_next_vendor:/opt/ros/jazzy/opt/gz_dartsim_vendor:/opt/ros/jazzy/opt/gz_cmake_vendor:/opt/ros/jazzy /usr/bin/cmake --build /home/darsh/ros3/build/ur5_gripper_description -- -j16 -l16
[7.195s] DEBUG:colcon.colcon_core.event_handler.log_command:Invoking command in '/home/darsh/ros3/build/ur5_gripper_description': AMENT_PREFIX_PATH=/home/darsh/ros3/install/robotiq_description:${AMENT_PREFIX_PATH} CMAKE_PREFIX_PATH=/home/darsh/ros3/install/robotiq_description:/opt/ros/jazzy/opt/gz_sim_vendor:/opt/ros/jazzy/opt/gz_sensors_vendor:/opt/ros/jazzy/opt/gz_physics_vendor:/opt/ros/jazzy/opt/sdformat_vendor:/opt/ros/jazzy/opt/gz_gui_vendor:/opt/ros/jazzy/opt/gz_transport_vendor:/opt/ros/jazzy/opt/gz_rendering_vendor:/opt/ros/jazzy/opt/gz_plugin_vendor:/opt/ros/jazzy/opt/gz_fuel_tools_vendor:/opt/ros/jazzy/opt/gz_msgs_vendor:/opt/ros/jazzy/opt/gz_common_vendor:/opt/ros/jazzy/opt/gz_math_vendor:/opt/ros/jazzy/opt/gz_utils_vendor:/opt/ros/jazzy/opt/gz_tools_vendor:/opt/ros/jazzy/opt/gz_ogre_next_vendor:/opt/ros/jazzy/opt/gz_dartsim_vendor:/opt/ros/jazzy/opt/gz_cmake_vendor:/opt/ros/jazzy /usr/bin/cmake --install /home/darsh/ros3/build/ur5_gripper_description
[7.279s] Level 1:colcon.colcon_core.environment:create_environment_scripts_only(ur5_gripper_description)
[7.279s] Level 1:colcon.colcon_core.environment:checking '/home/darsh/ros3/install/ur5_gripper_description' for CMake module files
[7.281s] DEBUG:colcon.colcon_core.event_handler.log_command:Invoked command in '/home/darsh/ros3/build/ur5_gripper_description' returned '0': AMENT_PREFIX_PATH=/home/darsh/ros3/install/robotiq_description:${AMENT_PREFIX_PATH} CMAKE_PREFIX_PATH=/home/darsh/ros3/install/robotiq_description:/opt/ros/jazzy/opt/gz_sim_vendor:/opt/ros/jazzy/opt/gz_sensors_vendor:/opt/ros/jazzy/opt/gz_physics_vendor:/opt/ros/jazzy/opt/sdformat_vendor:/opt/ros/jazzy/opt/gz_gui_vendor:/opt/ros/jazzy/opt/gz_transport_vendor:/opt/ros/jazzy/opt/gz_rendering_vendor:/opt/ros/jazzy/opt/gz_plugin_vendor:/opt/ros/jazzy/opt/gz_fuel_tools_vendor:/opt/ros/jazzy/opt/gz_msgs_vendor:/opt/ros/jazzy/opt/gz_common_vendor:/opt/ros/jazzy/opt/gz_math_vendor:/opt/ros/jazzy/opt/gz_utils_vendor:/opt/ros/jazzy/opt/gz_tools_vendor:/opt/ros/jazzy/opt/gz_ogre_next_vendor:/opt/ros/jazzy/opt/gz_dartsim_vendor:/opt/ros/jazzy/opt/gz_cmake_vendor:/opt/ros/jazzy /usr/bin/cmake --install /home/darsh/ros3/build/ur5_gripper_description
[7.281s] Level 1:colcon.colcon_core.environment:checking '/home/darsh/ros3/install/ur5_gripper_description' for CMake config files
[7.282s] Level 1:colcon.colcon_core.shell:create_environment_hook('ur5_gripper_description', 'cmake_prefix_path')
[7.282s] INFO:colcon.colcon_core.shell:Creating environment hook '/home/darsh/ros3/install/ur5_gripper_description/share/ur5_gripper_description/hook/cmake_prefix_path.ps1'
[7.283s] INFO:colcon.colcon_core.shell:Creating environment descriptor '/home/darsh/ros3/install/ur5_gripper_description/share/ur5_gripper_description/hook/cmake_prefix_path.dsv'
[7.283s] INFO:colcon.colcon_core.shell:Creating environment hook '/home/darsh/ros3/install/ur5_gripper_description/share/ur5_gripper_description/hook/cmake_prefix_path.sh'
[7.283s] Level 1:colcon.colcon_core.environment:checking '/home/darsh/ros3/install/ur5_gripper_description/bin'
[7.284s] Level 1:colcon.colcon_core.environment:checking '/home/darsh/ros3/install/ur5_gripper_description/lib/pkgconfig/ur5_gripper_description.pc'
[7.284s] Level 1:colcon.colcon_core.environment:checking '/home/darsh/ros3/install/ur5_gripper_description/lib/python3.12/site-packages'
[7.284s] Level 1:colcon.colcon_core.environment:checking '/home/darsh/ros3/install/ur5_gripper_description/bin'
[7.284s] INFO:colcon.colcon_core.shell:Creating package script '/home/darsh/ros3/install/ur5_gripper_description/share/ur5_gripper_description/package.ps1'
[7.285s] INFO:colcon.colcon_core.shell:Creating package descriptor '/home/darsh/ros3/install/ur5_gripper_description/share/ur5_gripper_description/package.dsv'
[7.285s] INFO:colcon.colcon_core.shell:Creating package script '/home/darsh/ros3/install/ur5_gripper_description/share/ur5_gripper_description/package.sh'
[7.286s] INFO:colcon.colcon_core.shell:Creating package script '/home/darsh/ros3/install/ur5_gripper_description/share/ur5_gripper_description/package.bash'
[7.286s] INFO:colcon.colcon_core.shell:Creating package script '/home/darsh/ros3/install/ur5_gripper_description/share/ur5_gripper_description/package.zsh'
[7.286s] Level 1:colcon.colcon_core.environment:create_file_with_runtime_dependencies(/home/darsh/ros3/install/ur5_gripper_description/share/colcon-core/packages/ur5_gripper_description)
[7.287s] Level 1:colcon.colcon_core.environment:create_environment_scripts_only(ur5_gripper_description)
[7.287s] Level 1:colcon.colcon_core.environment:checking '/home/darsh/ros3/install/ur5_gripper_description' for CMake module files
[7.288s] Level 1:colcon.colcon_core.environment:checking '/home/darsh/ros3/install/ur5_gripper_description' for CMake config files
[7.288s] Level 1:colcon.colcon_core.shell:create_environment_hook('ur5_gripper_description', 'cmake_prefix_path')
[7.289s] INFO:colcon.colcon_core.shell:Creating environment hook '/home/darsh/ros3/install/ur5_gripper_description/share/ur5_gripper_description/hook/cmake_prefix_path.ps1'
[7.289s] INFO:colcon.colcon_core.shell:Creating environment descriptor '/home/darsh/ros3/install/ur5_gripper_description/share/ur5_gripper_description/hook/cmake_prefix_path.dsv'
[7.289s] INFO:colcon.colcon_core.shell:Creating environment hook '/home/darsh/ros3/install/ur5_gripper_description/share/ur5_gripper_description/hook/cmake_prefix_path.sh'
[7.290s] Level 1:colcon.colcon_core.environment:checking '/home/darsh/ros3/install/ur5_gripper_description/bin'
[7.290s] Level 1:colcon.colcon_core.environment:checking '/home/darsh/ros3/install/ur5_gripper_description/lib/pkgconfig/ur5_gripper_description.pc'
[7.290s] Level 1:colcon.colcon_core.environment:checking '/home/darsh/ros3/install/ur5_gripper_description/lib/python3.12/site-packages'
[7.290s] Level 1:colcon.colcon_core.environment:checking '/home/darsh/ros3/install/ur5_gripper_description/bin'
[7.291s] INFO:colcon.colcon_core.shell:Creating package script '/home/darsh/ros3/install/ur5_gripper_description/share/ur5_gripper_description/package.ps1'
[7.291s] INFO:colcon.colcon_core.shell:Creating package descriptor '/home/darsh/ros3/install/ur5_gripper_description/share/ur5_gripper_description/package.dsv'
[7.292s] INFO:colcon.colcon_core.shell:Creating package script '/home/darsh/ros3/install/ur5_gripper_description/share/ur5_gripper_description/package.sh'
[7.292s] INFO:colcon.colcon_core.shell:Creating package script '/home/darsh/ros3/install/ur5_gripper_description/share/ur5_gripper_description/package.bash'
[7.293s] INFO:colcon.colcon_core.shell:Creating package script '/home/darsh/ros3/install/ur5_gripper_description/share/ur5_gripper_description/package.zsh'
[7.293s] Level 1:colcon.colcon_core.environment:create_file_with_runtime_dependencies(/home/darsh/ros3/install/ur5_gripper_description/share/colcon-core/packages/ur5_gripper_description)
[7.293s] INFO:colcon.colcon_ros.task.ament_cmake.build:Building ROS package in '/home/darsh/ros3/ROS2_pick_and_place_UR5/ur5_gripper_moveit_config' with build type 'ament_cmake'
[7.294s] INFO:colcon.colcon_cmake.task.cmake.build:Building CMake package in '/home/darsh/ros3/ROS2_pick_and_place_UR5/ur5_gripper_moveit_config'
[7.294s] INFO:colcon.colcon_core.shell:Skip shell extension 'powershell' for command environment: Not usable outside of PowerShell
[7.294s] DEBUG:colcon.colcon_core.shell:Skip shell extension 'dsv' for command environment
[7.371s] DEBUG:colcon.colcon_core.event_handler.log_command:Invoking command in '/home/darsh/ros3/build/ur5_gripper_moveit_config': AMENT_PREFIX_PATH=/home/darsh/ros3/install/ur5_gripper_description:/home/darsh/ros3/install/robotiq_description:${AMENT_PREFIX_PATH} CMAKE_PREFIX_PATH=/home/darsh/ros3/install/ur5_gripper_description:/home/darsh/ros3/install/robotiq_description:/opt/ros/jazzy/opt/gz_sim_vendor:/opt/ros/jazzy/opt/gz_sensors_vendor:/opt/ros/jazzy/opt/gz_physics_vendor:/opt/ros/jazzy/opt/sdformat_vendor:/opt/ros/jazzy/opt/gz_gui_vendor:/opt/ros/jazzy/opt/gz_transport_vendor:/opt/ros/jazzy/opt/gz_rendering_vendor:/opt/ros/jazzy/opt/gz_plugin_vendor:/opt/ros/jazzy/opt/gz_fuel_tools_vendor:/opt/ros/jazzy/opt/gz_msgs_vendor:/opt/ros/jazzy/opt/gz_common_vendor:/opt/ros/jazzy/opt/gz_math_vendor:/opt/ros/jazzy/opt/gz_utils_vendor:/opt/ros/jazzy/opt/gz_tools_vendor:/opt/ros/jazzy/opt/gz_ogre_next_vendor:/opt/ros/jazzy/opt/gz_dartsim_vendor:/opt/ros/jazzy/opt/gz_cmake_vendor:/opt/ros/jazzy /usr/bin/cmake /home/darsh/ros3/ROS2_pick_and_place_UR5/ur5_gripper_moveit_config -DCMAKE_INSTALL_PREFIX=/home/darsh/ros3/install/ur5_gripper_moveit_config
[9.869s] DEBUG:colcon.colcon_core.event_handler.log_command:Invoked command in '/home/darsh/ros3/build/ur5_gripper_moveit_config' returned '0': AMENT_PREFIX_PATH=/home/darsh/ros3/install/ur5_gripper_description:/home/darsh/ros3/install/robotiq_description:${AMENT_PREFIX_PATH} CMAKE_PREFIX_PATH=/home/darsh/ros3/install/ur5_gripper_description:/home/darsh/ros3/install/robotiq_description:/opt/ros/jazzy/opt/gz_sim_vendor:/opt/ros/jazzy/opt/gz_sensors_vendor:/opt/ros/jazzy/opt/gz_physics_vendor:/opt/ros/jazzy/opt/sdformat_vendor:/opt/ros/jazzy/opt/gz_gui_vendor:/opt/ros/jazzy/opt/gz_transport_vendor:/opt/ros/jazzy/opt/gz_rendering_vendor:/opt/ros/jazzy/opt/gz_plugin_vendor:/opt/ros/jazzy/opt/gz_fuel_tools_vendor:/opt/ros/jazzy/opt/gz_msgs_vendor:/opt/ros/jazzy/opt/gz_common_vendor:/opt/ros/jazzy/opt/gz_math_vendor:/opt/ros/jazzy/opt/gz_utils_vendor:/opt/ros/jazzy/opt/gz_tools_vendor:/opt/ros/jazzy/opt/gz_ogre_next_vendor:/opt/ros/jazzy/opt/gz_dartsim_vendor:/opt/ros/jazzy/opt/gz_cmake_vendor:/opt/ros/jazzy /usr/bin/cmake /home/darsh/ros3/ROS2_pick_and_place_UR5/ur5_gripper_moveit_config -DCMAKE_INSTALL_PREFIX=/home/darsh/ros3/install/ur5_gripper_moveit_config
[9.871s] DEBUG:colcon.colcon_core.event_handler.log_command:Invoking command in '/home/darsh/ros3/build/ur5_gripper_moveit_config': AMENT_PREFIX_PATH=/home/darsh/ros3/install/ur5_gripper_description:/home/darsh/ros3/install/robotiq_description:${AMENT_PREFIX_PATH} CMAKE_PREFIX_PATH=/home/darsh/ros3/install/ur5_gripper_description:/home/darsh/ros3/install/robotiq_description:/opt/ros/jazzy/opt/gz_sim_vendor:/opt/ros/jazzy/opt/gz_sensors_vendor:/opt/ros/jazzy/opt/gz_physics_vendor:/opt/ros/jazzy/opt/sdformat_vendor:/opt/ros/jazzy/opt/gz_gui_vendor:/opt/ros/jazzy/opt/gz_transport_vendor:/opt/ros/jazzy/opt/gz_rendering_vendor:/opt/ros/jazzy/opt/gz_plugin_vendor:/opt/ros/jazzy/opt/gz_fuel_tools_vendor:/opt/ros/jazzy/opt/gz_msgs_vendor:/opt/ros/jazzy/opt/gz_common_vendor:/opt/ros/jazzy/opt/gz_math_vendor:/opt/ros/jazzy/opt/gz_utils_vendor:/opt/ros/jazzy/opt/gz_tools_vendor:/opt/ros/jazzy/opt/gz_ogre_next_vendor:/opt/ros/jazzy/opt/gz_dartsim_vendor:/opt/ros/jazzy/opt/gz_cmake_vendor:/opt/ros/jazzy /usr/bin/cmake --build /home/darsh/ros3/build/ur5_gripper_moveit_config -- -j16 -l16
[9.911s] DEBUG:colcon.colcon_core.event_handler.log_command:Invoked command in '/home/darsh/ros3/build/ur5_gripper_moveit_config' returned '0': AMENT_PREFIX_PATH=/home/darsh/ros3/install/ur5_gripper_description:/home/darsh/ros3/install/robotiq_description:${AMENT_PREFIX_PATH} CMAKE_PREFIX_PATH=/home/darsh/ros3/install/ur5_gripper_description:/home/darsh/ros3/install/robotiq_description:/opt/ros/jazzy/opt/gz_sim_vendor:/opt/ros/jazzy/opt/gz_sensors_vendor:/opt/ros/jazzy/opt/gz_physics_vendor:/opt/ros/jazzy/opt/sdformat_vendor:/opt/ros/jazzy/opt/gz_gui_vendor:/opt/ros/jazzy/opt/gz_transport_vendor:/opt/ros/jazzy/opt/gz_rendering_vendor:/opt/ros/jazzy/opt/gz_plugin_vendor:/opt/ros/jazzy/opt/gz_fuel_tools_vendor:/opt/ros/jazzy/opt/gz_msgs_vendor:/opt/ros/jazzy/opt/gz_common_vendor:/opt/ros/jazzy/opt/gz_math_vendor:/opt/ros/jazzy/opt/gz_utils_vendor:/opt/ros/jazzy/opt/gz_tools_vendor:/opt/ros/jazzy/opt/gz_ogre_next_vendor:/opt/ros/jazzy/opt/gz_dartsim_vendor:/opt/ros/jazzy/opt/gz_cmake_vendor:/opt/ros/jazzy /usr/bin/cmake --build /home/darsh/ros3/build/ur5_gripper_moveit_config -- -j16 -l16
[9.915s] DEBUG:colcon.colcon_core.event_handler.log_command:Invoking command in '/home/darsh/ros3/build/ur5_gripper_moveit_config': AMENT_PREFIX_PATH=/home/darsh/ros3/install/ur5_gripper_description:/home/darsh/ros3/install/robotiq_description:${AMENT_PREFIX_PATH} CMAKE_PREFIX_PATH=/home/darsh/ros3/install/ur5_gripper_description:/home/darsh/ros3/install/robotiq_description:/opt/ros/jazzy/opt/gz_sim_vendor:/opt/ros/jazzy/opt/gz_sensors_vendor:/opt/ros/jazzy/opt/gz_physics_vendor:/opt/ros/jazzy/opt/sdformat_vendor:/opt/ros/jazzy/opt/gz_gui_vendor:/opt/ros/jazzy/opt/gz_transport_vendor:/opt/ros/jazzy/opt/gz_rendering_vendor:/opt/ros/jazzy/opt/gz_plugin_vendor:/opt/ros/jazzy/opt/gz_fuel_tools_vendor:/opt/ros/jazzy/opt/gz_msgs_vendor:/opt/ros/jazzy/opt/gz_common_vendor:/opt/ros/jazzy/opt/gz_math_vendor:/opt/ros/jazzy/opt/gz_utils_vendor:/opt/ros/jazzy/opt/gz_tools_vendor:/opt/ros/jazzy/opt/gz_ogre_next_vendor:/opt/ros/jazzy/opt/gz_dartsim_vendor:/opt/ros/jazzy/opt/gz_cmake_vendor:/opt/ros/jazzy /usr/bin/cmake --install /home/darsh/ros3/build/ur5_gripper_moveit_config
[9.940s] Level 1:colcon.colcon_core.environment:create_environment_scripts_only(ur5_gripper_moveit_config)
[9.941s] Level 1:colcon.colcon_core.environment:checking '/home/darsh/ros3/install/ur5_gripper_moveit_config' for CMake module files
[9.942s] DEBUG:colcon.colcon_core.event_handler.log_command:Invoked command in '/home/darsh/ros3/build/ur5_gripper_moveit_config' returned '0': AMENT_PREFIX_PATH=/home/darsh/ros3/install/ur5_gripper_description:/home/darsh/ros3/install/robotiq_description:${AMENT_PREFIX_PATH} CMAKE_PREFIX_PATH=/home/darsh/ros3/install/ur5_gripper_description:/home/darsh/ros3/install/robotiq_description:/opt/ros/jazzy/opt/gz_sim_vendor:/opt/ros/jazzy/opt/gz_sensors_vendor:/opt/ros/jazzy/opt/gz_physics_vendor:/opt/ros/jazzy/opt/sdformat_vendor:/opt/ros/jazzy/opt/gz_gui_vendor:/opt/ros/jazzy/opt/gz_transport_vendor:/opt/ros/jazzy/opt/gz_rendering_vendor:/opt/ros/jazzy/opt/gz_plugin_vendor:/opt/ros/jazzy/opt/gz_fuel_tools_vendor:/opt/ros/jazzy/opt/gz_msgs_vendor:/opt/ros/jazzy/opt/gz_common_vendor:/opt/ros/jazzy/opt/gz_math_vendor:/opt/ros/jazzy/opt/gz_utils_vendor:/opt/ros/jazzy/opt/gz_tools_vendor:/opt/ros/jazzy/opt/gz_ogre_next_vendor:/opt/ros/jazzy/opt/gz_dartsim_vendor:/opt/ros/jazzy/opt/gz_cmake_vendor:/opt/ros/jazzy /usr/bin/cmake --install /home/darsh/ros3/build/ur5_gripper_moveit_config
[9.943s] Level 1:colcon.colcon_core.environment:checking '/home/darsh/ros3/install/ur5_gripper_moveit_config' for CMake config files
[9.944s] Level 1:colcon.colcon_core.shell:create_environment_hook('ur5_gripper_moveit_config', 'cmake_prefix_path')
[9.944s] INFO:colcon.colcon_core.shell:Creating environment hook '/home/darsh/ros3/install/ur5_gripper_moveit_config/share/ur5_gripper_moveit_config/hook/cmake_prefix_path.ps1'
[9.945s] INFO:colcon.colcon_core.shell:Creating environment descriptor '/home/darsh/ros3/install/ur5_gripper_moveit_config/share/ur5_gripper_moveit_config/hook/cmake_prefix_path.dsv'
[9.946s] INFO:colcon.colcon_core.shell:Creating environment hook '/home/darsh/ros3/install/ur5_gripper_moveit_config/share/ur5_gripper_moveit_config/hook/cmake_prefix_path.sh'
[9.947s] Level 1:colcon.colcon_core.environment:checking '/home/darsh/ros3/install/ur5_gripper_moveit_config/bin'
[9.947s] Level 1:colcon.colcon_core.environment:checking '/home/darsh/ros3/install/ur5_gripper_moveit_config/lib/pkgconfig/ur5_gripper_moveit_config.pc'
[9.948s] Level 1:colcon.colcon_core.environment:checking '/home/darsh/ros3/install/ur5_gripper_moveit_config/lib/python3.12/site-packages'
[9.948s] Level 1:colcon.colcon_core.environment:checking '/home/darsh/ros3/install/ur5_gripper_moveit_config/bin'
[9.949s] INFO:colcon.colcon_core.shell:Creating package script '/home/darsh/ros3/install/ur5_gripper_moveit_config/share/ur5_gripper_moveit_config/package.ps1'
[9.949s] INFO:colcon.colcon_core.shell:Creating package descriptor '/home/darsh/ros3/install/ur5_gripper_moveit_config/share/ur5_gripper_moveit_config/package.dsv'
[9.950s] INFO:colcon.colcon_core.shell:Creating package script '/home/darsh/ros3/install/ur5_gripper_moveit_config/share/ur5_gripper_moveit_config/package.sh'
[9.951s] INFO:colcon.colcon_core.shell:Creating package script '/home/darsh/ros3/install/ur5_gripper_moveit_config/share/ur5_gripper_moveit_config/package.bash'
[9.952s] INFO:colcon.colcon_core.shell:Creating package script '/home/darsh/ros3/install/ur5_gripper_moveit_config/share/ur5_gripper_moveit_config/package.zsh'
[9.953s] Level 1:colcon.colcon_core.environment:create_file_with_runtime_dependencies(/home/darsh/ros3/install/ur5_gripper_moveit_config/share/colcon-core/packages/ur5_gripper_moveit_config)
[9.955s] Level 1:colcon.colcon_core.environment:create_environment_scripts_only(ur5_gripper_moveit_config)
[9.955s] Level 1:colcon.colcon_core.environment:checking '/home/darsh/ros3/install/ur5_gripper_moveit_config' for CMake module files
[9.956s] Level 1:colcon.colcon_core.environment:checking '/home/darsh/ros3/install/ur5_gripper_moveit_config' for CMake config files
[9.957s] Level 1:colcon.colcon_core.shell:create_environment_hook('ur5_gripper_moveit_config', 'cmake_prefix_path')
[9.957s] INFO:colcon.colcon_core.shell:Creating environment hook '/home/darsh/ros3/install/ur5_gripper_moveit_config/share/ur5_gripper_moveit_config/hook/cmake_prefix_path.ps1'
[9.958s] INFO:colcon.colcon_core.shell:Creating environment descriptor '/home/darsh/ros3/install/ur5_gripper_moveit_config/share/ur5_gripper_moveit_config/hook/cmake_prefix_path.dsv'
[9.959s] INFO:colcon.colcon_core.shell:Creating environment hook '/home/darsh/ros3/install/ur5_gripper_moveit_config/share/ur5_gripper_moveit_config/hook/cmake_prefix_path.sh'
[9.960s] Level 1:colcon.colcon_core.environment:checking '/home/darsh/ros3/install/ur5_gripper_moveit_config/bin'
[9.960s] Level 1:colcon.colcon_core.environment:checking '/home/darsh/ros3/install/ur5_gripper_moveit_config/lib/pkgconfig/ur5_gripper_moveit_config.pc'
[9.961s] Level 1:colcon.colcon_core.environment:checking '/home/darsh/ros3/install/ur5_gripper_moveit_config/lib/python3.12/site-packages'
[9.961s] Level 1:colcon.colcon_core.environment:checking '/home/darsh/ros3/install/ur5_gripper_moveit_config/bin'
[9.961s] INFO:colcon.colcon_core.shell:Creating package script '/home/darsh/ros3/install/ur5_gripper_moveit_config/share/ur5_gripper_moveit_config/package.ps1'
[9.962s] INFO:colcon.colcon_core.shell:Creating package descriptor '/home/darsh/ros3/install/ur5_gripper_moveit_config/share/ur5_gripper_moveit_config/package.dsv'
[9.963s] INFO:colcon.colcon_core.shell:Creating package script '/home/darsh/ros3/install/ur5_gripper_moveit_config/share/ur5_gripper_moveit_config/package.sh'
[9.964s] INFO:colcon.colcon_core.shell:Creating package script '/home/darsh/ros3/install/ur5_gripper_moveit_config/share/ur5_gripper_moveit_config/package.bash'
[9.965s] INFO:colcon.colcon_core.shell:Creating package script '/home/darsh/ros3/install/ur5_gripper_moveit_config/share/ur5_gripper_moveit_config/package.zsh'
[9.966s] Level 1:colcon.colcon_core.environment:create_file_with_runtime_dependencies(/home/darsh/ros3/install/ur5_gripper_moveit_config/share/colcon-core/packages/ur5_gripper_moveit_config)
[9.967s] DEBUG:colcon.colcon_parallel_executor.executor.parallel:closing loop
[9.967s] DEBUG:colcon.colcon_parallel_executor.executor.parallel:loop closed
[9.969s] DEBUG:colcon.colcon_parallel_executor.executor.parallel:run_until_complete finished with '0'
[9.969s] DEBUG:colcon.colcon_core.event_reactor:joining thread
[10.029s] INFO:colcon.colcon_core.plugin_system:Skipping extension 'colcon_notification.desktop_notification.notify_send': Could not find 'notify-send'
[10.029s] INFO:colcon.colcon_core.plugin_system:Skipping extension 'colcon_notification.desktop_notification.terminal_notifier': Not used on non-Darwin systems
[10.029s] INFO:colcon.colcon_core.plugin_system:Skipping extension 'colcon_notification.desktop_notification.win32': Not used on non-Windows systems
[10.029s] INFO:colcon.colcon_notification.desktop_notification:Sending desktop notification using 'notify2'
[10.044s] DEBUG:colcon.colcon_notification.desktop_notification.notify2:Failed to initialize notify2: org.freedesktop.DBus.Error.ServiceUnknown: The name org.freedesktop.Notifications was not provided by any .service files
[10.044s] DEBUG:colcon.colcon_core.event_reactor:joined thread
[10.044s] INFO:colcon.colcon_core.shell:Creating prefix script '/home/darsh/ros3/install/local_setup.ps1'
[10.046s] INFO:colcon.colcon_core.shell:Creating prefix util module '/home/darsh/ros3/install/_local_setup_util_ps1.py'
[10.048s] INFO:colcon.colcon_core.shell:Creating prefix chain script '/home/darsh/ros3/install/setup.ps1'
[10.049s] INFO:colcon.colcon_core.shell:Creating prefix script '/home/darsh/ros3/install/local_setup.sh'
[10.050s] INFO:colcon.colcon_core.shell:Creating prefix util module '/home/darsh/ros3/install/_local_setup_util_sh.py'
[10.051s] INFO:colcon.colcon_core.shell:Creating prefix chain script '/home/darsh/ros3/install/setup.sh'
[10.052s] INFO:colcon.colcon_core.shell:Creating prefix script '/home/darsh/ros3/install/local_setup.bash'
[10.053s] INFO:colcon.colcon_core.shell:Creating prefix chain script '/home/darsh/ros3/install/setup.bash'
[10.055s] INFO:colcon.colcon_core.shell:Creating prefix script '/home/darsh/ros3/install/local_setup.zsh'
[10.056s] INFO:colcon.colcon_core.shell:Creating prefix chain script '/home/darsh/ros3/install/setup.zsh'
