[0.326s] DEBUG:colcon:Command line arguments: ['/usr/bin/colcon', 'build']
[0.326s] DEBUG:colcon:Parsed command line arguments: Namespace(log_base=None, log_level=None, verb_name='build', build_base='build', install_base='install', merge_install=False, symlink_install=False, test_result_base=None, continue_on_error=False, executor='parallel', parallel_workers=16, event_handlers=None, ignore_user_meta=False, metas=['./colcon.meta'], base_paths=['.'], packages_ignore=None, packages_ignore_regex=None, paths=None, packages_up_to=None, packages_up_to_regex=None, packages_above=None, packages_above_and_dependencies=None, packages_above_depth=None, packages_select_by_dep=None, packages_skip_by_dep=None, packages_skip_up_to=None, packages_select_build_failed=False, packages_skip_build_finished=False, packages_select_test_failures=False, packages_skip_test_passed=False, packages_select=None, packages_skip=None, packages_select_regex=None, packages_skip_regex=None, packages_start=None, packages_end=None, allow_overriding=[], cmake_args=None, cmake_target=None, cmake_target_skip_unavailable=False, cmake_clean_cache=False, cmake_clean_first=False, cmake_force_configure=False, ament_cmake_args=None, catkin_cmake_args=None, catkin_skip_building_tests=False, verb_parser=<colcon_defaults.argument_parser.defaults.DefaultArgumentsDecorator object at 0x7f755f05af00>, verb_extension=<colcon_core.verb.build.BuildVerb object at 0x7f755effccb0>, main=<bound method BuildVerb.main of <colcon_core.verb.build.BuildVerb object at 0x7f755effccb0>>)
[0.398s] Level 1:colcon.colcon_core.package_discovery:discover_packages(colcon_meta) check parameters
[0.399s] Level 1:colcon.colcon_core.package_discovery:discover_packages(recursive) check parameters
[0.399s] Level 1:colcon.colcon_core.package_discovery:discover_packages(ignore) check parameters
[0.399s] Level 1:colcon.colcon_core.package_discovery:discover_packages(path) check parameters
[0.399s] Level 1:colcon.colcon_core.package_discovery:discover_packages(colcon_meta) discover
[0.399s] Level 1:colcon.colcon_core.package_discovery:discover_packages(recursive) discover
[0.399s] INFO:colcon.colcon_core.package_discovery:Crawling recursively for packages in '/home/darsh/ros3/ROS2_pick_and_place_UR5'
[0.399s] Level 1:colcon.colcon_core.package_identification:_identify(.) by extensions ['ignore', 'ignore_ament_install']
[0.399s] Level 1:colcon.colcon_core.package_identification:_identify(.) by extension 'ignore'
[0.399s] Level 1:colcon.colcon_core.package_identification:_identify(.) by extension 'ignore_ament_install'
[0.399s] Level 1:colcon.colcon_core.package_identification:_identify(.) by extensions ['colcon_pkg']
[0.400s] Level 1:colcon.colcon_core.package_identification:_identify(.) by extension 'colcon_pkg'
[0.400s] Level 1:colcon.colcon_core.package_identification:_identify(.) by extensions ['colcon_meta']
[0.400s] Level 1:colcon.colcon_core.package_identification:_identify(.) by extension 'colcon_meta'
[0.400s] Level 1:colcon.colcon_core.package_identification:_identify(.) by extensions ['ros']
[0.400s] Level 1:colcon.colcon_core.package_identification:_identify(.) by extension 'ros'
[0.442s] Level 1:colcon.colcon_core.package_identification:_identify(.) by extensions ['cmake', 'python']
[0.442s] Level 1:colcon.colcon_core.package_identification:_identify(.) by extension 'cmake'
[0.442s] Level 1:colcon.colcon_core.package_identification:_identify(.) by extension 'python'
[0.443s] Level 1:colcon.colcon_core.package_identification:_identify(.) by extensions ['python_setup_py']
[0.443s] Level 1:colcon.colcon_core.package_identification:_identify(.) by extension 'python_setup_py'
[0.443s] Level 1:colcon.colcon_core.package_identification:_identify(build) by extensions ['ignore', 'ignore_ament_install']
[0.443s] Level 1:colcon.colcon_core.package_identification:_identify(build) by extension 'ignore'
[0.443s] Level 1:colcon.colcon_core.package_identification:_identify(build) ignored
[0.443s] Level 1:colcon.colcon_core.package_identification:_identify(install) by extensions ['ignore', 'ignore_ament_install']
[0.443s] Level 1:colcon.colcon_core.package_identification:_identify(install) by extension 'ignore'
[0.443s] Level 1:colcon.colcon_core.package_identification:_identify(install) ignored
[0.443s] Level 1:colcon.colcon_core.package_identification:_identify(log) by extensions ['ignore', 'ignore_ament_install']
[0.444s] Level 1:colcon.colcon_core.package_identification:_identify(log) by extension 'ignore'
[0.444s] Level 1:colcon.colcon_core.package_identification:_identify(log) ignored
[0.444s] Level 1:colcon.colcon_core.package_identification:_identify(robotiq_description) by extensions ['ignore', 'ignore_ament_install']
[0.444s] Level 1:colcon.colcon_core.package_identification:_identify(robotiq_description) by extension 'ignore'
[0.444s] Level 1:colcon.colcon_core.package_identification:_identify(robotiq_description) by extension 'ignore_ament_install'
[0.444s] Level 1:colcon.colcon_core.package_identification:_identify(robotiq_description) by extensions ['colcon_pkg']
[0.444s] Level 1:colcon.colcon_core.package_identification:_identify(robotiq_description) by extension 'colcon_pkg'
[0.444s] Level 1:colcon.colcon_core.package_identification:_identify(robotiq_description) by extensions ['colcon_meta']
[0.444s] Level 1:colcon.colcon_core.package_identification:_identify(robotiq_description) by extension 'colcon_meta'
[0.444s] Level 1:colcon.colcon_core.package_identification:_identify(robotiq_description) by extensions ['ros']
[0.444s] Level 1:colcon.colcon_core.package_identification:_identify(robotiq_description) by extension 'ros'
[0.448s] DEBUG:colcon.colcon_core.package_identification:Package 'robotiq_description' with type 'ros.ament_cmake' and name 'robotiq_description'
[0.448s] Level 1:colcon.colcon_core.package_identification:_identify(ur5_gripper_description) by extensions ['ignore', 'ignore_ament_install']
[0.449s] Level 1:colcon.colcon_core.package_identification:_identify(ur5_gripper_description) by extension 'ignore'
[0.449s] Level 1:colcon.colcon_core.package_identification:_identify(ur5_gripper_description) by extension 'ignore_ament_install'
[0.449s] Level 1:colcon.colcon_core.package_identification:_identify(ur5_gripper_description) by extensions ['colcon_pkg']
[0.449s] Level 1:colcon.colcon_core.package_identification:_identify(ur5_gripper_description) by extension 'colcon_pkg'
[0.449s] Level 1:colcon.colcon_core.package_identification:_identify(ur5_gripper_description) by extensions ['colcon_meta']
[0.449s] Level 1:colcon.colcon_core.package_identification:_identify(ur5_gripper_description) by extension 'colcon_meta'
[0.449s] Level 1:colcon.colcon_core.package_identification:_identify(ur5_gripper_description) by extensions ['ros']
[0.449s] Level 1:colcon.colcon_core.package_identification:_identify(ur5_gripper_description) by extension 'ros'
[0.450s] DEBUG:colcon.colcon_core.package_identification:Package 'ur5_gripper_description' with type 'ros.ament_cmake' and name 'ur5_gripper_description'
[0.450s] Level 1:colcon.colcon_core.package_identification:_identify(ur5_gripper_moveit_config) by extensions ['ignore', 'ignore_ament_install']
[0.450s] Level 1:colcon.colcon_core.package_identification:_identify(ur5_gripper_moveit_config) by extension 'ignore'
[0.450s] Level 1:colcon.colcon_core.package_identification:_identify(ur5_gripper_moveit_config) by extension 'ignore_ament_install'
[0.450s] Level 1:colcon.colcon_core.package_identification:_identify(ur5_gripper_moveit_config) by extensions ['colcon_pkg']
[0.450s] Level 1:colcon.colcon_core.package_identification:_identify(ur5_gripper_moveit_config) by extension 'colcon_pkg'
[0.450s] Level 1:colcon.colcon_core.package_identification:_identify(ur5_gripper_moveit_config) by extensions ['colcon_meta']
[0.450s] Level 1:colcon.colcon_core.package_identification:_identify(ur5_gripper_moveit_config) by extension 'colcon_meta'
[0.450s] Level 1:colcon.colcon_core.package_identification:_identify(ur5_gripper_moveit_config) by extensions ['ros']
[0.450s] Level 1:colcon.colcon_core.package_identification:_identify(ur5_gripper_moveit_config) by extension 'ros'
[0.451s] DEBUG:colcon.colcon_core.package_identification:Package 'ur5_gripper_moveit_config' with type 'ros.ament_cmake' and name 'ur5_gripper_moveit_config'
[0.451s] Level 1:colcon.colcon_core.package_discovery:discover_packages(recursive) using defaults
[0.451s] Level 1:colcon.colcon_core.package_discovery:discover_packages(ignore) discover
[0.451s] Level 1:colcon.colcon_core.package_discovery:discover_packages(ignore) using defaults
[0.451s] Level 1:colcon.colcon_core.package_discovery:discover_packages(path) discover
[0.451s] Level 1:colcon.colcon_core.package_discovery:discover_packages(path) using defaults
[0.476s] Level 1:colcon.colcon_core.package_discovery:discover_packages(prefix_path) check parameters
[0.476s] Level 1:colcon.colcon_core.package_discovery:discover_packages(prefix_path) discover
[0.477s] WARNING:colcon.colcon_ros.prefix_path.ament:The path '/home/darsh/ros3/ROS2_pick_and_place_UR5/install/ur5_gripper_moveit_config' in the environment variable AMENT_PREFIX_PATH doesn't exist
[0.477s] WARNING:colcon.colcon_ros.prefix_path.ament:The path '/home/darsh/ros3/ROS2_pick_and_place_UR5/install/ur5_gripper_description' in the environment variable AMENT_PREFIX_PATH doesn't exist
[0.477s] WARNING:colcon.colcon_ros.prefix_path.ament:The path '/home/darsh/ros3/ROS2_pick_and_place_UR5/install/robotiq_description' in the environment variable AMENT_PREFIX_PATH doesn't exist
[0.477s] WARNING:colcon.colcon_ros.prefix_path.ament:The path '/home/darsh/ros3/ROS2_pick_and_place_UR5/install/pnp_msgs' in the environment variable AMENT_PREFIX_PATH doesn't exist
[0.477s] WARNING:colcon.colcon_ros.prefix_path.ament:The path '/home/darsh/ros3/ROS2_pick_and_place_UR5/install/moveit_ur5_msgs' in the environment variable AMENT_PREFIX_PATH doesn't exist
[0.478s] WARNING:colcon.colcon_ros.prefix_path.catkin:The path '/home/darsh/ros3/ROS2_pick_and_place_UR5/install/ur5_gripper_moveit_config' in the environment variable CMAKE_PREFIX_PATH doesn't exist
[0.478s] WARNING:colcon.colcon_ros.prefix_path.catkin:The path '/home/darsh/ros3/ROS2_pick_and_place_UR5/install/ur5_gripper_description' in the environment variable CMAKE_PREFIX_PATH doesn't exist
[0.478s] WARNING:colcon.colcon_ros.prefix_path.catkin:The path '/home/darsh/ros3/ROS2_pick_and_place_UR5/install/robotiq_description' in the environment variable CMAKE_PREFIX_PATH doesn't exist
[0.478s] WARNING:colcon.colcon_ros.prefix_path.catkin:The path '/home/darsh/ros3/ROS2_pick_and_place_UR5/install/pnp_msgs' in the environment variable CMAKE_PREFIX_PATH doesn't exist
[0.478s] WARNING:colcon.colcon_ros.prefix_path.catkin:The path '/home/darsh/ros3/ROS2_pick_and_place_UR5/install/moveit_ur5_msgs' in the environment variable CMAKE_PREFIX_PATH doesn't exist
[0.479s] DEBUG:colcon.colcon_installed_package_information.package_discovery:Found 0 installed packages in /home/darsh/ros3/ROS2_pick_and_place_UR5/install
[0.480s] DEBUG:colcon.colcon_installed_package_information.package_discovery:Found 7 installed packages in /home/darsh/UR3_ROS2_PICK_AND_PLACE/install
[0.482s] DEBUG:colcon.colcon_installed_package_information.package_discovery:Found 432 installed packages in /opt/ros/jazzy
[0.483s] Level 1:colcon.colcon_core.package_discovery:discover_packages(prefix_path) using defaults
[0.552s] Level 5:colcon.colcon_core.verb:set package 'robotiq_description' build argument 'cmake_args' from command line to 'None'
[0.552s] Level 5:colcon.colcon_core.verb:set package 'robotiq_description' build argument 'cmake_target' from command line to 'None'
[0.552s] Level 5:colcon.colcon_core.verb:set package 'robotiq_description' build argument 'cmake_target_skip_unavailable' from command line to 'False'
[0.552s] Level 5:colcon.colcon_core.verb:set package 'robotiq_description' build argument 'cmake_clean_cache' from command line to 'False'
[0.552s] Level 5:colcon.colcon_core.verb:set package 'robotiq_description' build argument 'cmake_clean_first' from command line to 'False'
[0.552s] Level 5:colcon.colcon_core.verb:set package 'robotiq_description' build argument 'cmake_force_configure' from command line to 'False'
[0.552s] Level 5:colcon.colcon_core.verb:set package 'robotiq_description' build argument 'ament_cmake_args' from command line to 'None'
[0.552s] Level 5:colcon.colcon_core.verb:set package 'robotiq_description' build argument 'catkin_cmake_args' from command line to 'None'
[0.552s] Level 5:colcon.colcon_core.verb:set package 'robotiq_description' build argument 'catkin_skip_building_tests' from command line to 'False'
[0.552s] DEBUG:colcon.colcon_core.verb:Building package 'robotiq_description' with the following arguments: {'ament_cmake_args': None, 'build_base': '/home/darsh/ros3/ROS2_pick_and_place_UR5/build/robotiq_description', 'catkin_cmake_args': None, 'catkin_skip_building_tests': False, 'cmake_args': None, 'cmake_clean_cache': False, 'cmake_clean_first': False, 'cmake_force_configure': False, 'cmake_target': None, 'cmake_target_skip_unavailable': False, 'install_base': '/home/darsh/ros3/ROS2_pick_and_place_UR5/install/robotiq_description', 'merge_install': False, 'path': '/home/darsh/ros3/ROS2_pick_and_place_UR5/robotiq_description', 'symlink_install': False, 'test_result_base': None}
[0.552s] Level 5:colcon.colcon_core.verb:set package 'ur5_gripper_description' build argument 'cmake_args' from command line to 'None'
[0.552s] Level 5:colcon.colcon_core.verb:set package 'ur5_gripper_description' build argument 'cmake_target' from command line to 'None'
[0.552s] Level 5:colcon.colcon_core.verb:set package 'ur5_gripper_description' build argument 'cmake_target_skip_unavailable' from command line to 'False'
[0.553s] Level 5:colcon.colcon_core.verb:set package 'ur5_gripper_description' build argument 'cmake_clean_cache' from command line to 'False'
[0.553s] Level 5:colcon.colcon_core.verb:set package 'ur5_gripper_description' build argument 'cmake_clean_first' from command line to 'False'
[0.553s] Level 5:colcon.colcon_core.verb:set package 'ur5_gripper_description' build argument 'cmake_force_configure' from command line to 'False'
[0.553s] Level 5:colcon.colcon_core.verb:set package 'ur5_gripper_description' build argument 'ament_cmake_args' from command line to 'None'
[0.553s] Level 5:colcon.colcon_core.verb:set package 'ur5_gripper_description' build argument 'catkin_cmake_args' from command line to 'None'
[0.553s] Level 5:colcon.colcon_core.verb:set package 'ur5_gripper_description' build argument 'catkin_skip_building_tests' from command line to 'False'
[0.553s] DEBUG:colcon.colcon_core.verb:Building package 'ur5_gripper_description' with the following arguments: {'ament_cmake_args': None, 'build_base': '/home/darsh/ros3/ROS2_pick_and_place_UR5/build/ur5_gripper_description', 'catkin_cmake_args': None, 'catkin_skip_building_tests': False, 'cmake_args': None, 'cmake_clean_cache': False, 'cmake_clean_first': False, 'cmake_force_configure': False, 'cmake_target': None, 'cmake_target_skip_unavailable': False, 'install_base': '/home/darsh/ros3/ROS2_pick_and_place_UR5/install/ur5_gripper_description', 'merge_install': False, 'path': '/home/darsh/ros3/ROS2_pick_and_place_UR5/ur5_gripper_description', 'symlink_install': False, 'test_result_base': None}
[0.553s] Level 5:colcon.colcon_core.verb:set package 'ur5_gripper_moveit_config' build argument 'cmake_args' from command line to 'None'
[0.553s] Level 5:colcon.colcon_core.verb:set package 'ur5_gripper_moveit_config' build argument 'cmake_target' from command line to 'None'
[0.553s] Level 5:colcon.colcon_core.verb:set package 'ur5_gripper_moveit_config' build argument 'cmake_target_skip_unavailable' from command line to 'False'
[0.553s] Level 5:colcon.colcon_core.verb:set package 'ur5_gripper_moveit_config' build argument 'cmake_clean_cache' from command line to 'False'
[0.553s] Level 5:colcon.colcon_core.verb:set package 'ur5_gripper_moveit_config' build argument 'cmake_clean_first' from command line to 'False'
[0.553s] Level 5:colcon.colcon_core.verb:set package 'ur5_gripper_moveit_config' build argument 'cmake_force_configure' from command line to 'False'
[0.553s] Level 5:colcon.colcon_core.verb:set package 'ur5_gripper_moveit_config' build argument 'ament_cmake_args' from command line to 'None'
[0.553s] Level 5:colcon.colcon_core.verb:set package 'ur5_gripper_moveit_config' build argument 'catkin_cmake_args' from command line to 'None'
[0.553s] Level 5:colcon.colcon_core.verb:set package 'ur5_gripper_moveit_config' build argument 'catkin_skip_building_tests' from command line to 'False'
[0.553s] DEBUG:colcon.colcon_core.verb:Building package 'ur5_gripper_moveit_config' with the following arguments: {'ament_cmake_args': None, 'build_base': '/home/darsh/ros3/ROS2_pick_and_place_UR5/build/ur5_gripper_moveit_config', 'catkin_cmake_args': None, 'catkin_skip_building_tests': False, 'cmake_args': None, 'cmake_clean_cache': False, 'cmake_clean_first': False, 'cmake_force_configure': False, 'cmake_target': None, 'cmake_target_skip_unavailable': False, 'install_base': '/home/darsh/ros3/ROS2_pick_and_place_UR5/install/ur5_gripper_moveit_config', 'merge_install': False, 'path': '/home/darsh/ros3/ROS2_pick_and_place_UR5/ur5_gripper_moveit_config', 'symlink_install': False, 'test_result_base': None}
[0.554s] INFO:colcon.colcon_core.executor:Executing jobs using 'parallel' executor
[0.555s] DEBUG:colcon.colcon_parallel_executor.executor.parallel:run_until_complete
[0.555s] INFO:colcon.colcon_ros.task.ament_cmake.build:Building ROS package in '/home/darsh/ros3/ROS2_pick_and_place_UR5/robotiq_description' with build type 'ament_cmake'
[0.555s] INFO:colcon.colcon_cmake.task.cmake.build:Building CMake package in '/home/darsh/ros3/ROS2_pick_and_place_UR5/robotiq_description'
[0.559s] INFO:colcon.colcon_core.plugin_system:Skipping extension 'colcon_core.shell.bat': Not used on non-Windows systems
[0.559s] INFO:colcon.colcon_core.shell:Skip shell extension 'powershell' for command environment: Not usable outside of PowerShell
[0.559s] DEBUG:colcon.colcon_core.shell:Skip shell extension 'dsv' for command environment
[0.572s] DEBUG:colcon.colcon_core.event_handler.log_command:Invoking command in '/home/darsh/ros3/ROS2_pick_and_place_UR5/build/robotiq_description': CMAKE_PREFIX_PATH=${CMAKE_PREFIX_PATH}:/opt/ros/jazzy /usr/bin/cmake /home/darsh/ros3/ROS2_pick_and_place_UR5/robotiq_description -DCMAKE_INSTALL_PREFIX=/home/darsh/ros3/ROS2_pick_and_place_UR5/install/robotiq_description
[3.433s] DEBUG:colcon.colcon_core.event_handler.log_command:Invoked command in '/home/darsh/ros3/ROS2_pick_and_place_UR5/build/robotiq_description' returned '0': CMAKE_PREFIX_PATH=${CMAKE_PREFIX_PATH}:/opt/ros/jazzy /usr/bin/cmake /home/darsh/ros3/ROS2_pick_and_place_UR5/robotiq_description -DCMAKE_INSTALL_PREFIX=/home/darsh/ros3/ROS2_pick_and_place_UR5/install/robotiq_description
[3.434s] DEBUG:colcon.colcon_core.event_handler.log_command:Invoking command in '/home/darsh/ros3/ROS2_pick_and_place_UR5/build/robotiq_description': CMAKE_PREFIX_PATH=${CMAKE_PREFIX_PATH}:/opt/ros/jazzy /usr/bin/cmake --build /home/darsh/ros3/ROS2_pick_and_place_UR5/build/robotiq_description -- -j16 -l16
[3.475s] DEBUG:colcon.colcon_core.event_handler.log_command:Invoked command in '/home/darsh/ros3/ROS2_pick_and_place_UR5/build/robotiq_description' returned '0': CMAKE_PREFIX_PATH=${CMAKE_PREFIX_PATH}:/opt/ros/jazzy /usr/bin/cmake --build /home/darsh/ros3/ROS2_pick_and_place_UR5/build/robotiq_description -- -j16 -l16
[3.487s] DEBUG:colcon.colcon_core.event_handler.log_command:Invoking command in '/home/darsh/ros3/ROS2_pick_and_place_UR5/build/robotiq_description': CMAKE_PREFIX_PATH=${CMAKE_PREFIX_PATH}:/opt/ros/jazzy /usr/bin/cmake --install /home/darsh/ros3/ROS2_pick_and_place_UR5/build/robotiq_description
[3.511s] Level 1:colcon.colcon_core.environment:create_environment_scripts_only(robotiq_description)
[3.511s] DEBUG:colcon.colcon_core.event_handler.log_command:Invoked command in '/home/darsh/ros3/ROS2_pick_and_place_UR5/build/robotiq_description' returned '0': CMAKE_PREFIX_PATH=${CMAKE_PREFIX_PATH}:/opt/ros/jazzy /usr/bin/cmake --install /home/darsh/ros3/ROS2_pick_and_place_UR5/build/robotiq_description
[3.514s] Level 1:colcon.colcon_core.environment:checking '/home/darsh/ros3/ROS2_pick_and_place_UR5/install/robotiq_description' for CMake module files
[3.515s] Level 1:colcon.colcon_core.environment:checking '/home/darsh/ros3/ROS2_pick_and_place_UR5/install/robotiq_description' for CMake config files
[3.515s] Level 1:colcon.colcon_core.shell:create_environment_hook('robotiq_description', 'cmake_prefix_path')
[3.515s] INFO:colcon.colcon_core.shell:Creating environment hook '/home/darsh/ros3/ROS2_pick_and_place_UR5/install/robotiq_description/share/robotiq_description/hook/cmake_prefix_path.ps1'
[3.516s] INFO:colcon.colcon_core.shell:Creating environment descriptor '/home/darsh/ros3/ROS2_pick_and_place_UR5/install/robotiq_description/share/robotiq_description/hook/cmake_prefix_path.dsv'
[3.516s] INFO:colcon.colcon_core.shell:Creating environment hook '/home/darsh/ros3/ROS2_pick_and_place_UR5/install/robotiq_description/share/robotiq_description/hook/cmake_prefix_path.sh'
[3.517s] Level 1:colcon.colcon_core.environment:checking '/home/darsh/ros3/ROS2_pick_and_place_UR5/install/robotiq_description/bin'
[3.517s] Level 1:colcon.colcon_core.environment:checking '/home/darsh/ros3/ROS2_pick_and_place_UR5/install/robotiq_description/lib/pkgconfig/robotiq_description.pc'
[3.518s] Level 1:colcon.colcon_core.environment:checking '/home/darsh/ros3/ROS2_pick_and_place_UR5/install/robotiq_description/lib/python3.12/site-packages'
[3.518s] Level 1:colcon.colcon_core.environment:checking '/home/darsh/ros3/ROS2_pick_and_place_UR5/install/robotiq_description/bin'
[3.518s] INFO:colcon.colcon_core.shell:Creating package script '/home/darsh/ros3/ROS2_pick_and_place_UR5/install/robotiq_description/share/robotiq_description/package.ps1'
[3.519s] INFO:colcon.colcon_core.shell:Creating package descriptor '/home/darsh/ros3/ROS2_pick_and_place_UR5/install/robotiq_description/share/robotiq_description/package.dsv'
[3.519s] INFO:colcon.colcon_core.shell:Creating package script '/home/darsh/ros3/ROS2_pick_and_place_UR5/install/robotiq_description/share/robotiq_description/package.sh'
[3.520s] INFO:colcon.colcon_core.shell:Creating package script '/home/darsh/ros3/ROS2_pick_and_place_UR5/install/robotiq_description/share/robotiq_description/package.bash'
[3.521s] INFO:colcon.colcon_core.shell:Creating package script '/home/darsh/ros3/ROS2_pick_and_place_UR5/install/robotiq_description/share/robotiq_description/package.zsh'
[3.522s] Level 1:colcon.colcon_core.environment:create_file_with_runtime_dependencies(/home/darsh/ros3/ROS2_pick_and_place_UR5/install/robotiq_description/share/colcon-core/packages/robotiq_description)
[3.523s] Level 1:colcon.colcon_core.environment:create_environment_scripts_only(robotiq_description)
[3.523s] Level 1:colcon.colcon_core.environment:checking '/home/darsh/ros3/ROS2_pick_and_place_UR5/install/robotiq_description' for CMake module files
[3.523s] Level 1:colcon.colcon_core.environment:checking '/home/darsh/ros3/ROS2_pick_and_place_UR5/install/robotiq_description' for CMake config files
[3.524s] Level 1:colcon.colcon_core.shell:create_environment_hook('robotiq_description', 'cmake_prefix_path')
[3.524s] INFO:colcon.colcon_core.shell:Creating environment hook '/home/darsh/ros3/ROS2_pick_and_place_UR5/install/robotiq_description/share/robotiq_description/hook/cmake_prefix_path.ps1'
[3.524s] INFO:colcon.colcon_core.shell:Creating environment descriptor '/home/darsh/ros3/ROS2_pick_and_place_UR5/install/robotiq_description/share/robotiq_description/hook/cmake_prefix_path.dsv'
[3.525s] INFO:colcon.colcon_core.shell:Creating environment hook '/home/darsh/ros3/ROS2_pick_and_place_UR5/install/robotiq_description/share/robotiq_description/hook/cmake_prefix_path.sh'
[3.525s] Level 1:colcon.colcon_core.environment:checking '/home/darsh/ros3/ROS2_pick_and_place_UR5/install/robotiq_description/bin'
[3.525s] Level 1:colcon.colcon_core.environment:checking '/home/darsh/ros3/ROS2_pick_and_place_UR5/install/robotiq_description/lib/pkgconfig/robotiq_description.pc'
[3.526s] Level 1:colcon.colcon_core.environment:checking '/home/darsh/ros3/ROS2_pick_and_place_UR5/install/robotiq_description/lib/python3.12/site-packages'
[3.526s] Level 1:colcon.colcon_core.environment:checking '/home/darsh/ros3/ROS2_pick_and_place_UR5/install/robotiq_description/bin'
[3.526s] INFO:colcon.colcon_core.shell:Creating package script '/home/darsh/ros3/ROS2_pick_and_place_UR5/install/robotiq_description/share/robotiq_description/package.ps1'
[3.527s] INFO:colcon.colcon_core.shell:Creating package descriptor '/home/darsh/ros3/ROS2_pick_and_place_UR5/install/robotiq_description/share/robotiq_description/package.dsv'
[3.527s] INFO:colcon.colcon_core.shell:Creating package script '/home/darsh/ros3/ROS2_pick_and_place_UR5/install/robotiq_description/share/robotiq_description/package.sh'
[3.528s] INFO:colcon.colcon_core.shell:Creating package script '/home/darsh/ros3/ROS2_pick_and_place_UR5/install/robotiq_description/share/robotiq_description/package.bash'
[3.528s] INFO:colcon.colcon_core.shell:Creating package script '/home/darsh/ros3/ROS2_pick_and_place_UR5/install/robotiq_description/share/robotiq_description/package.zsh'
[3.528s] Level 1:colcon.colcon_core.environment:create_file_with_runtime_dependencies(/home/darsh/ros3/ROS2_pick_and_place_UR5/install/robotiq_description/share/colcon-core/packages/robotiq_description)
[3.529s] INFO:colcon.colcon_ros.task.ament_cmake.build:Building ROS package in '/home/darsh/ros3/ROS2_pick_and_place_UR5/ur5_gripper_description' with build type 'ament_cmake'
[3.529s] INFO:colcon.colcon_cmake.task.cmake.build:Building CMake package in '/home/darsh/ros3/ROS2_pick_and_place_UR5/ur5_gripper_description'
[3.530s] INFO:colcon.colcon_core.shell:Skip shell extension 'powershell' for command environment: Not usable outside of PowerShell
[3.530s] DEBUG:colcon.colcon_core.shell:Skip shell extension 'dsv' for command environment
[3.588s] DEBUG:colcon.colcon_core.event_handler.log_command:Invoking command in '/home/darsh/ros3/ROS2_pick_and_place_UR5/build/ur5_gripper_description': CMAKE_PREFIX_PATH=/home/darsh/ros3/ROS2_pick_and_place_UR5/install/robotiq_description:/home/darsh/ros3/ROS2_pick_and_place_UR5/install/ur5_gripper_moveit_config:/home/darsh/ros3/ROS2_pick_and_place_UR5/install/ur5_gripper_description:/home/darsh/ros3/ROS2_pick_and_place_UR5/install/pnp_msgs:/home/darsh/ros3/ROS2_pick_and_place_UR5/install/moveit_ur5_msgs:/home/darsh/UR3_ROS2_PICK_AND_PLACE/install/ur_system_tests:/home/darsh/UR3_ROS2_PICK_AND_PLACE/install/ur_interfaces:/home/darsh/UR3_ROS2_PICK_AND_PLACE/install/ur_gazebo:/home/darsh/UR3_ROS2_PICK_AND_PLACE/install/movit_config:/home/darsh/UR3_ROS2_PICK_AND_PLACE/install/moveit_config:/home/darsh/UR3_ROS2_PICK_AND_PLACE/install/ur_description:/home/darsh/UR3_ROS2_PICK_AND_PLACE/install/robotiq_2f_85_gripper_visualization:/opt/ros/jazzy/opt/gz_sim_vendor:/opt/ros/jazzy/opt/gz_sensors_vendor:/opt/ros/jazzy/opt/gz_physics_vendor:/opt/ros/jazzy/opt/sdformat_vendor:/opt/ros/jazzy/opt/gz_gui_vendor:/opt/ros/jazzy/opt/gz_transport_vendor:/opt/ros/jazzy/opt/gz_rendering_vendor:/opt/ros/jazzy/opt/gz_plugin_vendor:/opt/ros/jazzy/opt/gz_fuel_tools_vendor:/opt/ros/jazzy/opt/gz_msgs_vendor:/opt/ros/jazzy/opt/gz_common_vendor:/opt/ros/jazzy/opt/gz_math_vendor:/opt/ros/jazzy/opt/gz_utils_vendor:/opt/ros/jazzy/opt/gz_tools_vendor:/opt/ros/jazzy/opt/gz_ogre_next_vendor:/opt/ros/jazzy/opt/gz_dartsim_vendor:/opt/ros/jazzy/opt/gz_cmake_vendor:/opt/ros/jazzy /usr/bin/cmake /home/darsh/ros3/ROS2_pick_and_place_UR5/ur5_gripper_description -DCMAKE_INSTALL_PREFIX=/home/darsh/ros3/ROS2_pick_and_place_UR5/install/ur5_gripper_description
[6.519s] DEBUG:colcon.colcon_core.event_handler.log_command:Invoked command in '/home/darsh/ros3/ROS2_pick_and_place_UR5/build/ur5_gripper_description' returned '0': CMAKE_PREFIX_PATH=/home/darsh/ros3/ROS2_pick_and_place_UR5/install/robotiq_description:/home/darsh/ros3/ROS2_pick_and_place_UR5/install/ur5_gripper_moveit_config:/home/darsh/ros3/ROS2_pick_and_place_UR5/install/ur5_gripper_description:/home/darsh/ros3/ROS2_pick_and_place_UR5/install/pnp_msgs:/home/darsh/ros3/ROS2_pick_and_place_UR5/install/moveit_ur5_msgs:/home/darsh/UR3_ROS2_PICK_AND_PLACE/install/ur_system_tests:/home/darsh/UR3_ROS2_PICK_AND_PLACE/install/ur_interfaces:/home/darsh/UR3_ROS2_PICK_AND_PLACE/install/ur_gazebo:/home/darsh/UR3_ROS2_PICK_AND_PLACE/install/movit_config:/home/darsh/UR3_ROS2_PICK_AND_PLACE/install/moveit_config:/home/darsh/UR3_ROS2_PICK_AND_PLACE/install/ur_description:/home/darsh/UR3_ROS2_PICK_AND_PLACE/install/robotiq_2f_85_gripper_visualization:/opt/ros/jazzy/opt/gz_sim_vendor:/opt/ros/jazzy/opt/gz_sensors_vendor:/opt/ros/jazzy/opt/gz_physics_vendor:/opt/ros/jazzy/opt/sdformat_vendor:/opt/ros/jazzy/opt/gz_gui_vendor:/opt/ros/jazzy/opt/gz_transport_vendor:/opt/ros/jazzy/opt/gz_rendering_vendor:/opt/ros/jazzy/opt/gz_plugin_vendor:/opt/ros/jazzy/opt/gz_fuel_tools_vendor:/opt/ros/jazzy/opt/gz_msgs_vendor:/opt/ros/jazzy/opt/gz_common_vendor:/opt/ros/jazzy/opt/gz_math_vendor:/opt/ros/jazzy/opt/gz_utils_vendor:/opt/ros/jazzy/opt/gz_tools_vendor:/opt/ros/jazzy/opt/gz_ogre_next_vendor:/opt/ros/jazzy/opt/gz_dartsim_vendor:/opt/ros/jazzy/opt/gz_cmake_vendor:/opt/ros/jazzy /usr/bin/cmake /home/darsh/ros3/ROS2_pick_and_place_UR5/ur5_gripper_description -DCMAKE_INSTALL_PREFIX=/home/darsh/ros3/ROS2_pick_and_place_UR5/install/ur5_gripper_description
[6.520s] DEBUG:colcon.colcon_core.event_handler.log_command:Invoking command in '/home/darsh/ros3/ROS2_pick_and_place_UR5/build/ur5_gripper_description': CMAKE_PREFIX_PATH=/home/darsh/ros3/ROS2_pick_and_place_UR5/install/robotiq_description:/home/darsh/ros3/ROS2_pick_and_place_UR5/install/ur5_gripper_moveit_config:/home/darsh/ros3/ROS2_pick_and_place_UR5/install/ur5_gripper_description:/home/darsh/ros3/ROS2_pick_and_place_UR5/install/pnp_msgs:/home/darsh/ros3/ROS2_pick_and_place_UR5/install/moveit_ur5_msgs:/home/darsh/UR3_ROS2_PICK_AND_PLACE/install/ur_system_tests:/home/darsh/UR3_ROS2_PICK_AND_PLACE/install/ur_interfaces:/home/darsh/UR3_ROS2_PICK_AND_PLACE/install/ur_gazebo:/home/darsh/UR3_ROS2_PICK_AND_PLACE/install/movit_config:/home/darsh/UR3_ROS2_PICK_AND_PLACE/install/moveit_config:/home/darsh/UR3_ROS2_PICK_AND_PLACE/install/ur_description:/home/darsh/UR3_ROS2_PICK_AND_PLACE/install/robotiq_2f_85_gripper_visualization:/opt/ros/jazzy/opt/gz_sim_vendor:/opt/ros/jazzy/opt/gz_sensors_vendor:/opt/ros/jazzy/opt/gz_physics_vendor:/opt/ros/jazzy/opt/sdformat_vendor:/opt/ros/jazzy/opt/gz_gui_vendor:/opt/ros/jazzy/opt/gz_transport_vendor:/opt/ros/jazzy/opt/gz_rendering_vendor:/opt/ros/jazzy/opt/gz_plugin_vendor:/opt/ros/jazzy/opt/gz_fuel_tools_vendor:/opt/ros/jazzy/opt/gz_msgs_vendor:/opt/ros/jazzy/opt/gz_common_vendor:/opt/ros/jazzy/opt/gz_math_vendor:/opt/ros/jazzy/opt/gz_utils_vendor:/opt/ros/jazzy/opt/gz_tools_vendor:/opt/ros/jazzy/opt/gz_ogre_next_vendor:/opt/ros/jazzy/opt/gz_dartsim_vendor:/opt/ros/jazzy/opt/gz_cmake_vendor:/opt/ros/jazzy /usr/bin/cmake --build /home/darsh/ros3/ROS2_pick_and_place_UR5/build/ur5_gripper_description -- -j16 -l16
[6.566s] DEBUG:colcon.colcon_core.event_handler.log_command:Invoked command in '/home/darsh/ros3/ROS2_pick_and_place_UR5/build/ur5_gripper_description' returned '0': CMAKE_PREFIX_PATH=/home/darsh/ros3/ROS2_pick_and_place_UR5/install/robotiq_description:/home/darsh/ros3/ROS2_pick_and_place_UR5/install/ur5_gripper_moveit_config:/home/darsh/ros3/ROS2_pick_and_place_UR5/install/ur5_gripper_description:/home/darsh/ros3/ROS2_pick_and_place_UR5/install/pnp_msgs:/home/darsh/ros3/ROS2_pick_and_place_UR5/install/moveit_ur5_msgs:/home/darsh/UR3_ROS2_PICK_AND_PLACE/install/ur_system_tests:/home/darsh/UR3_ROS2_PICK_AND_PLACE/install/ur_interfaces:/home/darsh/UR3_ROS2_PICK_AND_PLACE/install/ur_gazebo:/home/darsh/UR3_ROS2_PICK_AND_PLACE/install/movit_config:/home/darsh/UR3_ROS2_PICK_AND_PLACE/install/moveit_config:/home/darsh/UR3_ROS2_PICK_AND_PLACE/install/ur_description:/home/darsh/UR3_ROS2_PICK_AND_PLACE/install/robotiq_2f_85_gripper_visualization:/opt/ros/jazzy/opt/gz_sim_vendor:/opt/ros/jazzy/opt/gz_sensors_vendor:/opt/ros/jazzy/opt/gz_physics_vendor:/opt/ros/jazzy/opt/sdformat_vendor:/opt/ros/jazzy/opt/gz_gui_vendor:/opt/ros/jazzy/opt/gz_transport_vendor:/opt/ros/jazzy/opt/gz_rendering_vendor:/opt/ros/jazzy/opt/gz_plugin_vendor:/opt/ros/jazzy/opt/gz_fuel_tools_vendor:/opt/ros/jazzy/opt/gz_msgs_vendor:/opt/ros/jazzy/opt/gz_common_vendor:/opt/ros/jazzy/opt/gz_math_vendor:/opt/ros/jazzy/opt/gz_utils_vendor:/opt/ros/jazzy/opt/gz_tools_vendor:/opt/ros/jazzy/opt/gz_ogre_next_vendor:/opt/ros/jazzy/opt/gz_dartsim_vendor:/opt/ros/jazzy/opt/gz_cmake_vendor:/opt/ros/jazzy /usr/bin/cmake --build /home/darsh/ros3/ROS2_pick_and_place_UR5/build/ur5_gripper_description -- -j16 -l16
[6.568s] DEBUG:colcon.colcon_core.event_handler.log_command:Invoking command in '/home/darsh/ros3/ROS2_pick_and_place_UR5/build/ur5_gripper_description': CMAKE_PREFIX_PATH=/home/darsh/ros3/ROS2_pick_and_place_UR5/install/robotiq_description:/home/darsh/ros3/ROS2_pick_and_place_UR5/install/ur5_gripper_moveit_config:/home/darsh/ros3/ROS2_pick_and_place_UR5/install/ur5_gripper_description:/home/darsh/ros3/ROS2_pick_and_place_UR5/install/pnp_msgs:/home/darsh/ros3/ROS2_pick_and_place_UR5/install/moveit_ur5_msgs:/home/darsh/UR3_ROS2_PICK_AND_PLACE/install/ur_system_tests:/home/darsh/UR3_ROS2_PICK_AND_PLACE/install/ur_interfaces:/home/darsh/UR3_ROS2_PICK_AND_PLACE/install/ur_gazebo:/home/darsh/UR3_ROS2_PICK_AND_PLACE/install/movit_config:/home/darsh/UR3_ROS2_PICK_AND_PLACE/install/moveit_config:/home/darsh/UR3_ROS2_PICK_AND_PLACE/install/ur_description:/home/darsh/UR3_ROS2_PICK_AND_PLACE/install/robotiq_2f_85_gripper_visualization:/opt/ros/jazzy/opt/gz_sim_vendor:/opt/ros/jazzy/opt/gz_sensors_vendor:/opt/ros/jazzy/opt/gz_physics_vendor:/opt/ros/jazzy/opt/sdformat_vendor:/opt/ros/jazzy/opt/gz_gui_vendor:/opt/ros/jazzy/opt/gz_transport_vendor:/opt/ros/jazzy/opt/gz_rendering_vendor:/opt/ros/jazzy/opt/gz_plugin_vendor:/opt/ros/jazzy/opt/gz_fuel_tools_vendor:/opt/ros/jazzy/opt/gz_msgs_vendor:/opt/ros/jazzy/opt/gz_common_vendor:/opt/ros/jazzy/opt/gz_math_vendor:/opt/ros/jazzy/opt/gz_utils_vendor:/opt/ros/jazzy/opt/gz_tools_vendor:/opt/ros/jazzy/opt/gz_ogre_next_vendor:/opt/ros/jazzy/opt/gz_dartsim_vendor:/opt/ros/jazzy/opt/gz_cmake_vendor:/opt/ros/jazzy /usr/bin/cmake --install /home/darsh/ros3/ROS2_pick_and_place_UR5/build/ur5_gripper_description
[6.748s] Level 1:colcon.colcon_core.environment:create_environment_scripts_only(ur5_gripper_description)
[6.748s] Level 1:colcon.colcon_core.environment:checking '/home/darsh/ros3/ROS2_pick_and_place_UR5/install/ur5_gripper_description' for CMake module files
[6.749s] DEBUG:colcon.colcon_core.event_handler.log_command:Invoked command in '/home/darsh/ros3/ROS2_pick_and_place_UR5/build/ur5_gripper_description' returned '0': CMAKE_PREFIX_PATH=/home/darsh/ros3/ROS2_pick_and_place_UR5/install/robotiq_description:/home/darsh/ros3/ROS2_pick_and_place_UR5/install/ur5_gripper_moveit_config:/home/darsh/ros3/ROS2_pick_and_place_UR5/install/ur5_gripper_description:/home/darsh/ros3/ROS2_pick_and_place_UR5/install/pnp_msgs:/home/darsh/ros3/ROS2_pick_and_place_UR5/install/moveit_ur5_msgs:/home/darsh/UR3_ROS2_PICK_AND_PLACE/install/ur_system_tests:/home/darsh/UR3_ROS2_PICK_AND_PLACE/install/ur_interfaces:/home/darsh/UR3_ROS2_PICK_AND_PLACE/install/ur_gazebo:/home/darsh/UR3_ROS2_PICK_AND_PLACE/install/movit_config:/home/darsh/UR3_ROS2_PICK_AND_PLACE/install/moveit_config:/home/darsh/UR3_ROS2_PICK_AND_PLACE/install/ur_description:/home/darsh/UR3_ROS2_PICK_AND_PLACE/install/robotiq_2f_85_gripper_visualization:/opt/ros/jazzy/opt/gz_sim_vendor:/opt/ros/jazzy/opt/gz_sensors_vendor:/opt/ros/jazzy/opt/gz_physics_vendor:/opt/ros/jazzy/opt/sdformat_vendor:/opt/ros/jazzy/opt/gz_gui_vendor:/opt/ros/jazzy/opt/gz_transport_vendor:/opt/ros/jazzy/opt/gz_rendering_vendor:/opt/ros/jazzy/opt/gz_plugin_vendor:/opt/ros/jazzy/opt/gz_fuel_tools_vendor:/opt/ros/jazzy/opt/gz_msgs_vendor:/opt/ros/jazzy/opt/gz_common_vendor:/opt/ros/jazzy/opt/gz_math_vendor:/opt/ros/jazzy/opt/gz_utils_vendor:/opt/ros/jazzy/opt/gz_tools_vendor:/opt/ros/jazzy/opt/gz_ogre_next_vendor:/opt/ros/jazzy/opt/gz_dartsim_vendor:/opt/ros/jazzy/opt/gz_cmake_vendor:/opt/ros/jazzy /usr/bin/cmake --install /home/darsh/ros3/ROS2_pick_and_place_UR5/build/ur5_gripper_description
[6.750s] Level 1:colcon.colcon_core.environment:checking '/home/darsh/ros3/ROS2_pick_and_place_UR5/install/ur5_gripper_description' for CMake config files
[6.751s] Level 1:colcon.colcon_core.shell:create_environment_hook('ur5_gripper_description', 'cmake_prefix_path')
[6.751s] INFO:colcon.colcon_core.shell:Creating environment hook '/home/darsh/ros3/ROS2_pick_and_place_UR5/install/ur5_gripper_description/share/ur5_gripper_description/hook/cmake_prefix_path.ps1'
[6.752s] INFO:colcon.colcon_core.shell:Creating environment descriptor '/home/darsh/ros3/ROS2_pick_and_place_UR5/install/ur5_gripper_description/share/ur5_gripper_description/hook/cmake_prefix_path.dsv'
[6.753s] INFO:colcon.colcon_core.shell:Creating environment hook '/home/darsh/ros3/ROS2_pick_and_place_UR5/install/ur5_gripper_description/share/ur5_gripper_description/hook/cmake_prefix_path.sh'
[6.753s] Level 1:colcon.colcon_core.environment:checking '/home/darsh/ros3/ROS2_pick_and_place_UR5/install/ur5_gripper_description/bin'
[6.754s] Level 1:colcon.colcon_core.environment:checking '/home/darsh/ros3/ROS2_pick_and_place_UR5/install/ur5_gripper_description/lib/pkgconfig/ur5_gripper_description.pc'
[6.754s] Level 1:colcon.colcon_core.environment:checking '/home/darsh/ros3/ROS2_pick_and_place_UR5/install/ur5_gripper_description/lib/python3.12/site-packages'
[6.754s] Level 1:colcon.colcon_core.environment:checking '/home/darsh/ros3/ROS2_pick_and_place_UR5/install/ur5_gripper_description/bin'
[6.755s] INFO:colcon.colcon_core.shell:Creating package script '/home/darsh/ros3/ROS2_pick_and_place_UR5/install/ur5_gripper_description/share/ur5_gripper_description/package.ps1'
[6.755s] INFO:colcon.colcon_core.shell:Creating package descriptor '/home/darsh/ros3/ROS2_pick_and_place_UR5/install/ur5_gripper_description/share/ur5_gripper_description/package.dsv'
[6.756s] INFO:colcon.colcon_core.shell:Creating package script '/home/darsh/ros3/ROS2_pick_and_place_UR5/install/ur5_gripper_description/share/ur5_gripper_description/package.sh'
[6.756s] INFO:colcon.colcon_core.shell:Creating package script '/home/darsh/ros3/ROS2_pick_and_place_UR5/install/ur5_gripper_description/share/ur5_gripper_description/package.bash'
[6.757s] INFO:colcon.colcon_core.shell:Creating package script '/home/darsh/ros3/ROS2_pick_and_place_UR5/install/ur5_gripper_description/share/ur5_gripper_description/package.zsh'
[6.757s] Level 1:colcon.colcon_core.environment:create_file_with_runtime_dependencies(/home/darsh/ros3/ROS2_pick_and_place_UR5/install/ur5_gripper_description/share/colcon-core/packages/ur5_gripper_description)
[6.759s] Level 1:colcon.colcon_core.environment:create_environment_scripts_only(ur5_gripper_description)
[6.759s] Level 1:colcon.colcon_core.environment:checking '/home/darsh/ros3/ROS2_pick_and_place_UR5/install/ur5_gripper_description' for CMake module files
[6.760s] Level 1:colcon.colcon_core.environment:checking '/home/darsh/ros3/ROS2_pick_and_place_UR5/install/ur5_gripper_description' for CMake config files
[6.760s] Level 1:colcon.colcon_core.shell:create_environment_hook('ur5_gripper_description', 'cmake_prefix_path')
[6.761s] INFO:colcon.colcon_core.shell:Creating environment hook '/home/darsh/ros3/ROS2_pick_and_place_UR5/install/ur5_gripper_description/share/ur5_gripper_description/hook/cmake_prefix_path.ps1'
[6.761s] INFO:colcon.colcon_core.shell:Creating environment descriptor '/home/darsh/ros3/ROS2_pick_and_place_UR5/install/ur5_gripper_description/share/ur5_gripper_description/hook/cmake_prefix_path.dsv'
[6.762s] INFO:colcon.colcon_core.shell:Creating environment hook '/home/darsh/ros3/ROS2_pick_and_place_UR5/install/ur5_gripper_description/share/ur5_gripper_description/hook/cmake_prefix_path.sh'
[6.762s] Level 1:colcon.colcon_core.environment:checking '/home/darsh/ros3/ROS2_pick_and_place_UR5/install/ur5_gripper_description/bin'
[6.763s] Level 1:colcon.colcon_core.environment:checking '/home/darsh/ros3/ROS2_pick_and_place_UR5/install/ur5_gripper_description/lib/pkgconfig/ur5_gripper_description.pc'
[6.763s] Level 1:colcon.colcon_core.environment:checking '/home/darsh/ros3/ROS2_pick_and_place_UR5/install/ur5_gripper_description/lib/python3.12/site-packages'
[6.763s] Level 1:colcon.colcon_core.environment:checking '/home/darsh/ros3/ROS2_pick_and_place_UR5/install/ur5_gripper_description/bin'
[6.764s] INFO:colcon.colcon_core.shell:Creating package script '/home/darsh/ros3/ROS2_pick_and_place_UR5/install/ur5_gripper_description/share/ur5_gripper_description/package.ps1'
[6.764s] INFO:colcon.colcon_core.shell:Creating package descriptor '/home/darsh/ros3/ROS2_pick_and_place_UR5/install/ur5_gripper_description/share/ur5_gripper_description/package.dsv'
[6.765s] INFO:colcon.colcon_core.shell:Creating package script '/home/darsh/ros3/ROS2_pick_and_place_UR5/install/ur5_gripper_description/share/ur5_gripper_description/package.sh'
[6.765s] INFO:colcon.colcon_core.shell:Creating package script '/home/darsh/ros3/ROS2_pick_and_place_UR5/install/ur5_gripper_description/share/ur5_gripper_description/package.bash'
[6.766s] INFO:colcon.colcon_core.shell:Creating package script '/home/darsh/ros3/ROS2_pick_and_place_UR5/install/ur5_gripper_description/share/ur5_gripper_description/package.zsh'
[6.766s] Level 1:colcon.colcon_core.environment:create_file_with_runtime_dependencies(/home/darsh/ros3/ROS2_pick_and_place_UR5/install/ur5_gripper_description/share/colcon-core/packages/ur5_gripper_description)
[6.767s] INFO:colcon.colcon_ros.task.ament_cmake.build:Building ROS package in '/home/darsh/ros3/ROS2_pick_and_place_UR5/ur5_gripper_moveit_config' with build type 'ament_cmake'
[6.767s] INFO:colcon.colcon_cmake.task.cmake.build:Building CMake package in '/home/darsh/ros3/ROS2_pick_and_place_UR5/ur5_gripper_moveit_config'
[6.767s] INFO:colcon.colcon_core.shell:Skip shell extension 'powershell' for command environment: Not usable outside of PowerShell
[6.768s] DEBUG:colcon.colcon_core.shell:Skip shell extension 'dsv' for command environment
[6.886s] DEBUG:colcon.colcon_core.event_handler.log_command:Invoking command in '/home/darsh/ros3/ROS2_pick_and_place_UR5/build/ur5_gripper_moveit_config': CMAKE_PREFIX_PATH=/home/darsh/ros3/ROS2_pick_and_place_UR5/install/ur5_gripper_description:/home/darsh/ros3/ROS2_pick_and_place_UR5/install/robotiq_description:/home/darsh/ros3/ROS2_pick_and_place_UR5/install/ur5_gripper_moveit_config:/home/darsh/ros3/ROS2_pick_and_place_UR5/install/pnp_msgs:/home/darsh/ros3/ROS2_pick_and_place_UR5/install/moveit_ur5_msgs:/home/darsh/UR3_ROS2_PICK_AND_PLACE/install/ur_system_tests:/home/darsh/UR3_ROS2_PICK_AND_PLACE/install/ur_interfaces:/home/darsh/UR3_ROS2_PICK_AND_PLACE/install/ur_gazebo:/home/darsh/UR3_ROS2_PICK_AND_PLACE/install/movit_config:/home/darsh/UR3_ROS2_PICK_AND_PLACE/install/moveit_config:/home/darsh/UR3_ROS2_PICK_AND_PLACE/install/ur_description:/home/darsh/UR3_ROS2_PICK_AND_PLACE/install/robotiq_2f_85_gripper_visualization:/opt/ros/jazzy/opt/gz_sim_vendor:/opt/ros/jazzy/opt/gz_sensors_vendor:/opt/ros/jazzy/opt/gz_physics_vendor:/opt/ros/jazzy/opt/sdformat_vendor:/opt/ros/jazzy/opt/gz_gui_vendor:/opt/ros/jazzy/opt/gz_transport_vendor:/opt/ros/jazzy/opt/gz_rendering_vendor:/opt/ros/jazzy/opt/gz_plugin_vendor:/opt/ros/jazzy/opt/gz_fuel_tools_vendor:/opt/ros/jazzy/opt/gz_msgs_vendor:/opt/ros/jazzy/opt/gz_common_vendor:/opt/ros/jazzy/opt/gz_math_vendor:/opt/ros/jazzy/opt/gz_utils_vendor:/opt/ros/jazzy/opt/gz_tools_vendor:/opt/ros/jazzy/opt/gz_ogre_next_vendor:/opt/ros/jazzy/opt/gz_dartsim_vendor:/opt/ros/jazzy/opt/gz_cmake_vendor:/opt/ros/jazzy /usr/bin/cmake /home/darsh/ros3/ROS2_pick_and_place_UR5/ur5_gripper_moveit_config -DCMAKE_INSTALL_PREFIX=/home/darsh/ros3/ROS2_pick_and_place_UR5/install/ur5_gripper_moveit_config
[13.968s] DEBUG:colcon.colcon_core.event_handler.log_command:Invoked command in '/home/darsh/ros3/ROS2_pick_and_place_UR5/build/ur5_gripper_moveit_config' returned '0': CMAKE_PREFIX_PATH=/home/darsh/ros3/ROS2_pick_and_place_UR5/install/ur5_gripper_description:/home/darsh/ros3/ROS2_pick_and_place_UR5/install/robotiq_description:/home/darsh/ros3/ROS2_pick_and_place_UR5/install/ur5_gripper_moveit_config:/home/darsh/ros3/ROS2_pick_and_place_UR5/install/pnp_msgs:/home/darsh/ros3/ROS2_pick_and_place_UR5/install/moveit_ur5_msgs:/home/darsh/UR3_ROS2_PICK_AND_PLACE/install/ur_system_tests:/home/darsh/UR3_ROS2_PICK_AND_PLACE/install/ur_interfaces:/home/darsh/UR3_ROS2_PICK_AND_PLACE/install/ur_gazebo:/home/darsh/UR3_ROS2_PICK_AND_PLACE/install/movit_config:/home/darsh/UR3_ROS2_PICK_AND_PLACE/install/moveit_config:/home/darsh/UR3_ROS2_PICK_AND_PLACE/install/ur_description:/home/darsh/UR3_ROS2_PICK_AND_PLACE/install/robotiq_2f_85_gripper_visualization:/opt/ros/jazzy/opt/gz_sim_vendor:/opt/ros/jazzy/opt/gz_sensors_vendor:/opt/ros/jazzy/opt/gz_physics_vendor:/opt/ros/jazzy/opt/sdformat_vendor:/opt/ros/jazzy/opt/gz_gui_vendor:/opt/ros/jazzy/opt/gz_transport_vendor:/opt/ros/jazzy/opt/gz_rendering_vendor:/opt/ros/jazzy/opt/gz_plugin_vendor:/opt/ros/jazzy/opt/gz_fuel_tools_vendor:/opt/ros/jazzy/opt/gz_msgs_vendor:/opt/ros/jazzy/opt/gz_common_vendor:/opt/ros/jazzy/opt/gz_math_vendor:/opt/ros/jazzy/opt/gz_utils_vendor:/opt/ros/jazzy/opt/gz_tools_vendor:/opt/ros/jazzy/opt/gz_ogre_next_vendor:/opt/ros/jazzy/opt/gz_dartsim_vendor:/opt/ros/jazzy/opt/gz_cmake_vendor:/opt/ros/jazzy /usr/bin/cmake /home/darsh/ros3/ROS2_pick_and_place_UR5/ur5_gripper_moveit_config -DCMAKE_INSTALL_PREFIX=/home/darsh/ros3/ROS2_pick_and_place_UR5/install/ur5_gripper_moveit_config
[13.969s] DEBUG:colcon.colcon_core.event_handler.log_command:Invoking command in '/home/darsh/ros3/ROS2_pick_and_place_UR5/build/ur5_gripper_moveit_config': CMAKE_PREFIX_PATH=/home/darsh/ros3/ROS2_pick_and_place_UR5/install/ur5_gripper_description:/home/darsh/ros3/ROS2_pick_and_place_UR5/install/robotiq_description:/home/darsh/ros3/ROS2_pick_and_place_UR5/install/ur5_gripper_moveit_config:/home/darsh/ros3/ROS2_pick_and_place_UR5/install/pnp_msgs:/home/darsh/ros3/ROS2_pick_and_place_UR5/install/moveit_ur5_msgs:/home/darsh/UR3_ROS2_PICK_AND_PLACE/install/ur_system_tests:/home/darsh/UR3_ROS2_PICK_AND_PLACE/install/ur_interfaces:/home/darsh/UR3_ROS2_PICK_AND_PLACE/install/ur_gazebo:/home/darsh/UR3_ROS2_PICK_AND_PLACE/install/movit_config:/home/darsh/UR3_ROS2_PICK_AND_PLACE/install/moveit_config:/home/darsh/UR3_ROS2_PICK_AND_PLACE/install/ur_description:/home/darsh/UR3_ROS2_PICK_AND_PLACE/install/robotiq_2f_85_gripper_visualization:/opt/ros/jazzy/opt/gz_sim_vendor:/opt/ros/jazzy/opt/gz_sensors_vendor:/opt/ros/jazzy/opt/gz_physics_vendor:/opt/ros/jazzy/opt/sdformat_vendor:/opt/ros/jazzy/opt/gz_gui_vendor:/opt/ros/jazzy/opt/gz_transport_vendor:/opt/ros/jazzy/opt/gz_rendering_vendor:/opt/ros/jazzy/opt/gz_plugin_vendor:/opt/ros/jazzy/opt/gz_fuel_tools_vendor:/opt/ros/jazzy/opt/gz_msgs_vendor:/opt/ros/jazzy/opt/gz_common_vendor:/opt/ros/jazzy/opt/gz_math_vendor:/opt/ros/jazzy/opt/gz_utils_vendor:/opt/ros/jazzy/opt/gz_tools_vendor:/opt/ros/jazzy/opt/gz_ogre_next_vendor:/opt/ros/jazzy/opt/gz_dartsim_vendor:/opt/ros/jazzy/opt/gz_cmake_vendor:/opt/ros/jazzy /usr/bin/cmake --build /home/darsh/ros3/ROS2_pick_and_place_UR5/build/ur5_gripper_moveit_config -- -j16 -l16
[14.013s] DEBUG:colcon.colcon_core.event_handler.log_command:Invoked command in '/home/darsh/ros3/ROS2_pick_and_place_UR5/build/ur5_gripper_moveit_config' returned '0': CMAKE_PREFIX_PATH=/home/darsh/ros3/ROS2_pick_and_place_UR5/install/ur5_gripper_description:/home/darsh/ros3/ROS2_pick_and_place_UR5/install/robotiq_description:/home/darsh/ros3/ROS2_pick_and_place_UR5/install/ur5_gripper_moveit_config:/home/darsh/ros3/ROS2_pick_and_place_UR5/install/pnp_msgs:/home/darsh/ros3/ROS2_pick_and_place_UR5/install/moveit_ur5_msgs:/home/darsh/UR3_ROS2_PICK_AND_PLACE/install/ur_system_tests:/home/darsh/UR3_ROS2_PICK_AND_PLACE/install/ur_interfaces:/home/darsh/UR3_ROS2_PICK_AND_PLACE/install/ur_gazebo:/home/darsh/UR3_ROS2_PICK_AND_PLACE/install/movit_config:/home/darsh/UR3_ROS2_PICK_AND_PLACE/install/moveit_config:/home/darsh/UR3_ROS2_PICK_AND_PLACE/install/ur_description:/home/darsh/UR3_ROS2_PICK_AND_PLACE/install/robotiq_2f_85_gripper_visualization:/opt/ros/jazzy/opt/gz_sim_vendor:/opt/ros/jazzy/opt/gz_sensors_vendor:/opt/ros/jazzy/opt/gz_physics_vendor:/opt/ros/jazzy/opt/sdformat_vendor:/opt/ros/jazzy/opt/gz_gui_vendor:/opt/ros/jazzy/opt/gz_transport_vendor:/opt/ros/jazzy/opt/gz_rendering_vendor:/opt/ros/jazzy/opt/gz_plugin_vendor:/opt/ros/jazzy/opt/gz_fuel_tools_vendor:/opt/ros/jazzy/opt/gz_msgs_vendor:/opt/ros/jazzy/opt/gz_common_vendor:/opt/ros/jazzy/opt/gz_math_vendor:/opt/ros/jazzy/opt/gz_utils_vendor:/opt/ros/jazzy/opt/gz_tools_vendor:/opt/ros/jazzy/opt/gz_ogre_next_vendor:/opt/ros/jazzy/opt/gz_dartsim_vendor:/opt/ros/jazzy/opt/gz_cmake_vendor:/opt/ros/jazzy /usr/bin/cmake --build /home/darsh/ros3/ROS2_pick_and_place_UR5/build/ur5_gripper_moveit_config -- -j16 -l16
[14.014s] DEBUG:colcon.colcon_core.event_handler.log_command:Invoking command in '/home/darsh/ros3/ROS2_pick_and_place_UR5/build/ur5_gripper_moveit_config': CMAKE_PREFIX_PATH=/home/darsh/ros3/ROS2_pick_and_place_UR5/install/ur5_gripper_description:/home/darsh/ros3/ROS2_pick_and_place_UR5/install/robotiq_description:/home/darsh/ros3/ROS2_pick_and_place_UR5/install/ur5_gripper_moveit_config:/home/darsh/ros3/ROS2_pick_and_place_UR5/install/pnp_msgs:/home/darsh/ros3/ROS2_pick_and_place_UR5/install/moveit_ur5_msgs:/home/darsh/UR3_ROS2_PICK_AND_PLACE/install/ur_system_tests:/home/darsh/UR3_ROS2_PICK_AND_PLACE/install/ur_interfaces:/home/darsh/UR3_ROS2_PICK_AND_PLACE/install/ur_gazebo:/home/darsh/UR3_ROS2_PICK_AND_PLACE/install/movit_config:/home/darsh/UR3_ROS2_PICK_AND_PLACE/install/moveit_config:/home/darsh/UR3_ROS2_PICK_AND_PLACE/install/ur_description:/home/darsh/UR3_ROS2_PICK_AND_PLACE/install/robotiq_2f_85_gripper_visualization:/opt/ros/jazzy/opt/gz_sim_vendor:/opt/ros/jazzy/opt/gz_sensors_vendor:/opt/ros/jazzy/opt/gz_physics_vendor:/opt/ros/jazzy/opt/sdformat_vendor:/opt/ros/jazzy/opt/gz_gui_vendor:/opt/ros/jazzy/opt/gz_transport_vendor:/opt/ros/jazzy/opt/gz_rendering_vendor:/opt/ros/jazzy/opt/gz_plugin_vendor:/opt/ros/jazzy/opt/gz_fuel_tools_vendor:/opt/ros/jazzy/opt/gz_msgs_vendor:/opt/ros/jazzy/opt/gz_common_vendor:/opt/ros/jazzy/opt/gz_math_vendor:/opt/ros/jazzy/opt/gz_utils_vendor:/opt/ros/jazzy/opt/gz_tools_vendor:/opt/ros/jazzy/opt/gz_ogre_next_vendor:/opt/ros/jazzy/opt/gz_dartsim_vendor:/opt/ros/jazzy/opt/gz_cmake_vendor:/opt/ros/jazzy /usr/bin/cmake --install /home/darsh/ros3/ROS2_pick_and_place_UR5/build/ur5_gripper_moveit_config
[14.029s] Level 1:colcon.colcon_core.environment:create_environment_scripts_only(ur5_gripper_moveit_config)
[14.030s] Level 1:colcon.colcon_core.environment:checking '/home/darsh/ros3/ROS2_pick_and_place_UR5/install/ur5_gripper_moveit_config' for CMake module files
[14.030s] DEBUG:colcon.colcon_core.event_handler.log_command:Invoked command in '/home/darsh/ros3/ROS2_pick_and_place_UR5/build/ur5_gripper_moveit_config' returned '0': CMAKE_PREFIX_PATH=/home/darsh/ros3/ROS2_pick_and_place_UR5/install/ur5_gripper_description:/home/darsh/ros3/ROS2_pick_and_place_UR5/install/robotiq_description:/home/darsh/ros3/ROS2_pick_and_place_UR5/install/ur5_gripper_moveit_config:/home/darsh/ros3/ROS2_pick_and_place_UR5/install/pnp_msgs:/home/darsh/ros3/ROS2_pick_and_place_UR5/install/moveit_ur5_msgs:/home/darsh/UR3_ROS2_PICK_AND_PLACE/install/ur_system_tests:/home/darsh/UR3_ROS2_PICK_AND_PLACE/install/ur_interfaces:/home/darsh/UR3_ROS2_PICK_AND_PLACE/install/ur_gazebo:/home/darsh/UR3_ROS2_PICK_AND_PLACE/install/movit_config:/home/darsh/UR3_ROS2_PICK_AND_PLACE/install/moveit_config:/home/darsh/UR3_ROS2_PICK_AND_PLACE/install/ur_description:/home/darsh/UR3_ROS2_PICK_AND_PLACE/install/robotiq_2f_85_gripper_visualization:/opt/ros/jazzy/opt/gz_sim_vendor:/opt/ros/jazzy/opt/gz_sensors_vendor:/opt/ros/jazzy/opt/gz_physics_vendor:/opt/ros/jazzy/opt/sdformat_vendor:/opt/ros/jazzy/opt/gz_gui_vendor:/opt/ros/jazzy/opt/gz_transport_vendor:/opt/ros/jazzy/opt/gz_rendering_vendor:/opt/ros/jazzy/opt/gz_plugin_vendor:/opt/ros/jazzy/opt/gz_fuel_tools_vendor:/opt/ros/jazzy/opt/gz_msgs_vendor:/opt/ros/jazzy/opt/gz_common_vendor:/opt/ros/jazzy/opt/gz_math_vendor:/opt/ros/jazzy/opt/gz_utils_vendor:/opt/ros/jazzy/opt/gz_tools_vendor:/opt/ros/jazzy/opt/gz_ogre_next_vendor:/opt/ros/jazzy/opt/gz_dartsim_vendor:/opt/ros/jazzy/opt/gz_cmake_vendor:/opt/ros/jazzy /usr/bin/cmake --install /home/darsh/ros3/ROS2_pick_and_place_UR5/build/ur5_gripper_moveit_config
[14.031s] Level 1:colcon.colcon_core.environment:checking '/home/darsh/ros3/ROS2_pick_and_place_UR5/install/ur5_gripper_moveit_config' for CMake config files
[14.032s] Level 1:colcon.colcon_core.shell:create_environment_hook('ur5_gripper_moveit_config', 'cmake_prefix_path')
[14.032s] INFO:colcon.colcon_core.shell:Creating environment hook '/home/darsh/ros3/ROS2_pick_and_place_UR5/install/ur5_gripper_moveit_config/share/ur5_gripper_moveit_config/hook/cmake_prefix_path.ps1'
[14.032s] INFO:colcon.colcon_core.shell:Creating environment descriptor '/home/darsh/ros3/ROS2_pick_and_place_UR5/install/ur5_gripper_moveit_config/share/ur5_gripper_moveit_config/hook/cmake_prefix_path.dsv'
[14.033s] INFO:colcon.colcon_core.shell:Creating environment hook '/home/darsh/ros3/ROS2_pick_and_place_UR5/install/ur5_gripper_moveit_config/share/ur5_gripper_moveit_config/hook/cmake_prefix_path.sh'
[14.033s] Level 1:colcon.colcon_core.environment:checking '/home/darsh/ros3/ROS2_pick_and_place_UR5/install/ur5_gripper_moveit_config/bin'
[14.034s] Level 1:colcon.colcon_core.environment:checking '/home/darsh/ros3/ROS2_pick_and_place_UR5/install/ur5_gripper_moveit_config/lib/pkgconfig/ur5_gripper_moveit_config.pc'
[14.034s] Level 1:colcon.colcon_core.environment:checking '/home/darsh/ros3/ROS2_pick_and_place_UR5/install/ur5_gripper_moveit_config/lib/python3.12/site-packages'
[14.034s] Level 1:colcon.colcon_core.environment:checking '/home/darsh/ros3/ROS2_pick_and_place_UR5/install/ur5_gripper_moveit_config/bin'
[14.034s] INFO:colcon.colcon_core.shell:Creating package script '/home/darsh/ros3/ROS2_pick_and_place_UR5/install/ur5_gripper_moveit_config/share/ur5_gripper_moveit_config/package.ps1'
[14.035s] INFO:colcon.colcon_core.shell:Creating package descriptor '/home/darsh/ros3/ROS2_pick_and_place_UR5/install/ur5_gripper_moveit_config/share/ur5_gripper_moveit_config/package.dsv'
[14.036s] INFO:colcon.colcon_core.shell:Creating package script '/home/darsh/ros3/ROS2_pick_and_place_UR5/install/ur5_gripper_moveit_config/share/ur5_gripper_moveit_config/package.sh'
[14.036s] INFO:colcon.colcon_core.shell:Creating package script '/home/darsh/ros3/ROS2_pick_and_place_UR5/install/ur5_gripper_moveit_config/share/ur5_gripper_moveit_config/package.bash'
[14.036s] INFO:colcon.colcon_core.shell:Creating package script '/home/darsh/ros3/ROS2_pick_and_place_UR5/install/ur5_gripper_moveit_config/share/ur5_gripper_moveit_config/package.zsh'
[14.037s] Level 1:colcon.colcon_core.environment:create_file_with_runtime_dependencies(/home/darsh/ros3/ROS2_pick_and_place_UR5/install/ur5_gripper_moveit_config/share/colcon-core/packages/ur5_gripper_moveit_config)
[14.038s] Level 1:colcon.colcon_core.environment:create_environment_scripts_only(ur5_gripper_moveit_config)
[14.038s] Level 1:colcon.colcon_core.environment:checking '/home/darsh/ros3/ROS2_pick_and_place_UR5/install/ur5_gripper_moveit_config' for CMake module files
[14.038s] Level 1:colcon.colcon_core.environment:checking '/home/darsh/ros3/ROS2_pick_and_place_UR5/install/ur5_gripper_moveit_config' for CMake config files
[14.039s] Level 1:colcon.colcon_core.shell:create_environment_hook('ur5_gripper_moveit_config', 'cmake_prefix_path')
[14.039s] INFO:colcon.colcon_core.shell:Creating environment hook '/home/darsh/ros3/ROS2_pick_and_place_UR5/install/ur5_gripper_moveit_config/share/ur5_gripper_moveit_config/hook/cmake_prefix_path.ps1'
[14.039s] INFO:colcon.colcon_core.shell:Creating environment descriptor '/home/darsh/ros3/ROS2_pick_and_place_UR5/install/ur5_gripper_moveit_config/share/ur5_gripper_moveit_config/hook/cmake_prefix_path.dsv'
[14.040s] INFO:colcon.colcon_core.shell:Creating environment hook '/home/darsh/ros3/ROS2_pick_and_place_UR5/install/ur5_gripper_moveit_config/share/ur5_gripper_moveit_config/hook/cmake_prefix_path.sh'
[14.040s] Level 1:colcon.colcon_core.environment:checking '/home/darsh/ros3/ROS2_pick_and_place_UR5/install/ur5_gripper_moveit_config/bin'
[14.040s] Level 1:colcon.colcon_core.environment:checking '/home/darsh/ros3/ROS2_pick_and_place_UR5/install/ur5_gripper_moveit_config/lib/pkgconfig/ur5_gripper_moveit_config.pc'
[14.041s] Level 1:colcon.colcon_core.environment:checking '/home/darsh/ros3/ROS2_pick_and_place_UR5/install/ur5_gripper_moveit_config/lib/python3.12/site-packages'
[14.041s] Level 1:colcon.colcon_core.environment:checking '/home/darsh/ros3/ROS2_pick_and_place_UR5/install/ur5_gripper_moveit_config/bin'
[14.041s] INFO:colcon.colcon_core.shell:Creating package script '/home/darsh/ros3/ROS2_pick_and_place_UR5/install/ur5_gripper_moveit_config/share/ur5_gripper_moveit_config/package.ps1'
[14.042s] INFO:colcon.colcon_core.shell:Creating package descriptor '/home/darsh/ros3/ROS2_pick_and_place_UR5/install/ur5_gripper_moveit_config/share/ur5_gripper_moveit_config/package.dsv'
[14.043s] INFO:colcon.colcon_core.shell:Creating package script '/home/darsh/ros3/ROS2_pick_and_place_UR5/install/ur5_gripper_moveit_config/share/ur5_gripper_moveit_config/package.sh'
[14.043s] INFO:colcon.colcon_core.shell:Creating package script '/home/darsh/ros3/ROS2_pick_and_place_UR5/install/ur5_gripper_moveit_config/share/ur5_gripper_moveit_config/package.bash'
[14.044s] INFO:colcon.colcon_core.shell:Creating package script '/home/darsh/ros3/ROS2_pick_and_place_UR5/install/ur5_gripper_moveit_config/share/ur5_gripper_moveit_config/package.zsh'
[14.044s] Level 1:colcon.colcon_core.environment:create_file_with_runtime_dependencies(/home/darsh/ros3/ROS2_pick_and_place_UR5/install/ur5_gripper_moveit_config/share/colcon-core/packages/ur5_gripper_moveit_config)
[14.044s] DEBUG:colcon.colcon_parallel_executor.executor.parallel:closing loop
[14.045s] DEBUG:colcon.colcon_parallel_executor.executor.parallel:loop closed
[14.046s] DEBUG:colcon.colcon_parallel_executor.executor.parallel:run_until_complete finished with '0'
[14.046s] DEBUG:colcon.colcon_core.event_reactor:joining thread
[14.088s] INFO:colcon.colcon_core.plugin_system:Skipping extension 'colcon_notification.desktop_notification.notify_send': Could not find 'notify-send'
[14.088s] INFO:colcon.colcon_core.plugin_system:Skipping extension 'colcon_notification.desktop_notification.terminal_notifier': Not used on non-Darwin systems
[14.088s] INFO:colcon.colcon_core.plugin_system:Skipping extension 'colcon_notification.desktop_notification.win32': Not used on non-Windows systems
[14.088s] INFO:colcon.colcon_notification.desktop_notification:Sending desktop notification using 'notify2'
[14.089s] DEBUG:colcon.colcon_notification.desktop_notification.notify2:Failed to initialize notify2: org.freedesktop.DBus.Error.ServiceUnknown: The name org.freedesktop.Notifications was not provided by any .service files
[14.089s] DEBUG:colcon.colcon_core.event_reactor:joined thread
[14.089s] INFO:colcon.colcon_core.shell:Creating prefix script '/home/darsh/ros3/ROS2_pick_and_place_UR5/install/local_setup.ps1'
[14.090s] INFO:colcon.colcon_core.shell:Creating prefix util module '/home/darsh/ros3/ROS2_pick_and_place_UR5/install/_local_setup_util_ps1.py'
[14.092s] INFO:colcon.colcon_core.shell:Creating prefix chain script '/home/darsh/ros3/ROS2_pick_and_place_UR5/install/setup.ps1'
[14.093s] INFO:colcon.colcon_core.shell:Creating prefix script '/home/darsh/ros3/ROS2_pick_and_place_UR5/install/local_setup.sh'
[14.094s] INFO:colcon.colcon_core.shell:Creating prefix util module '/home/darsh/ros3/ROS2_pick_and_place_UR5/install/_local_setup_util_sh.py'
[14.094s] INFO:colcon.colcon_core.shell:Creating prefix chain script '/home/darsh/ros3/ROS2_pick_and_place_UR5/install/setup.sh'
[14.096s] INFO:colcon.colcon_core.shell:Creating prefix script '/home/darsh/ros3/ROS2_pick_and_place_UR5/install/local_setup.bash'
[14.096s] INFO:colcon.colcon_core.shell:Creating prefix chain script '/home/darsh/ros3/ROS2_pick_and_place_UR5/install/setup.bash'
[14.097s] INFO:colcon.colcon_core.shell:Creating prefix script '/home/darsh/ros3/ROS2_pick_and_place_UR5/install/local_setup.zsh'
[14.098s] INFO:colcon.colcon_core.shell:Creating prefix chain script '/home/darsh/ros3/ROS2_pick_and_place_UR5/install/setup.zsh'
