[0.310s] DEBUG:colcon:Command line arguments: ['/usr/bin/colcon', 'build']
[0.310s] DEBUG:colcon:Parsed command line arguments: Namespace(log_base=None, log_level=None, verb_name='build', build_base='build', install_base='install', merge_install=False, symlink_install=False, test_result_base=None, continue_on_error=False, executor='parallel', parallel_workers=16, event_handlers=None, ignore_user_meta=False, metas=['./colcon.meta'], base_paths=['.'], packages_ignore=None, packages_ignore_regex=None, paths=None, packages_up_to=None, packages_up_to_regex=None, packages_above=None, packages_above_and_dependencies=None, packages_above_depth=None, packages_select_by_dep=None, packages_skip_by_dep=None, packages_skip_up_to=None, packages_select_build_failed=False, packages_skip_build_finished=False, packages_select_test_failures=False, packages_skip_test_passed=False, packages_select=None, packages_skip=None, packages_select_regex=None, packages_skip_regex=None, packages_start=None, packages_end=None, allow_overriding=[], cmake_args=None, cmake_target=None, cmake_target_skip_unavailable=False, cmake_clean_cache=False, cmake_clean_first=False, cmake_force_configure=False, ament_cmake_args=None, catkin_cmake_args=None, catkin_skip_building_tests=False, verb_parser=<colcon_defaults.argument_parser.defaults.DefaultArgumentsDecorator object at 0x7f755250eb10>, verb_extension=<colcon_core.verb.build.BuildVerb object at 0x7f75524b0920>, main=<bound method BuildVerb.main of <colcon_core.verb.build.BuildVerb object at 0x7f75524b0920>>)
[0.364s] Level 1:colcon.colcon_core.package_discovery:discover_packages(colcon_meta) check parameters
[0.364s] Level 1:colcon.colcon_core.package_discovery:discover_packages(recursive) check parameters
[0.364s] Level 1:colcon.colcon_core.package_discovery:discover_packages(ignore) check parameters
[0.364s] Level 1:colcon.colcon_core.package_discovery:discover_packages(path) check parameters
[0.364s] Level 1:colcon.colcon_core.package_discovery:discover_packages(colcon_meta) discover
[0.364s] Level 1:colcon.colcon_core.package_discovery:discover_packages(recursive) discover
[0.364s] INFO:colcon.colcon_core.package_discovery:Crawling recursively for packages in '/home/darsh/ros3'
[0.365s] Level 1:colcon.colcon_core.package_identification:_identify(.) by extensions ['ignore', 'ignore_ament_install']
[0.365s] Level 1:colcon.colcon_core.package_identification:_identify(.) by extension 'ignore'
[0.365s] Level 1:colcon.colcon_core.package_identification:_identify(.) by extension 'ignore_ament_install'
[0.365s] Level 1:colcon.colcon_core.package_identification:_identify(.) by extensions ['colcon_pkg']
[0.365s] Level 1:colcon.colcon_core.package_identification:_identify(.) by extension 'colcon_pkg'
[0.365s] Level 1:colcon.colcon_core.package_identification:_identify(.) by extensions ['colcon_meta']
[0.365s] Level 1:colcon.colcon_core.package_identification:_identify(.) by extension 'colcon_meta'
[0.365s] Level 1:colcon.colcon_core.package_identification:_identify(.) by extensions ['ros']
[0.365s] Level 1:colcon.colcon_core.package_identification:_identify(.) by extension 'ros'
[0.393s] Level 1:colcon.colcon_core.package_identification:_identify(.) by extensions ['cmake', 'python']
[0.393s] Level 1:colcon.colcon_core.package_identification:_identify(.) by extension 'cmake'
[0.393s] Level 1:colcon.colcon_core.package_identification:_identify(.) by extension 'python'
[0.393s] Level 1:colcon.colcon_core.package_identification:_identify(.) by extensions ['python_setup_py']
[0.393s] Level 1:colcon.colcon_core.package_identification:_identify(.) by extension 'python_setup_py'
[0.394s] Level 1:colcon.colcon_core.package_identification:_identify(ROS2_pick_and_place_UR5) by extensions ['ignore', 'ignore_ament_install']
[0.394s] Level 1:colcon.colcon_core.package_identification:_identify(ROS2_pick_and_place_UR5) by extension 'ignore'
[0.394s] Level 1:colcon.colcon_core.package_identification:_identify(ROS2_pick_and_place_UR5) by extension 'ignore_ament_install'
[0.394s] Level 1:colcon.colcon_core.package_identification:_identify(ROS2_pick_and_place_UR5) by extensions ['colcon_pkg']
[0.394s] Level 1:colcon.colcon_core.package_identification:_identify(ROS2_pick_and_place_UR5) by extension 'colcon_pkg'
[0.394s] Level 1:colcon.colcon_core.package_identification:_identify(ROS2_pick_and_place_UR5) by extensions ['colcon_meta']
[0.394s] Level 1:colcon.colcon_core.package_identification:_identify(ROS2_pick_and_place_UR5) by extension 'colcon_meta'
[0.394s] Level 1:colcon.colcon_core.package_identification:_identify(ROS2_pick_and_place_UR5) by extensions ['ros']
[0.394s] Level 1:colcon.colcon_core.package_identification:_identify(ROS2_pick_and_place_UR5) by extension 'ros'
[0.395s] Level 1:colcon.colcon_core.package_identification:_identify(ROS2_pick_and_place_UR5) by extensions ['cmake', 'python']
[0.395s] Level 1:colcon.colcon_core.package_identification:_identify(ROS2_pick_and_place_UR5) by extension 'cmake'
[0.395s] Level 1:colcon.colcon_core.package_identification:_identify(ROS2_pick_and_place_UR5) by extension 'python'
[0.395s] Level 1:colcon.colcon_core.package_identification:_identify(ROS2_pick_and_place_UR5) by extensions ['python_setup_py']
[0.395s] Level 1:colcon.colcon_core.package_identification:_identify(ROS2_pick_and_place_UR5) by extension 'python_setup_py'
[0.395s] Level 1:colcon.colcon_core.package_identification:_identify(ROS2_pick_and_place_UR5/build) by extensions ['ignore', 'ignore_ament_install']
[0.395s] Level 1:colcon.colcon_core.package_identification:_identify(ROS2_pick_and_place_UR5/build) by extension 'ignore'
[0.395s] Level 1:colcon.colcon_core.package_identification:_identify(ROS2_pick_and_place_UR5/build) ignored
[0.396s] Level 1:colcon.colcon_core.package_identification:_identify(ROS2_pick_and_place_UR5/install) by extensions ['ignore', 'ignore_ament_install']
[0.396s] Level 1:colcon.colcon_core.package_identification:_identify(ROS2_pick_and_place_UR5/install) by extension 'ignore'
[0.396s] Level 1:colcon.colcon_core.package_identification:_identify(ROS2_pick_and_place_UR5/install) ignored
[0.396s] Level 1:colcon.colcon_core.package_identification:_identify(ROS2_pick_and_place_UR5/log) by extensions ['ignore', 'ignore_ament_install']
[0.396s] Level 1:colcon.colcon_core.package_identification:_identify(ROS2_pick_and_place_UR5/log) by extension 'ignore'
[0.397s] Level 1:colcon.colcon_core.package_identification:_identify(ROS2_pick_and_place_UR5/log) ignored
[0.397s] Level 1:colcon.colcon_core.package_identification:_identify(ROS2_pick_and_place_UR5/robotiq_description) by extensions ['ignore', 'ignore_ament_install']
[0.397s] Level 1:colcon.colcon_core.package_identification:_identify(ROS2_pick_and_place_UR5/robotiq_description) by extension 'ignore'
[0.397s] Level 1:colcon.colcon_core.package_identification:_identify(ROS2_pick_and_place_UR5/robotiq_description) by extension 'ignore_ament_install'
[0.397s] Level 1:colcon.colcon_core.package_identification:_identify(ROS2_pick_and_place_UR5/robotiq_description) by extensions ['colcon_pkg']
[0.397s] Level 1:colcon.colcon_core.package_identification:_identify(ROS2_pick_and_place_UR5/robotiq_description) by extension 'colcon_pkg'
[0.397s] Level 1:colcon.colcon_core.package_identification:_identify(ROS2_pick_and_place_UR5/robotiq_description) by extensions ['colcon_meta']
[0.397s] Level 1:colcon.colcon_core.package_identification:_identify(ROS2_pick_and_place_UR5/robotiq_description) by extension 'colcon_meta'
[0.398s] Level 1:colcon.colcon_core.package_identification:_identify(ROS2_pick_and_place_UR5/robotiq_description) by extensions ['ros']
[0.398s] Level 1:colcon.colcon_core.package_identification:_identify(ROS2_pick_and_place_UR5/robotiq_description) by extension 'ros'
[0.401s] DEBUG:colcon.colcon_core.package_identification:Package 'ROS2_pick_and_place_UR5/robotiq_description' with type 'ros.ament_cmake' and name 'robotiq_description'
[0.401s] Level 1:colcon.colcon_core.package_identification:_identify(ROS2_pick_and_place_UR5/ur5_gripper_description) by extensions ['ignore', 'ignore_ament_install']
[0.401s] Level 1:colcon.colcon_core.package_identification:_identify(ROS2_pick_and_place_UR5/ur5_gripper_description) by extension 'ignore'
[0.401s] Level 1:colcon.colcon_core.package_identification:_identify(ROS2_pick_and_place_UR5/ur5_gripper_description) by extension 'ignore_ament_install'
[0.401s] Level 1:colcon.colcon_core.package_identification:_identify(ROS2_pick_and_place_UR5/ur5_gripper_description) by extensions ['colcon_pkg']
[0.401s] Level 1:colcon.colcon_core.package_identification:_identify(ROS2_pick_and_place_UR5/ur5_gripper_description) by extension 'colcon_pkg'
[0.401s] Level 1:colcon.colcon_core.package_identification:_identify(ROS2_pick_and_place_UR5/ur5_gripper_description) by extensions ['colcon_meta']
[0.402s] Level 1:colcon.colcon_core.package_identification:_identify(ROS2_pick_and_place_UR5/ur5_gripper_description) by extension 'colcon_meta'
[0.402s] Level 1:colcon.colcon_core.package_identification:_identify(ROS2_pick_and_place_UR5/ur5_gripper_description) by extensions ['ros']
[0.402s] Level 1:colcon.colcon_core.package_identification:_identify(ROS2_pick_and_place_UR5/ur5_gripper_description) by extension 'ros'
[0.402s] DEBUG:colcon.colcon_core.package_identification:Package 'ROS2_pick_and_place_UR5/ur5_gripper_description' with type 'ros.ament_cmake' and name 'ur5_gripper_description'
[0.403s] Level 1:colcon.colcon_core.package_identification:_identify(ROS2_pick_and_place_UR5/ur5_gripper_moveit_config) by extensions ['ignore', 'ignore_ament_install']
[0.403s] Level 1:colcon.colcon_core.package_identification:_identify(ROS2_pick_and_place_UR5/ur5_gripper_moveit_config) by extension 'ignore'
[0.403s] Level 1:colcon.colcon_core.package_identification:_identify(ROS2_pick_and_place_UR5/ur5_gripper_moveit_config) by extension 'ignore_ament_install'
[0.403s] Level 1:colcon.colcon_core.package_identification:_identify(ROS2_pick_and_place_UR5/ur5_gripper_moveit_config) by extensions ['colcon_pkg']
[0.403s] Level 1:colcon.colcon_core.package_identification:_identify(ROS2_pick_and_place_UR5/ur5_gripper_moveit_config) by extension 'colcon_pkg'
[0.403s] Level 1:colcon.colcon_core.package_identification:_identify(ROS2_pick_and_place_UR5/ur5_gripper_moveit_config) by extensions ['colcon_meta']
[0.403s] Level 1:colcon.colcon_core.package_identification:_identify(ROS2_pick_and_place_UR5/ur5_gripper_moveit_config) by extension 'colcon_meta'
[0.403s] Level 1:colcon.colcon_core.package_identification:_identify(ROS2_pick_and_place_UR5/ur5_gripper_moveit_config) by extensions ['ros']
[0.403s] Level 1:colcon.colcon_core.package_identification:_identify(ROS2_pick_and_place_UR5/ur5_gripper_moveit_config) by extension 'ros'
[0.404s] DEBUG:colcon.colcon_core.package_identification:Package 'ROS2_pick_and_place_UR5/ur5_gripper_moveit_config' with type 'ros.ament_cmake' and name 'ur5_gripper_moveit_config'
[0.404s] Level 1:colcon.colcon_core.package_identification:_identify(build) by extensions ['ignore', 'ignore_ament_install']
[0.405s] Level 1:colcon.colcon_core.package_identification:_identify(build) by extension 'ignore'
[0.405s] Level 1:colcon.colcon_core.package_identification:_identify(build) ignored
[0.405s] Level 1:colcon.colcon_core.package_identification:_identify(install) by extensions ['ignore', 'ignore_ament_install']
[0.405s] Level 1:colcon.colcon_core.package_identification:_identify(install) by extension 'ignore'
[0.405s] Level 1:colcon.colcon_core.package_identification:_identify(install) ignored
[0.405s] Level 1:colcon.colcon_core.package_identification:_identify(log) by extensions ['ignore', 'ignore_ament_install']
[0.405s] Level 1:colcon.colcon_core.package_identification:_identify(log) by extension 'ignore'
[0.405s] Level 1:colcon.colcon_core.package_identification:_identify(log) ignored
[0.406s] Level 1:colcon.colcon_core.package_discovery:discover_packages(recursive) using defaults
[0.406s] Level 1:colcon.colcon_core.package_discovery:discover_packages(ignore) discover
[0.406s] Level 1:colcon.colcon_core.package_discovery:discover_packages(ignore) using defaults
[0.406s] Level 1:colcon.colcon_core.package_discovery:discover_packages(path) discover
[0.406s] Level 1:colcon.colcon_core.package_discovery:discover_packages(path) using defaults
[0.428s] Level 1:colcon.colcon_core.package_discovery:discover_packages(prefix_path) check parameters
[0.428s] Level 1:colcon.colcon_core.package_discovery:discover_packages(prefix_path) discover
[0.430s] DEBUG:colcon.colcon_installed_package_information.package_discovery:Found 3 installed packages in /home/darsh/ros3/install
[0.432s] DEBUG:colcon.colcon_installed_package_information.package_discovery:Found 432 installed packages in /opt/ros/jazzy
[0.433s] Level 1:colcon.colcon_core.package_discovery:discover_packages(prefix_path) using defaults
[0.511s] Level 5:colcon.colcon_core.verb:set package 'robotiq_description' build argument 'cmake_args' from command line to 'None'
[0.511s] Level 5:colcon.colcon_core.verb:set package 'robotiq_description' build argument 'cmake_target' from command line to 'None'
[0.511s] Level 5:colcon.colcon_core.verb:set package 'robotiq_description' build argument 'cmake_target_skip_unavailable' from command line to 'False'
[0.511s] Level 5:colcon.colcon_core.verb:set package 'robotiq_description' build argument 'cmake_clean_cache' from command line to 'False'
[0.511s] Level 5:colcon.colcon_core.verb:set package 'robotiq_description' build argument 'cmake_clean_first' from command line to 'False'
[0.511s] Level 5:colcon.colcon_core.verb:set package 'robotiq_description' build argument 'cmake_force_configure' from command line to 'False'
[0.511s] Level 5:colcon.colcon_core.verb:set package 'robotiq_description' build argument 'ament_cmake_args' from command line to 'None'
[0.511s] Level 5:colcon.colcon_core.verb:set package 'robotiq_description' build argument 'catkin_cmake_args' from command line to 'None'
[0.511s] Level 5:colcon.colcon_core.verb:set package 'robotiq_description' build argument 'catkin_skip_building_tests' from command line to 'False'
[0.511s] DEBUG:colcon.colcon_core.verb:Building package 'robotiq_description' with the following arguments: {'ament_cmake_args': None, 'build_base': '/home/darsh/ros3/build/robotiq_description', 'catkin_cmake_args': None, 'catkin_skip_building_tests': False, 'cmake_args': None, 'cmake_clean_cache': False, 'cmake_clean_first': False, 'cmake_force_configure': False, 'cmake_target': None, 'cmake_target_skip_unavailable': False, 'install_base': '/home/darsh/ros3/install/robotiq_description', 'merge_install': False, 'path': '/home/darsh/ros3/ROS2_pick_and_place_UR5/robotiq_description', 'symlink_install': False, 'test_result_base': None}
[0.512s] Level 5:colcon.colcon_core.verb:set package 'ur5_gripper_description' build argument 'cmake_args' from command line to 'None'
[0.512s] Level 5:colcon.colcon_core.verb:set package 'ur5_gripper_description' build argument 'cmake_target' from command line to 'None'
[0.512s] Level 5:colcon.colcon_core.verb:set package 'ur5_gripper_description' build argument 'cmake_target_skip_unavailable' from command line to 'False'
[0.512s] Level 5:colcon.colcon_core.verb:set package 'ur5_gripper_description' build argument 'cmake_clean_cache' from command line to 'False'
[0.512s] Level 5:colcon.colcon_core.verb:set package 'ur5_gripper_description' build argument 'cmake_clean_first' from command line to 'False'
[0.512s] Level 5:colcon.colcon_core.verb:set package 'ur5_gripper_description' build argument 'cmake_force_configure' from command line to 'False'
[0.512s] Level 5:colcon.colcon_core.verb:set package 'ur5_gripper_description' build argument 'ament_cmake_args' from command line to 'None'
[0.512s] Level 5:colcon.colcon_core.verb:set package 'ur5_gripper_description' build argument 'catkin_cmake_args' from command line to 'None'
[0.512s] Level 5:colcon.colcon_core.verb:set package 'ur5_gripper_description' build argument 'catkin_skip_building_tests' from command line to 'False'
[0.512s] DEBUG:colcon.colcon_core.verb:Building package 'ur5_gripper_description' with the following arguments: {'ament_cmake_args': None, 'build_base': '/home/darsh/ros3/build/ur5_gripper_description', 'catkin_cmake_args': None, 'catkin_skip_building_tests': False, 'cmake_args': None, 'cmake_clean_cache': False, 'cmake_clean_first': False, 'cmake_force_configure': False, 'cmake_target': None, 'cmake_target_skip_unavailable': False, 'install_base': '/home/darsh/ros3/install/ur5_gripper_description', 'merge_install': False, 'path': '/home/darsh/ros3/ROS2_pick_and_place_UR5/ur5_gripper_description', 'symlink_install': False, 'test_result_base': None}
[0.512s] Level 5:colcon.colcon_core.verb:set package 'ur5_gripper_moveit_config' build argument 'cmake_args' from command line to 'None'
[0.512s] Level 5:colcon.colcon_core.verb:set package 'ur5_gripper_moveit_config' build argument 'cmake_target' from command line to 'None'
[0.512s] Level 5:colcon.colcon_core.verb:set package 'ur5_gripper_moveit_config' build argument 'cmake_target_skip_unavailable' from command line to 'False'
[0.513s] Level 5:colcon.colcon_core.verb:set package 'ur5_gripper_moveit_config' build argument 'cmake_clean_cache' from command line to 'False'
[0.513s] Level 5:colcon.colcon_core.verb:set package 'ur5_gripper_moveit_config' build argument 'cmake_clean_first' from command line to 'False'
[0.513s] Level 5:colcon.colcon_core.verb:set package 'ur5_gripper_moveit_config' build argument 'cmake_force_configure' from command line to 'False'
[0.513s] Level 5:colcon.colcon_core.verb:set package 'ur5_gripper_moveit_config' build argument 'ament_cmake_args' from command line to 'None'
[0.513s] Level 5:colcon.colcon_core.verb:set package 'ur5_gripper_moveit_config' build argument 'catkin_cmake_args' from command line to 'None'
[0.513s] Level 5:colcon.colcon_core.verb:set package 'ur5_gripper_moveit_config' build argument 'catkin_skip_building_tests' from command line to 'False'
[0.513s] DEBUG:colcon.colcon_core.verb:Building package 'ur5_gripper_moveit_config' with the following arguments: {'ament_cmake_args': None, 'build_base': '/home/darsh/ros3/build/ur5_gripper_moveit_config', 'catkin_cmake_args': None, 'catkin_skip_building_tests': False, 'cmake_args': None, 'cmake_clean_cache': False, 'cmake_clean_first': False, 'cmake_force_configure': False, 'cmake_target': None, 'cmake_target_skip_unavailable': False, 'install_base': '/home/darsh/ros3/install/ur5_gripper_moveit_config', 'merge_install': False, 'path': '/home/darsh/ros3/ROS2_pick_and_place_UR5/ur5_gripper_moveit_config', 'symlink_install': False, 'test_result_base': None}
[0.513s] INFO:colcon.colcon_core.executor:Executing jobs using 'parallel' executor
[0.514s] DEBUG:colcon.colcon_parallel_executor.executor.parallel:run_until_complete
[0.515s] INFO:colcon.colcon_ros.task.ament_cmake.build:Building ROS package in '/home/darsh/ros3/ROS2_pick_and_place_UR5/robotiq_description' with build type 'ament_cmake'
[0.515s] INFO:colcon.colcon_cmake.task.cmake.build:Building CMake package in '/home/darsh/ros3/ROS2_pick_and_place_UR5/robotiq_description'
[0.520s] INFO:colcon.colcon_core.plugin_system:Skipping extension 'colcon_core.shell.bat': Not used on non-Windows systems
[0.520s] INFO:colcon.colcon_core.shell:Skip shell extension 'powershell' for command environment: Not usable outside of PowerShell
[0.520s] DEBUG:colcon.colcon_core.shell:Skip shell extension 'dsv' for command environment
[0.541s] DEBUG:colcon.colcon_core.event_handler.log_command:Invoking command in '/home/darsh/ros3/build/robotiq_description': CMAKE_PREFIX_PATH=${CMAKE_PREFIX_PATH}:/opt/ros/jazzy /usr/bin/cmake --build /home/darsh/ros3/build/robotiq_description -- -j16 -l16
[0.607s] DEBUG:colcon.colcon_core.event_handler.log_command:Invoked command in '/home/darsh/ros3/build/robotiq_description' returned '0': CMAKE_PREFIX_PATH=${CMAKE_PREFIX_PATH}:/opt/ros/jazzy /usr/bin/cmake --build /home/darsh/ros3/build/robotiq_description -- -j16 -l16
[0.627s] DEBUG:colcon.colcon_core.event_handler.log_command:Invoking command in '/home/darsh/ros3/build/robotiq_description': CMAKE_PREFIX_PATH=${CMAKE_PREFIX_PATH}:/opt/ros/jazzy /usr/bin/cmake --install /home/darsh/ros3/build/robotiq_description
[0.653s] Level 1:colcon.colcon_core.environment:create_environment_scripts_only(robotiq_description)
[0.674s] DEBUG:colcon.colcon_core.event_handler.log_command:Invoked command in '/home/darsh/ros3/build/robotiq_description' returned '0': CMAKE_PREFIX_PATH=${CMAKE_PREFIX_PATH}:/opt/ros/jazzy /usr/bin/cmake --install /home/darsh/ros3/build/robotiq_description
[0.675s] Level 1:colcon.colcon_core.environment:checking '/home/darsh/ros3/install/robotiq_description' for CMake module files
[0.677s] Level 1:colcon.colcon_core.environment:checking '/home/darsh/ros3/install/robotiq_description' for CMake config files
[0.678s] Level 1:colcon.colcon_core.shell:create_environment_hook('robotiq_description', 'cmake_prefix_path')
[0.678s] INFO:colcon.colcon_core.shell:Creating environment hook '/home/darsh/ros3/install/robotiq_description/share/robotiq_description/hook/cmake_prefix_path.ps1'
[0.680s] INFO:colcon.colcon_core.shell:Creating environment descriptor '/home/darsh/ros3/install/robotiq_description/share/robotiq_description/hook/cmake_prefix_path.dsv'
[0.681s] INFO:colcon.colcon_core.shell:Creating environment hook '/home/darsh/ros3/install/robotiq_description/share/robotiq_description/hook/cmake_prefix_path.sh'
[0.683s] Level 1:colcon.colcon_core.environment:checking '/home/darsh/ros3/install/robotiq_description/bin'
[0.683s] Level 1:colcon.colcon_core.environment:checking '/home/darsh/ros3/install/robotiq_description/lib/pkgconfig/robotiq_description.pc'
[0.684s] Level 1:colcon.colcon_core.environment:checking '/home/darsh/ros3/install/robotiq_description/lib/python3.12/site-packages'
[0.684s] Level 1:colcon.colcon_core.environment:checking '/home/darsh/ros3/install/robotiq_description/bin'
[0.685s] INFO:colcon.colcon_core.shell:Creating package script '/home/darsh/ros3/install/robotiq_description/share/robotiq_description/package.ps1'
[0.686s] INFO:colcon.colcon_core.shell:Creating package descriptor '/home/darsh/ros3/install/robotiq_description/share/robotiq_description/package.dsv'
[0.687s] INFO:colcon.colcon_core.shell:Creating package script '/home/darsh/ros3/install/robotiq_description/share/robotiq_description/package.sh'
[0.689s] INFO:colcon.colcon_core.shell:Creating package script '/home/darsh/ros3/install/robotiq_description/share/robotiq_description/package.bash'
[0.690s] INFO:colcon.colcon_core.shell:Creating package script '/home/darsh/ros3/install/robotiq_description/share/robotiq_description/package.zsh'
[0.691s] Level 1:colcon.colcon_core.environment:create_file_with_runtime_dependencies(/home/darsh/ros3/install/robotiq_description/share/colcon-core/packages/robotiq_description)
[0.692s] Level 1:colcon.colcon_core.environment:create_environment_scripts_only(robotiq_description)
[0.693s] Level 1:colcon.colcon_core.environment:checking '/home/darsh/ros3/install/robotiq_description' for CMake module files
[0.694s] Level 1:colcon.colcon_core.environment:checking '/home/darsh/ros3/install/robotiq_description' for CMake config files
[0.695s] Level 1:colcon.colcon_core.shell:create_environment_hook('robotiq_description', 'cmake_prefix_path')
[0.695s] INFO:colcon.colcon_core.shell:Creating environment hook '/home/darsh/ros3/install/robotiq_description/share/robotiq_description/hook/cmake_prefix_path.ps1'
[0.696s] INFO:colcon.colcon_core.shell:Creating environment descriptor '/home/darsh/ros3/install/robotiq_description/share/robotiq_description/hook/cmake_prefix_path.dsv'
[0.697s] INFO:colcon.colcon_core.shell:Creating environment hook '/home/darsh/ros3/install/robotiq_description/share/robotiq_description/hook/cmake_prefix_path.sh'
[0.698s] Level 1:colcon.colcon_core.environment:checking '/home/darsh/ros3/install/robotiq_description/bin'
[0.698s] Level 1:colcon.colcon_core.environment:checking '/home/darsh/ros3/install/robotiq_description/lib/pkgconfig/robotiq_description.pc'
[0.699s] Level 1:colcon.colcon_core.environment:checking '/home/darsh/ros3/install/robotiq_description/lib/python3.12/site-packages'
[0.699s] Level 1:colcon.colcon_core.environment:checking '/home/darsh/ros3/install/robotiq_description/bin'
[0.700s] INFO:colcon.colcon_core.shell:Creating package script '/home/darsh/ros3/install/robotiq_description/share/robotiq_description/package.ps1'
[0.701s] INFO:colcon.colcon_core.shell:Creating package descriptor '/home/darsh/ros3/install/robotiq_description/share/robotiq_description/package.dsv'
[0.702s] INFO:colcon.colcon_core.shell:Creating package script '/home/darsh/ros3/install/robotiq_description/share/robotiq_description/package.sh'
[0.703s] INFO:colcon.colcon_core.shell:Creating package script '/home/darsh/ros3/install/robotiq_description/share/robotiq_description/package.bash'
[0.704s] INFO:colcon.colcon_core.shell:Creating package script '/home/darsh/ros3/install/robotiq_description/share/robotiq_description/package.zsh'
[0.705s] Level 1:colcon.colcon_core.environment:create_file_with_runtime_dependencies(/home/darsh/ros3/install/robotiq_description/share/colcon-core/packages/robotiq_description)
[0.706s] INFO:colcon.colcon_ros.task.ament_cmake.build:Building ROS package in '/home/darsh/ros3/ROS2_pick_and_place_UR5/ur5_gripper_description' with build type 'ament_cmake'
[0.706s] INFO:colcon.colcon_cmake.task.cmake.build:Building CMake package in '/home/darsh/ros3/ROS2_pick_and_place_UR5/ur5_gripper_description'
[0.706s] INFO:colcon.colcon_core.shell:Skip shell extension 'powershell' for command environment: Not usable outside of PowerShell
[0.707s] DEBUG:colcon.colcon_core.shell:Skip shell extension 'dsv' for command environment
[0.850s] DEBUG:colcon.colcon_core.event_handler.log_command:Invoking command in '/home/darsh/ros3/build/ur5_gripper_description': CMAKE_PREFIX_PATH=/home/darsh/ros3/install/robotiq_description:/home/darsh/ros3/install/ur5_gripper_moveit_config:/home/darsh/ros3/install/ur5_gripper_description:/opt/ros/jazzy/opt/gz_sim_vendor:/opt/ros/jazzy/opt/gz_sensors_vendor:/opt/ros/jazzy/opt/gz_physics_vendor:/opt/ros/jazzy/opt/sdformat_vendor:/opt/ros/jazzy/opt/gz_gui_vendor:/opt/ros/jazzy/opt/gz_transport_vendor:/opt/ros/jazzy/opt/gz_rendering_vendor:/opt/ros/jazzy/opt/gz_plugin_vendor:/opt/ros/jazzy/opt/gz_fuel_tools_vendor:/opt/ros/jazzy/opt/gz_msgs_vendor:/opt/ros/jazzy/opt/gz_common_vendor:/opt/ros/jazzy/opt/gz_math_vendor:/opt/ros/jazzy/opt/gz_utils_vendor:/opt/ros/jazzy/opt/gz_tools_vendor:/opt/ros/jazzy/opt/gz_ogre_next_vendor:/opt/ros/jazzy/opt/gz_dartsim_vendor:/opt/ros/jazzy/opt/gz_cmake_vendor:/opt/ros/jazzy /usr/bin/cmake --build /home/darsh/ros3/build/ur5_gripper_description -- -j16 -l16
[0.923s] DEBUG:colcon.colcon_core.event_handler.log_command:Invoked command in '/home/darsh/ros3/build/ur5_gripper_description' returned '0': CMAKE_PREFIX_PATH=/home/darsh/ros3/install/robotiq_description:/home/darsh/ros3/install/ur5_gripper_moveit_config:/home/darsh/ros3/install/ur5_gripper_description:/opt/ros/jazzy/opt/gz_sim_vendor:/opt/ros/jazzy/opt/gz_sensors_vendor:/opt/ros/jazzy/opt/gz_physics_vendor:/opt/ros/jazzy/opt/sdformat_vendor:/opt/ros/jazzy/opt/gz_gui_vendor:/opt/ros/jazzy/opt/gz_transport_vendor:/opt/ros/jazzy/opt/gz_rendering_vendor:/opt/ros/jazzy/opt/gz_plugin_vendor:/opt/ros/jazzy/opt/gz_fuel_tools_vendor:/opt/ros/jazzy/opt/gz_msgs_vendor:/opt/ros/jazzy/opt/gz_common_vendor:/opt/ros/jazzy/opt/gz_math_vendor:/opt/ros/jazzy/opt/gz_utils_vendor:/opt/ros/jazzy/opt/gz_tools_vendor:/opt/ros/jazzy/opt/gz_ogre_next_vendor:/opt/ros/jazzy/opt/gz_dartsim_vendor:/opt/ros/jazzy/opt/gz_cmake_vendor:/opt/ros/jazzy /usr/bin/cmake --build /home/darsh/ros3/build/ur5_gripper_description -- -j16 -l16
[0.929s] DEBUG:colcon.colcon_core.event_handler.log_command:Invoking command in '/home/darsh/ros3/build/ur5_gripper_description': CMAKE_PREFIX_PATH=/home/darsh/ros3/install/robotiq_description:/home/darsh/ros3/install/ur5_gripper_moveit_config:/home/darsh/ros3/install/ur5_gripper_description:/opt/ros/jazzy/opt/gz_sim_vendor:/opt/ros/jazzy/opt/gz_sensors_vendor:/opt/ros/jazzy/opt/gz_physics_vendor:/opt/ros/jazzy/opt/sdformat_vendor:/opt/ros/jazzy/opt/gz_gui_vendor:/opt/ros/jazzy/opt/gz_transport_vendor:/opt/ros/jazzy/opt/gz_rendering_vendor:/opt/ros/jazzy/opt/gz_plugin_vendor:/opt/ros/jazzy/opt/gz_fuel_tools_vendor:/opt/ros/jazzy/opt/gz_msgs_vendor:/opt/ros/jazzy/opt/gz_common_vendor:/opt/ros/jazzy/opt/gz_math_vendor:/opt/ros/jazzy/opt/gz_utils_vendor:/opt/ros/jazzy/opt/gz_tools_vendor:/opt/ros/jazzy/opt/gz_ogre_next_vendor:/opt/ros/jazzy/opt/gz_dartsim_vendor:/opt/ros/jazzy/opt/gz_cmake_vendor:/opt/ros/jazzy /usr/bin/cmake --install /home/darsh/ros3/build/ur5_gripper_description
[0.967s] Level 1:colcon.colcon_core.environment:create_environment_scripts_only(ur5_gripper_description)
[0.969s] Level 1:colcon.colcon_core.environment:checking '/home/darsh/ros3/install/ur5_gripper_description' for CMake module files
[0.981s] Level 1:colcon.colcon_core.environment:checking '/home/darsh/ros3/install/ur5_gripper_description' for CMake config files
[1.050s] DEBUG:colcon.colcon_core.event_handler.log_command:Invoked command in '/home/darsh/ros3/build/ur5_gripper_description' returned '0': CMAKE_PREFIX_PATH=/home/darsh/ros3/install/robotiq_description:/home/darsh/ros3/install/ur5_gripper_moveit_config:/home/darsh/ros3/install/ur5_gripper_description:/opt/ros/jazzy/opt/gz_sim_vendor:/opt/ros/jazzy/opt/gz_sensors_vendor:/opt/ros/jazzy/opt/gz_physics_vendor:/opt/ros/jazzy/opt/sdformat_vendor:/opt/ros/jazzy/opt/gz_gui_vendor:/opt/ros/jazzy/opt/gz_transport_vendor:/opt/ros/jazzy/opt/gz_rendering_vendor:/opt/ros/jazzy/opt/gz_plugin_vendor:/opt/ros/jazzy/opt/gz_fuel_tools_vendor:/opt/ros/jazzy/opt/gz_msgs_vendor:/opt/ros/jazzy/opt/gz_common_vendor:/opt/ros/jazzy/opt/gz_math_vendor:/opt/ros/jazzy/opt/gz_utils_vendor:/opt/ros/jazzy/opt/gz_tools_vendor:/opt/ros/jazzy/opt/gz_ogre_next_vendor:/opt/ros/jazzy/opt/gz_dartsim_vendor:/opt/ros/jazzy/opt/gz_cmake_vendor:/opt/ros/jazzy /usr/bin/cmake --install /home/darsh/ros3/build/ur5_gripper_description
[1.052s] Level 1:colcon.colcon_core.shell:create_environment_hook('ur5_gripper_description', 'cmake_prefix_path')
[1.052s] INFO:colcon.colcon_core.shell:Creating environment hook '/home/darsh/ros3/install/ur5_gripper_description/share/ur5_gripper_description/hook/cmake_prefix_path.ps1'
[1.053s] INFO:colcon.colcon_core.shell:Creating environment descriptor '/home/darsh/ros3/install/ur5_gripper_description/share/ur5_gripper_description/hook/cmake_prefix_path.dsv'
[1.054s] INFO:colcon.colcon_core.shell:Creating environment hook '/home/darsh/ros3/install/ur5_gripper_description/share/ur5_gripper_description/hook/cmake_prefix_path.sh'
[1.055s] Level 1:colcon.colcon_core.environment:checking '/home/darsh/ros3/install/ur5_gripper_description/bin'
[1.055s] Level 1:colcon.colcon_core.environment:checking '/home/darsh/ros3/install/ur5_gripper_description/lib/pkgconfig/ur5_gripper_description.pc'
[1.056s] Level 1:colcon.colcon_core.environment:checking '/home/darsh/ros3/install/ur5_gripper_description/lib/python3.12/site-packages'
[1.056s] Level 1:colcon.colcon_core.environment:checking '/home/darsh/ros3/install/ur5_gripper_description/bin'
[1.057s] INFO:colcon.colcon_core.shell:Creating package script '/home/darsh/ros3/install/ur5_gripper_description/share/ur5_gripper_description/package.ps1'
[1.058s] INFO:colcon.colcon_core.shell:Creating package descriptor '/home/darsh/ros3/install/ur5_gripper_description/share/ur5_gripper_description/package.dsv'
[1.059s] INFO:colcon.colcon_core.shell:Creating package script '/home/darsh/ros3/install/ur5_gripper_description/share/ur5_gripper_description/package.sh'
[1.060s] INFO:colcon.colcon_core.shell:Creating package script '/home/darsh/ros3/install/ur5_gripper_description/share/ur5_gripper_description/package.bash'
[1.061s] INFO:colcon.colcon_core.shell:Creating package script '/home/darsh/ros3/install/ur5_gripper_description/share/ur5_gripper_description/package.zsh'
[1.062s] Level 1:colcon.colcon_core.environment:create_file_with_runtime_dependencies(/home/darsh/ros3/install/ur5_gripper_description/share/colcon-core/packages/ur5_gripper_description)
[1.063s] Level 1:colcon.colcon_core.environment:create_environment_scripts_only(ur5_gripper_description)
[1.063s] Level 1:colcon.colcon_core.environment:checking '/home/darsh/ros3/install/ur5_gripper_description' for CMake module files
[1.064s] Level 1:colcon.colcon_core.environment:checking '/home/darsh/ros3/install/ur5_gripper_description' for CMake config files
[1.066s] Level 1:colcon.colcon_core.shell:create_environment_hook('ur5_gripper_description', 'cmake_prefix_path')
[1.066s] INFO:colcon.colcon_core.shell:Creating environment hook '/home/darsh/ros3/install/ur5_gripper_description/share/ur5_gripper_description/hook/cmake_prefix_path.ps1'
[1.067s] INFO:colcon.colcon_core.shell:Creating environment descriptor '/home/darsh/ros3/install/ur5_gripper_description/share/ur5_gripper_description/hook/cmake_prefix_path.dsv'
[1.068s] INFO:colcon.colcon_core.shell:Creating environment hook '/home/darsh/ros3/install/ur5_gripper_description/share/ur5_gripper_description/hook/cmake_prefix_path.sh'
[1.070s] Level 1:colcon.colcon_core.environment:checking '/home/darsh/ros3/install/ur5_gripper_description/bin'
[1.070s] Level 1:colcon.colcon_core.environment:checking '/home/darsh/ros3/install/ur5_gripper_description/lib/pkgconfig/ur5_gripper_description.pc'
[1.070s] Level 1:colcon.colcon_core.environment:checking '/home/darsh/ros3/install/ur5_gripper_description/lib/python3.12/site-packages'
[1.071s] Level 1:colcon.colcon_core.environment:checking '/home/darsh/ros3/install/ur5_gripper_description/bin'
[1.072s] INFO:colcon.colcon_core.shell:Creating package script '/home/darsh/ros3/install/ur5_gripper_description/share/ur5_gripper_description/package.ps1'
[1.073s] INFO:colcon.colcon_core.shell:Creating package descriptor '/home/darsh/ros3/install/ur5_gripper_description/share/ur5_gripper_description/package.dsv'
[1.074s] INFO:colcon.colcon_core.shell:Creating package script '/home/darsh/ros3/install/ur5_gripper_description/share/ur5_gripper_description/package.sh'
[1.075s] INFO:colcon.colcon_core.shell:Creating package script '/home/darsh/ros3/install/ur5_gripper_description/share/ur5_gripper_description/package.bash'
[1.076s] INFO:colcon.colcon_core.shell:Creating package script '/home/darsh/ros3/install/ur5_gripper_description/share/ur5_gripper_description/package.zsh'
[1.077s] Level 1:colcon.colcon_core.environment:create_file_with_runtime_dependencies(/home/darsh/ros3/install/ur5_gripper_description/share/colcon-core/packages/ur5_gripper_description)
[1.078s] INFO:colcon.colcon_ros.task.ament_cmake.build:Building ROS package in '/home/darsh/ros3/ROS2_pick_and_place_UR5/ur5_gripper_moveit_config' with build type 'ament_cmake'
[1.080s] INFO:colcon.colcon_cmake.task.cmake.build:Building CMake package in '/home/darsh/ros3/ROS2_pick_and_place_UR5/ur5_gripper_moveit_config'
[1.081s] INFO:colcon.colcon_core.shell:Skip shell extension 'powershell' for command environment: Not usable outside of PowerShell
[1.081s] DEBUG:colcon.colcon_core.shell:Skip shell extension 'dsv' for command environment
[1.296s] DEBUG:colcon.colcon_core.event_handler.log_command:Invoking command in '/home/darsh/ros3/build/ur5_gripper_moveit_config': CMAKE_PREFIX_PATH=/home/darsh/ros3/install/ur5_gripper_description:/home/darsh/ros3/install/robotiq_description:/home/darsh/ros3/install/ur5_gripper_moveit_config:/opt/ros/jazzy/opt/gz_sim_vendor:/opt/ros/jazzy/opt/gz_sensors_vendor:/opt/ros/jazzy/opt/gz_physics_vendor:/opt/ros/jazzy/opt/sdformat_vendor:/opt/ros/jazzy/opt/gz_gui_vendor:/opt/ros/jazzy/opt/gz_transport_vendor:/opt/ros/jazzy/opt/gz_rendering_vendor:/opt/ros/jazzy/opt/gz_plugin_vendor:/opt/ros/jazzy/opt/gz_fuel_tools_vendor:/opt/ros/jazzy/opt/gz_msgs_vendor:/opt/ros/jazzy/opt/gz_common_vendor:/opt/ros/jazzy/opt/gz_math_vendor:/opt/ros/jazzy/opt/gz_utils_vendor:/opt/ros/jazzy/opt/gz_tools_vendor:/opt/ros/jazzy/opt/gz_ogre_next_vendor:/opt/ros/jazzy/opt/gz_dartsim_vendor:/opt/ros/jazzy/opt/gz_cmake_vendor:/opt/ros/jazzy /usr/bin/cmake --build /home/darsh/ros3/build/ur5_gripper_moveit_config -- -j16 -l16
[1.373s] DEBUG:colcon.colcon_core.event_handler.log_command:Invoked command in '/home/darsh/ros3/build/ur5_gripper_moveit_config' returned '0': CMAKE_PREFIX_PATH=/home/darsh/ros3/install/ur5_gripper_description:/home/darsh/ros3/install/robotiq_description:/home/darsh/ros3/install/ur5_gripper_moveit_config:/opt/ros/jazzy/opt/gz_sim_vendor:/opt/ros/jazzy/opt/gz_sensors_vendor:/opt/ros/jazzy/opt/gz_physics_vendor:/opt/ros/jazzy/opt/sdformat_vendor:/opt/ros/jazzy/opt/gz_gui_vendor:/opt/ros/jazzy/opt/gz_transport_vendor:/opt/ros/jazzy/opt/gz_rendering_vendor:/opt/ros/jazzy/opt/gz_plugin_vendor:/opt/ros/jazzy/opt/gz_fuel_tools_vendor:/opt/ros/jazzy/opt/gz_msgs_vendor:/opt/ros/jazzy/opt/gz_common_vendor:/opt/ros/jazzy/opt/gz_math_vendor:/opt/ros/jazzy/opt/gz_utils_vendor:/opt/ros/jazzy/opt/gz_tools_vendor:/opt/ros/jazzy/opt/gz_ogre_next_vendor:/opt/ros/jazzy/opt/gz_dartsim_vendor:/opt/ros/jazzy/opt/gz_cmake_vendor:/opt/ros/jazzy /usr/bin/cmake --build /home/darsh/ros3/build/ur5_gripper_moveit_config -- -j16 -l16
[1.378s] DEBUG:colcon.colcon_core.event_handler.log_command:Invoking command in '/home/darsh/ros3/build/ur5_gripper_moveit_config': CMAKE_PREFIX_PATH=/home/darsh/ros3/install/ur5_gripper_description:/home/darsh/ros3/install/robotiq_description:/home/darsh/ros3/install/ur5_gripper_moveit_config:/opt/ros/jazzy/opt/gz_sim_vendor:/opt/ros/jazzy/opt/gz_sensors_vendor:/opt/ros/jazzy/opt/gz_physics_vendor:/opt/ros/jazzy/opt/sdformat_vendor:/opt/ros/jazzy/opt/gz_gui_vendor:/opt/ros/jazzy/opt/gz_transport_vendor:/opt/ros/jazzy/opt/gz_rendering_vendor:/opt/ros/jazzy/opt/gz_plugin_vendor:/opt/ros/jazzy/opt/gz_fuel_tools_vendor:/opt/ros/jazzy/opt/gz_msgs_vendor:/opt/ros/jazzy/opt/gz_common_vendor:/opt/ros/jazzy/opt/gz_math_vendor:/opt/ros/jazzy/opt/gz_utils_vendor:/opt/ros/jazzy/opt/gz_tools_vendor:/opt/ros/jazzy/opt/gz_ogre_next_vendor:/opt/ros/jazzy/opt/gz_dartsim_vendor:/opt/ros/jazzy/opt/gz_cmake_vendor:/opt/ros/jazzy /usr/bin/cmake --install /home/darsh/ros3/build/ur5_gripper_moveit_config
[1.414s] Level 1:colcon.colcon_core.environment:create_environment_scripts_only(ur5_gripper_moveit_config)
[1.415s] Level 1:colcon.colcon_core.environment:checking '/home/darsh/ros3/install/ur5_gripper_moveit_config' for CMake module files
[1.417s] DEBUG:colcon.colcon_core.event_handler.log_command:Invoked command in '/home/darsh/ros3/build/ur5_gripper_moveit_config' returned '0': CMAKE_PREFIX_PATH=/home/darsh/ros3/install/ur5_gripper_description:/home/darsh/ros3/install/robotiq_description:/home/darsh/ros3/install/ur5_gripper_moveit_config:/opt/ros/jazzy/opt/gz_sim_vendor:/opt/ros/jazzy/opt/gz_sensors_vendor:/opt/ros/jazzy/opt/gz_physics_vendor:/opt/ros/jazzy/opt/sdformat_vendor:/opt/ros/jazzy/opt/gz_gui_vendor:/opt/ros/jazzy/opt/gz_transport_vendor:/opt/ros/jazzy/opt/gz_rendering_vendor:/opt/ros/jazzy/opt/gz_plugin_vendor:/opt/ros/jazzy/opt/gz_fuel_tools_vendor:/opt/ros/jazzy/opt/gz_msgs_vendor:/opt/ros/jazzy/opt/gz_common_vendor:/opt/ros/jazzy/opt/gz_math_vendor:/opt/ros/jazzy/opt/gz_utils_vendor:/opt/ros/jazzy/opt/gz_tools_vendor:/opt/ros/jazzy/opt/gz_ogre_next_vendor:/opt/ros/jazzy/opt/gz_dartsim_vendor:/opt/ros/jazzy/opt/gz_cmake_vendor:/opt/ros/jazzy /usr/bin/cmake --install /home/darsh/ros3/build/ur5_gripper_moveit_config
[1.418s] Level 1:colcon.colcon_core.environment:checking '/home/darsh/ros3/install/ur5_gripper_moveit_config' for CMake config files
[1.419s] Level 1:colcon.colcon_core.shell:create_environment_hook('ur5_gripper_moveit_config', 'cmake_prefix_path')
[1.419s] INFO:colcon.colcon_core.shell:Creating environment hook '/home/darsh/ros3/install/ur5_gripper_moveit_config/share/ur5_gripper_moveit_config/hook/cmake_prefix_path.ps1'
[1.420s] INFO:colcon.colcon_core.shell:Creating environment descriptor '/home/darsh/ros3/install/ur5_gripper_moveit_config/share/ur5_gripper_moveit_config/hook/cmake_prefix_path.dsv'
[1.421s] INFO:colcon.colcon_core.shell:Creating environment hook '/home/darsh/ros3/install/ur5_gripper_moveit_config/share/ur5_gripper_moveit_config/hook/cmake_prefix_path.sh'
[1.423s] Level 1:colcon.colcon_core.environment:checking '/home/darsh/ros3/install/ur5_gripper_moveit_config/bin'
[1.423s] Level 1:colcon.colcon_core.environment:checking '/home/darsh/ros3/install/ur5_gripper_moveit_config/lib/pkgconfig/ur5_gripper_moveit_config.pc'
[1.424s] Level 1:colcon.colcon_core.environment:checking '/home/darsh/ros3/install/ur5_gripper_moveit_config/lib/python3.12/site-packages'
[1.424s] Level 1:colcon.colcon_core.environment:checking '/home/darsh/ros3/install/ur5_gripper_moveit_config/bin'
[1.425s] INFO:colcon.colcon_core.shell:Creating package script '/home/darsh/ros3/install/ur5_gripper_moveit_config/share/ur5_gripper_moveit_config/package.ps1'
[1.426s] INFO:colcon.colcon_core.shell:Creating package descriptor '/home/darsh/ros3/install/ur5_gripper_moveit_config/share/ur5_gripper_moveit_config/package.dsv'
[1.428s] INFO:colcon.colcon_core.shell:Creating package script '/home/darsh/ros3/install/ur5_gripper_moveit_config/share/ur5_gripper_moveit_config/package.sh'
[1.429s] INFO:colcon.colcon_core.shell:Creating package script '/home/darsh/ros3/install/ur5_gripper_moveit_config/share/ur5_gripper_moveit_config/package.bash'
[1.430s] INFO:colcon.colcon_core.shell:Creating package script '/home/darsh/ros3/install/ur5_gripper_moveit_config/share/ur5_gripper_moveit_config/package.zsh'
[1.431s] Level 1:colcon.colcon_core.environment:create_file_with_runtime_dependencies(/home/darsh/ros3/install/ur5_gripper_moveit_config/share/colcon-core/packages/ur5_gripper_moveit_config)
[1.433s] Level 1:colcon.colcon_core.environment:create_environment_scripts_only(ur5_gripper_moveit_config)
[1.433s] Level 1:colcon.colcon_core.environment:checking '/home/darsh/ros3/install/ur5_gripper_moveit_config' for CMake module files
[1.434s] Level 1:colcon.colcon_core.environment:checking '/home/darsh/ros3/install/ur5_gripper_moveit_config' for CMake config files
[1.435s] Level 1:colcon.colcon_core.shell:create_environment_hook('ur5_gripper_moveit_config', 'cmake_prefix_path')
[1.435s] INFO:colcon.colcon_core.shell:Creating environment hook '/home/darsh/ros3/install/ur5_gripper_moveit_config/share/ur5_gripper_moveit_config/hook/cmake_prefix_path.ps1'
[1.437s] INFO:colcon.colcon_core.shell:Creating environment descriptor '/home/darsh/ros3/install/ur5_gripper_moveit_config/share/ur5_gripper_moveit_config/hook/cmake_prefix_path.dsv'
[1.438s] INFO:colcon.colcon_core.shell:Creating environment hook '/home/darsh/ros3/install/ur5_gripper_moveit_config/share/ur5_gripper_moveit_config/hook/cmake_prefix_path.sh'
[1.439s] Level 1:colcon.colcon_core.environment:checking '/home/darsh/ros3/install/ur5_gripper_moveit_config/bin'
[1.440s] Level 1:colcon.colcon_core.environment:checking '/home/darsh/ros3/install/ur5_gripper_moveit_config/lib/pkgconfig/ur5_gripper_moveit_config.pc'
[1.440s] Level 1:colcon.colcon_core.environment:checking '/home/darsh/ros3/install/ur5_gripper_moveit_config/lib/python3.12/site-packages'
[1.441s] Level 1:colcon.colcon_core.environment:checking '/home/darsh/ros3/install/ur5_gripper_moveit_config/bin'
[1.442s] INFO:colcon.colcon_core.shell:Creating package script '/home/darsh/ros3/install/ur5_gripper_moveit_config/share/ur5_gripper_moveit_config/package.ps1'
[1.444s] INFO:colcon.colcon_core.shell:Creating package descriptor '/home/darsh/ros3/install/ur5_gripper_moveit_config/share/ur5_gripper_moveit_config/package.dsv'
[1.446s] INFO:colcon.colcon_core.shell:Creating package script '/home/darsh/ros3/install/ur5_gripper_moveit_config/share/ur5_gripper_moveit_config/package.sh'
[1.448s] INFO:colcon.colcon_core.shell:Creating package script '/home/darsh/ros3/install/ur5_gripper_moveit_config/share/ur5_gripper_moveit_config/package.bash'
[1.449s] INFO:colcon.colcon_core.shell:Creating package script '/home/darsh/ros3/install/ur5_gripper_moveit_config/share/ur5_gripper_moveit_config/package.zsh'
[1.451s] Level 1:colcon.colcon_core.environment:create_file_with_runtime_dependencies(/home/darsh/ros3/install/ur5_gripper_moveit_config/share/colcon-core/packages/ur5_gripper_moveit_config)
[1.452s] DEBUG:colcon.colcon_parallel_executor.executor.parallel:closing loop
[1.452s] DEBUG:colcon.colcon_parallel_executor.executor.parallel:loop closed
[1.453s] DEBUG:colcon.colcon_parallel_executor.executor.parallel:run_until_complete finished with '0'
[1.453s] DEBUG:colcon.colcon_core.event_reactor:joining thread
[1.574s] INFO:colcon.colcon_core.plugin_system:Skipping extension 'colcon_notification.desktop_notification.notify_send': Could not find 'notify-send'
[1.575s] INFO:colcon.colcon_core.plugin_system:Skipping extension 'colcon_notification.desktop_notification.terminal_notifier': Not used on non-Darwin systems
[1.575s] INFO:colcon.colcon_core.plugin_system:Skipping extension 'colcon_notification.desktop_notification.win32': Not used on non-Windows systems
[1.575s] INFO:colcon.colcon_notification.desktop_notification:Sending desktop notification using 'notify2'
[1.578s] DEBUG:colcon.colcon_notification.desktop_notification.notify2:Failed to initialize notify2: org.freedesktop.DBus.Error.ServiceUnknown: The name org.freedesktop.Notifications was not provided by any .service files
[1.578s] DEBUG:colcon.colcon_core.event_reactor:joined thread
[1.579s] INFO:colcon.colcon_core.shell:Creating prefix script '/home/darsh/ros3/install/local_setup.ps1'
[1.581s] INFO:colcon.colcon_core.shell:Creating prefix util module '/home/darsh/ros3/install/_local_setup_util_ps1.py'
[1.583s] INFO:colcon.colcon_core.shell:Creating prefix chain script '/home/darsh/ros3/install/setup.ps1'
[1.585s] INFO:colcon.colcon_core.shell:Creating prefix script '/home/darsh/ros3/install/local_setup.sh'
[1.587s] INFO:colcon.colcon_core.shell:Creating prefix util module '/home/darsh/ros3/install/_local_setup_util_sh.py'
[1.588s] INFO:colcon.colcon_core.shell:Creating prefix chain script '/home/darsh/ros3/install/setup.sh'
[1.590s] INFO:colcon.colcon_core.shell:Creating prefix script '/home/darsh/ros3/install/local_setup.bash'
[1.591s] INFO:colcon.colcon_core.shell:Creating prefix chain script '/home/darsh/ros3/install/setup.bash'
[1.593s] INFO:colcon.colcon_core.shell:Creating prefix script '/home/darsh/ros3/install/local_setup.zsh'
[1.594s] INFO:colcon.colcon_core.shell:Creating prefix chain script '/home/darsh/ros3/install/setup.zsh'
