[0.078s] Invoking command in '/home/darsh/ros3/build/ur5_gripper_moveit_config': CMAKE_PREFIX_PATH=/home/darsh/ros3/install/ur5_gripper_description:/home/darsh/ros3/install/robotiq_description:/home/darsh/ros3/install/ur5_gripper_moveit_config:/opt/ros/jazzy/opt/gz_sim_vendor:/opt/ros/jazzy/opt/gz_sensors_vendor:/opt/ros/jazzy/opt/gz_physics_vendor:/opt/ros/jazzy/opt/sdformat_vendor:/opt/ros/jazzy/opt/gz_gui_vendor:/opt/ros/jazzy/opt/gz_transport_vendor:/opt/ros/jazzy/opt/gz_rendering_vendor:/opt/ros/jazzy/opt/gz_plugin_vendor:/opt/ros/jazzy/opt/gz_fuel_tools_vendor:/opt/ros/jazzy/opt/gz_msgs_vendor:/opt/ros/jazzy/opt/gz_common_vendor:/opt/ros/jazzy/opt/gz_math_vendor:/opt/ros/jazzy/opt/gz_utils_vendor:/opt/ros/jazzy/opt/gz_tools_vendor:/opt/ros/jazzy/opt/gz_ogre_next_vendor:/opt/ros/jazzy/opt/gz_dartsim_vendor:/opt/ros/jazzy/opt/gz_cmake_vendor:/opt/ros/jazzy /usr/bin/cmake --build /home/darsh/ros3/build/ur5_gripper_moveit_config -- -j16 -l16
[0.112s] Invoked command in '/home/darsh/ros3/build/ur5_gripper_moveit_config' returned '0': CMAKE_PREFIX_PATH=/home/darsh/ros3/install/ur5_gripper_description:/home/darsh/ros3/install/robotiq_description:/home/darsh/ros3/install/ur5_gripper_moveit_config:/opt/ros/jazzy/opt/gz_sim_vendor:/opt/ros/jazzy/opt/gz_sensors_vendor:/opt/ros/jazzy/opt/gz_physics_vendor:/opt/ros/jazzy/opt/sdformat_vendor:/opt/ros/jazzy/opt/gz_gui_vendor:/opt/ros/jazzy/opt/gz_transport_vendor:/opt/ros/jazzy/opt/gz_rendering_vendor:/opt/ros/jazzy/opt/gz_plugin_vendor:/opt/ros/jazzy/opt/gz_fuel_tools_vendor:/opt/ros/jazzy/opt/gz_msgs_vendor:/opt/ros/jazzy/opt/gz_common_vendor:/opt/ros/jazzy/opt/gz_math_vendor:/opt/ros/jazzy/opt/gz_utils_vendor:/opt/ros/jazzy/opt/gz_tools_vendor:/opt/ros/jazzy/opt/gz_ogre_next_vendor:/opt/ros/jazzy/opt/gz_dartsim_vendor:/opt/ros/jazzy/opt/gz_cmake_vendor:/opt/ros/jazzy /usr/bin/cmake --build /home/darsh/ros3/build/ur5_gripper_moveit_config -- -j16 -l16
[0.114s] Invoking command in '/home/darsh/ros3/build/ur5_gripper_moveit_config': CMAKE_PREFIX_PATH=/home/darsh/ros3/install/ur5_gripper_description:/home/darsh/ros3/install/robotiq_description:/home/darsh/ros3/install/ur5_gripper_moveit_config:/opt/ros/jazzy/opt/gz_sim_vendor:/opt/ros/jazzy/opt/gz_sensors_vendor:/opt/ros/jazzy/opt/gz_physics_vendor:/opt/ros/jazzy/opt/sdformat_vendor:/opt/ros/jazzy/opt/gz_gui_vendor:/opt/ros/jazzy/opt/gz_transport_vendor:/opt/ros/jazzy/opt/gz_rendering_vendor:/opt/ros/jazzy/opt/gz_plugin_vendor:/opt/ros/jazzy/opt/gz_fuel_tools_vendor:/opt/ros/jazzy/opt/gz_msgs_vendor:/opt/ros/jazzy/opt/gz_common_vendor:/opt/ros/jazzy/opt/gz_math_vendor:/opt/ros/jazzy/opt/gz_utils_vendor:/opt/ros/jazzy/opt/gz_tools_vendor:/opt/ros/jazzy/opt/gz_ogre_next_vendor:/opt/ros/jazzy/opt/gz_dartsim_vendor:/opt/ros/jazzy/opt/gz_cmake_vendor:/opt/ros/jazzy /usr/bin/cmake --install /home/darsh/ros3/build/ur5_gripper_moveit_config
[0.123s] -- Install configuration: ""
[0.123s] -- Up-to-date: /home/darsh/ros3/install/ur5_gripper_moveit_config/share/ur5_gripper_moveit_config/config
[0.124s] -- Up-to-date: /home/darsh/ros3/install/ur5_gripper_moveit_config/share/ur5_gripper_moveit_config/config/kinematics.yaml
[0.124s] -- Up-to-date: /home/darsh/ros3/install/ur5_gripper_moveit_config/share/ur5_gripper_moveit_config/config/ur_servo.yaml
[0.125s] -- Up-to-date: /home/darsh/ros3/install/ur5_gripper_moveit_config/share/ur5_gripper_moveit_config/config/controllers.yaml
[0.125s] -- Up-to-date: /home/darsh/ros3/install/ur5_gripper_moveit_config/share/ur5_gripper_moveit_config/config/ompl_planning.yaml
[0.126s] -- Up-to-date: /home/darsh/ros3/install/ur5_gripper_moveit_config/share/ur5_gripper_moveit_config/launch
[0.126s] -- Up-to-date: /home/darsh/ros3/install/ur5_gripper_moveit_config/share/ur5_gripper_moveit_config/launch/ur5_gripper_moveit.launch.py
[0.127s] -- Up-to-date: /home/darsh/ros3/install/ur5_gripper_moveit_config/share/ur5_gripper_moveit_config/rviz
[0.129s] -- Up-to-date: /home/darsh/ros3/install/ur5_gripper_moveit_config/share/ur5_gripper_moveit_config/rviz/view_robot.rviz
[0.130s] -- Up-to-date: /home/darsh/ros3/install/ur5_gripper_moveit_config/share/ur5_gripper_moveit_config/srdf
[0.130s] -- Up-to-date: /home/darsh/ros3/install/ur5_gripper_moveit_config/share/ur5_gripper_moveit_config/srdf/ur_gripper_macro.srdf.xacro
[0.131s] -- Up-to-date: /home/darsh/ros3/install/ur5_gripper_moveit_config/share/ur5_gripper_moveit_config/srdf/ur_gripper.srdf.xacro
[0.132s] -- Up-to-date: /home/darsh/ros3/install/ur5_gripper_moveit_config/share/ament_index/resource_index/package_run_dependencies/ur5_gripper_moveit_config
[0.132s] -- Up-to-date: /home/darsh/ros3/install/ur5_gripper_moveit_config/share/ament_index/resource_index/parent_prefix_path/ur5_gripper_moveit_config
[0.132s] -- Up-to-date: /home/darsh/ros3/install/ur5_gripper_moveit_config/share/ur5_gripper_moveit_config/environment/ament_prefix_path.sh
[0.133s] -- Up-to-date: /home/darsh/ros3/install/ur5_gripper_moveit_config/share/ur5_gripper_moveit_config/environment/ament_prefix_path.dsv
[0.133s] -- Up-to-date: /home/darsh/ros3/install/ur5_gripper_moveit_config/share/ur5_gripper_moveit_config/environment/path.sh
[0.134s] -- Up-to-date: /home/darsh/ros3/install/ur5_gripper_moveit_config/share/ur5_gripper_moveit_config/environment/path.dsv
[0.134s] -- Up-to-date: /home/darsh/ros3/install/ur5_gripper_moveit_config/share/ur5_gripper_moveit_config/local_setup.bash
[0.134s] -- Up-to-date: /home/darsh/ros3/install/ur5_gripper_moveit_config/share/ur5_gripper_moveit_config/local_setup.sh
[0.134s] -- Up-to-date: /home/darsh/ros3/install/ur5_gripper_moveit_config/share/ur5_gripper_moveit_config/local_setup.zsh
[0.135s] -- Up-to-date: /home/darsh/ros3/install/ur5_gripper_moveit_config/share/ur5_gripper_moveit_config/local_setup.dsv
[0.135s] -- Up-to-date: /home/darsh/ros3/install/ur5_gripper_moveit_config/share/ur5_gripper_moveit_config/package.dsv
[0.136s] -- Up-to-date: /home/darsh/ros3/install/ur5_gripper_moveit_config/share/ament_index/resource_index/packages/ur5_gripper_moveit_config
[0.136s] -- Up-to-date: /home/darsh/ros3/install/ur5_gripper_moveit_config/share/ur5_gripper_moveit_config/cmake/ur5_gripper_moveit_configConfig.cmake
[0.136s] -- Up-to-date: /home/darsh/ros3/install/ur5_gripper_moveit_config/share/ur5_gripper_moveit_config/cmake/ur5_gripper_moveit_configConfig-version.cmake
[0.137s] -- Up-to-date: /home/darsh/ros3/install/ur5_gripper_moveit_config/share/ur5_gripper_moveit_config/package.xml
[0.137s] Invoked command in '/home/darsh/ros3/build/ur5_gripper_moveit_config' returned '0': CMAKE_PREFIX_PATH=/home/darsh/ros3/install/ur5_gripper_description:/home/darsh/ros3/install/robotiq_description:/home/darsh/ros3/install/ur5_gripper_moveit_config:/opt/ros/jazzy/opt/gz_sim_vendor:/opt/ros/jazzy/opt/gz_sensors_vendor:/opt/ros/jazzy/opt/gz_physics_vendor:/opt/ros/jazzy/opt/sdformat_vendor:/opt/ros/jazzy/opt/gz_gui_vendor:/opt/ros/jazzy/opt/gz_transport_vendor:/opt/ros/jazzy/opt/gz_rendering_vendor:/opt/ros/jazzy/opt/gz_plugin_vendor:/opt/ros/jazzy/opt/gz_fuel_tools_vendor:/opt/ros/jazzy/opt/gz_msgs_vendor:/opt/ros/jazzy/opt/gz_common_vendor:/opt/ros/jazzy/opt/gz_math_vendor:/opt/ros/jazzy/opt/gz_utils_vendor:/opt/ros/jazzy/opt/gz_tools_vendor:/opt/ros/jazzy/opt/gz_ogre_next_vendor:/opt/ros/jazzy/opt/gz_dartsim_vendor:/opt/ros/jazzy/opt/gz_cmake_vendor:/opt/ros/jazzy /usr/bin/cmake --install /home/darsh/ros3/build/ur5_gripper_moveit_config
