[0.177s] DEBUG:colcon:Command line arguments: ['/usr/bin/colcon', 'build']
[0.177s] DEBUG:colcon:Parsed command line arguments: Namespace(log_base=None, log_level=None, verb_name='build', build_base='build', install_base='install', merge_install=False, symlink_install=False, test_result_base=None, continue_on_error=False, executor='parallel', parallel_workers=16, event_handlers=None, ignore_user_meta=False, metas=['./colcon.meta'], base_paths=['.'], packages_ignore=None, packages_ignore_regex=None, paths=None, packages_up_to=None, packages_up_to_regex=None, packages_above=None, packages_above_and_dependencies=None, packages_above_depth=None, packages_select_by_dep=None, packages_skip_by_dep=None, packages_skip_up_to=None, packages_select_build_failed=False, packages_skip_build_finished=False, packages_select_test_failures=False, packages_skip_test_passed=False, packages_select=None, packages_skip=None, packages_select_regex=None, packages_skip_regex=None, packages_start=None, packages_end=None, allow_overriding=[], cmake_args=None, cmake_target=None, cmake_target_skip_unavailable=False, cmake_clean_cache=False, cmake_clean_first=False, cmake_force_configure=False, ament_cmake_args=None, catkin_cmake_args=None, catkin_skip_building_tests=False, verb_parser=<colcon_defaults.argument_parser.defaults.DefaultArgumentsDecorator object at 0x7f18a3506d20>, verb_extension=<colcon_core.verb.build.BuildVerb object at 0x7f18a34a8bf0>, main=<bound method BuildVerb.main of <colcon_core.verb.build.BuildVerb object at 0x7f18a34a8bf0>>)
[0.215s] Level 1:colcon.colcon_core.package_discovery:discover_packages(colcon_meta) check parameters
[0.215s] Level 1:colcon.colcon_core.package_discovery:discover_packages(recursive) check parameters
[0.215s] Level 1:colcon.colcon_core.package_discovery:discover_packages(ignore) check parameters
[0.215s] Level 1:colcon.colcon_core.package_discovery:discover_packages(path) check parameters
[0.215s] Level 1:colcon.colcon_core.package_discovery:discover_packages(colcon_meta) discover
[0.215s] Level 1:colcon.colcon_core.package_discovery:discover_packages(recursive) discover
[0.216s] INFO:colcon.colcon_core.package_discovery:Crawling recursively for packages in '/home/darsh/ros3'
[0.216s] Level 1:colcon.colcon_core.package_identification:_identify(.) by extensions ['ignore', 'ignore_ament_install']
[0.216s] Level 1:colcon.colcon_core.package_identification:_identify(.) by extension 'ignore'
[0.216s] Level 1:colcon.colcon_core.package_identification:_identify(.) by extension 'ignore_ament_install'
[0.216s] Level 1:colcon.colcon_core.package_identification:_identify(.) by extensions ['colcon_pkg']
[0.216s] Level 1:colcon.colcon_core.package_identification:_identify(.) by extension 'colcon_pkg'
[0.216s] Level 1:colcon.colcon_core.package_identification:_identify(.) by extensions ['colcon_meta']
[0.216s] Level 1:colcon.colcon_core.package_identification:_identify(.) by extension 'colcon_meta'
[0.216s] Level 1:colcon.colcon_core.package_identification:_identify(.) by extensions ['ros']
[0.216s] Level 1:colcon.colcon_core.package_identification:_identify(.) by extension 'ros'
[0.240s] Level 1:colcon.colcon_core.package_identification:_identify(.) by extensions ['cmake', 'python']
[0.240s] Level 1:colcon.colcon_core.package_identification:_identify(.) by extension 'cmake'
[0.240s] Level 1:colcon.colcon_core.package_identification:_identify(.) by extension 'python'
[0.240s] Level 1:colcon.colcon_core.package_identification:_identify(.) by extensions ['python_setup_py']
[0.240s] Level 1:colcon.colcon_core.package_identification:_identify(.) by extension 'python_setup_py'
[0.240s] Level 1:colcon.colcon_core.package_identification:_identify(ROS2_pick_and_place_UR5) by extensions ['ignore', 'ignore_ament_install']
[0.240s] Level 1:colcon.colcon_core.package_identification:_identify(ROS2_pick_and_place_UR5) by extension 'ignore'
[0.241s] Level 1:colcon.colcon_core.package_identification:_identify(ROS2_pick_and_place_UR5) by extension 'ignore_ament_install'
[0.241s] Level 1:colcon.colcon_core.package_identification:_identify(ROS2_pick_and_place_UR5) by extensions ['colcon_pkg']
[0.241s] Level 1:colcon.colcon_core.package_identification:_identify(ROS2_pick_and_place_UR5) by extension 'colcon_pkg'
[0.241s] Level 1:colcon.colcon_core.package_identification:_identify(ROS2_pick_and_place_UR5) by extensions ['colcon_meta']
[0.241s] Level 1:colcon.colcon_core.package_identification:_identify(ROS2_pick_and_place_UR5) by extension 'colcon_meta'
[0.241s] Level 1:colcon.colcon_core.package_identification:_identify(ROS2_pick_and_place_UR5) by extensions ['ros']
[0.241s] Level 1:colcon.colcon_core.package_identification:_identify(ROS2_pick_and_place_UR5) by extension 'ros'
[0.241s] Level 1:colcon.colcon_core.package_identification:_identify(ROS2_pick_and_place_UR5) by extensions ['cmake', 'python']
[0.241s] Level 1:colcon.colcon_core.package_identification:_identify(ROS2_pick_and_place_UR5) by extension 'cmake'
[0.241s] Level 1:colcon.colcon_core.package_identification:_identify(ROS2_pick_and_place_UR5) by extension 'python'
[0.241s] Level 1:colcon.colcon_core.package_identification:_identify(ROS2_pick_and_place_UR5) by extensions ['python_setup_py']
[0.241s] Level 1:colcon.colcon_core.package_identification:_identify(ROS2_pick_and_place_UR5) by extension 'python_setup_py'
[0.241s] Level 1:colcon.colcon_core.package_identification:_identify(ROS2_pick_and_place_UR5/build) by extensions ['ignore', 'ignore_ament_install']
[0.242s] Level 1:colcon.colcon_core.package_identification:_identify(ROS2_pick_and_place_UR5/build) by extension 'ignore'
[0.242s] Level 1:colcon.colcon_core.package_identification:_identify(ROS2_pick_and_place_UR5/build) ignored
[0.242s] Level 1:colcon.colcon_core.package_identification:_identify(ROS2_pick_and_place_UR5/install) by extensions ['ignore', 'ignore_ament_install']
[0.242s] Level 1:colcon.colcon_core.package_identification:_identify(ROS2_pick_and_place_UR5/install) by extension 'ignore'
[0.242s] Level 1:colcon.colcon_core.package_identification:_identify(ROS2_pick_and_place_UR5/install) ignored
[0.242s] Level 1:colcon.colcon_core.package_identification:_identify(ROS2_pick_and_place_UR5/log) by extensions ['ignore', 'ignore_ament_install']
[0.242s] Level 1:colcon.colcon_core.package_identification:_identify(ROS2_pick_and_place_UR5/log) by extension 'ignore'
[0.242s] Level 1:colcon.colcon_core.package_identification:_identify(ROS2_pick_and_place_UR5/log) ignored
[0.242s] Level 1:colcon.colcon_core.package_identification:_identify(ROS2_pick_and_place_UR5/robotiq_description) by extensions ['ignore', 'ignore_ament_install']
[0.242s] Level 1:colcon.colcon_core.package_identification:_identify(ROS2_pick_and_place_UR5/robotiq_description) by extension 'ignore'
[0.243s] Level 1:colcon.colcon_core.package_identification:_identify(ROS2_pick_and_place_UR5/robotiq_description) by extension 'ignore_ament_install'
[0.243s] Level 1:colcon.colcon_core.package_identification:_identify(ROS2_pick_and_place_UR5/robotiq_description) by extensions ['colcon_pkg']
[0.243s] Level 1:colcon.colcon_core.package_identification:_identify(ROS2_pick_and_place_UR5/robotiq_description) by extension 'colcon_pkg'
[0.243s] Level 1:colcon.colcon_core.package_identification:_identify(ROS2_pick_and_place_UR5/robotiq_description) by extensions ['colcon_meta']
[0.243s] Level 1:colcon.colcon_core.package_identification:_identify(ROS2_pick_and_place_UR5/robotiq_description) by extension 'colcon_meta'
[0.243s] Level 1:colcon.colcon_core.package_identification:_identify(ROS2_pick_and_place_UR5/robotiq_description) by extensions ['ros']
[0.243s] Level 1:colcon.colcon_core.package_identification:_identify(ROS2_pick_and_place_UR5/robotiq_description) by extension 'ros'
[0.245s] DEBUG:colcon.colcon_core.package_identification:Package 'ROS2_pick_and_place_UR5/robotiq_description' with type 'ros.ament_cmake' and name 'robotiq_description'
[0.246s] Level 1:colcon.colcon_core.package_identification:_identify(ROS2_pick_and_place_UR5/ur5_gripper_description) by extensions ['ignore', 'ignore_ament_install']
[0.246s] Level 1:colcon.colcon_core.package_identification:_identify(ROS2_pick_and_place_UR5/ur5_gripper_description) by extension 'ignore'
[0.246s] Level 1:colcon.colcon_core.package_identification:_identify(ROS2_pick_and_place_UR5/ur5_gripper_description) by extension 'ignore_ament_install'
[0.246s] Level 1:colcon.colcon_core.package_identification:_identify(ROS2_pick_and_place_UR5/ur5_gripper_description) by extensions ['colcon_pkg']
[0.246s] Level 1:colcon.colcon_core.package_identification:_identify(ROS2_pick_and_place_UR5/ur5_gripper_description) by extension 'colcon_pkg'
[0.246s] Level 1:colcon.colcon_core.package_identification:_identify(ROS2_pick_and_place_UR5/ur5_gripper_description) by extensions ['colcon_meta']
[0.246s] Level 1:colcon.colcon_core.package_identification:_identify(ROS2_pick_and_place_UR5/ur5_gripper_description) by extension 'colcon_meta'
[0.246s] Level 1:colcon.colcon_core.package_identification:_identify(ROS2_pick_and_place_UR5/ur5_gripper_description) by extensions ['ros']
[0.246s] Level 1:colcon.colcon_core.package_identification:_identify(ROS2_pick_and_place_UR5/ur5_gripper_description) by extension 'ros'
[0.247s] DEBUG:colcon.colcon_core.package_identification:Package 'ROS2_pick_and_place_UR5/ur5_gripper_description' with type 'ros.ament_cmake' and name 'ur5_gripper_description'
[0.247s] Level 1:colcon.colcon_core.package_identification:_identify(ROS2_pick_and_place_UR5/ur5_gripper_moveit_config) by extensions ['ignore', 'ignore_ament_install']
[0.247s] Level 1:colcon.colcon_core.package_identification:_identify(ROS2_pick_and_place_UR5/ur5_gripper_moveit_config) by extension 'ignore'
[0.247s] Level 1:colcon.colcon_core.package_identification:_identify(ROS2_pick_and_place_UR5/ur5_gripper_moveit_config) by extension 'ignore_ament_install'
[0.247s] Level 1:colcon.colcon_core.package_identification:_identify(ROS2_pick_and_place_UR5/ur5_gripper_moveit_config) by extensions ['colcon_pkg']
[0.247s] Level 1:colcon.colcon_core.package_identification:_identify(ROS2_pick_and_place_UR5/ur5_gripper_moveit_config) by extension 'colcon_pkg'
[0.247s] Level 1:colcon.colcon_core.package_identification:_identify(ROS2_pick_and_place_UR5/ur5_gripper_moveit_config) by extensions ['colcon_meta']
[0.247s] Level 1:colcon.colcon_core.package_identification:_identify(ROS2_pick_and_place_UR5/ur5_gripper_moveit_config) by extension 'colcon_meta'
[0.247s] Level 1:colcon.colcon_core.package_identification:_identify(ROS2_pick_and_place_UR5/ur5_gripper_moveit_config) by extensions ['ros']
[0.247s] Level 1:colcon.colcon_core.package_identification:_identify(ROS2_pick_and_place_UR5/ur5_gripper_moveit_config) by extension 'ros'
[0.248s] DEBUG:colcon.colcon_core.package_identification:Package 'ROS2_pick_and_place_UR5/ur5_gripper_moveit_config' with type 'ros.ament_cmake' and name 'ur5_gripper_moveit_config'
[0.248s] Level 1:colcon.colcon_core.package_identification:_identify(build) by extensions ['ignore', 'ignore_ament_install']
[0.248s] Level 1:colcon.colcon_core.package_identification:_identify(build) by extension 'ignore'
[0.248s] Level 1:colcon.colcon_core.package_identification:_identify(build) ignored
[0.248s] Level 1:colcon.colcon_core.package_identification:_identify(install) by extensions ['ignore', 'ignore_ament_install']
[0.249s] Level 1:colcon.colcon_core.package_identification:_identify(install) by extension 'ignore'
[0.249s] Level 1:colcon.colcon_core.package_identification:_identify(install) ignored
[0.249s] Level 1:colcon.colcon_core.package_identification:_identify(log) by extensions ['ignore', 'ignore_ament_install']
[0.249s] Level 1:colcon.colcon_core.package_identification:_identify(log) by extension 'ignore'
[0.249s] Level 1:colcon.colcon_core.package_identification:_identify(log) ignored
[0.249s] Level 1:colcon.colcon_core.package_discovery:discover_packages(recursive) using defaults
[0.249s] Level 1:colcon.colcon_core.package_discovery:discover_packages(ignore) discover
[0.249s] Level 1:colcon.colcon_core.package_discovery:discover_packages(ignore) using defaults
[0.249s] Level 1:colcon.colcon_core.package_discovery:discover_packages(path) discover
[0.249s] Level 1:colcon.colcon_core.package_discovery:discover_packages(path) using defaults
[0.267s] Level 1:colcon.colcon_core.package_discovery:discover_packages(prefix_path) check parameters
[0.267s] Level 1:colcon.colcon_core.package_discovery:discover_packages(prefix_path) discover
[0.269s] DEBUG:colcon.colcon_installed_package_information.package_discovery:Found 3 installed packages in /home/darsh/ros3/install
[0.271s] DEBUG:colcon.colcon_installed_package_information.package_discovery:Found 432 installed packages in /opt/ros/jazzy
[0.272s] Level 1:colcon.colcon_core.package_discovery:discover_packages(prefix_path) using defaults
[0.332s] Level 5:colcon.colcon_core.verb:set package 'robotiq_description' build argument 'cmake_args' from command line to 'None'
[0.332s] Level 5:colcon.colcon_core.verb:set package 'robotiq_description' build argument 'cmake_target' from command line to 'None'
[0.332s] Level 5:colcon.colcon_core.verb:set package 'robotiq_description' build argument 'cmake_target_skip_unavailable' from command line to 'False'
[0.332s] Level 5:colcon.colcon_core.verb:set package 'robotiq_description' build argument 'cmake_clean_cache' from command line to 'False'
[0.332s] Level 5:colcon.colcon_core.verb:set package 'robotiq_description' build argument 'cmake_clean_first' from command line to 'False'
[0.332s] Level 5:colcon.colcon_core.verb:set package 'robotiq_description' build argument 'cmake_force_configure' from command line to 'False'
[0.333s] Level 5:colcon.colcon_core.verb:set package 'robotiq_description' build argument 'ament_cmake_args' from command line to 'None'
[0.333s] Level 5:colcon.colcon_core.verb:set package 'robotiq_description' build argument 'catkin_cmake_args' from command line to 'None'
[0.333s] Level 5:colcon.colcon_core.verb:set package 'robotiq_description' build argument 'catkin_skip_building_tests' from command line to 'False'
[0.333s] DEBUG:colcon.colcon_core.verb:Building package 'robotiq_description' with the following arguments: {'ament_cmake_args': None, 'build_base': '/home/darsh/ros3/build/robotiq_description', 'catkin_cmake_args': None, 'catkin_skip_building_tests': False, 'cmake_args': None, 'cmake_clean_cache': False, 'cmake_clean_first': False, 'cmake_force_configure': False, 'cmake_target': None, 'cmake_target_skip_unavailable': False, 'install_base': '/home/darsh/ros3/install/robotiq_description', 'merge_install': False, 'path': '/home/darsh/ros3/ROS2_pick_and_place_UR5/robotiq_description', 'symlink_install': False, 'test_result_base': None}
[0.333s] Level 5:colcon.colcon_core.verb:set package 'ur5_gripper_description' build argument 'cmake_args' from command line to 'None'
[0.333s] Level 5:colcon.colcon_core.verb:set package 'ur5_gripper_description' build argument 'cmake_target' from command line to 'None'
[0.333s] Level 5:colcon.colcon_core.verb:set package 'ur5_gripper_description' build argument 'cmake_target_skip_unavailable' from command line to 'False'
[0.333s] Level 5:colcon.colcon_core.verb:set package 'ur5_gripper_description' build argument 'cmake_clean_cache' from command line to 'False'
[0.333s] Level 5:colcon.colcon_core.verb:set package 'ur5_gripper_description' build argument 'cmake_clean_first' from command line to 'False'
[0.333s] Level 5:colcon.colcon_core.verb:set package 'ur5_gripper_description' build argument 'cmake_force_configure' from command line to 'False'
[0.333s] Level 5:colcon.colcon_core.verb:set package 'ur5_gripper_description' build argument 'ament_cmake_args' from command line to 'None'
[0.333s] Level 5:colcon.colcon_core.verb:set package 'ur5_gripper_description' build argument 'catkin_cmake_args' from command line to 'None'
[0.333s] Level 5:colcon.colcon_core.verb:set package 'ur5_gripper_description' build argument 'catkin_skip_building_tests' from command line to 'False'
[0.333s] DEBUG:colcon.colcon_core.verb:Building package 'ur5_gripper_description' with the following arguments: {'ament_cmake_args': None, 'build_base': '/home/darsh/ros3/build/ur5_gripper_description', 'catkin_cmake_args': None, 'catkin_skip_building_tests': False, 'cmake_args': None, 'cmake_clean_cache': False, 'cmake_clean_first': False, 'cmake_force_configure': False, 'cmake_target': None, 'cmake_target_skip_unavailable': False, 'install_base': '/home/darsh/ros3/install/ur5_gripper_description', 'merge_install': False, 'path': '/home/darsh/ros3/ROS2_pick_and_place_UR5/ur5_gripper_description', 'symlink_install': False, 'test_result_base': None}
[0.333s] Level 5:colcon.colcon_core.verb:set package 'ur5_gripper_moveit_config' build argument 'cmake_args' from command line to 'None'
[0.333s] Level 5:colcon.colcon_core.verb:set package 'ur5_gripper_moveit_config' build argument 'cmake_target' from command line to 'None'
[0.334s] Level 5:colcon.colcon_core.verb:set package 'ur5_gripper_moveit_config' build argument 'cmake_target_skip_unavailable' from command line to 'False'
[0.334s] Level 5:colcon.colcon_core.verb:set package 'ur5_gripper_moveit_config' build argument 'cmake_clean_cache' from command line to 'False'
[0.334s] Level 5:colcon.colcon_core.verb:set package 'ur5_gripper_moveit_config' build argument 'cmake_clean_first' from command line to 'False'
[0.334s] Level 5:colcon.colcon_core.verb:set package 'ur5_gripper_moveit_config' build argument 'cmake_force_configure' from command line to 'False'
[0.334s] Level 5:colcon.colcon_core.verb:set package 'ur5_gripper_moveit_config' build argument 'ament_cmake_args' from command line to 'None'
[0.334s] Level 5:colcon.colcon_core.verb:set package 'ur5_gripper_moveit_config' build argument 'catkin_cmake_args' from command line to 'None'
[0.334s] Level 5:colcon.colcon_core.verb:set package 'ur5_gripper_moveit_config' build argument 'catkin_skip_building_tests' from command line to 'False'
[0.334s] DEBUG:colcon.colcon_core.verb:Building package 'ur5_gripper_moveit_config' with the following arguments: {'ament_cmake_args': None, 'build_base': '/home/darsh/ros3/build/ur5_gripper_moveit_config', 'catkin_cmake_args': None, 'catkin_skip_building_tests': False, 'cmake_args': None, 'cmake_clean_cache': False, 'cmake_clean_first': False, 'cmake_force_configure': False, 'cmake_target': None, 'cmake_target_skip_unavailable': False, 'install_base': '/home/darsh/ros3/install/ur5_gripper_moveit_config', 'merge_install': False, 'path': '/home/darsh/ros3/ROS2_pick_and_place_UR5/ur5_gripper_moveit_config', 'symlink_install': False, 'test_result_base': None}
[0.334s] INFO:colcon.colcon_core.executor:Executing jobs using 'parallel' executor
[0.335s] DEBUG:colcon.colcon_parallel_executor.executor.parallel:run_until_complete
[0.335s] INFO:colcon.colcon_ros.task.ament_cmake.build:Building ROS package in '/home/darsh/ros3/ROS2_pick_and_place_UR5/robotiq_description' with build type 'ament_cmake'
[0.336s] INFO:colcon.colcon_cmake.task.cmake.build:Building CMake package in '/home/darsh/ros3/ROS2_pick_and_place_UR5/robotiq_description'
[0.337s] INFO:colcon.colcon_core.plugin_system:Skipping extension 'colcon_core.shell.bat': Not used on non-Windows systems
[0.338s] INFO:colcon.colcon_core.shell:Skip shell extension 'powershell' for command environment: Not usable outside of PowerShell
[0.338s] DEBUG:colcon.colcon_core.shell:Skip shell extension 'dsv' for command environment
[0.349s] DEBUG:colcon.colcon_core.event_handler.log_command:Invoking command in '/home/darsh/ros3/build/robotiq_description': CMAKE_PREFIX_PATH=${CMAKE_PREFIX_PATH}:/opt/ros/jazzy /usr/bin/cmake --build /home/darsh/ros3/build/robotiq_description -- -j16 -l16
[0.382s] DEBUG:colcon.colcon_core.event_handler.log_command:Invoked command in '/home/darsh/ros3/build/robotiq_description' returned '0': CMAKE_PREFIX_PATH=${CMAKE_PREFIX_PATH}:/opt/ros/jazzy /usr/bin/cmake --build /home/darsh/ros3/build/robotiq_description -- -j16 -l16
[0.391s] DEBUG:colcon.colcon_core.event_handler.log_command:Invoking command in '/home/darsh/ros3/build/robotiq_description': CMAKE_PREFIX_PATH=${CMAKE_PREFIX_PATH}:/opt/ros/jazzy /usr/bin/cmake --install /home/darsh/ros3/build/robotiq_description
[0.405s] Level 1:colcon.colcon_core.environment:create_environment_scripts_only(robotiq_description)
[0.409s] Level 1:colcon.colcon_core.environment:checking '/home/darsh/ros3/install/robotiq_description' for CMake module files
[0.412s] Level 1:colcon.colcon_core.environment:checking '/home/darsh/ros3/install/robotiq_description' for CMake config files
[0.412s] DEBUG:colcon.colcon_core.event_handler.log_command:Invoked command in '/home/darsh/ros3/build/robotiq_description' returned '0': CMAKE_PREFIX_PATH=${CMAKE_PREFIX_PATH}:/opt/ros/jazzy /usr/bin/cmake --install /home/darsh/ros3/build/robotiq_description
[0.413s] Level 1:colcon.colcon_core.shell:create_environment_hook('robotiq_description', 'cmake_prefix_path')
[0.413s] INFO:colcon.colcon_core.shell:Creating environment hook '/home/darsh/ros3/install/robotiq_description/share/robotiq_description/hook/cmake_prefix_path.ps1'
[0.414s] INFO:colcon.colcon_core.shell:Creating environment descriptor '/home/darsh/ros3/install/robotiq_description/share/robotiq_description/hook/cmake_prefix_path.dsv'
[0.414s] INFO:colcon.colcon_core.shell:Creating environment hook '/home/darsh/ros3/install/robotiq_description/share/robotiq_description/hook/cmake_prefix_path.sh'
[0.415s] Level 1:colcon.colcon_core.environment:checking '/home/darsh/ros3/install/robotiq_description/bin'
[0.415s] Level 1:colcon.colcon_core.environment:checking '/home/darsh/ros3/install/robotiq_description/lib/pkgconfig/robotiq_description.pc'
[0.415s] Level 1:colcon.colcon_core.environment:checking '/home/darsh/ros3/install/robotiq_description/lib/python3.12/site-packages'
[0.415s] Level 1:colcon.colcon_core.environment:checking '/home/darsh/ros3/install/robotiq_description/bin'
[0.416s] INFO:colcon.colcon_core.shell:Creating package script '/home/darsh/ros3/install/robotiq_description/share/robotiq_description/package.ps1'
[0.416s] INFO:colcon.colcon_core.shell:Creating package descriptor '/home/darsh/ros3/install/robotiq_description/share/robotiq_description/package.dsv'
[0.417s] INFO:colcon.colcon_core.shell:Creating package script '/home/darsh/ros3/install/robotiq_description/share/robotiq_description/package.sh'
[0.418s] INFO:colcon.colcon_core.shell:Creating package script '/home/darsh/ros3/install/robotiq_description/share/robotiq_description/package.bash'
[0.418s] INFO:colcon.colcon_core.shell:Creating package script '/home/darsh/ros3/install/robotiq_description/share/robotiq_description/package.zsh'
[0.419s] Level 1:colcon.colcon_core.environment:create_file_with_runtime_dependencies(/home/darsh/ros3/install/robotiq_description/share/colcon-core/packages/robotiq_description)
[0.419s] Level 1:colcon.colcon_core.environment:create_environment_scripts_only(robotiq_description)
[0.419s] Level 1:colcon.colcon_core.environment:checking '/home/darsh/ros3/install/robotiq_description' for CMake module files
[0.420s] Level 1:colcon.colcon_core.environment:checking '/home/darsh/ros3/install/robotiq_description' for CMake config files
[0.420s] Level 1:colcon.colcon_core.shell:create_environment_hook('robotiq_description', 'cmake_prefix_path')
[0.420s] INFO:colcon.colcon_core.shell:Creating environment hook '/home/darsh/ros3/install/robotiq_description/share/robotiq_description/hook/cmake_prefix_path.ps1'
[0.421s] INFO:colcon.colcon_core.shell:Creating environment descriptor '/home/darsh/ros3/install/robotiq_description/share/robotiq_description/hook/cmake_prefix_path.dsv'
[0.421s] INFO:colcon.colcon_core.shell:Creating environment hook '/home/darsh/ros3/install/robotiq_description/share/robotiq_description/hook/cmake_prefix_path.sh'
[0.422s] Level 1:colcon.colcon_core.environment:checking '/home/darsh/ros3/install/robotiq_description/bin'
[0.422s] Level 1:colcon.colcon_core.environment:checking '/home/darsh/ros3/install/robotiq_description/lib/pkgconfig/robotiq_description.pc'
[0.422s] Level 1:colcon.colcon_core.environment:checking '/home/darsh/ros3/install/robotiq_description/lib/python3.12/site-packages'
[0.423s] Level 1:colcon.colcon_core.environment:checking '/home/darsh/ros3/install/robotiq_description/bin'
[0.423s] INFO:colcon.colcon_core.shell:Creating package script '/home/darsh/ros3/install/robotiq_description/share/robotiq_description/package.ps1'
[0.423s] INFO:colcon.colcon_core.shell:Creating package descriptor '/home/darsh/ros3/install/robotiq_description/share/robotiq_description/package.dsv'
[0.424s] INFO:colcon.colcon_core.shell:Creating package script '/home/darsh/ros3/install/robotiq_description/share/robotiq_description/package.sh'
[0.424s] INFO:colcon.colcon_core.shell:Creating package script '/home/darsh/ros3/install/robotiq_description/share/robotiq_description/package.bash'
[0.425s] INFO:colcon.colcon_core.shell:Creating package script '/home/darsh/ros3/install/robotiq_description/share/robotiq_description/package.zsh'
[0.425s] Level 1:colcon.colcon_core.environment:create_file_with_runtime_dependencies(/home/darsh/ros3/install/robotiq_description/share/colcon-core/packages/robotiq_description)
[0.425s] INFO:colcon.colcon_ros.task.ament_cmake.build:Building ROS package in '/home/darsh/ros3/ROS2_pick_and_place_UR5/ur5_gripper_description' with build type 'ament_cmake'
[0.426s] INFO:colcon.colcon_cmake.task.cmake.build:Building CMake package in '/home/darsh/ros3/ROS2_pick_and_place_UR5/ur5_gripper_description'
[0.426s] INFO:colcon.colcon_core.shell:Skip shell extension 'powershell' for command environment: Not usable outside of PowerShell
[0.426s] DEBUG:colcon.colcon_core.shell:Skip shell extension 'dsv' for command environment
[0.475s] DEBUG:colcon.colcon_core.event_handler.log_command:Invoking command in '/home/darsh/ros3/build/ur5_gripper_description': CMAKE_PREFIX_PATH=/home/darsh/ros3/install/robotiq_description:/home/darsh/ros3/install/ur5_gripper_moveit_config:/home/darsh/ros3/install/ur5_gripper_description:/opt/ros/jazzy/opt/gz_sim_vendor:/opt/ros/jazzy/opt/gz_sensors_vendor:/opt/ros/jazzy/opt/gz_physics_vendor:/opt/ros/jazzy/opt/sdformat_vendor:/opt/ros/jazzy/opt/gz_gui_vendor:/opt/ros/jazzy/opt/gz_transport_vendor:/opt/ros/jazzy/opt/gz_rendering_vendor:/opt/ros/jazzy/opt/gz_plugin_vendor:/opt/ros/jazzy/opt/gz_fuel_tools_vendor:/opt/ros/jazzy/opt/gz_msgs_vendor:/opt/ros/jazzy/opt/gz_common_vendor:/opt/ros/jazzy/opt/gz_math_vendor:/opt/ros/jazzy/opt/gz_utils_vendor:/opt/ros/jazzy/opt/gz_tools_vendor:/opt/ros/jazzy/opt/gz_ogre_next_vendor:/opt/ros/jazzy/opt/gz_dartsim_vendor:/opt/ros/jazzy/opt/gz_cmake_vendor:/opt/ros/jazzy /usr/bin/cmake --build /home/darsh/ros3/build/ur5_gripper_description -- -j16 -l16
[0.511s] DEBUG:colcon.colcon_core.event_handler.log_command:Invoked command in '/home/darsh/ros3/build/ur5_gripper_description' returned '0': CMAKE_PREFIX_PATH=/home/darsh/ros3/install/robotiq_description:/home/darsh/ros3/install/ur5_gripper_moveit_config:/home/darsh/ros3/install/ur5_gripper_description:/opt/ros/jazzy/opt/gz_sim_vendor:/opt/ros/jazzy/opt/gz_sensors_vendor:/opt/ros/jazzy/opt/gz_physics_vendor:/opt/ros/jazzy/opt/sdformat_vendor:/opt/ros/jazzy/opt/gz_gui_vendor:/opt/ros/jazzy/opt/gz_transport_vendor:/opt/ros/jazzy/opt/gz_rendering_vendor:/opt/ros/jazzy/opt/gz_plugin_vendor:/opt/ros/jazzy/opt/gz_fuel_tools_vendor:/opt/ros/jazzy/opt/gz_msgs_vendor:/opt/ros/jazzy/opt/gz_common_vendor:/opt/ros/jazzy/opt/gz_math_vendor:/opt/ros/jazzy/opt/gz_utils_vendor:/opt/ros/jazzy/opt/gz_tools_vendor:/opt/ros/jazzy/opt/gz_ogre_next_vendor:/opt/ros/jazzy/opt/gz_dartsim_vendor:/opt/ros/jazzy/opt/gz_cmake_vendor:/opt/ros/jazzy /usr/bin/cmake --build /home/darsh/ros3/build/ur5_gripper_description -- -j16 -l16
[0.512s] DEBUG:colcon.colcon_core.event_handler.log_command:Invoking command in '/home/darsh/ros3/build/ur5_gripper_description': CMAKE_PREFIX_PATH=/home/darsh/ros3/install/robotiq_description:/home/darsh/ros3/install/ur5_gripper_moveit_config:/home/darsh/ros3/install/ur5_gripper_description:/opt/ros/jazzy/opt/gz_sim_vendor:/opt/ros/jazzy/opt/gz_sensors_vendor:/opt/ros/jazzy/opt/gz_physics_vendor:/opt/ros/jazzy/opt/sdformat_vendor:/opt/ros/jazzy/opt/gz_gui_vendor:/opt/ros/jazzy/opt/gz_transport_vendor:/opt/ros/jazzy/opt/gz_rendering_vendor:/opt/ros/jazzy/opt/gz_plugin_vendor:/opt/ros/jazzy/opt/gz_fuel_tools_vendor:/opt/ros/jazzy/opt/gz_msgs_vendor:/opt/ros/jazzy/opt/gz_common_vendor:/opt/ros/jazzy/opt/gz_math_vendor:/opt/ros/jazzy/opt/gz_utils_vendor:/opt/ros/jazzy/opt/gz_tools_vendor:/opt/ros/jazzy/opt/gz_ogre_next_vendor:/opt/ros/jazzy/opt/gz_dartsim_vendor:/opt/ros/jazzy/opt/gz_cmake_vendor:/opt/ros/jazzy /usr/bin/cmake --install /home/darsh/ros3/build/ur5_gripper_description
[0.532s] Level 1:colcon.colcon_core.environment:create_environment_scripts_only(ur5_gripper_description)
[0.532s] Level 1:colcon.colcon_core.environment:checking '/home/darsh/ros3/install/ur5_gripper_description' for CMake module files
[0.535s] Level 1:colcon.colcon_core.environment:checking '/home/darsh/ros3/install/ur5_gripper_description' for CMake config files
[0.557s] Level 1:colcon.colcon_core.shell:create_environment_hook('ur5_gripper_description', 'cmake_prefix_path')
[0.557s] INFO:colcon.colcon_core.shell:Creating environment hook '/home/darsh/ros3/install/ur5_gripper_description/share/ur5_gripper_description/hook/cmake_prefix_path.ps1'
[0.561s] INFO:colcon.colcon_core.shell:Creating environment descriptor '/home/darsh/ros3/install/ur5_gripper_description/share/ur5_gripper_description/hook/cmake_prefix_path.dsv'
[0.563s] INFO:colcon.colcon_core.shell:Creating environment hook '/home/darsh/ros3/install/ur5_gripper_description/share/ur5_gripper_description/hook/cmake_prefix_path.sh'
[0.565s] Level 1:colcon.colcon_core.environment:checking '/home/darsh/ros3/install/ur5_gripper_description/bin'
[0.565s] Level 1:colcon.colcon_core.environment:checking '/home/darsh/ros3/install/ur5_gripper_description/lib/pkgconfig/ur5_gripper_description.pc'
[0.566s] Level 1:colcon.colcon_core.environment:checking '/home/darsh/ros3/install/ur5_gripper_description/lib/python3.12/site-packages'
[0.566s] Level 1:colcon.colcon_core.environment:checking '/home/darsh/ros3/install/ur5_gripper_description/bin'
[0.566s] INFO:colcon.colcon_core.shell:Creating package script '/home/darsh/ros3/install/ur5_gripper_description/share/ur5_gripper_description/package.ps1'
[0.567s] INFO:colcon.colcon_core.shell:Creating package descriptor '/home/darsh/ros3/install/ur5_gripper_description/share/ur5_gripper_description/package.dsv'
[0.568s] INFO:colcon.colcon_core.shell:Creating package script '/home/darsh/ros3/install/ur5_gripper_description/share/ur5_gripper_description/package.sh'
[0.568s] INFO:colcon.colcon_core.shell:Creating package script '/home/darsh/ros3/install/ur5_gripper_description/share/ur5_gripper_description/package.bash'
[0.569s] INFO:colcon.colcon_core.shell:Creating package script '/home/darsh/ros3/install/ur5_gripper_description/share/ur5_gripper_description/package.zsh'
[0.570s] Level 1:colcon.colcon_core.environment:create_file_with_runtime_dependencies(/home/darsh/ros3/install/ur5_gripper_description/share/colcon-core/packages/ur5_gripper_description)
[0.571s] Level 1:colcon.colcon_core.environment:create_environment_scripts_only(ur5_gripper_description)
[0.571s] Level 1:colcon.colcon_core.environment:checking '/home/darsh/ros3/install/ur5_gripper_description' for CMake module files
[0.572s] Level 1:colcon.colcon_core.environment:checking '/home/darsh/ros3/install/ur5_gripper_description' for CMake config files
[0.576s] DEBUG:colcon.colcon_core.event_handler.log_command:Invoked command in '/home/darsh/ros3/build/ur5_gripper_description' returned '0': CMAKE_PREFIX_PATH=/home/darsh/ros3/install/robotiq_description:/home/darsh/ros3/install/ur5_gripper_moveit_config:/home/darsh/ros3/install/ur5_gripper_description:/opt/ros/jazzy/opt/gz_sim_vendor:/opt/ros/jazzy/opt/gz_sensors_vendor:/opt/ros/jazzy/opt/gz_physics_vendor:/opt/ros/jazzy/opt/sdformat_vendor:/opt/ros/jazzy/opt/gz_gui_vendor:/opt/ros/jazzy/opt/gz_transport_vendor:/opt/ros/jazzy/opt/gz_rendering_vendor:/opt/ros/jazzy/opt/gz_plugin_vendor:/opt/ros/jazzy/opt/gz_fuel_tools_vendor:/opt/ros/jazzy/opt/gz_msgs_vendor:/opt/ros/jazzy/opt/gz_common_vendor:/opt/ros/jazzy/opt/gz_math_vendor:/opt/ros/jazzy/opt/gz_utils_vendor:/opt/ros/jazzy/opt/gz_tools_vendor:/opt/ros/jazzy/opt/gz_ogre_next_vendor:/opt/ros/jazzy/opt/gz_dartsim_vendor:/opt/ros/jazzy/opt/gz_cmake_vendor:/opt/ros/jazzy /usr/bin/cmake --install /home/darsh/ros3/build/ur5_gripper_description
[0.577s] Level 1:colcon.colcon_core.shell:create_environment_hook('ur5_gripper_description', 'cmake_prefix_path')
[0.577s] INFO:colcon.colcon_core.shell:Creating environment hook '/home/darsh/ros3/install/ur5_gripper_description/share/ur5_gripper_description/hook/cmake_prefix_path.ps1'
[0.578s] INFO:colcon.colcon_core.shell:Creating environment descriptor '/home/darsh/ros3/install/ur5_gripper_description/share/ur5_gripper_description/hook/cmake_prefix_path.dsv'
[0.578s] INFO:colcon.colcon_core.shell:Creating environment hook '/home/darsh/ros3/install/ur5_gripper_description/share/ur5_gripper_description/hook/cmake_prefix_path.sh'
[0.578s] Level 1:colcon.colcon_core.environment:checking '/home/darsh/ros3/install/ur5_gripper_description/bin'
[0.579s] Level 1:colcon.colcon_core.environment:checking '/home/darsh/ros3/install/ur5_gripper_description/lib/pkgconfig/ur5_gripper_description.pc'
[0.579s] Level 1:colcon.colcon_core.environment:checking '/home/darsh/ros3/install/ur5_gripper_description/lib/python3.12/site-packages'
[0.579s] Level 1:colcon.colcon_core.environment:checking '/home/darsh/ros3/install/ur5_gripper_description/bin'
[0.579s] INFO:colcon.colcon_core.shell:Creating package script '/home/darsh/ros3/install/ur5_gripper_description/share/ur5_gripper_description/package.ps1'
[0.580s] INFO:colcon.colcon_core.shell:Creating package descriptor '/home/darsh/ros3/install/ur5_gripper_description/share/ur5_gripper_description/package.dsv'
[0.580s] INFO:colcon.colcon_core.shell:Creating package script '/home/darsh/ros3/install/ur5_gripper_description/share/ur5_gripper_description/package.sh'
[0.581s] INFO:colcon.colcon_core.shell:Creating package script '/home/darsh/ros3/install/ur5_gripper_description/share/ur5_gripper_description/package.bash'
[0.581s] INFO:colcon.colcon_core.shell:Creating package script '/home/darsh/ros3/install/ur5_gripper_description/share/ur5_gripper_description/package.zsh'
[0.582s] Level 1:colcon.colcon_core.environment:create_file_with_runtime_dependencies(/home/darsh/ros3/install/ur5_gripper_description/share/colcon-core/packages/ur5_gripper_description)
[0.582s] INFO:colcon.colcon_ros.task.ament_cmake.build:Building ROS package in '/home/darsh/ros3/ROS2_pick_and_place_UR5/ur5_gripper_moveit_config' with build type 'ament_cmake'
[0.583s] INFO:colcon.colcon_cmake.task.cmake.build:Building CMake package in '/home/darsh/ros3/ROS2_pick_and_place_UR5/ur5_gripper_moveit_config'
[0.583s] INFO:colcon.colcon_core.shell:Skip shell extension 'powershell' for command environment: Not usable outside of PowerShell
[0.583s] DEBUG:colcon.colcon_core.shell:Skip shell extension 'dsv' for command environment
[0.662s] DEBUG:colcon.colcon_core.event_handler.log_command:Invoking command in '/home/darsh/ros3/build/ur5_gripper_moveit_config': CMAKE_PREFIX_PATH=/home/darsh/ros3/install/ur5_gripper_description:/home/darsh/ros3/install/robotiq_description:/home/darsh/ros3/install/ur5_gripper_moveit_config:/opt/ros/jazzy/opt/gz_sim_vendor:/opt/ros/jazzy/opt/gz_sensors_vendor:/opt/ros/jazzy/opt/gz_physics_vendor:/opt/ros/jazzy/opt/sdformat_vendor:/opt/ros/jazzy/opt/gz_gui_vendor:/opt/ros/jazzy/opt/gz_transport_vendor:/opt/ros/jazzy/opt/gz_rendering_vendor:/opt/ros/jazzy/opt/gz_plugin_vendor:/opt/ros/jazzy/opt/gz_fuel_tools_vendor:/opt/ros/jazzy/opt/gz_msgs_vendor:/opt/ros/jazzy/opt/gz_common_vendor:/opt/ros/jazzy/opt/gz_math_vendor:/opt/ros/jazzy/opt/gz_utils_vendor:/opt/ros/jazzy/opt/gz_tools_vendor:/opt/ros/jazzy/opt/gz_ogre_next_vendor:/opt/ros/jazzy/opt/gz_dartsim_vendor:/opt/ros/jazzy/opt/gz_cmake_vendor:/opt/ros/jazzy /usr/bin/cmake --build /home/darsh/ros3/build/ur5_gripper_moveit_config -- -j16 -l16
[0.696s] DEBUG:colcon.colcon_core.event_handler.log_command:Invoked command in '/home/darsh/ros3/build/ur5_gripper_moveit_config' returned '0': CMAKE_PREFIX_PATH=/home/darsh/ros3/install/ur5_gripper_description:/home/darsh/ros3/install/robotiq_description:/home/darsh/ros3/install/ur5_gripper_moveit_config:/opt/ros/jazzy/opt/gz_sim_vendor:/opt/ros/jazzy/opt/gz_sensors_vendor:/opt/ros/jazzy/opt/gz_physics_vendor:/opt/ros/jazzy/opt/sdformat_vendor:/opt/ros/jazzy/opt/gz_gui_vendor:/opt/ros/jazzy/opt/gz_transport_vendor:/opt/ros/jazzy/opt/gz_rendering_vendor:/opt/ros/jazzy/opt/gz_plugin_vendor:/opt/ros/jazzy/opt/gz_fuel_tools_vendor:/opt/ros/jazzy/opt/gz_msgs_vendor:/opt/ros/jazzy/opt/gz_common_vendor:/opt/ros/jazzy/opt/gz_math_vendor:/opt/ros/jazzy/opt/gz_utils_vendor:/opt/ros/jazzy/opt/gz_tools_vendor:/opt/ros/jazzy/opt/gz_ogre_next_vendor:/opt/ros/jazzy/opt/gz_dartsim_vendor:/opt/ros/jazzy/opt/gz_cmake_vendor:/opt/ros/jazzy /usr/bin/cmake --build /home/darsh/ros3/build/ur5_gripper_moveit_config -- -j16 -l16
[0.698s] DEBUG:colcon.colcon_core.event_handler.log_command:Invoking command in '/home/darsh/ros3/build/ur5_gripper_moveit_config': CMAKE_PREFIX_PATH=/home/darsh/ros3/install/ur5_gripper_description:/home/darsh/ros3/install/robotiq_description:/home/darsh/ros3/install/ur5_gripper_moveit_config:/opt/ros/jazzy/opt/gz_sim_vendor:/opt/ros/jazzy/opt/gz_sensors_vendor:/opt/ros/jazzy/opt/gz_physics_vendor:/opt/ros/jazzy/opt/sdformat_vendor:/opt/ros/jazzy/opt/gz_gui_vendor:/opt/ros/jazzy/opt/gz_transport_vendor:/opt/ros/jazzy/opt/gz_rendering_vendor:/opt/ros/jazzy/opt/gz_plugin_vendor:/opt/ros/jazzy/opt/gz_fuel_tools_vendor:/opt/ros/jazzy/opt/gz_msgs_vendor:/opt/ros/jazzy/opt/gz_common_vendor:/opt/ros/jazzy/opt/gz_math_vendor:/opt/ros/jazzy/opt/gz_utils_vendor:/opt/ros/jazzy/opt/gz_tools_vendor:/opt/ros/jazzy/opt/gz_ogre_next_vendor:/opt/ros/jazzy/opt/gz_dartsim_vendor:/opt/ros/jazzy/opt/gz_cmake_vendor:/opt/ros/jazzy /usr/bin/cmake --install /home/darsh/ros3/build/ur5_gripper_moveit_config
[0.712s] Level 1:colcon.colcon_core.environment:create_environment_scripts_only(ur5_gripper_moveit_config)
[0.712s] Level 1:colcon.colcon_core.environment:checking '/home/darsh/ros3/install/ur5_gripper_moveit_config' for CMake module files
[0.715s] Level 1:colcon.colcon_core.environment:checking '/home/darsh/ros3/install/ur5_gripper_moveit_config' for CMake config files
[0.721s] DEBUG:colcon.colcon_core.event_handler.log_command:Invoked command in '/home/darsh/ros3/build/ur5_gripper_moveit_config' returned '0': CMAKE_PREFIX_PATH=/home/darsh/ros3/install/ur5_gripper_description:/home/darsh/ros3/install/robotiq_description:/home/darsh/ros3/install/ur5_gripper_moveit_config:/opt/ros/jazzy/opt/gz_sim_vendor:/opt/ros/jazzy/opt/gz_sensors_vendor:/opt/ros/jazzy/opt/gz_physics_vendor:/opt/ros/jazzy/opt/sdformat_vendor:/opt/ros/jazzy/opt/gz_gui_vendor:/opt/ros/jazzy/opt/gz_transport_vendor:/opt/ros/jazzy/opt/gz_rendering_vendor:/opt/ros/jazzy/opt/gz_plugin_vendor:/opt/ros/jazzy/opt/gz_fuel_tools_vendor:/opt/ros/jazzy/opt/gz_msgs_vendor:/opt/ros/jazzy/opt/gz_common_vendor:/opt/ros/jazzy/opt/gz_math_vendor:/opt/ros/jazzy/opt/gz_utils_vendor:/opt/ros/jazzy/opt/gz_tools_vendor:/opt/ros/jazzy/opt/gz_ogre_next_vendor:/opt/ros/jazzy/opt/gz_dartsim_vendor:/opt/ros/jazzy/opt/gz_cmake_vendor:/opt/ros/jazzy /usr/bin/cmake --install /home/darsh/ros3/build/ur5_gripper_moveit_config
[0.722s] Level 1:colcon.colcon_core.shell:create_environment_hook('ur5_gripper_moveit_config', 'cmake_prefix_path')
[0.722s] INFO:colcon.colcon_core.shell:Creating environment hook '/home/darsh/ros3/install/ur5_gripper_moveit_config/share/ur5_gripper_moveit_config/hook/cmake_prefix_path.ps1'
[0.723s] INFO:colcon.colcon_core.shell:Creating environment descriptor '/home/darsh/ros3/install/ur5_gripper_moveit_config/share/ur5_gripper_moveit_config/hook/cmake_prefix_path.dsv'
[0.723s] INFO:colcon.colcon_core.shell:Creating environment hook '/home/darsh/ros3/install/ur5_gripper_moveit_config/share/ur5_gripper_moveit_config/hook/cmake_prefix_path.sh'
[0.724s] Level 1:colcon.colcon_core.environment:checking '/home/darsh/ros3/install/ur5_gripper_moveit_config/bin'
[0.724s] Level 1:colcon.colcon_core.environment:checking '/home/darsh/ros3/install/ur5_gripper_moveit_config/lib/pkgconfig/ur5_gripper_moveit_config.pc'
[0.724s] Level 1:colcon.colcon_core.environment:checking '/home/darsh/ros3/install/ur5_gripper_moveit_config/lib/python3.12/site-packages'
[0.725s] Level 1:colcon.colcon_core.environment:checking '/home/darsh/ros3/install/ur5_gripper_moveit_config/bin'
[0.725s] INFO:colcon.colcon_core.shell:Creating package script '/home/darsh/ros3/install/ur5_gripper_moveit_config/share/ur5_gripper_moveit_config/package.ps1'
[0.726s] INFO:colcon.colcon_core.shell:Creating package descriptor '/home/darsh/ros3/install/ur5_gripper_moveit_config/share/ur5_gripper_moveit_config/package.dsv'
[0.726s] INFO:colcon.colcon_core.shell:Creating package script '/home/darsh/ros3/install/ur5_gripper_moveit_config/share/ur5_gripper_moveit_config/package.sh'
[0.727s] INFO:colcon.colcon_core.shell:Creating package script '/home/darsh/ros3/install/ur5_gripper_moveit_config/share/ur5_gripper_moveit_config/package.bash'
[0.727s] INFO:colcon.colcon_core.shell:Creating package script '/home/darsh/ros3/install/ur5_gripper_moveit_config/share/ur5_gripper_moveit_config/package.zsh'
[0.728s] Level 1:colcon.colcon_core.environment:create_file_with_runtime_dependencies(/home/darsh/ros3/install/ur5_gripper_moveit_config/share/colcon-core/packages/ur5_gripper_moveit_config)
[0.728s] Level 1:colcon.colcon_core.environment:create_environment_scripts_only(ur5_gripper_moveit_config)
[0.728s] Level 1:colcon.colcon_core.environment:checking '/home/darsh/ros3/install/ur5_gripper_moveit_config' for CMake module files
[0.729s] Level 1:colcon.colcon_core.environment:checking '/home/darsh/ros3/install/ur5_gripper_moveit_config' for CMake config files
[0.729s] Level 1:colcon.colcon_core.shell:create_environment_hook('ur5_gripper_moveit_config', 'cmake_prefix_path')
[0.730s] INFO:colcon.colcon_core.shell:Creating environment hook '/home/darsh/ros3/install/ur5_gripper_moveit_config/share/ur5_gripper_moveit_config/hook/cmake_prefix_path.ps1'
[0.730s] INFO:colcon.colcon_core.shell:Creating environment descriptor '/home/darsh/ros3/install/ur5_gripper_moveit_config/share/ur5_gripper_moveit_config/hook/cmake_prefix_path.dsv'
[0.731s] INFO:colcon.colcon_core.shell:Creating environment hook '/home/darsh/ros3/install/ur5_gripper_moveit_config/share/ur5_gripper_moveit_config/hook/cmake_prefix_path.sh'
[0.731s] Level 1:colcon.colcon_core.environment:checking '/home/darsh/ros3/install/ur5_gripper_moveit_config/bin'
[0.731s] Level 1:colcon.colcon_core.environment:checking '/home/darsh/ros3/install/ur5_gripper_moveit_config/lib/pkgconfig/ur5_gripper_moveit_config.pc'
[0.732s] Level 1:colcon.colcon_core.environment:checking '/home/darsh/ros3/install/ur5_gripper_moveit_config/lib/python3.12/site-packages'
[0.732s] Level 1:colcon.colcon_core.environment:checking '/home/darsh/ros3/install/ur5_gripper_moveit_config/bin'
[0.732s] INFO:colcon.colcon_core.shell:Creating package script '/home/darsh/ros3/install/ur5_gripper_moveit_config/share/ur5_gripper_moveit_config/package.ps1'
[0.733s] INFO:colcon.colcon_core.shell:Creating package descriptor '/home/darsh/ros3/install/ur5_gripper_moveit_config/share/ur5_gripper_moveit_config/package.dsv'
[0.734s] INFO:colcon.colcon_core.shell:Creating package script '/home/darsh/ros3/install/ur5_gripper_moveit_config/share/ur5_gripper_moveit_config/package.sh'
[0.734s] INFO:colcon.colcon_core.shell:Creating package script '/home/darsh/ros3/install/ur5_gripper_moveit_config/share/ur5_gripper_moveit_config/package.bash'
[0.735s] INFO:colcon.colcon_core.shell:Creating package script '/home/darsh/ros3/install/ur5_gripper_moveit_config/share/ur5_gripper_moveit_config/package.zsh'
[0.736s] Level 1:colcon.colcon_core.environment:create_file_with_runtime_dependencies(/home/darsh/ros3/install/ur5_gripper_moveit_config/share/colcon-core/packages/ur5_gripper_moveit_config)
[0.736s] DEBUG:colcon.colcon_parallel_executor.executor.parallel:closing loop
[0.737s] DEBUG:colcon.colcon_parallel_executor.executor.parallel:loop closed
[0.737s] DEBUG:colcon.colcon_parallel_executor.executor.parallel:run_until_complete finished with '0'
[0.738s] DEBUG:colcon.colcon_core.event_reactor:joining thread
[0.786s] INFO:colcon.colcon_core.plugin_system:Skipping extension 'colcon_notification.desktop_notification.notify_send': Could not find 'notify-send'
[0.787s] INFO:colcon.colcon_core.plugin_system:Skipping extension 'colcon_notification.desktop_notification.terminal_notifier': Not used on non-Darwin systems
[0.787s] INFO:colcon.colcon_core.plugin_system:Skipping extension 'colcon_notification.desktop_notification.win32': Not used on non-Windows systems
[0.787s] INFO:colcon.colcon_notification.desktop_notification:Sending desktop notification using 'notify2'
[0.788s] DEBUG:colcon.colcon_notification.desktop_notification.notify2:Failed to initialize notify2: org.freedesktop.DBus.Error.ServiceUnknown: The name org.freedesktop.Notifications was not provided by any .service files
[0.788s] DEBUG:colcon.colcon_core.event_reactor:joined thread
[0.789s] INFO:colcon.colcon_core.shell:Creating prefix script '/home/darsh/ros3/install/local_setup.ps1'
[0.790s] INFO:colcon.colcon_core.shell:Creating prefix util module '/home/darsh/ros3/install/_local_setup_util_ps1.py'
[0.792s] INFO:colcon.colcon_core.shell:Creating prefix chain script '/home/darsh/ros3/install/setup.ps1'
[0.793s] INFO:colcon.colcon_core.shell:Creating prefix script '/home/darsh/ros3/install/local_setup.sh'
[0.794s] INFO:colcon.colcon_core.shell:Creating prefix util module '/home/darsh/ros3/install/_local_setup_util_sh.py'
[0.795s] INFO:colcon.colcon_core.shell:Creating prefix chain script '/home/darsh/ros3/install/setup.sh'
[0.796s] INFO:colcon.colcon_core.shell:Creating prefix script '/home/darsh/ros3/install/local_setup.bash'
[0.797s] INFO:colcon.colcon_core.shell:Creating prefix chain script '/home/darsh/ros3/install/setup.bash'
[0.798s] INFO:colcon.colcon_core.shell:Creating prefix script '/home/darsh/ros3/install/local_setup.zsh'
[0.798s] INFO:colcon.colcon_core.shell:Creating prefix chain script '/home/darsh/ros3/install/setup.zsh'
