[0.076s] Invoking command in '/home/darsh/ros3/build/ur5_gripper_moveit_config': AMENT_PREFIX_PATH=/home/darsh/ros3/install/ur5_gripper_description:/home/darsh/ros3/install/robotiq_description:${AMENT_PREFIX_PATH} CMAKE_PREFIX_PATH=/home/darsh/ros3/install/ur5_gripper_description:/home/darsh/ros3/install/robotiq_description:/opt/ros/jazzy/opt/gz_sim_vendor:/opt/ros/jazzy/opt/gz_sensors_vendor:/opt/ros/jazzy/opt/gz_physics_vendor:/opt/ros/jazzy/opt/sdformat_vendor:/opt/ros/jazzy/opt/gz_gui_vendor:/opt/ros/jazzy/opt/gz_transport_vendor:/opt/ros/jazzy/opt/gz_rendering_vendor:/opt/ros/jazzy/opt/gz_plugin_vendor:/opt/ros/jazzy/opt/gz_fuel_tools_vendor:/opt/ros/jazzy/opt/gz_msgs_vendor:/opt/ros/jazzy/opt/gz_common_vendor:/opt/ros/jazzy/opt/gz_math_vendor:/opt/ros/jazzy/opt/gz_utils_vendor:/opt/ros/jazzy/opt/gz_tools_vendor:/opt/ros/jazzy/opt/gz_ogre_next_vendor:/opt/ros/jazzy/opt/gz_dartsim_vendor:/opt/ros/jazzy/opt/gz_cmake_vendor:/opt/ros/jazzy /usr/bin/cmake /home/darsh/ros3/ROS2_pick_and_place_UR5/ur5_gripper_moveit_config -DCMAKE_INSTALL_PREFIX=/home/darsh/ros3/install/ur5_gripper_moveit_config
[0.189s] -- The C compiler identification is GNU 13.3.0
[0.650s] -- The CXX compiler identification is GNU 13.3.0
[1.078s] -- Detecting C compiler ABI info
[1.491s] -- Detecting C compiler ABI info - done
[1.502s] -- Check for working C compiler: /usr/bin/cc - skipped
[1.502s] -- Detecting C compile features
[1.502s] -- Detecting C compile features - done
[1.582s] -- Detecting CXX compiler ABI info
[1.832s] -- Detecting CXX compiler ABI info - done
[1.843s] -- Check for working CXX compiler: /usr/bin/c++ - skipped
[1.844s] -- Detecting CXX compile features
[1.844s] -- Detecting CXX compile features - done
[1.849s] -- Found ament_cmake: 2.5.3 (/opt/ros/jazzy/share/ament_cmake/cmake)
[2.090s] -- Found Python3: /usr/bin/python3 (found version "3.12.3") found components: Interpreter 
[2.213s] -- Found robotiq_description: 0.0.0 (/home/darsh/ros3/install/robotiq_description/share/robotiq_description/cmake)
[2.227s] -- Found urdf: 2.10.0 (/opt/ros/jazzy/share/urdf/cmake)
[2.438s] -- Found TinyXML2 via Config file: /usr/lib/x86_64-linux-gnu/cmake/tinyxml2
[2.463s] -- Found xacro: 2.0.11 (/opt/ros/jazzy/share/xacro/cmake)
[2.464s] -- Found ur5_gripper_description: 0.0.0 (/home/darsh/ros3/install/ur5_gripper_description/share/ur5_gripper_description/cmake)
[2.467s] -- Found ament_lint_auto: 0.17.1 (/opt/ros/jazzy/share/ament_lint_auto/cmake)
[2.561s] -- Configuring done (2.5s)
[2.565s] -- Generating done (0.0s)
[2.566s] -- Build files have been written to: /home/darsh/ros3/build/ur5_gripper_moveit_config
[2.574s] Invoked command in '/home/darsh/ros3/build/ur5_gripper_moveit_config' returned '0': AMENT_PREFIX_PATH=/home/darsh/ros3/install/ur5_gripper_description:/home/darsh/ros3/install/robotiq_description:${AMENT_PREFIX_PATH} CMAKE_PREFIX_PATH=/home/darsh/ros3/install/ur5_gripper_description:/home/darsh/ros3/install/robotiq_description:/opt/ros/jazzy/opt/gz_sim_vendor:/opt/ros/jazzy/opt/gz_sensors_vendor:/opt/ros/jazzy/opt/gz_physics_vendor:/opt/ros/jazzy/opt/sdformat_vendor:/opt/ros/jazzy/opt/gz_gui_vendor:/opt/ros/jazzy/opt/gz_transport_vendor:/opt/ros/jazzy/opt/gz_rendering_vendor:/opt/ros/jazzy/opt/gz_plugin_vendor:/opt/ros/jazzy/opt/gz_fuel_tools_vendor:/opt/ros/jazzy/opt/gz_msgs_vendor:/opt/ros/jazzy/opt/gz_common_vendor:/opt/ros/jazzy/opt/gz_math_vendor:/opt/ros/jazzy/opt/gz_utils_vendor:/opt/ros/jazzy/opt/gz_tools_vendor:/opt/ros/jazzy/opt/gz_ogre_next_vendor:/opt/ros/jazzy/opt/gz_dartsim_vendor:/opt/ros/jazzy/opt/gz_cmake_vendor:/opt/ros/jazzy /usr/bin/cmake /home/darsh/ros3/ROS2_pick_and_place_UR5/ur5_gripper_moveit_config -DCMAKE_INSTALL_PREFIX=/home/darsh/ros3/install/ur5_gripper_moveit_config
[2.575s] Invoking command in '/home/darsh/ros3/build/ur5_gripper_moveit_config': AMENT_PREFIX_PATH=/home/darsh/ros3/install/ur5_gripper_description:/home/darsh/ros3/install/robotiq_description:${AMENT_PREFIX_PATH} CMAKE_PREFIX_PATH=/home/darsh/ros3/install/ur5_gripper_description:/home/darsh/ros3/install/robotiq_description:/opt/ros/jazzy/opt/gz_sim_vendor:/opt/ros/jazzy/opt/gz_sensors_vendor:/opt/ros/jazzy/opt/gz_physics_vendor:/opt/ros/jazzy/opt/sdformat_vendor:/opt/ros/jazzy/opt/gz_gui_vendor:/opt/ros/jazzy/opt/gz_transport_vendor:/opt/ros/jazzy/opt/gz_rendering_vendor:/opt/ros/jazzy/opt/gz_plugin_vendor:/opt/ros/jazzy/opt/gz_fuel_tools_vendor:/opt/ros/jazzy/opt/gz_msgs_vendor:/opt/ros/jazzy/opt/gz_common_vendor:/opt/ros/jazzy/opt/gz_math_vendor:/opt/ros/jazzy/opt/gz_utils_vendor:/opt/ros/jazzy/opt/gz_tools_vendor:/opt/ros/jazzy/opt/gz_ogre_next_vendor:/opt/ros/jazzy/opt/gz_dartsim_vendor:/opt/ros/jazzy/opt/gz_cmake_vendor:/opt/ros/jazzy /usr/bin/cmake --build /home/darsh/ros3/build/ur5_gripper_moveit_config -- -j16 -l16
[2.616s] Invoked command in '/home/darsh/ros3/build/ur5_gripper_moveit_config' returned '0': AMENT_PREFIX_PATH=/home/darsh/ros3/install/ur5_gripper_description:/home/darsh/ros3/install/robotiq_description:${AMENT_PREFIX_PATH} CMAKE_PREFIX_PATH=/home/darsh/ros3/install/ur5_gripper_description:/home/darsh/ros3/install/robotiq_description:/opt/ros/jazzy/opt/gz_sim_vendor:/opt/ros/jazzy/opt/gz_sensors_vendor:/opt/ros/jazzy/opt/gz_physics_vendor:/opt/ros/jazzy/opt/sdformat_vendor:/opt/ros/jazzy/opt/gz_gui_vendor:/opt/ros/jazzy/opt/gz_transport_vendor:/opt/ros/jazzy/opt/gz_rendering_vendor:/opt/ros/jazzy/opt/gz_plugin_vendor:/opt/ros/jazzy/opt/gz_fuel_tools_vendor:/opt/ros/jazzy/opt/gz_msgs_vendor:/opt/ros/jazzy/opt/gz_common_vendor:/opt/ros/jazzy/opt/gz_math_vendor:/opt/ros/jazzy/opt/gz_utils_vendor:/opt/ros/jazzy/opt/gz_tools_vendor:/opt/ros/jazzy/opt/gz_ogre_next_vendor:/opt/ros/jazzy/opt/gz_dartsim_vendor:/opt/ros/jazzy/opt/gz_cmake_vendor:/opt/ros/jazzy /usr/bin/cmake --build /home/darsh/ros3/build/ur5_gripper_moveit_config -- -j16 -l16
[2.619s] Invoking command in '/home/darsh/ros3/build/ur5_gripper_moveit_config': AMENT_PREFIX_PATH=/home/darsh/ros3/install/ur5_gripper_description:/home/darsh/ros3/install/robotiq_description:${AMENT_PREFIX_PATH} CMAKE_PREFIX_PATH=/home/darsh/ros3/install/ur5_gripper_description:/home/darsh/ros3/install/robotiq_description:/opt/ros/jazzy/opt/gz_sim_vendor:/opt/ros/jazzy/opt/gz_sensors_vendor:/opt/ros/jazzy/opt/gz_physics_vendor:/opt/ros/jazzy/opt/sdformat_vendor:/opt/ros/jazzy/opt/gz_gui_vendor:/opt/ros/jazzy/opt/gz_transport_vendor:/opt/ros/jazzy/opt/gz_rendering_vendor:/opt/ros/jazzy/opt/gz_plugin_vendor:/opt/ros/jazzy/opt/gz_fuel_tools_vendor:/opt/ros/jazzy/opt/gz_msgs_vendor:/opt/ros/jazzy/opt/gz_common_vendor:/opt/ros/jazzy/opt/gz_math_vendor:/opt/ros/jazzy/opt/gz_utils_vendor:/opt/ros/jazzy/opt/gz_tools_vendor:/opt/ros/jazzy/opt/gz_ogre_next_vendor:/opt/ros/jazzy/opt/gz_dartsim_vendor:/opt/ros/jazzy/opt/gz_cmake_vendor:/opt/ros/jazzy /usr/bin/cmake --install /home/darsh/ros3/build/ur5_gripper_moveit_config
[2.632s] -- Install configuration: ""
[2.632s] -- Installing: /home/darsh/ros3/install/ur5_gripper_moveit_config/share/ur5_gripper_moveit_config/config
[2.633s] -- Installing: /home/darsh/ros3/install/ur5_gripper_moveit_config/share/ur5_gripper_moveit_config/config/kinematics.yaml
[2.634s] -- Installing: /home/darsh/ros3/install/ur5_gripper_moveit_config/share/ur5_gripper_moveit_config/config/ur_servo.yaml
[2.634s] -- Installing: /home/darsh/ros3/install/ur5_gripper_moveit_config/share/ur5_gripper_moveit_config/config/controllers.yaml
[2.635s] -- Installing: /home/darsh/ros3/install/ur5_gripper_moveit_config/share/ur5_gripper_moveit_config/config/ompl_planning.yaml
[2.636s] -- Installing: /home/darsh/ros3/install/ur5_gripper_moveit_config/share/ur5_gripper_moveit_config/launch
[2.636s] -- Installing: /home/darsh/ros3/install/ur5_gripper_moveit_config/share/ur5_gripper_moveit_config/launch/ur5_gripper_moveit.launch.py
[2.636s] -- Installing: /home/darsh/ros3/install/ur5_gripper_moveit_config/share/ur5_gripper_moveit_config/rviz
[2.636s] -- Installing: /home/darsh/ros3/install/ur5_gripper_moveit_config/share/ur5_gripper_moveit_config/rviz/view_robot.rviz
[2.636s] -- Installing: /home/darsh/ros3/install/ur5_gripper_moveit_config/share/ur5_gripper_moveit_config/srdf
[2.637s] -- Installing: /home/darsh/ros3/install/ur5_gripper_moveit_config/share/ur5_gripper_moveit_config/srdf/ur_gripper_macro.srdf.xacro
[2.638s] -- Installing: /home/darsh/ros3/install/ur5_gripper_moveit_config/share/ur5_gripper_moveit_config/srdf/ur_gripper.srdf.xacro
[2.638s] -- Installing: /home/darsh/ros3/install/ur5_gripper_moveit_config/share/ament_index/resource_index/package_run_dependencies/ur5_gripper_moveit_config
[2.639s] -- Installing: /home/darsh/ros3/install/ur5_gripper_moveit_config/share/ament_index/resource_index/parent_prefix_path/ur5_gripper_moveit_config
[2.639s] -- Installing: /home/darsh/ros3/install/ur5_gripper_moveit_config/share/ur5_gripper_moveit_config/environment/ament_prefix_path.sh
[2.640s] -- Installing: /home/darsh/ros3/install/ur5_gripper_moveit_config/share/ur5_gripper_moveit_config/environment/ament_prefix_path.dsv
[2.641s] -- Installing: /home/darsh/ros3/install/ur5_gripper_moveit_config/share/ur5_gripper_moveit_config/environment/path.sh
[2.641s] -- Installing: /home/darsh/ros3/install/ur5_gripper_moveit_config/share/ur5_gripper_moveit_config/environment/path.dsv
[2.642s] -- Installing: /home/darsh/ros3/install/ur5_gripper_moveit_config/share/ur5_gripper_moveit_config/local_setup.bash
[2.642s] -- Installing: /home/darsh/ros3/install/ur5_gripper_moveit_config/share/ur5_gripper_moveit_config/local_setup.sh
[2.642s] -- Installing: /home/darsh/ros3/install/ur5_gripper_moveit_config/share/ur5_gripper_moveit_config/local_setup.zsh
[2.642s] -- Installing: /home/darsh/ros3/install/ur5_gripper_moveit_config/share/ur5_gripper_moveit_config/local_setup.dsv
[2.642s] -- Installing: /home/darsh/ros3/install/ur5_gripper_moveit_config/share/ur5_gripper_moveit_config/package.dsv
[2.643s] -- Installing: /home/darsh/ros3/install/ur5_gripper_moveit_config/share/ament_index/resource_index/packages/ur5_gripper_moveit_config
[2.643s] -- Installing: /home/darsh/ros3/install/ur5_gripper_moveit_config/share/ur5_gripper_moveit_config/cmake/ur5_gripper_moveit_configConfig.cmake
[2.643s] -- Installing: /home/darsh/ros3/install/ur5_gripper_moveit_config/share/ur5_gripper_moveit_config/cmake/ur5_gripper_moveit_configConfig-version.cmake
[2.644s] -- Installing: /home/darsh/ros3/install/ur5_gripper_moveit_config/share/ur5_gripper_moveit_config/package.xml
[2.647s] Invoked command in '/home/darsh/ros3/build/ur5_gripper_moveit_config' returned '0': AMENT_PREFIX_PATH=/home/darsh/ros3/install/ur5_gripper_description:/home/darsh/ros3/install/robotiq_description:${AMENT_PREFIX_PATH} CMAKE_PREFIX_PATH=/home/darsh/ros3/install/ur5_gripper_description:/home/darsh/ros3/install/robotiq_description:/opt/ros/jazzy/opt/gz_sim_vendor:/opt/ros/jazzy/opt/gz_sensors_vendor:/opt/ros/jazzy/opt/gz_physics_vendor:/opt/ros/jazzy/opt/sdformat_vendor:/opt/ros/jazzy/opt/gz_gui_vendor:/opt/ros/jazzy/opt/gz_transport_vendor:/opt/ros/jazzy/opt/gz_rendering_vendor:/opt/ros/jazzy/opt/gz_plugin_vendor:/opt/ros/jazzy/opt/gz_fuel_tools_vendor:/opt/ros/jazzy/opt/gz_msgs_vendor:/opt/ros/jazzy/opt/gz_common_vendor:/opt/ros/jazzy/opt/gz_math_vendor:/opt/ros/jazzy/opt/gz_utils_vendor:/opt/ros/jazzy/opt/gz_tools_vendor:/opt/ros/jazzy/opt/gz_ogre_next_vendor:/opt/ros/jazzy/opt/gz_dartsim_vendor:/opt/ros/jazzy/opt/gz_cmake_vendor:/opt/ros/jazzy /usr/bin/cmake --install /home/darsh/ros3/build/ur5_gripper_moveit_config
