[0.302s] DEBUG:colcon:Command line arguments: ['/usr/bin/colcon', 'build']
[0.302s] DEBUG:colcon:Parsed command line arguments: Namespace(log_base=None, log_level=None, verb_name='build', build_base='build', install_base='install', merge_install=False, symlink_install=False, test_result_base=None, continue_on_error=False, executor='parallel', parallel_workers=16, event_handlers=None, ignore_user_meta=False, metas=['./colcon.meta'], base_paths=['.'], packages_ignore=None, packages_ignore_regex=None, paths=None, packages_up_to=None, packages_up_to_regex=None, packages_above=None, packages_above_and_dependencies=None, packages_above_depth=None, packages_select_by_dep=None, packages_skip_by_dep=None, packages_skip_up_to=None, packages_select_build_failed=False, packages_skip_build_finished=False, packages_select_test_failures=False, packages_skip_test_passed=False, packages_select=None, packages_skip=None, packages_select_regex=None, packages_skip_regex=None, packages_start=None, packages_end=None, allow_overriding=[], cmake_args=None, cmake_target=None, cmake_target_skip_unavailable=False, cmake_clean_cache=False, cmake_clean_first=False, cmake_force_configure=False, ament_cmake_args=None, catkin_cmake_args=None, catkin_skip_building_tests=False, verb_parser=<colcon_defaults.argument_parser.defaults.DefaultArgumentsDecorator object at 0x7fcd5e7fad50>, verb_extension=<colcon_core.verb.build.BuildVerb object at 0x7fcd5e79caa0>, main=<bound method BuildVerb.main of <colcon_core.verb.build.BuildVerb object at 0x7fcd5e79caa0>>)
[0.349s] Level 1:colcon.colcon_core.package_discovery:discover_packages(colcon_meta) check parameters
[0.349s] Level 1:colcon.colcon_core.package_discovery:discover_packages(recursive) check parameters
[0.349s] Level 1:colcon.colcon_core.package_discovery:discover_packages(ignore) check parameters
[0.350s] Level 1:colcon.colcon_core.package_discovery:discover_packages(path) check parameters
[0.350s] Level 1:colcon.colcon_core.package_discovery:discover_packages(colcon_meta) discover
[0.350s] Level 1:colcon.colcon_core.package_discovery:discover_packages(recursive) discover
[0.350s] INFO:colcon.colcon_core.package_discovery:Crawling recursively for packages in '/home/darsh/ros3'
[0.350s] Level 1:colcon.colcon_core.package_identification:_identify(.) by extensions ['ignore', 'ignore_ament_install']
[0.350s] Level 1:colcon.colcon_core.package_identification:_identify(.) by extension 'ignore'
[0.350s] Level 1:colcon.colcon_core.package_identification:_identify(.) by extension 'ignore_ament_install'
[0.350s] Level 1:colcon.colcon_core.package_identification:_identify(.) by extensions ['colcon_pkg']
[0.350s] Level 1:colcon.colcon_core.package_identification:_identify(.) by extension 'colcon_pkg'
[0.350s] Level 1:colcon.colcon_core.package_identification:_identify(.) by extensions ['colcon_meta']
[0.351s] Level 1:colcon.colcon_core.package_identification:_identify(.) by extension 'colcon_meta'
[0.351s] Level 1:colcon.colcon_core.package_identification:_identify(.) by extensions ['ros']
[0.351s] Level 1:colcon.colcon_core.package_identification:_identify(.) by extension 'ros'
[0.381s] Level 1:colcon.colcon_core.package_identification:_identify(.) by extensions ['cmake', 'python']
[0.381s] Level 1:colcon.colcon_core.package_identification:_identify(.) by extension 'cmake'
[0.381s] Level 1:colcon.colcon_core.package_identification:_identify(.) by extension 'python'
[0.381s] Level 1:colcon.colcon_core.package_identification:_identify(.) by extensions ['python_setup_py']
[0.381s] Level 1:colcon.colcon_core.package_identification:_identify(.) by extension 'python_setup_py'
[0.382s] Level 1:colcon.colcon_core.package_identification:_identify(ROS2_pick_and_place_UR5) by extensions ['ignore', 'ignore_ament_install']
[0.382s] Level 1:colcon.colcon_core.package_identification:_identify(ROS2_pick_and_place_UR5) by extension 'ignore'
[0.382s] Level 1:colcon.colcon_core.package_identification:_identify(ROS2_pick_and_place_UR5) by extension 'ignore_ament_install'
[0.382s] Level 1:colcon.colcon_core.package_identification:_identify(ROS2_pick_and_place_UR5) by extensions ['colcon_pkg']
[0.382s] Level 1:colcon.colcon_core.package_identification:_identify(ROS2_pick_and_place_UR5) by extension 'colcon_pkg'
[0.382s] Level 1:colcon.colcon_core.package_identification:_identify(ROS2_pick_and_place_UR5) by extensions ['colcon_meta']
[0.382s] Level 1:colcon.colcon_core.package_identification:_identify(ROS2_pick_and_place_UR5) by extension 'colcon_meta'
[0.383s] Level 1:colcon.colcon_core.package_identification:_identify(ROS2_pick_and_place_UR5) by extensions ['ros']
[0.383s] Level 1:colcon.colcon_core.package_identification:_identify(ROS2_pick_and_place_UR5) by extension 'ros'
[0.383s] Level 1:colcon.colcon_core.package_identification:_identify(ROS2_pick_and_place_UR5) by extensions ['cmake', 'python']
[0.383s] Level 1:colcon.colcon_core.package_identification:_identify(ROS2_pick_and_place_UR5) by extension 'cmake'
[0.383s] Level 1:colcon.colcon_core.package_identification:_identify(ROS2_pick_and_place_UR5) by extension 'python'
[0.383s] Level 1:colcon.colcon_core.package_identification:_identify(ROS2_pick_and_place_UR5) by extensions ['python_setup_py']
[0.383s] Level 1:colcon.colcon_core.package_identification:_identify(ROS2_pick_and_place_UR5) by extension 'python_setup_py'
[0.383s] Level 1:colcon.colcon_core.package_identification:_identify(ROS2_pick_and_place_UR5/build) by extensions ['ignore', 'ignore_ament_install']
[0.383s] Level 1:colcon.colcon_core.package_identification:_identify(ROS2_pick_and_place_UR5/build) by extension 'ignore'
[0.383s] Level 1:colcon.colcon_core.package_identification:_identify(ROS2_pick_and_place_UR5/build) ignored
[0.384s] Level 1:colcon.colcon_core.package_identification:_identify(ROS2_pick_and_place_UR5/install) by extensions ['ignore', 'ignore_ament_install']
[0.384s] Level 1:colcon.colcon_core.package_identification:_identify(ROS2_pick_and_place_UR5/install) by extension 'ignore'
[0.384s] Level 1:colcon.colcon_core.package_identification:_identify(ROS2_pick_and_place_UR5/install) ignored
[0.384s] Level 1:colcon.colcon_core.package_identification:_identify(ROS2_pick_and_place_UR5/log) by extensions ['ignore', 'ignore_ament_install']
[0.384s] Level 1:colcon.colcon_core.package_identification:_identify(ROS2_pick_and_place_UR5/log) by extension 'ignore'
[0.385s] Level 1:colcon.colcon_core.package_identification:_identify(ROS2_pick_and_place_UR5/log) ignored
[0.385s] Level 1:colcon.colcon_core.package_identification:_identify(ROS2_pick_and_place_UR5/robotiq_description) by extensions ['ignore', 'ignore_ament_install']
[0.385s] Level 1:colcon.colcon_core.package_identification:_identify(ROS2_pick_and_place_UR5/robotiq_description) by extension 'ignore'
[0.385s] Level 1:colcon.colcon_core.package_identification:_identify(ROS2_pick_and_place_UR5/robotiq_description) by extension 'ignore_ament_install'
[0.385s] Level 1:colcon.colcon_core.package_identification:_identify(ROS2_pick_and_place_UR5/robotiq_description) by extensions ['colcon_pkg']
[0.385s] Level 1:colcon.colcon_core.package_identification:_identify(ROS2_pick_and_place_UR5/robotiq_description) by extension 'colcon_pkg'
[0.385s] Level 1:colcon.colcon_core.package_identification:_identify(ROS2_pick_and_place_UR5/robotiq_description) by extensions ['colcon_meta']
[0.385s] Level 1:colcon.colcon_core.package_identification:_identify(ROS2_pick_and_place_UR5/robotiq_description) by extension 'colcon_meta'
[0.386s] Level 1:colcon.colcon_core.package_identification:_identify(ROS2_pick_and_place_UR5/robotiq_description) by extensions ['ros']
[0.386s] Level 1:colcon.colcon_core.package_identification:_identify(ROS2_pick_and_place_UR5/robotiq_description) by extension 'ros'
[0.389s] DEBUG:colcon.colcon_core.package_identification:Package 'ROS2_pick_and_place_UR5/robotiq_description' with type 'ros.ament_cmake' and name 'robotiq_description'
[0.389s] Level 1:colcon.colcon_core.package_identification:_identify(ROS2_pick_and_place_UR5/ur5_gripper_description) by extensions ['ignore', 'ignore_ament_install']
[0.389s] Level 1:colcon.colcon_core.package_identification:_identify(ROS2_pick_and_place_UR5/ur5_gripper_description) by extension 'ignore'
[0.390s] Level 1:colcon.colcon_core.package_identification:_identify(ROS2_pick_and_place_UR5/ur5_gripper_description) by extension 'ignore_ament_install'
[0.390s] Level 1:colcon.colcon_core.package_identification:_identify(ROS2_pick_and_place_UR5/ur5_gripper_description) by extensions ['colcon_pkg']
[0.390s] Level 1:colcon.colcon_core.package_identification:_identify(ROS2_pick_and_place_UR5/ur5_gripper_description) by extension 'colcon_pkg'
[0.390s] Level 1:colcon.colcon_core.package_identification:_identify(ROS2_pick_and_place_UR5/ur5_gripper_description) by extensions ['colcon_meta']
[0.390s] Level 1:colcon.colcon_core.package_identification:_identify(ROS2_pick_and_place_UR5/ur5_gripper_description) by extension 'colcon_meta'
[0.390s] Level 1:colcon.colcon_core.package_identification:_identify(ROS2_pick_and_place_UR5/ur5_gripper_description) by extensions ['ros']
[0.390s] Level 1:colcon.colcon_core.package_identification:_identify(ROS2_pick_and_place_UR5/ur5_gripper_description) by extension 'ros'
[0.391s] DEBUG:colcon.colcon_core.package_identification:Package 'ROS2_pick_and_place_UR5/ur5_gripper_description' with type 'ros.ament_cmake' and name 'ur5_gripper_description'
[0.391s] Level 1:colcon.colcon_core.package_identification:_identify(ROS2_pick_and_place_UR5/ur5_gripper_moveit_config) by extensions ['ignore', 'ignore_ament_install']
[0.391s] Level 1:colcon.colcon_core.package_identification:_identify(ROS2_pick_and_place_UR5/ur5_gripper_moveit_config) by extension 'ignore'
[0.391s] Level 1:colcon.colcon_core.package_identification:_identify(ROS2_pick_and_place_UR5/ur5_gripper_moveit_config) by extension 'ignore_ament_install'
[0.391s] Level 1:colcon.colcon_core.package_identification:_identify(ROS2_pick_and_place_UR5/ur5_gripper_moveit_config) by extensions ['colcon_pkg']
[0.391s] Level 1:colcon.colcon_core.package_identification:_identify(ROS2_pick_and_place_UR5/ur5_gripper_moveit_config) by extension 'colcon_pkg'
[0.391s] Level 1:colcon.colcon_core.package_identification:_identify(ROS2_pick_and_place_UR5/ur5_gripper_moveit_config) by extensions ['colcon_meta']
[0.391s] Level 1:colcon.colcon_core.package_identification:_identify(ROS2_pick_and_place_UR5/ur5_gripper_moveit_config) by extension 'colcon_meta'
[0.392s] Level 1:colcon.colcon_core.package_identification:_identify(ROS2_pick_and_place_UR5/ur5_gripper_moveit_config) by extensions ['ros']
[0.392s] Level 1:colcon.colcon_core.package_identification:_identify(ROS2_pick_and_place_UR5/ur5_gripper_moveit_config) by extension 'ros'
[0.392s] DEBUG:colcon.colcon_core.package_identification:Package 'ROS2_pick_and_place_UR5/ur5_gripper_moveit_config' with type 'ros.ament_cmake' and name 'ur5_gripper_moveit_config'
[0.392s] Level 1:colcon.colcon_core.package_identification:_identify(build) by extensions ['ignore', 'ignore_ament_install']
[0.393s] Level 1:colcon.colcon_core.package_identification:_identify(build) by extension 'ignore'
[0.393s] Level 1:colcon.colcon_core.package_identification:_identify(build) ignored
[0.393s] Level 1:colcon.colcon_core.package_identification:_identify(install) by extensions ['ignore', 'ignore_ament_install']
[0.393s] Level 1:colcon.colcon_core.package_identification:_identify(install) by extension 'ignore'
[0.393s] Level 1:colcon.colcon_core.package_identification:_identify(install) ignored
[0.393s] Level 1:colcon.colcon_core.package_identification:_identify(log) by extensions ['ignore', 'ignore_ament_install']
[0.394s] Level 1:colcon.colcon_core.package_identification:_identify(log) by extension 'ignore'
[0.394s] Level 1:colcon.colcon_core.package_identification:_identify(log) ignored
[0.394s] Level 1:colcon.colcon_core.package_discovery:discover_packages(recursive) using defaults
[0.394s] Level 1:colcon.colcon_core.package_discovery:discover_packages(ignore) discover
[0.394s] Level 1:colcon.colcon_core.package_discovery:discover_packages(ignore) using defaults
[0.394s] Level 1:colcon.colcon_core.package_discovery:discover_packages(path) discover
[0.394s] Level 1:colcon.colcon_core.package_discovery:discover_packages(path) using defaults
[0.413s] Level 1:colcon.colcon_core.package_discovery:discover_packages(prefix_path) check parameters
[0.413s] Level 1:colcon.colcon_core.package_discovery:discover_packages(prefix_path) discover
[0.415s] DEBUG:colcon.colcon_installed_package_information.package_discovery:Found 3 installed packages in /home/darsh/ros3/install
[0.417s] DEBUG:colcon.colcon_installed_package_information.package_discovery:Found 432 installed packages in /opt/ros/jazzy
[0.419s] Level 1:colcon.colcon_core.package_discovery:discover_packages(prefix_path) using defaults
[0.489s] Level 5:colcon.colcon_core.verb:set package 'robotiq_description' build argument 'cmake_args' from command line to 'None'
[0.489s] Level 5:colcon.colcon_core.verb:set package 'robotiq_description' build argument 'cmake_target' from command line to 'None'
[0.489s] Level 5:colcon.colcon_core.verb:set package 'robotiq_description' build argument 'cmake_target_skip_unavailable' from command line to 'False'
[0.489s] Level 5:colcon.colcon_core.verb:set package 'robotiq_description' build argument 'cmake_clean_cache' from command line to 'False'
[0.489s] Level 5:colcon.colcon_core.verb:set package 'robotiq_description' build argument 'cmake_clean_first' from command line to 'False'
[0.489s] Level 5:colcon.colcon_core.verb:set package 'robotiq_description' build argument 'cmake_force_configure' from command line to 'False'
[0.489s] Level 5:colcon.colcon_core.verb:set package 'robotiq_description' build argument 'ament_cmake_args' from command line to 'None'
[0.489s] Level 5:colcon.colcon_core.verb:set package 'robotiq_description' build argument 'catkin_cmake_args' from command line to 'None'
[0.489s] Level 5:colcon.colcon_core.verb:set package 'robotiq_description' build argument 'catkin_skip_building_tests' from command line to 'False'
[0.489s] DEBUG:colcon.colcon_core.verb:Building package 'robotiq_description' with the following arguments: {'ament_cmake_args': None, 'build_base': '/home/darsh/ros3/build/robotiq_description', 'catkin_cmake_args': None, 'catkin_skip_building_tests': False, 'cmake_args': None, 'cmake_clean_cache': False, 'cmake_clean_first': False, 'cmake_force_configure': False, 'cmake_target': None, 'cmake_target_skip_unavailable': False, 'install_base': '/home/darsh/ros3/install/robotiq_description', 'merge_install': False, 'path': '/home/darsh/ros3/ROS2_pick_and_place_UR5/robotiq_description', 'symlink_install': False, 'test_result_base': None}
[0.490s] Level 5:colcon.colcon_core.verb:set package 'ur5_gripper_description' build argument 'cmake_args' from command line to 'None'
[0.490s] Level 5:colcon.colcon_core.verb:set package 'ur5_gripper_description' build argument 'cmake_target' from command line to 'None'
[0.490s] Level 5:colcon.colcon_core.verb:set package 'ur5_gripper_description' build argument 'cmake_target_skip_unavailable' from command line to 'False'
[0.490s] Level 5:colcon.colcon_core.verb:set package 'ur5_gripper_description' build argument 'cmake_clean_cache' from command line to 'False'
[0.490s] Level 5:colcon.colcon_core.verb:set package 'ur5_gripper_description' build argument 'cmake_clean_first' from command line to 'False'
[0.490s] Level 5:colcon.colcon_core.verb:set package 'ur5_gripper_description' build argument 'cmake_force_configure' from command line to 'False'
[0.490s] Level 5:colcon.colcon_core.verb:set package 'ur5_gripper_description' build argument 'ament_cmake_args' from command line to 'None'
[0.490s] Level 5:colcon.colcon_core.verb:set package 'ur5_gripper_description' build argument 'catkin_cmake_args' from command line to 'None'
[0.490s] Level 5:colcon.colcon_core.verb:set package 'ur5_gripper_description' build argument 'catkin_skip_building_tests' from command line to 'False'
[0.490s] DEBUG:colcon.colcon_core.verb:Building package 'ur5_gripper_description' with the following arguments: {'ament_cmake_args': None, 'build_base': '/home/darsh/ros3/build/ur5_gripper_description', 'catkin_cmake_args': None, 'catkin_skip_building_tests': False, 'cmake_args': None, 'cmake_clean_cache': False, 'cmake_clean_first': False, 'cmake_force_configure': False, 'cmake_target': None, 'cmake_target_skip_unavailable': False, 'install_base': '/home/darsh/ros3/install/ur5_gripper_description', 'merge_install': False, 'path': '/home/darsh/ros3/ROS2_pick_and_place_UR5/ur5_gripper_description', 'symlink_install': False, 'test_result_base': None}
[0.491s] Level 5:colcon.colcon_core.verb:set package 'ur5_gripper_moveit_config' build argument 'cmake_args' from command line to 'None'
[0.491s] Level 5:colcon.colcon_core.verb:set package 'ur5_gripper_moveit_config' build argument 'cmake_target' from command line to 'None'
[0.491s] Level 5:colcon.colcon_core.verb:set package 'ur5_gripper_moveit_config' build argument 'cmake_target_skip_unavailable' from command line to 'False'
[0.491s] Level 5:colcon.colcon_core.verb:set package 'ur5_gripper_moveit_config' build argument 'cmake_clean_cache' from command line to 'False'
[0.491s] Level 5:colcon.colcon_core.verb:set package 'ur5_gripper_moveit_config' build argument 'cmake_clean_first' from command line to 'False'
[0.491s] Level 5:colcon.colcon_core.verb:set package 'ur5_gripper_moveit_config' build argument 'cmake_force_configure' from command line to 'False'
[0.491s] Level 5:colcon.colcon_core.verb:set package 'ur5_gripper_moveit_config' build argument 'ament_cmake_args' from command line to 'None'
[0.491s] Level 5:colcon.colcon_core.verb:set package 'ur5_gripper_moveit_config' build argument 'catkin_cmake_args' from command line to 'None'
[0.491s] Level 5:colcon.colcon_core.verb:set package 'ur5_gripper_moveit_config' build argument 'catkin_skip_building_tests' from command line to 'False'
[0.491s] DEBUG:colcon.colcon_core.verb:Building package 'ur5_gripper_moveit_config' with the following arguments: {'ament_cmake_args': None, 'build_base': '/home/darsh/ros3/build/ur5_gripper_moveit_config', 'catkin_cmake_args': None, 'catkin_skip_building_tests': False, 'cmake_args': None, 'cmake_clean_cache': False, 'cmake_clean_first': False, 'cmake_force_configure': False, 'cmake_target': None, 'cmake_target_skip_unavailable': False, 'install_base': '/home/darsh/ros3/install/ur5_gripper_moveit_config', 'merge_install': False, 'path': '/home/darsh/ros3/ROS2_pick_and_place_UR5/ur5_gripper_moveit_config', 'symlink_install': False, 'test_result_base': None}
[0.491s] INFO:colcon.colcon_core.executor:Executing jobs using 'parallel' executor
[0.493s] DEBUG:colcon.colcon_parallel_executor.executor.parallel:run_until_complete
[0.493s] INFO:colcon.colcon_ros.task.ament_cmake.build:Building ROS package in '/home/darsh/ros3/ROS2_pick_and_place_UR5/robotiq_description' with build type 'ament_cmake'
[0.493s] INFO:colcon.colcon_cmake.task.cmake.build:Building CMake package in '/home/darsh/ros3/ROS2_pick_and_place_UR5/robotiq_description'
[0.498s] INFO:colcon.colcon_core.plugin_system:Skipping extension 'colcon_core.shell.bat': Not used on non-Windows systems
[0.498s] INFO:colcon.colcon_core.shell:Skip shell extension 'powershell' for command environment: Not usable outside of PowerShell
[0.499s] DEBUG:colcon.colcon_core.shell:Skip shell extension 'dsv' for command environment
[0.518s] DEBUG:colcon.colcon_core.event_handler.log_command:Invoking command in '/home/darsh/ros3/build/robotiq_description': CMAKE_PREFIX_PATH=${CMAKE_PREFIX_PATH}:/opt/ros/jazzy /usr/bin/cmake --build /home/darsh/ros3/build/robotiq_description -- -j16 -l16
[0.581s] DEBUG:colcon.colcon_core.event_handler.log_command:Invoked command in '/home/darsh/ros3/build/robotiq_description' returned '0': CMAKE_PREFIX_PATH=${CMAKE_PREFIX_PATH}:/opt/ros/jazzy /usr/bin/cmake --build /home/darsh/ros3/build/robotiq_description -- -j16 -l16
[0.603s] DEBUG:colcon.colcon_core.event_handler.log_command:Invoking command in '/home/darsh/ros3/build/robotiq_description': CMAKE_PREFIX_PATH=${CMAKE_PREFIX_PATH}:/opt/ros/jazzy /usr/bin/cmake --install /home/darsh/ros3/build/robotiq_description
[0.634s] Level 1:colcon.colcon_core.environment:create_environment_scripts_only(robotiq_description)
[0.643s] DEBUG:colcon.colcon_core.event_handler.log_command:Invoked command in '/home/darsh/ros3/build/robotiq_description' returned '0': CMAKE_PREFIX_PATH=${CMAKE_PREFIX_PATH}:/opt/ros/jazzy /usr/bin/cmake --install /home/darsh/ros3/build/robotiq_description
[0.647s] Level 1:colcon.colcon_core.environment:checking '/home/darsh/ros3/install/robotiq_description' for CMake module files
[0.648s] Level 1:colcon.colcon_core.environment:checking '/home/darsh/ros3/install/robotiq_description' for CMake config files
[0.648s] Level 1:colcon.colcon_core.shell:create_environment_hook('robotiq_description', 'cmake_prefix_path')
[0.649s] INFO:colcon.colcon_core.shell:Creating environment hook '/home/darsh/ros3/install/robotiq_description/share/robotiq_description/hook/cmake_prefix_path.ps1'
[0.650s] INFO:colcon.colcon_core.shell:Creating environment descriptor '/home/darsh/ros3/install/robotiq_description/share/robotiq_description/hook/cmake_prefix_path.dsv'
[0.650s] INFO:colcon.colcon_core.shell:Creating environment hook '/home/darsh/ros3/install/robotiq_description/share/robotiq_description/hook/cmake_prefix_path.sh'
[0.652s] Level 1:colcon.colcon_core.environment:checking '/home/darsh/ros3/install/robotiq_description/bin'
[0.652s] Level 1:colcon.colcon_core.environment:checking '/home/darsh/ros3/install/robotiq_description/lib/pkgconfig/robotiq_description.pc'
[0.653s] Level 1:colcon.colcon_core.environment:checking '/home/darsh/ros3/install/robotiq_description/lib/python3.12/site-packages'
[0.653s] Level 1:colcon.colcon_core.environment:checking '/home/darsh/ros3/install/robotiq_description/bin'
[0.654s] INFO:colcon.colcon_core.shell:Creating package script '/home/darsh/ros3/install/robotiq_description/share/robotiq_description/package.ps1'
[0.655s] INFO:colcon.colcon_core.shell:Creating package descriptor '/home/darsh/ros3/install/robotiq_description/share/robotiq_description/package.dsv'
[0.656s] INFO:colcon.colcon_core.shell:Creating package script '/home/darsh/ros3/install/robotiq_description/share/robotiq_description/package.sh'
[0.657s] INFO:colcon.colcon_core.shell:Creating package script '/home/darsh/ros3/install/robotiq_description/share/robotiq_description/package.bash'
[0.658s] INFO:colcon.colcon_core.shell:Creating package script '/home/darsh/ros3/install/robotiq_description/share/robotiq_description/package.zsh'
[0.659s] Level 1:colcon.colcon_core.environment:create_file_with_runtime_dependencies(/home/darsh/ros3/install/robotiq_description/share/colcon-core/packages/robotiq_description)
[0.660s] Level 1:colcon.colcon_core.environment:create_environment_scripts_only(robotiq_description)
[0.661s] Level 1:colcon.colcon_core.environment:checking '/home/darsh/ros3/install/robotiq_description' for CMake module files
[0.661s] Level 1:colcon.colcon_core.environment:checking '/home/darsh/ros3/install/robotiq_description' for CMake config files
[0.662s] Level 1:colcon.colcon_core.shell:create_environment_hook('robotiq_description', 'cmake_prefix_path')
[0.662s] INFO:colcon.colcon_core.shell:Creating environment hook '/home/darsh/ros3/install/robotiq_description/share/robotiq_description/hook/cmake_prefix_path.ps1'
[0.663s] INFO:colcon.colcon_core.shell:Creating environment descriptor '/home/darsh/ros3/install/robotiq_description/share/robotiq_description/hook/cmake_prefix_path.dsv'
[0.664s] INFO:colcon.colcon_core.shell:Creating environment hook '/home/darsh/ros3/install/robotiq_description/share/robotiq_description/hook/cmake_prefix_path.sh'
[0.665s] Level 1:colcon.colcon_core.environment:checking '/home/darsh/ros3/install/robotiq_description/bin'
[0.665s] Level 1:colcon.colcon_core.environment:checking '/home/darsh/ros3/install/robotiq_description/lib/pkgconfig/robotiq_description.pc'
[0.665s] Level 1:colcon.colcon_core.environment:checking '/home/darsh/ros3/install/robotiq_description/lib/python3.12/site-packages'
[0.666s] Level 1:colcon.colcon_core.environment:checking '/home/darsh/ros3/install/robotiq_description/bin'
[0.666s] INFO:colcon.colcon_core.shell:Creating package script '/home/darsh/ros3/install/robotiq_description/share/robotiq_description/package.ps1'
[0.667s] INFO:colcon.colcon_core.shell:Creating package descriptor '/home/darsh/ros3/install/robotiq_description/share/robotiq_description/package.dsv'
[0.668s] INFO:colcon.colcon_core.shell:Creating package script '/home/darsh/ros3/install/robotiq_description/share/robotiq_description/package.sh'
[0.668s] INFO:colcon.colcon_core.shell:Creating package script '/home/darsh/ros3/install/robotiq_description/share/robotiq_description/package.bash'
[0.669s] INFO:colcon.colcon_core.shell:Creating package script '/home/darsh/ros3/install/robotiq_description/share/robotiq_description/package.zsh'
[0.670s] Level 1:colcon.colcon_core.environment:create_file_with_runtime_dependencies(/home/darsh/ros3/install/robotiq_description/share/colcon-core/packages/robotiq_description)
[0.670s] INFO:colcon.colcon_ros.task.ament_cmake.build:Building ROS package in '/home/darsh/ros3/ROS2_pick_and_place_UR5/ur5_gripper_description' with build type 'ament_cmake'
[0.671s] INFO:colcon.colcon_cmake.task.cmake.build:Building CMake package in '/home/darsh/ros3/ROS2_pick_and_place_UR5/ur5_gripper_description'
[0.671s] INFO:colcon.colcon_core.shell:Skip shell extension 'powershell' for command environment: Not usable outside of PowerShell
[0.671s] DEBUG:colcon.colcon_core.shell:Skip shell extension 'dsv' for command environment
[0.778s] DEBUG:colcon.colcon_core.event_handler.log_command:Invoking command in '/home/darsh/ros3/build/ur5_gripper_description': CMAKE_PREFIX_PATH=/home/darsh/ros3/install/robotiq_description:/home/darsh/ros3/install/ur5_gripper_moveit_config:/home/darsh/ros3/install/ur5_gripper_description:/opt/ros/jazzy/opt/gz_sim_vendor:/opt/ros/jazzy/opt/gz_sensors_vendor:/opt/ros/jazzy/opt/gz_physics_vendor:/opt/ros/jazzy/opt/sdformat_vendor:/opt/ros/jazzy/opt/gz_gui_vendor:/opt/ros/jazzy/opt/gz_transport_vendor:/opt/ros/jazzy/opt/gz_rendering_vendor:/opt/ros/jazzy/opt/gz_plugin_vendor:/opt/ros/jazzy/opt/gz_fuel_tools_vendor:/opt/ros/jazzy/opt/gz_msgs_vendor:/opt/ros/jazzy/opt/gz_common_vendor:/opt/ros/jazzy/opt/gz_math_vendor:/opt/ros/jazzy/opt/gz_utils_vendor:/opt/ros/jazzy/opt/gz_tools_vendor:/opt/ros/jazzy/opt/gz_ogre_next_vendor:/opt/ros/jazzy/opt/gz_dartsim_vendor:/opt/ros/jazzy/opt/gz_cmake_vendor:/opt/ros/jazzy /usr/bin/cmake --build /home/darsh/ros3/build/ur5_gripper_description -- -j16 -l16
[0.839s] DEBUG:colcon.colcon_core.event_handler.log_command:Invoked command in '/home/darsh/ros3/build/ur5_gripper_description' returned '0': CMAKE_PREFIX_PATH=/home/darsh/ros3/install/robotiq_description:/home/darsh/ros3/install/ur5_gripper_moveit_config:/home/darsh/ros3/install/ur5_gripper_description:/opt/ros/jazzy/opt/gz_sim_vendor:/opt/ros/jazzy/opt/gz_sensors_vendor:/opt/ros/jazzy/opt/gz_physics_vendor:/opt/ros/jazzy/opt/sdformat_vendor:/opt/ros/jazzy/opt/gz_gui_vendor:/opt/ros/jazzy/opt/gz_transport_vendor:/opt/ros/jazzy/opt/gz_rendering_vendor:/opt/ros/jazzy/opt/gz_plugin_vendor:/opt/ros/jazzy/opt/gz_fuel_tools_vendor:/opt/ros/jazzy/opt/gz_msgs_vendor:/opt/ros/jazzy/opt/gz_common_vendor:/opt/ros/jazzy/opt/gz_math_vendor:/opt/ros/jazzy/opt/gz_utils_vendor:/opt/ros/jazzy/opt/gz_tools_vendor:/opt/ros/jazzy/opt/gz_ogre_next_vendor:/opt/ros/jazzy/opt/gz_dartsim_vendor:/opt/ros/jazzy/opt/gz_cmake_vendor:/opt/ros/jazzy /usr/bin/cmake --build /home/darsh/ros3/build/ur5_gripper_description -- -j16 -l16
[0.842s] DEBUG:colcon.colcon_core.event_handler.log_command:Invoking command in '/home/darsh/ros3/build/ur5_gripper_description': CMAKE_PREFIX_PATH=/home/darsh/ros3/install/robotiq_description:/home/darsh/ros3/install/ur5_gripper_moveit_config:/home/darsh/ros3/install/ur5_gripper_description:/opt/ros/jazzy/opt/gz_sim_vendor:/opt/ros/jazzy/opt/gz_sensors_vendor:/opt/ros/jazzy/opt/gz_physics_vendor:/opt/ros/jazzy/opt/sdformat_vendor:/opt/ros/jazzy/opt/gz_gui_vendor:/opt/ros/jazzy/opt/gz_transport_vendor:/opt/ros/jazzy/opt/gz_rendering_vendor:/opt/ros/jazzy/opt/gz_plugin_vendor:/opt/ros/jazzy/opt/gz_fuel_tools_vendor:/opt/ros/jazzy/opt/gz_msgs_vendor:/opt/ros/jazzy/opt/gz_common_vendor:/opt/ros/jazzy/opt/gz_math_vendor:/opt/ros/jazzy/opt/gz_utils_vendor:/opt/ros/jazzy/opt/gz_tools_vendor:/opt/ros/jazzy/opt/gz_ogre_next_vendor:/opt/ros/jazzy/opt/gz_dartsim_vendor:/opt/ros/jazzy/opt/gz_cmake_vendor:/opt/ros/jazzy /usr/bin/cmake --install /home/darsh/ros3/build/ur5_gripper_description
[0.877s] Level 1:colcon.colcon_core.environment:create_environment_scripts_only(ur5_gripper_description)
[0.877s] Level 1:colcon.colcon_core.environment:checking '/home/darsh/ros3/install/ur5_gripper_description' for CMake module files
[0.884s] Level 1:colcon.colcon_core.environment:checking '/home/darsh/ros3/install/ur5_gripper_description' for CMake config files
[0.942s] Level 1:colcon.colcon_core.shell:create_environment_hook('ur5_gripper_description', 'cmake_prefix_path')
[0.944s] INFO:colcon.colcon_core.shell:Creating environment hook '/home/darsh/ros3/install/ur5_gripper_description/share/ur5_gripper_description/hook/cmake_prefix_path.ps1'
[0.947s] INFO:colcon.colcon_core.shell:Creating environment descriptor '/home/darsh/ros3/install/ur5_gripper_description/share/ur5_gripper_description/hook/cmake_prefix_path.dsv'
[0.950s] INFO:colcon.colcon_core.shell:Creating environment hook '/home/darsh/ros3/install/ur5_gripper_description/share/ur5_gripper_description/hook/cmake_prefix_path.sh'
[0.956s] Level 1:colcon.colcon_core.environment:checking '/home/darsh/ros3/install/ur5_gripper_description/bin'
[0.957s] Level 1:colcon.colcon_core.environment:checking '/home/darsh/ros3/install/ur5_gripper_description/lib/pkgconfig/ur5_gripper_description.pc'
[0.957s] Level 1:colcon.colcon_core.environment:checking '/home/darsh/ros3/install/ur5_gripper_description/lib/python3.12/site-packages'
[0.958s] Level 1:colcon.colcon_core.environment:checking '/home/darsh/ros3/install/ur5_gripper_description/bin'
[0.958s] INFO:colcon.colcon_core.shell:Creating package script '/home/darsh/ros3/install/ur5_gripper_description/share/ur5_gripper_description/package.ps1'
[0.961s] INFO:colcon.colcon_core.shell:Creating package descriptor '/home/darsh/ros3/install/ur5_gripper_description/share/ur5_gripper_description/package.dsv'
[0.963s] INFO:colcon.colcon_core.shell:Creating package script '/home/darsh/ros3/install/ur5_gripper_description/share/ur5_gripper_description/package.sh'
[0.966s] INFO:colcon.colcon_core.shell:Creating package script '/home/darsh/ros3/install/ur5_gripper_description/share/ur5_gripper_description/package.bash'
[0.970s] INFO:colcon.colcon_core.shell:Creating package script '/home/darsh/ros3/install/ur5_gripper_description/share/ur5_gripper_description/package.zsh'
[0.974s] Level 1:colcon.colcon_core.environment:create_file_with_runtime_dependencies(/home/darsh/ros3/install/ur5_gripper_description/share/colcon-core/packages/ur5_gripper_description)
[0.979s] Level 1:colcon.colcon_core.environment:create_environment_scripts_only(ur5_gripper_description)
[0.980s] Level 1:colcon.colcon_core.environment:checking '/home/darsh/ros3/install/ur5_gripper_description' for CMake module files
[0.986s] Level 1:colcon.colcon_core.environment:checking '/home/darsh/ros3/install/ur5_gripper_description' for CMake config files
[0.998s] DEBUG:colcon.colcon_core.event_handler.log_command:Invoked command in '/home/darsh/ros3/build/ur5_gripper_description' returned '0': CMAKE_PREFIX_PATH=/home/darsh/ros3/install/robotiq_description:/home/darsh/ros3/install/ur5_gripper_moveit_config:/home/darsh/ros3/install/ur5_gripper_description:/opt/ros/jazzy/opt/gz_sim_vendor:/opt/ros/jazzy/opt/gz_sensors_vendor:/opt/ros/jazzy/opt/gz_physics_vendor:/opt/ros/jazzy/opt/sdformat_vendor:/opt/ros/jazzy/opt/gz_gui_vendor:/opt/ros/jazzy/opt/gz_transport_vendor:/opt/ros/jazzy/opt/gz_rendering_vendor:/opt/ros/jazzy/opt/gz_plugin_vendor:/opt/ros/jazzy/opt/gz_fuel_tools_vendor:/opt/ros/jazzy/opt/gz_msgs_vendor:/opt/ros/jazzy/opt/gz_common_vendor:/opt/ros/jazzy/opt/gz_math_vendor:/opt/ros/jazzy/opt/gz_utils_vendor:/opt/ros/jazzy/opt/gz_tools_vendor:/opt/ros/jazzy/opt/gz_ogre_next_vendor:/opt/ros/jazzy/opt/gz_dartsim_vendor:/opt/ros/jazzy/opt/gz_cmake_vendor:/opt/ros/jazzy /usr/bin/cmake --install /home/darsh/ros3/build/ur5_gripper_description
[0.999s] Level 1:colcon.colcon_core.shell:create_environment_hook('ur5_gripper_description', 'cmake_prefix_path')
[0.999s] INFO:colcon.colcon_core.shell:Creating environment hook '/home/darsh/ros3/install/ur5_gripper_description/share/ur5_gripper_description/hook/cmake_prefix_path.ps1'
[1.000s] INFO:colcon.colcon_core.shell:Creating environment descriptor '/home/darsh/ros3/install/ur5_gripper_description/share/ur5_gripper_description/hook/cmake_prefix_path.dsv'
[1.001s] INFO:colcon.colcon_core.shell:Creating environment hook '/home/darsh/ros3/install/ur5_gripper_description/share/ur5_gripper_description/hook/cmake_prefix_path.sh'
[1.002s] Level 1:colcon.colcon_core.environment:checking '/home/darsh/ros3/install/ur5_gripper_description/bin'
[1.003s] Level 1:colcon.colcon_core.environment:checking '/home/darsh/ros3/install/ur5_gripper_description/lib/pkgconfig/ur5_gripper_description.pc'
[1.003s] Level 1:colcon.colcon_core.environment:checking '/home/darsh/ros3/install/ur5_gripper_description/lib/python3.12/site-packages'
[1.004s] Level 1:colcon.colcon_core.environment:checking '/home/darsh/ros3/install/ur5_gripper_description/bin'
[1.005s] INFO:colcon.colcon_core.shell:Creating package script '/home/darsh/ros3/install/ur5_gripper_description/share/ur5_gripper_description/package.ps1'
[1.006s] INFO:colcon.colcon_core.shell:Creating package descriptor '/home/darsh/ros3/install/ur5_gripper_description/share/ur5_gripper_description/package.dsv'
[1.007s] INFO:colcon.colcon_core.shell:Creating package script '/home/darsh/ros3/install/ur5_gripper_description/share/ur5_gripper_description/package.sh'
[1.008s] INFO:colcon.colcon_core.shell:Creating package script '/home/darsh/ros3/install/ur5_gripper_description/share/ur5_gripper_description/package.bash'
[1.009s] INFO:colcon.colcon_core.shell:Creating package script '/home/darsh/ros3/install/ur5_gripper_description/share/ur5_gripper_description/package.zsh'
[1.010s] Level 1:colcon.colcon_core.environment:create_file_with_runtime_dependencies(/home/darsh/ros3/install/ur5_gripper_description/share/colcon-core/packages/ur5_gripper_description)
[1.010s] INFO:colcon.colcon_ros.task.ament_cmake.build:Building ROS package in '/home/darsh/ros3/ROS2_pick_and_place_UR5/ur5_gripper_moveit_config' with build type 'ament_cmake'
[1.011s] INFO:colcon.colcon_cmake.task.cmake.build:Building CMake package in '/home/darsh/ros3/ROS2_pick_and_place_UR5/ur5_gripper_moveit_config'
[1.011s] INFO:colcon.colcon_core.shell:Skip shell extension 'powershell' for command environment: Not usable outside of PowerShell
[1.011s] DEBUG:colcon.colcon_core.shell:Skip shell extension 'dsv' for command environment
[1.182s] DEBUG:colcon.colcon_core.event_handler.log_command:Invoking command in '/home/darsh/ros3/build/ur5_gripper_moveit_config': CMAKE_PREFIX_PATH=/home/darsh/ros3/install/ur5_gripper_description:/home/darsh/ros3/install/robotiq_description:/home/darsh/ros3/install/ur5_gripper_moveit_config:/opt/ros/jazzy/opt/gz_sim_vendor:/opt/ros/jazzy/opt/gz_sensors_vendor:/opt/ros/jazzy/opt/gz_physics_vendor:/opt/ros/jazzy/opt/sdformat_vendor:/opt/ros/jazzy/opt/gz_gui_vendor:/opt/ros/jazzy/opt/gz_transport_vendor:/opt/ros/jazzy/opt/gz_rendering_vendor:/opt/ros/jazzy/opt/gz_plugin_vendor:/opt/ros/jazzy/opt/gz_fuel_tools_vendor:/opt/ros/jazzy/opt/gz_msgs_vendor:/opt/ros/jazzy/opt/gz_common_vendor:/opt/ros/jazzy/opt/gz_math_vendor:/opt/ros/jazzy/opt/gz_utils_vendor:/opt/ros/jazzy/opt/gz_tools_vendor:/opt/ros/jazzy/opt/gz_ogre_next_vendor:/opt/ros/jazzy/opt/gz_dartsim_vendor:/opt/ros/jazzy/opt/gz_cmake_vendor:/opt/ros/jazzy /usr/bin/cmake --build /home/darsh/ros3/build/ur5_gripper_moveit_config -- -j16 -l16
[1.236s] DEBUG:colcon.colcon_core.event_handler.log_command:Invoked command in '/home/darsh/ros3/build/ur5_gripper_moveit_config' returned '0': CMAKE_PREFIX_PATH=/home/darsh/ros3/install/ur5_gripper_description:/home/darsh/ros3/install/robotiq_description:/home/darsh/ros3/install/ur5_gripper_moveit_config:/opt/ros/jazzy/opt/gz_sim_vendor:/opt/ros/jazzy/opt/gz_sensors_vendor:/opt/ros/jazzy/opt/gz_physics_vendor:/opt/ros/jazzy/opt/sdformat_vendor:/opt/ros/jazzy/opt/gz_gui_vendor:/opt/ros/jazzy/opt/gz_transport_vendor:/opt/ros/jazzy/opt/gz_rendering_vendor:/opt/ros/jazzy/opt/gz_plugin_vendor:/opt/ros/jazzy/opt/gz_fuel_tools_vendor:/opt/ros/jazzy/opt/gz_msgs_vendor:/opt/ros/jazzy/opt/gz_common_vendor:/opt/ros/jazzy/opt/gz_math_vendor:/opt/ros/jazzy/opt/gz_utils_vendor:/opt/ros/jazzy/opt/gz_tools_vendor:/opt/ros/jazzy/opt/gz_ogre_next_vendor:/opt/ros/jazzy/opt/gz_dartsim_vendor:/opt/ros/jazzy/opt/gz_cmake_vendor:/opt/ros/jazzy /usr/bin/cmake --build /home/darsh/ros3/build/ur5_gripper_moveit_config -- -j16 -l16
[1.237s] DEBUG:colcon.colcon_core.event_handler.log_command:Invoking command in '/home/darsh/ros3/build/ur5_gripper_moveit_config': CMAKE_PREFIX_PATH=/home/darsh/ros3/install/ur5_gripper_description:/home/darsh/ros3/install/robotiq_description:/home/darsh/ros3/install/ur5_gripper_moveit_config:/opt/ros/jazzy/opt/gz_sim_vendor:/opt/ros/jazzy/opt/gz_sensors_vendor:/opt/ros/jazzy/opt/gz_physics_vendor:/opt/ros/jazzy/opt/sdformat_vendor:/opt/ros/jazzy/opt/gz_gui_vendor:/opt/ros/jazzy/opt/gz_transport_vendor:/opt/ros/jazzy/opt/gz_rendering_vendor:/opt/ros/jazzy/opt/gz_plugin_vendor:/opt/ros/jazzy/opt/gz_fuel_tools_vendor:/opt/ros/jazzy/opt/gz_msgs_vendor:/opt/ros/jazzy/opt/gz_common_vendor:/opt/ros/jazzy/opt/gz_math_vendor:/opt/ros/jazzy/opt/gz_utils_vendor:/opt/ros/jazzy/opt/gz_tools_vendor:/opt/ros/jazzy/opt/gz_ogre_next_vendor:/opt/ros/jazzy/opt/gz_dartsim_vendor:/opt/ros/jazzy/opt/gz_cmake_vendor:/opt/ros/jazzy /usr/bin/cmake --install /home/darsh/ros3/build/ur5_gripper_moveit_config
[1.260s] Level 1:colcon.colcon_core.environment:create_environment_scripts_only(ur5_gripper_moveit_config)
[1.260s] Level 1:colcon.colcon_core.environment:checking '/home/darsh/ros3/install/ur5_gripper_moveit_config' for CMake module files
[1.263s] DEBUG:colcon.colcon_core.event_handler.log_command:Invoked command in '/home/darsh/ros3/build/ur5_gripper_moveit_config' returned '0': CMAKE_PREFIX_PATH=/home/darsh/ros3/install/ur5_gripper_description:/home/darsh/ros3/install/robotiq_description:/home/darsh/ros3/install/ur5_gripper_moveit_config:/opt/ros/jazzy/opt/gz_sim_vendor:/opt/ros/jazzy/opt/gz_sensors_vendor:/opt/ros/jazzy/opt/gz_physics_vendor:/opt/ros/jazzy/opt/sdformat_vendor:/opt/ros/jazzy/opt/gz_gui_vendor:/opt/ros/jazzy/opt/gz_transport_vendor:/opt/ros/jazzy/opt/gz_rendering_vendor:/opt/ros/jazzy/opt/gz_plugin_vendor:/opt/ros/jazzy/opt/gz_fuel_tools_vendor:/opt/ros/jazzy/opt/gz_msgs_vendor:/opt/ros/jazzy/opt/gz_common_vendor:/opt/ros/jazzy/opt/gz_math_vendor:/opt/ros/jazzy/opt/gz_utils_vendor:/opt/ros/jazzy/opt/gz_tools_vendor:/opt/ros/jazzy/opt/gz_ogre_next_vendor:/opt/ros/jazzy/opt/gz_dartsim_vendor:/opt/ros/jazzy/opt/gz_cmake_vendor:/opt/ros/jazzy /usr/bin/cmake --install /home/darsh/ros3/build/ur5_gripper_moveit_config
[1.264s] Level 1:colcon.colcon_core.environment:checking '/home/darsh/ros3/install/ur5_gripper_moveit_config' for CMake config files
[1.265s] Level 1:colcon.colcon_core.shell:create_environment_hook('ur5_gripper_moveit_config', 'cmake_prefix_path')
[1.265s] INFO:colcon.colcon_core.shell:Creating environment hook '/home/darsh/ros3/install/ur5_gripper_moveit_config/share/ur5_gripper_moveit_config/hook/cmake_prefix_path.ps1'
[1.266s] INFO:colcon.colcon_core.shell:Creating environment descriptor '/home/darsh/ros3/install/ur5_gripper_moveit_config/share/ur5_gripper_moveit_config/hook/cmake_prefix_path.dsv'
[1.266s] INFO:colcon.colcon_core.shell:Creating environment hook '/home/darsh/ros3/install/ur5_gripper_moveit_config/share/ur5_gripper_moveit_config/hook/cmake_prefix_path.sh'
[1.267s] Level 1:colcon.colcon_core.environment:checking '/home/darsh/ros3/install/ur5_gripper_moveit_config/bin'
[1.268s] Level 1:colcon.colcon_core.environment:checking '/home/darsh/ros3/install/ur5_gripper_moveit_config/lib/pkgconfig/ur5_gripper_moveit_config.pc'
[1.268s] Level 1:colcon.colcon_core.environment:checking '/home/darsh/ros3/install/ur5_gripper_moveit_config/lib/python3.12/site-packages'
[1.268s] Level 1:colcon.colcon_core.environment:checking '/home/darsh/ros3/install/ur5_gripper_moveit_config/bin'
[1.269s] INFO:colcon.colcon_core.shell:Creating package script '/home/darsh/ros3/install/ur5_gripper_moveit_config/share/ur5_gripper_moveit_config/package.ps1'
[1.270s] INFO:colcon.colcon_core.shell:Creating package descriptor '/home/darsh/ros3/install/ur5_gripper_moveit_config/share/ur5_gripper_moveit_config/package.dsv'
[1.270s] INFO:colcon.colcon_core.shell:Creating package script '/home/darsh/ros3/install/ur5_gripper_moveit_config/share/ur5_gripper_moveit_config/package.sh'
[1.271s] INFO:colcon.colcon_core.shell:Creating package script '/home/darsh/ros3/install/ur5_gripper_moveit_config/share/ur5_gripper_moveit_config/package.bash'
[1.272s] INFO:colcon.colcon_core.shell:Creating package script '/home/darsh/ros3/install/ur5_gripper_moveit_config/share/ur5_gripper_moveit_config/package.zsh'
[1.272s] Level 1:colcon.colcon_core.environment:create_file_with_runtime_dependencies(/home/darsh/ros3/install/ur5_gripper_moveit_config/share/colcon-core/packages/ur5_gripper_moveit_config)
[1.273s] Level 1:colcon.colcon_core.environment:create_environment_scripts_only(ur5_gripper_moveit_config)
[1.274s] Level 1:colcon.colcon_core.environment:checking '/home/darsh/ros3/install/ur5_gripper_moveit_config' for CMake module files
[1.275s] Level 1:colcon.colcon_core.environment:checking '/home/darsh/ros3/install/ur5_gripper_moveit_config' for CMake config files
[1.275s] Level 1:colcon.colcon_core.shell:create_environment_hook('ur5_gripper_moveit_config', 'cmake_prefix_path')
[1.275s] INFO:colcon.colcon_core.shell:Creating environment hook '/home/darsh/ros3/install/ur5_gripper_moveit_config/share/ur5_gripper_moveit_config/hook/cmake_prefix_path.ps1'
[1.276s] INFO:colcon.colcon_core.shell:Creating environment descriptor '/home/darsh/ros3/install/ur5_gripper_moveit_config/share/ur5_gripper_moveit_config/hook/cmake_prefix_path.dsv'
[1.277s] INFO:colcon.colcon_core.shell:Creating environment hook '/home/darsh/ros3/install/ur5_gripper_moveit_config/share/ur5_gripper_moveit_config/hook/cmake_prefix_path.sh'
[1.278s] Level 1:colcon.colcon_core.environment:checking '/home/darsh/ros3/install/ur5_gripper_moveit_config/bin'
[1.278s] Level 1:colcon.colcon_core.environment:checking '/home/darsh/ros3/install/ur5_gripper_moveit_config/lib/pkgconfig/ur5_gripper_moveit_config.pc'
[1.278s] Level 1:colcon.colcon_core.environment:checking '/home/darsh/ros3/install/ur5_gripper_moveit_config/lib/python3.12/site-packages'
[1.279s] Level 1:colcon.colcon_core.environment:checking '/home/darsh/ros3/install/ur5_gripper_moveit_config/bin'
[1.279s] INFO:colcon.colcon_core.shell:Creating package script '/home/darsh/ros3/install/ur5_gripper_moveit_config/share/ur5_gripper_moveit_config/package.ps1'
[1.280s] INFO:colcon.colcon_core.shell:Creating package descriptor '/home/darsh/ros3/install/ur5_gripper_moveit_config/share/ur5_gripper_moveit_config/package.dsv'
[1.281s] INFO:colcon.colcon_core.shell:Creating package script '/home/darsh/ros3/install/ur5_gripper_moveit_config/share/ur5_gripper_moveit_config/package.sh'
[1.282s] INFO:colcon.colcon_core.shell:Creating package script '/home/darsh/ros3/install/ur5_gripper_moveit_config/share/ur5_gripper_moveit_config/package.bash'
[1.283s] INFO:colcon.colcon_core.shell:Creating package script '/home/darsh/ros3/install/ur5_gripper_moveit_config/share/ur5_gripper_moveit_config/package.zsh'
[1.284s] Level 1:colcon.colcon_core.environment:create_file_with_runtime_dependencies(/home/darsh/ros3/install/ur5_gripper_moveit_config/share/colcon-core/packages/ur5_gripper_moveit_config)
[1.284s] DEBUG:colcon.colcon_parallel_executor.executor.parallel:closing loop
[1.285s] DEBUG:colcon.colcon_parallel_executor.executor.parallel:loop closed
[1.285s] DEBUG:colcon.colcon_parallel_executor.executor.parallel:run_until_complete finished with '0'
[1.285s] DEBUG:colcon.colcon_core.event_reactor:joining thread
[1.381s] INFO:colcon.colcon_core.plugin_system:Skipping extension 'colcon_notification.desktop_notification.notify_send': Could not find 'notify-send'
[1.381s] INFO:colcon.colcon_core.plugin_system:Skipping extension 'colcon_notification.desktop_notification.terminal_notifier': Not used on non-Darwin systems
[1.381s] INFO:colcon.colcon_core.plugin_system:Skipping extension 'colcon_notification.desktop_notification.win32': Not used on non-Windows systems
[1.381s] INFO:colcon.colcon_notification.desktop_notification:Sending desktop notification using 'notify2'
[1.383s] DEBUG:colcon.colcon_notification.desktop_notification.notify2:Failed to initialize notify2: org.freedesktop.DBus.Error.ServiceUnknown: The name org.freedesktop.Notifications was not provided by any .service files
[1.383s] DEBUG:colcon.colcon_core.event_reactor:joined thread
[1.383s] INFO:colcon.colcon_core.shell:Creating prefix script '/home/darsh/ros3/install/local_setup.ps1'
[1.385s] INFO:colcon.colcon_core.shell:Creating prefix util module '/home/darsh/ros3/install/_local_setup_util_ps1.py'
[1.386s] INFO:colcon.colcon_core.shell:Creating prefix chain script '/home/darsh/ros3/install/setup.ps1'
[1.387s] INFO:colcon.colcon_core.shell:Creating prefix script '/home/darsh/ros3/install/local_setup.sh'
[1.388s] INFO:colcon.colcon_core.shell:Creating prefix util module '/home/darsh/ros3/install/_local_setup_util_sh.py'
[1.389s] INFO:colcon.colcon_core.shell:Creating prefix chain script '/home/darsh/ros3/install/setup.sh'
[1.391s] INFO:colcon.colcon_core.shell:Creating prefix script '/home/darsh/ros3/install/local_setup.bash'
[1.392s] INFO:colcon.colcon_core.shell:Creating prefix chain script '/home/darsh/ros3/install/setup.bash'
[1.393s] INFO:colcon.colcon_core.shell:Creating prefix script '/home/darsh/ros3/install/local_setup.zsh'
[1.394s] INFO:colcon.colcon_core.shell:Creating prefix chain script '/home/darsh/ros3/install/setup.zsh'
